[11.227s] Invoking command in '/home/arvi/bot_ws/src/robot_description': PYTHONPATH=/home/arvi/bot_ws/build/robot_description/prefix_override:/usr/lib/python3/dist-packages/colcon_core/task/python/colcon_distutils_commands:/home/arvi/bot_ws/install/robot_description/lib/python3.10/site-packages:${PYTHONPATH} /usr/bin/python3 -W ignore:setup.py install is deprecated -W ignore:easy_install command is deprecated setup.py egg_info --egg-base ../../build/robot_description build --build-base /home/arvi/bot_ws/build/robot_description/build install --record /home/arvi/bot_ws/build/robot_description/install.log --install-scripts $base/lib/robot_description --single-version-externally-managed install_data
[13.376s] /usr/lib/python3/dist-packages/setuptools/dist.py:723: UserWarning: Usage of dash-separated 'script-dir' will not be supported in future versions. Please use the underscore name 'script_dir' instead
[13.376s]   warnings.warn(
[13.438s] running egg_info
[13.444s] writing ../../build/robot_description/robot_description.egg-info/PKG-INFO
[13.445s] writing dependency_links to ../../build/robot_description/robot_description.egg-info/dependency_links.txt
[13.446s] writing entry points to ../../build/robot_description/robot_description.egg-info/entry_points.txt
[13.447s] writing requirements to ../../build/robot_description/robot_description.egg-info/requires.txt
[13.454s] writing top-level names to ../../build/robot_description/robot_description.egg-info/top_level.txt
[13.464s] reading manifest file '../../build/robot_description/robot_description.egg-info/SOURCES.txt'
[13.470s] writing manifest file '../../build/robot_description/robot_description.egg-info/SOURCES.txt'
[13.471s] running build
[13.472s] running build_py
[13.476s] running install
[13.476s] running install_lib
[13.487s] running install_data
[13.492s] running install_egg_info
[13.501s] removing '/home/arvi/bot_ws/install/robot_description/lib/python3.10/site-packages/robot_description-0.0.0-py3.10.egg-info' (and everything under it)
[13.502s] Copying ../../build/robot_description/robot_description.egg-info to /home/arvi/bot_ws/install/robot_description/lib/python3.10/site-packages/robot_description-0.0.0-py3.10.egg-info
[13.506s] running install_scripts
[13.703s] writing list of installed files to '/home/arvi/bot_ws/build/robot_description/install.log'
[13.935s] Invoked command in '/home/arvi/bot_ws/src/robot_description' returned '0': PYTHONPATH=/home/arvi/bot_ws/build/robot_description/prefix_override:/usr/lib/python3/dist-packages/colcon_core/task/python/colcon_distutils_commands:/home/arvi/bot_ws/install/robot_description/lib/python3.10/site-packages:${PYTHONPATH} /usr/bin/python3 -W ignore:setup.py install is deprecated -W ignore:easy_install command is deprecated setup.py egg_info --egg-base ../../build/robot_description build --build-base /home/arvi/bot_ws/build/robot_description/build install --record /home/arvi/bot_ws/build/robot_description/install.log --install-scripts $base/lib/robot_description --single-version-externally-managed install_data
