running egg_info
creating ../../build/joint_states_merger/joint_states_merger.egg-info
writing ../../build/joint_states_merger/joint_states_merger.egg-info/PKG-INFO
writing dependency_links to ../../build/joint_states_merger/joint_states_merger.egg-info/dependency_links.txt
writing entry points to ../../build/joint_states_merger/joint_states_merger.egg-info/entry_points.txt
writing requirements to ../../build/joint_states_merger/joint_states_merger.egg-info/requires.txt
writing top-level names to ../../build/joint_states_merger/joint_states_merger.egg-info/top_level.txt
writing manifest file '../../build/joint_states_merger/joint_states_merger.egg-info/SOURCES.txt'
file joint_states_merger/joint_states_merger.py (for module joint_states_merger.joint_states_merger) not found
reading manifest file '../../build/joint_states_merger/joint_states_merger.egg-info/SOURCES.txt'
writing manifest file '../../build/joint_states_merger/joint_states_merger.egg-info/SOURCES.txt'
running build
running build_py
creating /home/arvi/bot_ws/build/joint_states_merger/build
creating /home/arvi/bot_ws/build/joint_states_merger/build/lib
creating /home/arvi/bot_ws/build/joint_states_merger/build/lib/joint_states_merger
file joint_states_merger/joint_states_merger.py (for module joint_states_merger.joint_states_merger) not found
copying joint_states_merger/__init__.py -> /home/arvi/bot_ws/build/joint_states_merger/build/lib/joint_states_merger
running install
file joint_states_merger/joint_states_merger.py (for module joint_states_merger.joint_states_merger) not found
running install_lib
creating /home/arvi/bot_ws/install/joint_states_merger/lib/python3.10/site-packages/joint_states_merger
copying /home/arvi/bot_ws/build/joint_states_merger/build/lib/joint_states_merger/__init__.py -> /home/arvi/bot_ws/install/joint_states_merger/lib/python3.10/site-packages/joint_states_merger
byte-compiling /home/arvi/bot_ws/install/joint_states_merger/lib/python3.10/site-packages/joint_states_merger/__init__.py to __init__.cpython-310.pyc
running install_egg_info
Copying ../../build/joint_states_merger/joint_states_merger.egg-info to /home/arvi/bot_ws/install/joint_states_merger/lib/python3.10/site-packages/joint_states_merger-0.0.1-py3.10.egg-info
running install_scripts
Installing joint_states_merger script to /home/arvi/bot_ws/install/joint_states_merger/lib/joint_states_merger
file joint_states_merger/joint_states_merger.py (for module joint_states_merger.joint_states_merger) not found
writing list of installed files to '/home/arvi/bot_ws/build/joint_states_merger/install.log'
