running egg_info
creating ../../build/robot_description/robot_description.egg-info
writing ../../build/robot_description/robot_description.egg-info/PKG-INFO
writing dependency_links to ../../build/robot_description/robot_description.egg-info/dependency_links.txt
writing entry points to ../../build/robot_description/robot_description.egg-info/entry_points.txt
writing requirements to ../../build/robot_description/robot_description.egg-info/requires.txt
writing top-level names to ../../build/robot_description/robot_description.egg-info/top_level.txt
writing manifest file '../../build/robot_description/robot_description.egg-info/SOURCES.txt'
reading manifest file '../../build/robot_description/robot_description.egg-info/SOURCES.txt'
writing manifest file '../../build/robot_description/robot_description.egg-info/SOURCES.txt'
running build
running build_py
creating /home/arvi/nav_ws/build/robot_description/build
creating /home/arvi/nav_ws/build/robot_description/build/lib
creating /home/arvi/nav_ws/build/robot_description/build/lib/robot_description
copying robot_description/__init__.py -> /home/arvi/nav_ws/build/robot_description/build/lib/robot_description
running install
running install_lib
creating /home/arvi/nav_ws/install/robot_description/lib/python3.10/site-packages/robot_description
copying /home/arvi/nav_ws/build/robot_description/build/lib/robot_description/__init__.py -> /home/arvi/nav_ws/install/robot_description/lib/python3.10/site-packages/robot_description
byte-compiling /home/arvi/nav_ws/install/robot_description/lib/python3.10/site-packages/robot_description/__init__.py to __init__.cpython-310.pyc
running install_data
creating /home/arvi/nav_ws/install/robot_description/share/ament_index
creating /home/arvi/nav_ws/install/robot_description/share/ament_index/resource_index
creating /home/arvi/nav_ws/install/robot_description/share/ament_index/resource_index/packages
copying resource/robot_description -> /home/arvi/nav_ws/install/robot_description/share/ament_index/resource_index/packages
copying package.xml -> /home/arvi/nav_ws/install/robot_description/share/robot_description
creating /home/arvi/nav_ws/install/robot_description/share/robot_description/launch
copying launch/display.launch.py -> /home/arvi/nav_ws/install/robot_description/share/robot_description/launch
copying launch/gazebo.launch.py -> /home/arvi/nav_ws/install/robot_description/share/robot_description/launch
creating /home/arvi/nav_ws/install/robot_description/share/robot_description/urdf
copying urdf/robot.gazebo -> /home/arvi/nav_ws/install/robot_description/share/robot_description/urdf
copying urdf/materials.xacro -> /home/arvi/nav_ws/install/robot_description/share/robot_description/urdf
copying urdf/robot.trans -> /home/arvi/nav_ws/install/robot_description/share/robot_description/urdf
copying urdf/robot.xacro -> /home/arvi/nav_ws/install/robot_description/share/robot_description/urdf
creating /home/arvi/nav_ws/install/robot_description/share/robot_description/meshes
copying meshes/vision_module_link_1.stl -> /home/arvi/nav_ws/install/robot_description/share/robot_description/meshes
copying meshes/right_wheel_link_1.stl -> /home/arvi/nav_ws/install/robot_description/share/robot_description/meshes
copying meshes/claw_link_1.stl -> /home/arvi/nav_ws/install/robot_description/share/robot_description/meshes
copying meshes/castor4_wheel_link_1.stl -> /home/arvi/nav_ws/install/robot_description/share/robot_description/meshes
copying meshes/castor1_link_1.stl -> /home/arvi/nav_ws/install/robot_description/share/robot_description/meshes
copying meshes/castor2_link_1.stl -> /home/arvi/nav_ws/install/robot_description/share/robot_description/meshes
copying meshes/elbow_link_1.stl -> /home/arvi/nav_ws/install/robot_description/share/robot_description/meshes
copying meshes/castor3_link_1.stl -> /home/arvi/nav_ws/install/robot_description/share/robot_description/meshes
copying meshes/upper_arm_link_1.stl -> /home/arvi/nav_ws/install/robot_description/share/robot_description/meshes
copying meshes/realsense_link.stl -> /home/arvi/nav_ws/install/robot_description/share/robot_description/meshes
copying meshes/castor1_wheel_link_1.stl -> /home/arvi/nav_ws/install/robot_description/share/robot_description/meshes
copying meshes/castor4_link_1.stl -> /home/arvi/nav_ws/install/robot_description/share/robot_description/meshes
copying meshes/forearm_link_1.stl -> /home/arvi/nav_ws/install/robot_description/share/robot_description/meshes
copying meshes/wrist_roll_link_1.stl -> /home/arvi/nav_ws/install/robot_description/share/robot_description/meshes
copying meshes/tool_link_1.stl -> /home/arvi/nav_ws/install/robot_description/share/robot_description/meshes
copying meshes/castor2_wheel_link_1.stl -> /home/arvi/nav_ws/install/robot_description/share/robot_description/meshes
copying meshes/shoulder_link__1.stl -> /home/arvi/nav_ws/install/robot_description/share/robot_description/meshes
copying meshes/castor3_wheel_link_1.stl -> /home/arvi/nav_ws/install/robot_description/share/robot_description/meshes
copying meshes/base_link.stl -> /home/arvi/nav_ws/install/robot_description/share/robot_description/meshes
copying meshes/camera_mount_link_1.stl -> /home/arvi/nav_ws/install/robot_description/share/robot_description/meshes
copying meshes/left_wheel_link_2.stl -> /home/arvi/nav_ws/install/robot_description/share/robot_description/meshes
copying meshes/wrist_pitch_link_1.stl -> /home/arvi/nav_ws/install/robot_description/share/robot_description/meshes
creating /home/arvi/nav_ws/install/robot_description/share/robot_description/config
running install_egg_info
Copying ../../build/robot_description/robot_description.egg-info to /home/arvi/nav_ws/install/robot_description/lib/python3.10/site-packages/robot_description-0.0.0-py3.10.egg-info
running install_scripts
writing list of installed files to '/home/arvi/nav_ws/build/robot_description/install.log'
