[1.132s] Invoking command in '/home/arvi/nav_ws/src/robot_description': PYTHONPATH=/home/arvi/nav_ws/build/robot_description/prefix_override:/usr/lib/python3/dist-packages/colcon_core/task/python/colcon_distutils_commands:/home/arvi/nav_ws/install/robot_description/lib/python3.10/site-packages:${PYTHONPATH} /usr/bin/python3 -W ignore:setup.py install is deprecated -W ignore:easy_install command is deprecated setup.py egg_info --egg-base ../../build/robot_description build --build-base /home/arvi/nav_ws/build/robot_description/build install --record /home/arvi/nav_ws/build/robot_description/install.log --install-scripts $base/lib/robot_description --single-version-externally-managed install_data
[1.333s] /usr/lib/python3/dist-packages/setuptools/dist.py:723: UserWarning: Usage of dash-separated 'script-dir' will not be supported in future versions. Please use the underscore name 'script_dir' instead
[1.333s]   warnings.warn(
[1.340s] running egg_info
[1.341s] creating ../../build/robot_description/robot_description.egg-info
[1.342s] writing ../../build/robot_description/robot_description.egg-info/PKG-INFO
[1.342s] writing dependency_links to ../../build/robot_description/robot_description.egg-info/dependency_links.txt
[1.342s] writing entry points to ../../build/robot_description/robot_description.egg-info/entry_points.txt
[1.342s] writing requirements to ../../build/robot_description/robot_description.egg-info/requires.txt
[1.342s] writing top-level names to ../../build/robot_description/robot_description.egg-info/top_level.txt
[1.343s] writing manifest file '../../build/robot_description/robot_description.egg-info/SOURCES.txt'
[1.344s] reading manifest file '../../build/robot_description/robot_description.egg-info/SOURCES.txt'
[1.345s] writing manifest file '../../build/robot_description/robot_description.egg-info/SOURCES.txt'
[1.345s] running build
[1.345s] running build_py
[1.345s] creating /home/arvi/nav_ws/build/robot_description/build
[1.345s] creating /home/arvi/nav_ws/build/robot_description/build/lib
[1.346s] creating /home/arvi/nav_ws/build/robot_description/build/lib/robot_description
[1.346s] copying robot_description/__init__.py -> /home/arvi/nav_ws/build/robot_description/build/lib/robot_description
[1.346s] running install
[1.346s] running install_lib
[1.346s] creating /home/arvi/nav_ws/install/robot_description/lib/python3.10/site-packages/robot_description
[1.346s] copying /home/arvi/nav_ws/build/robot_description/build/lib/robot_description/__init__.py -> /home/arvi/nav_ws/install/robot_description/lib/python3.10/site-packages/robot_description
[1.347s] byte-compiling /home/arvi/nav_ws/install/robot_description/lib/python3.10/site-packages/robot_description/__init__.py to __init__.cpython-310.pyc
[1.347s] running install_data
[1.347s] creating /home/arvi/nav_ws/install/robot_description/share/ament_index
[1.347s] creating /home/arvi/nav_ws/install/robot_description/share/ament_index/resource_index
[1.347s] creating /home/arvi/nav_ws/install/robot_description/share/ament_index/resource_index/packages
[1.348s] copying resource/robot_description -> /home/arvi/nav_ws/install/robot_description/share/ament_index/resource_index/packages
[1.348s] copying package.xml -> /home/arvi/nav_ws/install/robot_description/share/robot_description
[1.348s] creating /home/arvi/nav_ws/install/robot_description/share/robot_description/launch
[1.348s] copying launch/display.launch.py -> /home/arvi/nav_ws/install/robot_description/share/robot_description/launch
[1.348s] copying launch/gazebo.launch.py -> /home/arvi/nav_ws/install/robot_description/share/robot_description/launch
[1.348s] creating /home/arvi/nav_ws/install/robot_description/share/robot_description/urdf
[1.348s] copying urdf/robot.gazebo -> /home/arvi/nav_ws/install/robot_description/share/robot_description/urdf
[1.348s] copying urdf/materials.xacro -> /home/arvi/nav_ws/install/robot_description/share/robot_description/urdf
[1.348s] copying urdf/robot.trans -> /home/arvi/nav_ws/install/robot_description/share/robot_description/urdf
[1.348s] copying urdf/robot.xacro -> /home/arvi/nav_ws/install/robot_description/share/robot_description/urdf
[1.349s] creating /home/arvi/nav_ws/install/robot_description/share/robot_description/meshes
[1.349s] copying meshes/vision_module_link_1.stl -> /home/arvi/nav_ws/install/robot_description/share/robot_description/meshes
[1.349s] copying meshes/right_wheel_link_1.stl -> /home/arvi/nav_ws/install/robot_description/share/robot_description/meshes
[1.349s] copying meshes/claw_link_1.stl -> /home/arvi/nav_ws/install/robot_description/share/robot_description/meshes
[1.349s] copying meshes/castor4_wheel_link_1.stl -> /home/arvi/nav_ws/install/robot_description/share/robot_description/meshes
[1.349s] copying meshes/castor1_link_1.stl -> /home/arvi/nav_ws/install/robot_description/share/robot_description/meshes
[1.349s] copying meshes/castor2_link_1.stl -> /home/arvi/nav_ws/install/robot_description/share/robot_description/meshes
[1.349s] copying meshes/elbow_link_1.stl -> /home/arvi/nav_ws/install/robot_description/share/robot_description/meshes
[1.349s] copying meshes/castor3_link_1.stl -> /home/arvi/nav_ws/install/robot_description/share/robot_description/meshes
[1.350s] copying meshes/upper_arm_link_1.stl -> /home/arvi/nav_ws/install/robot_description/share/robot_description/meshes
[1.350s] copying meshes/realsense_link.stl -> /home/arvi/nav_ws/install/robot_description/share/robot_description/meshes
[1.352s] copying meshes/castor1_wheel_link_1.stl -> /home/arvi/nav_ws/install/robot_description/share/robot_description/meshes
[1.352s] copying meshes/castor4_link_1.stl -> /home/arvi/nav_ws/install/robot_description/share/robot_description/meshes
[1.353s] copying meshes/forearm_link_1.stl -> /home/arvi/nav_ws/install/robot_description/share/robot_description/meshes
[1.353s] copying meshes/wrist_roll_link_1.stl -> /home/arvi/nav_ws/install/robot_description/share/robot_description/meshes
[1.354s] copying meshes/tool_link_1.stl -> /home/arvi/nav_ws/install/robot_description/share/robot_description/meshes
[1.356s] copying meshes/castor2_wheel_link_1.stl -> /home/arvi/nav_ws/install/robot_description/share/robot_description/meshes
[1.356s] copying meshes/shoulder_link__1.stl -> /home/arvi/nav_ws/install/robot_description/share/robot_description/meshes
[1.357s] copying meshes/castor3_wheel_link_1.stl -> /home/arvi/nav_ws/install/robot_description/share/robot_description/meshes
[1.357s] copying meshes/base_link.stl -> /home/arvi/nav_ws/install/robot_description/share/robot_description/meshes
[1.367s] copying meshes/camera_mount_link_1.stl -> /home/arvi/nav_ws/install/robot_description/share/robot_description/meshes
[1.368s] copying meshes/left_wheel_link_2.stl -> /home/arvi/nav_ws/install/robot_description/share/robot_description/meshes
[1.368s] copying meshes/wrist_pitch_link_1.stl -> /home/arvi/nav_ws/install/robot_description/share/robot_description/meshes
[1.368s] creating /home/arvi/nav_ws/install/robot_description/share/robot_description/config
[1.368s] running install_egg_info
[1.370s] Copying ../../build/robot_description/robot_description.egg-info to /home/arvi/nav_ws/install/robot_description/lib/python3.10/site-packages/robot_description-0.0.0-py3.10.egg-info
[1.371s] running install_scripts
[1.393s] writing list of installed files to '/home/arvi/nav_ws/build/robot_description/install.log'
[1.417s] Invoked command in '/home/arvi/nav_ws/src/robot_description' returned '0': PYTHONPATH=/home/arvi/nav_ws/build/robot_description/prefix_override:/usr/lib/python3/dist-packages/colcon_core/task/python/colcon_distutils_commands:/home/arvi/nav_ws/install/robot_description/lib/python3.10/site-packages:${PYTHONPATH} /usr/bin/python3 -W ignore:setup.py install is deprecated -W ignore:easy_install command is deprecated setup.py egg_info --egg-base ../../build/robot_description build --build-base /home/arvi/nav_ws/build/robot_description/build install --record /home/arvi/nav_ws/build/robot_description/install.log --install-scripts $base/lib/robot_description --single-version-externally-managed install_data
