[0.022s] Invoking command in '/home/arvi/nav_ws/build/bot': CMAKE_PREFIX_PATH=${CMAKE_PREFIX_PATH}:/home/arvi/nav_ws/install/relay:/home/arvi/nav_ws/install/topic_relay:/home/arvi/nav_ws/src/install/topic_relay:/home/arvi/nav_ws/src/install/teleop_twist_stamped:/home/arvi/nav_ws/src/install/robot_description:/home/arvi/nav_ws/src/install/joint_states_merger:/home/arvi/nav_ws/src/install/image_flip_node:/home/arvi/nav_ws/install/teleop_twist_stamped:/home/arvi/nav_ws/install/robot_description:/home/arvi/nav_ws/install/joint_states_merger:/home/arvi/nav_ws/install/image_flip_node:/opt/ros/humble /usr/bin/cmake /home/arvi/nav_ws/src/bot -DCMAKE_INSTALL_PREFIX=/home/arvi/nav_ws/install/bot
[0.681s] -- The C compiler identification is GNU 11.4.0
[0.681s] -- The CXX compiler identification is GNU 11.4.0
[0.681s] -- Detecting C compiler ABI info
[0.681s] -- Detecting C compiler ABI info - done
[0.682s] -- Check for working C compiler: /usr/bin/cc - skipped
[0.682s] -- Detecting C compile features
[0.682s] -- Detecting C compile features - done
[0.682s] -- Detecting CXX compiler ABI info
[0.682s] -- Detecting CXX compiler ABI info - done
[0.682s] -- Check for working CXX compiler: /usr/bin/c++ - skipped
[0.682s] -- Detecting CXX compile features
[0.682s] -- Detecting CXX compile features - done
[0.682s] -- Found ament_cmake: 1.3.11 (/opt/ros/humble/share/ament_cmake/cmake)
[0.682s] -- Found Python3: /usr/bin/python3 (found version "3.10.12") found components: Interpreter 
[0.682s] -- Found control_msgs: 4.8.0 (/opt/ros/humble/share/control_msgs/cmake)
[0.682s] -- Found rosidl_generator_c: 3.1.6 (/opt/ros/humble/share/rosidl_generator_c/cmake)
[0.682s] -- Found rosidl_adapter: 3.1.6 (/opt/ros/humble/share/rosidl_adapter/cmake)
[0.682s] -- Found rosidl_generator_cpp: 3.1.6 (/opt/ros/humble/share/rosidl_generator_cpp/cmake)
[0.682s] -- Using all available rosidl_typesupport_c: rosidl_typesupport_fastrtps_c;rosidl_typesupport_introspection_c
[0.696s] -- Using all available rosidl_typesupport_cpp: rosidl_typesupport_fastrtps_cpp;rosidl_typesupport_introspection_cpp
[0.797s] -- Found rclcpp: 16.0.12 (/opt/ros/humble/share/rclcpp/cmake)
[0.832s] -- Found rmw_implementation_cmake: 6.1.2 (/opt/ros/humble/share/rmw_implementation_cmake/cmake)
[0.837s] -- Found rmw_fastrtps_cpp: 6.2.7 (/opt/ros/humble/share/rmw_fastrtps_cpp/cmake)
[0.936s] -- Found OpenSSL: /usr/lib/x86_64-linux-gnu/libcrypto.so (found version "3.0.2")  
[0.977s] -- Found FastRTPS: /opt/ros/humble/include  
[1.039s] -- Using RMW implementation 'rmw_fastrtps_cpp' as default
[1.058s] -- Looking for pthread.h
[1.151s] -- Looking for pthread.h - found
[1.152s] -- Performing Test CMAKE_HAVE_LIBC_PTHREAD
[1.237s] -- Performing Test CMAKE_HAVE_LIBC_PTHREAD - Success
[1.238s] -- Found Threads: TRUE  
[1.282s] -- Found rclcpp_action: 16.0.12 (/opt/ros/humble/share/rclcpp_action/cmake)
[1.314s] -- Found ament_cmake_gtest: 1.3.11 (/opt/ros/humble/share/ament_cmake_gtest/cmake)
[1.319s] -- Found ament_lint_auto: 0.12.12 (/opt/ros/humble/share/ament_lint_auto/cmake)
[1.450s] -- Added test 'copyright' to check source files copyright and LICENSE
[1.456s] -- Added test 'cppcheck' to perform static code analysis on C / C++ code
[1.456s] -- Configured cppcheck include dirs: 
[1.456s] -- Configured cppcheck exclude dirs and/or files: 
[1.459s] -- Added test 'cpplint' to check C / C++ code against the Google style
[1.459s] -- Configured cpplint exclude dirs and/or files: 
[1.460s] -- Added test 'flake8' to check Python code syntax and style conventions
[1.462s] -- Added test 'lint_cmake' to check CMake code style
[1.463s] -- Added test 'pep257' to check Python code against some of the docstring style conventions in PEP 257
[1.467s] -- Added test 'uncrustify' to check C / C++ code style
[1.467s] -- Configured uncrustify additional arguments: 
[1.468s] -- Added test 'xmllint' to check XML markup files
[1.470s] -- Configuring done
[1.492s] -- Generating done
[1.503s] -- Build files have been written to: /home/arvi/nav_ws/build/bot
[1.512s] Invoked command in '/home/arvi/nav_ws/build/bot' returned '0': CMAKE_PREFIX_PATH=${CMAKE_PREFIX_PATH}:/home/arvi/nav_ws/install/relay:/home/arvi/nav_ws/install/topic_relay:/home/arvi/nav_ws/src/install/topic_relay:/home/arvi/nav_ws/src/install/teleop_twist_stamped:/home/arvi/nav_ws/src/install/robot_description:/home/arvi/nav_ws/src/install/joint_states_merger:/home/arvi/nav_ws/src/install/image_flip_node:/home/arvi/nav_ws/install/teleop_twist_stamped:/home/arvi/nav_ws/install/robot_description:/home/arvi/nav_ws/install/joint_states_merger:/home/arvi/nav_ws/install/image_flip_node:/opt/ros/humble /usr/bin/cmake /home/arvi/nav_ws/src/bot -DCMAKE_INSTALL_PREFIX=/home/arvi/nav_ws/install/bot
[1.516s] Invoking command in '/home/arvi/nav_ws/build/bot': CMAKE_PREFIX_PATH=${CMAKE_PREFIX_PATH}:/home/arvi/nav_ws/install/relay:/home/arvi/nav_ws/install/topic_relay:/home/arvi/nav_ws/src/install/topic_relay:/home/arvi/nav_ws/src/install/teleop_twist_stamped:/home/arvi/nav_ws/src/install/robot_description:/home/arvi/nav_ws/src/install/joint_states_merger:/home/arvi/nav_ws/src/install/image_flip_node:/home/arvi/nav_ws/install/teleop_twist_stamped:/home/arvi/nav_ws/install/robot_description:/home/arvi/nav_ws/install/joint_states_merger:/home/arvi/nav_ws/install/image_flip_node:/opt/ros/humble /usr/bin/cmake --build /home/arvi/nav_ws/build/bot -- -j16 -l16
[1.569s] [ 21%] [32mBuilding CXX object CMakeFiles/example_tricycle_drive.dir/examples/example_tricycle_drive.cpp.o[0m
[1.569s] [ 21%] [32mBuilding CXX object CMakeFiles/example_effort.dir/examples/example_effort.cpp.o[0m
[1.569s] [ 21%] [32mBuilding CXX object CMakeFiles/example_gripper.dir/examples/example_gripper.cpp.o[0m
[1.569s] [ 28%] [32mBuilding CXX object CMakeFiles/example_velocity.dir/examples/example_velocity.cpp.o[0m
[1.572s] [ 35%] [32mBuilding CXX object CMakeFiles/example_position_pid.dir/examples/example_position_pid.cpp.o[0m
[1.575s] [ 42%] [32mBuilding CXX object CMakeFiles/example_position.dir/examples/example_position.cpp.o[0m
[1.576s] [ 50%] [32mBuilding CXX object CMakeFiles/example_diff_drive.dir/examples/example_diff_drive.cpp.o[0m
[5.577s] [ 57%] [32m[1mLinking CXX executable example_position_pid[0m
[5.590s] [ 64%] [32m[1mLinking CXX executable example_diff_drive[0m
[5.818s] [ 64%] Built target example_diff_drive
[5.831s] [ 64%] Built target example_position_pid
[5.943s] [ 71%] [32m[1mLinking CXX executable example_effort[0m
[6.129s] [ 71%] Built target example_effort
[6.260s] [ 78%] [32m[1mLinking CXX executable example_velocity[0m
[6.278s] [ 85%] [32m[1mLinking CXX executable example_position[0m
[6.429s] [ 85%] Built target example_velocity
[6.492s] [ 85%] Built target example_position
[6.703s] [ 92%] [32m[1mLinking CXX executable example_tricycle_drive[0m
[6.833s] [ 92%] Built target example_tricycle_drive
[6.908s] [100%] [32m[1mLinking CXX executable example_gripper[0m
[7.037s] [100%] Built target example_gripper
[7.047s] Invoked command in '/home/arvi/nav_ws/build/bot' returned '0': CMAKE_PREFIX_PATH=${CMAKE_PREFIX_PATH}:/home/arvi/nav_ws/install/relay:/home/arvi/nav_ws/install/topic_relay:/home/arvi/nav_ws/src/install/topic_relay:/home/arvi/nav_ws/src/install/teleop_twist_stamped:/home/arvi/nav_ws/src/install/robot_description:/home/arvi/nav_ws/src/install/joint_states_merger:/home/arvi/nav_ws/src/install/image_flip_node:/home/arvi/nav_ws/install/teleop_twist_stamped:/home/arvi/nav_ws/install/robot_description:/home/arvi/nav_ws/install/joint_states_merger:/home/arvi/nav_ws/install/image_flip_node:/opt/ros/humble /usr/bin/cmake --build /home/arvi/nav_ws/build/bot -- -j16 -l16
[7.053s] Invoking command in '/home/arvi/nav_ws/build/bot': CMAKE_PREFIX_PATH=${CMAKE_PREFIX_PATH}:/home/arvi/nav_ws/install/relay:/home/arvi/nav_ws/install/topic_relay:/home/arvi/nav_ws/src/install/topic_relay:/home/arvi/nav_ws/src/install/teleop_twist_stamped:/home/arvi/nav_ws/src/install/robot_description:/home/arvi/nav_ws/src/install/joint_states_merger:/home/arvi/nav_ws/src/install/image_flip_node:/home/arvi/nav_ws/install/teleop_twist_stamped:/home/arvi/nav_ws/install/robot_description:/home/arvi/nav_ws/install/joint_states_merger:/home/arvi/nav_ws/install/image_flip_node:/opt/ros/humble /usr/bin/cmake --install /home/arvi/nav_ws/build/bot
[7.058s] -- Install configuration: ""
[7.058s] -- Installing: /home/arvi/nav_ws/install/bot/share/bot//launch
[7.058s] -- Installing: /home/arvi/nav_ws/install/bot/share/bot//launch/diff_drive.launch.py
[7.058s] -- Installing: /home/arvi/nav_ws/install/bot/share/bot//launch/rviz.launch.py
[7.058s] -- Installing: /home/arvi/nav_ws/install/bot/share/bot//config
[7.058s] -- Installing: /home/arvi/nav_ws/install/bot/share/bot//config/diff_drive_controller.yaml
[7.059s] -- Installing: /home/arvi/nav_ws/install/bot/share/bot//config/mapper_params_online_async.yaml
[7.059s] -- Installing: /home/arvi/nav_ws/install/bot/share/bot//config/rviz_confg.rviz
[7.059s] -- Installing: /home/arvi/nav_ws/install/bot/share/bot//urdf
[7.059s] -- Installing: /home/arvi/nav_ws/install/bot/share/bot//urdf/robot.urdf
[7.060s] -- Installing: /home/arvi/nav_ws/install/bot/share/bot//urdf/robot.gazebo
[7.060s] -- Installing: /home/arvi/nav_ws/install/bot/share/bot//urdf/out.urdf
[7.060s] -- Installing: /home/arvi/nav_ws/install/bot/share/bot//urdf/materials.xacro
[7.060s] -- Installing: /home/arvi/nav_ws/install/bot/share/bot//urdf/depth_camera.xacro
[7.061s] -- Installing: /home/arvi/nav_ws/install/bot/share/bot//urdf/robot.trans
[7.061s] -- Installing: /home/arvi/nav_ws/install/bot/share/bot//urdf/robot.xacro
[7.061s] -- Installing: /home/arvi/nav_ws/install/bot/share/bot//worlds
[7.061s] -- Installing: /home/arvi/nav_ws/install/bot/share/bot//worlds/obstacles.world
[7.062s] -- Installing: /home/arvi/nav_ws/install/bot/share/bot//worlds/empty.world
[7.062s] -- Installing: /home/arvi/nav_ws/install/bot/lib/bot/example_position
[7.064s] -- Set runtime path of "/home/arvi/nav_ws/install/bot/lib/bot/example_position" to ""
[7.064s] -- Installing: /home/arvi/nav_ws/install/bot/lib/bot/example_position_pid
[7.065s] -- Set runtime path of "/home/arvi/nav_ws/install/bot/lib/bot/example_position_pid" to ""
[7.065s] -- Installing: /home/arvi/nav_ws/install/bot/lib/bot/example_velocity
[7.066s] -- Set runtime path of "/home/arvi/nav_ws/install/bot/lib/bot/example_velocity" to ""
[7.066s] -- Installing: /home/arvi/nav_ws/install/bot/lib/bot/example_effort
[7.066s] -- Set runtime path of "/home/arvi/nav_ws/install/bot/lib/bot/example_effort" to ""
[7.066s] -- Installing: /home/arvi/nav_ws/install/bot/lib/bot/example_diff_drive
[7.067s] -- Set runtime path of "/home/arvi/nav_ws/install/bot/lib/bot/example_diff_drive" to ""
[7.067s] -- Installing: /home/arvi/nav_ws/install/bot/lib/bot/example_tricycle_drive
[7.068s] -- Set runtime path of "/home/arvi/nav_ws/install/bot/lib/bot/example_tricycle_drive" to ""
[7.068s] -- Installing: /home/arvi/nav_ws/install/bot/lib/bot/example_gripper
[7.069s] -- Set runtime path of "/home/arvi/nav_ws/install/bot/lib/bot/example_gripper" to ""
[7.069s] -- Installing: /home/arvi/nav_ws/install/bot/share/ament_index/resource_index/package_run_dependencies/bot
[7.069s] -- Installing: /home/arvi/nav_ws/install/bot/share/ament_index/resource_index/parent_prefix_path/bot
[7.069s] -- Installing: /home/arvi/nav_ws/install/bot/share/bot/environment/ament_prefix_path.sh
[7.069s] -- Installing: /home/arvi/nav_ws/install/bot/share/bot/environment/ament_prefix_path.dsv
[7.069s] -- Installing: /home/arvi/nav_ws/install/bot/share/bot/environment/path.sh
[7.069s] -- Installing: /home/arvi/nav_ws/install/bot/share/bot/environment/path.dsv
[7.069s] -- Installing: /home/arvi/nav_ws/install/bot/share/bot/local_setup.bash
[7.069s] -- Installing: /home/arvi/nav_ws/install/bot/share/bot/local_setup.sh
[7.069s] -- Installing: /home/arvi/nav_ws/install/bot/share/bot/local_setup.zsh
[7.069s] -- Installing: /home/arvi/nav_ws/install/bot/share/bot/local_setup.dsv
[7.069s] -- Installing: /home/arvi/nav_ws/install/bot/share/bot/package.dsv
[7.070s] -- Installing: /home/arvi/nav_ws/install/bot/share/ament_index/resource_index/packages/bot
[7.070s] -- Installing: /home/arvi/nav_ws/install/bot/share/bot/cmake/botConfig.cmake
[7.070s] -- Installing: /home/arvi/nav_ws/install/bot/share/bot/cmake/botConfig-version.cmake
[7.070s] -- Installing: /home/arvi/nav_ws/install/bot/share/bot/package.xml
[7.072s] Invoked command in '/home/arvi/nav_ws/build/bot' returned '0': CMAKE_PREFIX_PATH=${CMAKE_PREFIX_PATH}:/home/arvi/nav_ws/install/relay:/home/arvi/nav_ws/install/topic_relay:/home/arvi/nav_ws/src/install/topic_relay:/home/arvi/nav_ws/src/install/teleop_twist_stamped:/home/arvi/nav_ws/src/install/robot_description:/home/arvi/nav_ws/src/install/joint_states_merger:/home/arvi/nav_ws/src/install/image_flip_node:/home/arvi/nav_ws/install/teleop_twist_stamped:/home/arvi/nav_ws/install/robot_description:/home/arvi/nav_ws/install/joint_states_merger:/home/arvi/nav_ws/install/image_flip_node:/opt/ros/humble /usr/bin/cmake --install /home/arvi/nav_ws/build/bot
