[0.039s] Invoking command in '/home/arvi/bot_ws/build/bot': /usr/bin/cmake --build /home/arvi/bot_ws/build/bot -- -j16 -l16
[1.027s] [ 14%] Built target example_tricycle_drive
[1.027s] [ 28%] Built target example_diff_drive
[1.027s] [ 42%] Built target example_velocity
[1.027s] [ 57%] Built target example_gripper
[1.028s] [ 71%] Built target example_effort
[1.028s] [ 85%] Built target example_position
[1.028s] [100%] Built target example_position_pid
[1.466s] Invoked command in '/home/arvi/bot_ws/build/bot' returned '0': /usr/bin/cmake --build /home/arvi/bot_ws/build/bot -- -j16 -l16
[1.484s] Invoking command in '/home/arvi/bot_ws/build/bot': /usr/bin/cmake --install /home/arvi/bot_ws/build/bot
[1.500s] -- Install configuration: ""
[1.500s] -- Up-to-date: /home/arvi/bot_ws/install/bot/share/bot//launch
[1.500s] -- Installing: /home/arvi/bot_ws/install/bot/share/bot//launch/diff_drive.launch.py
[1.500s] -- Up-to-date: /home/arvi/bot_ws/install/bot/share/bot//launch/camera.launch.py
[1.500s] -- Up-to-date: /home/arvi/bot_ws/install/bot/share/bot//config
[1.500s] -- Up-to-date: /home/arvi/bot_ws/install/bot/share/bot//config/diff_drive_controller.yaml
[1.500s] -- Up-to-date: /home/arvi/bot_ws/install/bot/share/bot//urdf
[1.501s] -- Up-to-date: /home/arvi/bot_ws/install/bot/share/bot//urdf/robot.urdf
[1.501s] -- Up-to-date: /home/arvi/bot_ws/install/bot/share/bot//urdf/robot.gazebo
[1.501s] -- Installing: /home/arvi/bot_ws/install/bot/share/bot//urdf/out.urdf
[1.501s] -- Up-to-date: /home/arvi/bot_ws/install/bot/share/bot//urdf/materials.xacro
[1.501s] -- Up-to-date: /home/arvi/bot_ws/install/bot/share/bot//urdf/depth_camera.xacro
[1.501s] -- Up-to-date: /home/arvi/bot_ws/install/bot/share/bot//urdf/robot.trans
[1.501s] -- Up-to-date: /home/arvi/bot_ws/install/bot/share/bot//urdf/robot.xacro
[1.501s] -- Up-to-date: /home/arvi/bot_ws/install/bot/share/bot//worlds
[1.501s] -- Up-to-date: /home/arvi/bot_ws/install/bot/share/bot//worlds/obstacles.world
[1.502s] -- Up-to-date: /home/arvi/bot_ws/install/bot/share/bot//worlds/empty.world
[1.502s] -- Up-to-date: /home/arvi/bot_ws/install/bot/lib/bot/example_position
[1.502s] -- Up-to-date: /home/arvi/bot_ws/install/bot/lib/bot/example_position_pid
[1.502s] -- Up-to-date: /home/arvi/bot_ws/install/bot/lib/bot/example_velocity
[1.502s] -- Up-to-date: /home/arvi/bot_ws/install/bot/lib/bot/example_effort
[1.502s] -- Up-to-date: /home/arvi/bot_ws/install/bot/lib/bot/example_diff_drive
[1.502s] -- Up-to-date: /home/arvi/bot_ws/install/bot/lib/bot/example_tricycle_drive
[1.502s] -- Up-to-date: /home/arvi/bot_ws/install/bot/lib/bot/example_gripper
[1.502s] -- Up-to-date: /home/arvi/bot_ws/install/bot/share/ament_index/resource_index/package_run_dependencies/bot
[1.502s] -- Up-to-date: /home/arvi/bot_ws/install/bot/share/ament_index/resource_index/parent_prefix_path/bot
[1.503s] -- Up-to-date: /home/arvi/bot_ws/install/bot/share/bot/environment/ament_prefix_path.sh
[1.503s] -- Up-to-date: /home/arvi/bot_ws/install/bot/share/bot/environment/ament_prefix_path.dsv
[1.503s] -- Up-to-date: /home/arvi/bot_ws/install/bot/share/bot/environment/path.sh
[1.503s] -- Up-to-date: /home/arvi/bot_ws/install/bot/share/bot/environment/path.dsv
[1.503s] -- Up-to-date: /home/arvi/bot_ws/install/bot/share/bot/local_setup.bash
[1.503s] -- Up-to-date: /home/arvi/bot_ws/install/bot/share/bot/local_setup.sh
[1.503s] -- Up-to-date: /home/arvi/bot_ws/install/bot/share/bot/local_setup.zsh
[1.503s] -- Up-to-date: /home/arvi/bot_ws/install/bot/share/bot/local_setup.dsv
[1.503s] -- Installing: /home/arvi/bot_ws/install/bot/share/bot/package.dsv
[1.503s] -- Up-to-date: /home/arvi/bot_ws/install/bot/share/ament_index/resource_index/packages/bot
[1.503s] -- Up-to-date: /home/arvi/bot_ws/install/bot/share/bot/cmake/botConfig.cmake
[1.504s] -- Up-to-date: /home/arvi/bot_ws/install/bot/share/bot/cmake/botConfig-version.cmake
[1.504s] -- Up-to-date: /home/arvi/bot_ws/install/bot/share/bot/package.xml
[1.506s] Invoked command in '/home/arvi/bot_ws/build/bot' returned '0': /usr/bin/cmake --install /home/arvi/bot_ws/build/bot
