[0.115s] DEBUG:colcon:Command line arguments: ['/usr/bin/colcon', 'build']
[0.116s] DEBUG:colcon:Parsed command line arguments: Namespace(log_base=None, log_level=None, verb_name='build', build_base='build', install_base='install', merge_install=False, symlink_install=False, test_result_base=None, continue_on_error=False, executor='parallel', parallel_workers=16, event_handlers=None, ignore_user_meta=False, metas=['./colcon.meta'], base_paths=['.'], packages_ignore=None, packages_ignore_regex=None, paths=None, packages_up_to=None, packages_up_to_regex=None, packages_above=None, packages_above_and_dependencies=None, packages_above_depth=None, packages_select_by_dep=None, packages_skip_by_dep=None, packages_skip_up_to=None, packages_select_build_failed=False, packages_skip_build_finished=False, packages_select_test_failures=False, packages_skip_test_passed=False, packages_select=None, packages_skip=None, packages_select_regex=None, packages_skip_regex=None, packages_start=None, packages_end=None, allow_overriding=[], cmake_args=None, cmake_target=None, cmake_target_skip_unavailable=False, cmake_clean_cache=False, cmake_clean_first=False, cmake_force_configure=False, ament_cmake_args=None, catkin_cmake_args=None, catkin_skip_building_tests=False, verb_parser=<colcon_defaults.argument_parser.defaults.DefaultArgumentsDecorator object at 0x714eee3908b0>, verb_extension=<colcon_core.verb.build.BuildVerb object at 0x714eee390370>, main=<bound method BuildVerb.main of <colcon_core.verb.build.BuildVerb object at 0x714eee390370>>)
[0.256s] Level 1:colcon.colcon_core.package_discovery:discover_packages(colcon_meta) check parameters
[0.256s] Level 1:colcon.colcon_core.package_discovery:discover_packages(recursive) check parameters
[0.256s] Level 1:colcon.colcon_core.package_discovery:discover_packages(ignore) check parameters
[0.256s] Level 1:colcon.colcon_core.package_discovery:discover_packages(path) check parameters
[0.256s] Level 1:colcon.colcon_core.package_discovery:discover_packages(colcon_meta) discover
[0.256s] Level 1:colcon.colcon_core.package_discovery:discover_packages(recursive) discover
[0.256s] INFO:colcon.colcon_core.package_discovery:Crawling recursively for packages in '/home/arvi/bot_ws'
[0.256s] Level 1:colcon.colcon_core.package_identification:_identify(.) by extensions ['ignore', 'ignore_ament_install']
[0.256s] Level 1:colcon.colcon_core.package_identification:_identify(.) by extension 'ignore'
[0.256s] Level 1:colcon.colcon_core.package_identification:_identify(.) by extension 'ignore_ament_install'
[0.256s] Level 1:colcon.colcon_core.package_identification:_identify(.) by extensions ['colcon_pkg']
[0.256s] Level 1:colcon.colcon_core.package_identification:_identify(.) by extension 'colcon_pkg'
[0.256s] Level 1:colcon.colcon_core.package_identification:_identify(.) by extensions ['colcon_meta']
[0.256s] Level 1:colcon.colcon_core.package_identification:_identify(.) by extension 'colcon_meta'
[0.257s] Level 1:colcon.colcon_core.package_identification:_identify(.) by extensions ['ros']
[0.257s] Level 1:colcon.colcon_core.package_identification:_identify(.) by extension 'ros'
[0.275s] Level 1:colcon.colcon_core.package_identification:_identify(.) by extensions ['cmake', 'python']
[0.275s] Level 1:colcon.colcon_core.package_identification:_identify(.) by extension 'cmake'
[0.275s] Level 1:colcon.colcon_core.package_identification:_identify(.) by extension 'python'
[0.275s] Level 1:colcon.colcon_core.package_identification:_identify(.) by extensions ['python_setup_py']
[0.275s] Level 1:colcon.colcon_core.package_identification:_identify(.) by extension 'python_setup_py'
[0.275s] Level 1:colcon.colcon_core.package_identification:_identify(build) by extensions ['ignore', 'ignore_ament_install']
[0.275s] Level 1:colcon.colcon_core.package_identification:_identify(build) by extension 'ignore'
[0.275s] Level 1:colcon.colcon_core.package_identification:_identify(build) ignored
[0.275s] Level 1:colcon.colcon_core.package_identification:_identify(install) by extensions ['ignore', 'ignore_ament_install']
[0.275s] Level 1:colcon.colcon_core.package_identification:_identify(install) by extension 'ignore'
[0.275s] Level 1:colcon.colcon_core.package_identification:_identify(install) ignored
[0.275s] Level 1:colcon.colcon_core.package_identification:_identify(log) by extensions ['ignore', 'ignore_ament_install']
[0.276s] Level 1:colcon.colcon_core.package_identification:_identify(log) by extension 'ignore'
[0.276s] Level 1:colcon.colcon_core.package_identification:_identify(log) ignored
[0.276s] Level 1:colcon.colcon_core.package_identification:_identify(src) by extensions ['ignore', 'ignore_ament_install']
[0.276s] Level 1:colcon.colcon_core.package_identification:_identify(src) by extension 'ignore'
[0.276s] Level 1:colcon.colcon_core.package_identification:_identify(src) by extension 'ignore_ament_install'
[0.276s] Level 1:colcon.colcon_core.package_identification:_identify(src) by extensions ['colcon_pkg']
[0.276s] Level 1:colcon.colcon_core.package_identification:_identify(src) by extension 'colcon_pkg'
[0.276s] Level 1:colcon.colcon_core.package_identification:_identify(src) by extensions ['colcon_meta']
[0.276s] Level 1:colcon.colcon_core.package_identification:_identify(src) by extension 'colcon_meta'
[0.276s] Level 1:colcon.colcon_core.package_identification:_identify(src) by extensions ['ros']
[0.276s] Level 1:colcon.colcon_core.package_identification:_identify(src) by extension 'ros'
[0.276s] Level 1:colcon.colcon_core.package_identification:_identify(src) by extensions ['cmake', 'python']
[0.276s] Level 1:colcon.colcon_core.package_identification:_identify(src) by extension 'cmake'
[0.276s] Level 1:colcon.colcon_core.package_identification:_identify(src) by extension 'python'
[0.276s] Level 1:colcon.colcon_core.package_identification:_identify(src) by extensions ['python_setup_py']
[0.276s] Level 1:colcon.colcon_core.package_identification:_identify(src) by extension 'python_setup_py'
[0.276s] Level 1:colcon.colcon_core.package_identification:_identify(src/bot) by extensions ['ignore', 'ignore_ament_install']
[0.276s] Level 1:colcon.colcon_core.package_identification:_identify(src/bot) by extension 'ignore'
[0.276s] Level 1:colcon.colcon_core.package_identification:_identify(src/bot) by extension 'ignore_ament_install'
[0.276s] Level 1:colcon.colcon_core.package_identification:_identify(src/bot) by extensions ['colcon_pkg']
[0.276s] Level 1:colcon.colcon_core.package_identification:_identify(src/bot) by extension 'colcon_pkg'
[0.276s] Level 1:colcon.colcon_core.package_identification:_identify(src/bot) by extensions ['colcon_meta']
[0.276s] Level 1:colcon.colcon_core.package_identification:_identify(src/bot) by extension 'colcon_meta'
[0.276s] Level 1:colcon.colcon_core.package_identification:_identify(src/bot) by extensions ['ros']
[0.276s] Level 1:colcon.colcon_core.package_identification:_identify(src/bot) by extension 'ros'
[0.279s] DEBUG:colcon.colcon_core.package_identification:Package 'src/bot' with type 'ros.ament_cmake' and name 'bot'
[0.279s] Level 1:colcon.colcon_core.package_identification:_identify(src/joint_states_merger) by extensions ['ignore', 'ignore_ament_install']
[0.279s] Level 1:colcon.colcon_core.package_identification:_identify(src/joint_states_merger) by extension 'ignore'
[0.279s] Level 1:colcon.colcon_core.package_identification:_identify(src/joint_states_merger) by extension 'ignore_ament_install'
[0.279s] Level 1:colcon.colcon_core.package_identification:_identify(src/joint_states_merger) by extensions ['colcon_pkg']
[0.279s] Level 1:colcon.colcon_core.package_identification:_identify(src/joint_states_merger) by extension 'colcon_pkg'
[0.280s] Level 1:colcon.colcon_core.package_identification:_identify(src/joint_states_merger) by extensions ['colcon_meta']
[0.280s] Level 1:colcon.colcon_core.package_identification:_identify(src/joint_states_merger) by extension 'colcon_meta'
[0.280s] Level 1:colcon.colcon_core.package_identification:_identify(src/joint_states_merger) by extensions ['ros']
[0.280s] Level 1:colcon.colcon_core.package_identification:_identify(src/joint_states_merger) by extension 'ros'
[0.280s] DEBUG:colcon.colcon_core.package_identification:Package 'src/joint_states_merger' with type 'ros.ament_python' and name 'joint_states_merger'
[0.280s] Level 1:colcon.colcon_core.package_identification:_identify(src/robot_description) by extensions ['ignore', 'ignore_ament_install']
[0.280s] Level 1:colcon.colcon_core.package_identification:_identify(src/robot_description) by extension 'ignore'
[0.280s] Level 1:colcon.colcon_core.package_identification:_identify(src/robot_description) by extension 'ignore_ament_install'
[0.280s] Level 1:colcon.colcon_core.package_identification:_identify(src/robot_description) by extensions ['colcon_pkg']
[0.280s] Level 1:colcon.colcon_core.package_identification:_identify(src/robot_description) by extension 'colcon_pkg'
[0.280s] Level 1:colcon.colcon_core.package_identification:_identify(src/robot_description) by extensions ['colcon_meta']
[0.281s] Level 1:colcon.colcon_core.package_identification:_identify(src/robot_description) by extension 'colcon_meta'
[0.281s] Level 1:colcon.colcon_core.package_identification:_identify(src/robot_description) by extensions ['ros']
[0.281s] Level 1:colcon.colcon_core.package_identification:_identify(src/robot_description) by extension 'ros'
[0.281s] DEBUG:colcon.colcon_core.package_identification:Package 'src/robot_description' with type 'ros.ament_python' and name 'robot_description'
[0.281s] Level 1:colcon.colcon_core.package_identification:_identify(src/teleop_twist_stamped) by extensions ['ignore', 'ignore_ament_install']
[0.282s] Level 1:colcon.colcon_core.package_identification:_identify(src/teleop_twist_stamped) by extension 'ignore'
[0.282s] Level 1:colcon.colcon_core.package_identification:_identify(src/teleop_twist_stamped) by extension 'ignore_ament_install'
[0.282s] Level 1:colcon.colcon_core.package_identification:_identify(src/teleop_twist_stamped) by extensions ['colcon_pkg']
[0.282s] Level 1:colcon.colcon_core.package_identification:_identify(src/teleop_twist_stamped) by extension 'colcon_pkg'
[0.282s] Level 1:colcon.colcon_core.package_identification:_identify(src/teleop_twist_stamped) by extensions ['colcon_meta']
[0.282s] Level 1:colcon.colcon_core.package_identification:_identify(src/teleop_twist_stamped) by extension 'colcon_meta'
[0.282s] Level 1:colcon.colcon_core.package_identification:_identify(src/teleop_twist_stamped) by extensions ['ros']
[0.282s] Level 1:colcon.colcon_core.package_identification:_identify(src/teleop_twist_stamped) by extension 'ros'
[0.282s] DEBUG:colcon.colcon_core.package_identification:Package 'src/teleop_twist_stamped' with type 'ros.ament_python' and name 'teleop_twist_stamped'
[0.282s] Level 1:colcon.colcon_core.package_discovery:discover_packages(recursive) using defaults
[0.282s] Level 1:colcon.colcon_core.package_discovery:discover_packages(ignore) discover
[0.282s] Level 1:colcon.colcon_core.package_discovery:discover_packages(ignore) using defaults
[0.282s] Level 1:colcon.colcon_core.package_discovery:discover_packages(path) discover
[0.282s] Level 1:colcon.colcon_core.package_discovery:discover_packages(path) using defaults
[0.301s] Level 1:colcon.colcon_core.package_discovery:discover_packages(prefix_path) check parameters
[0.301s] Level 1:colcon.colcon_core.package_discovery:discover_packages(prefix_path) discover
[0.303s] DEBUG:colcon.colcon_installed_package_information.package_discovery:Found 4 installed packages in /home/arvi/bot_ws/install
[0.303s] Level 1:colcon.colcon_core.package_discovery:discover_packages(prefix_path) using defaults
[0.304s] Level 5:colcon.colcon_core.verb:set package 'bot' build argument 'cmake_args' from command line to 'None'
[0.304s] Level 5:colcon.colcon_core.verb:set package 'bot' build argument 'cmake_target' from command line to 'None'
[0.304s] Level 5:colcon.colcon_core.verb:set package 'bot' build argument 'cmake_target_skip_unavailable' from command line to 'False'
[0.304s] Level 5:colcon.colcon_core.verb:set package 'bot' build argument 'cmake_clean_cache' from command line to 'False'
[0.304s] Level 5:colcon.colcon_core.verb:set package 'bot' build argument 'cmake_clean_first' from command line to 'False'
[0.305s] Level 5:colcon.colcon_core.verb:set package 'bot' build argument 'cmake_force_configure' from command line to 'False'
[0.305s] Level 5:colcon.colcon_core.verb:set package 'bot' build argument 'ament_cmake_args' from command line to 'None'
[0.305s] Level 5:colcon.colcon_core.verb:set package 'bot' build argument 'catkin_cmake_args' from command line to 'None'
[0.305s] Level 5:colcon.colcon_core.verb:set package 'bot' build argument 'catkin_skip_building_tests' from command line to 'False'
[0.305s] DEBUG:colcon.colcon_core.verb:Building package 'bot' with the following arguments: {'ament_cmake_args': None, 'build_base': '/home/arvi/bot_ws/build/bot', 'catkin_cmake_args': None, 'catkin_skip_building_tests': False, 'cmake_args': None, 'cmake_clean_cache': False, 'cmake_clean_first': False, 'cmake_force_configure': False, 'cmake_target': None, 'cmake_target_skip_unavailable': False, 'install_base': '/home/arvi/bot_ws/install/bot', 'merge_install': False, 'path': '/home/arvi/bot_ws/src/bot', 'symlink_install': False, 'test_result_base': None}
[0.305s] Level 5:colcon.colcon_core.verb:set package 'joint_states_merger' build argument 'cmake_args' from command line to 'None'
[0.305s] Level 5:colcon.colcon_core.verb:set package 'joint_states_merger' build argument 'cmake_target' from command line to 'None'
[0.305s] Level 5:colcon.colcon_core.verb:set package 'joint_states_merger' build argument 'cmake_target_skip_unavailable' from command line to 'False'
[0.305s] Level 5:colcon.colcon_core.verb:set package 'joint_states_merger' build argument 'cmake_clean_cache' from command line to 'False'
[0.305s] Level 5:colcon.colcon_core.verb:set package 'joint_states_merger' build argument 'cmake_clean_first' from command line to 'False'
[0.305s] Level 5:colcon.colcon_core.verb:set package 'joint_states_merger' build argument 'cmake_force_configure' from command line to 'False'
[0.305s] Level 5:colcon.colcon_core.verb:set package 'joint_states_merger' build argument 'ament_cmake_args' from command line to 'None'
[0.305s] Level 5:colcon.colcon_core.verb:set package 'joint_states_merger' build argument 'catkin_cmake_args' from command line to 'None'
[0.305s] Level 5:colcon.colcon_core.verb:set package 'joint_states_merger' build argument 'catkin_skip_building_tests' from command line to 'False'
[0.305s] DEBUG:colcon.colcon_core.verb:Building package 'joint_states_merger' with the following arguments: {'ament_cmake_args': None, 'build_base': '/home/arvi/bot_ws/build/joint_states_merger', 'catkin_cmake_args': None, 'catkin_skip_building_tests': False, 'cmake_args': None, 'cmake_clean_cache': False, 'cmake_clean_first': False, 'cmake_force_configure': False, 'cmake_target': None, 'cmake_target_skip_unavailable': False, 'install_base': '/home/arvi/bot_ws/install/joint_states_merger', 'merge_install': False, 'path': '/home/arvi/bot_ws/src/joint_states_merger', 'symlink_install': False, 'test_result_base': None}
[0.305s] Level 5:colcon.colcon_core.verb:set package 'robot_description' build argument 'cmake_args' from command line to 'None'
[0.305s] Level 5:colcon.colcon_core.verb:set package 'robot_description' build argument 'cmake_target' from command line to 'None'
[0.305s] Level 5:colcon.colcon_core.verb:set package 'robot_description' build argument 'cmake_target_skip_unavailable' from command line to 'False'
[0.306s] Level 5:colcon.colcon_core.verb:set package 'robot_description' build argument 'cmake_clean_cache' from command line to 'False'
[0.306s] Level 5:colcon.colcon_core.verb:set package 'robot_description' build argument 'cmake_clean_first' from command line to 'False'
[0.306s] Level 5:colcon.colcon_core.verb:set package 'robot_description' build argument 'cmake_force_configure' from command line to 'False'
[0.306s] Level 5:colcon.colcon_core.verb:set package 'robot_description' build argument 'ament_cmake_args' from command line to 'None'
[0.306s] Level 5:colcon.colcon_core.verb:set package 'robot_description' build argument 'catkin_cmake_args' from command line to 'None'
[0.306s] Level 5:colcon.colcon_core.verb:set package 'robot_description' build argument 'catkin_skip_building_tests' from command line to 'False'
[0.306s] DEBUG:colcon.colcon_core.verb:Building package 'robot_description' with the following arguments: {'ament_cmake_args': None, 'build_base': '/home/arvi/bot_ws/build/robot_description', 'catkin_cmake_args': None, 'catkin_skip_building_tests': False, 'cmake_args': None, 'cmake_clean_cache': False, 'cmake_clean_first': False, 'cmake_force_configure': False, 'cmake_target': None, 'cmake_target_skip_unavailable': False, 'install_base': '/home/arvi/bot_ws/install/robot_description', 'merge_install': False, 'path': '/home/arvi/bot_ws/src/robot_description', 'symlink_install': False, 'test_result_base': None}
[0.306s] Level 5:colcon.colcon_core.verb:set package 'teleop_twist_stamped' build argument 'cmake_args' from command line to 'None'
[0.306s] Level 5:colcon.colcon_core.verb:set package 'teleop_twist_stamped' build argument 'cmake_target' from command line to 'None'
[0.306s] Level 5:colcon.colcon_core.verb:set package 'teleop_twist_stamped' build argument 'cmake_target_skip_unavailable' from command line to 'False'
[0.306s] Level 5:colcon.colcon_core.verb:set package 'teleop_twist_stamped' build argument 'cmake_clean_cache' from command line to 'False'
[0.306s] Level 5:colcon.colcon_core.verb:set package 'teleop_twist_stamped' build argument 'cmake_clean_first' from command line to 'False'
[0.306s] Level 5:colcon.colcon_core.verb:set package 'teleop_twist_stamped' build argument 'cmake_force_configure' from command line to 'False'
[0.306s] Level 5:colcon.colcon_core.verb:set package 'teleop_twist_stamped' build argument 'ament_cmake_args' from command line to 'None'
[0.306s] Level 5:colcon.colcon_core.verb:set package 'teleop_twist_stamped' build argument 'catkin_cmake_args' from command line to 'None'
[0.306s] Level 5:colcon.colcon_core.verb:set package 'teleop_twist_stamped' build argument 'catkin_skip_building_tests' from command line to 'False'
[0.306s] DEBUG:colcon.colcon_core.verb:Building package 'teleop_twist_stamped' with the following arguments: {'ament_cmake_args': None, 'build_base': '/home/arvi/bot_ws/build/teleop_twist_stamped', 'catkin_cmake_args': None, 'catkin_skip_building_tests': False, 'cmake_args': None, 'cmake_clean_cache': False, 'cmake_clean_first': False, 'cmake_force_configure': False, 'cmake_target': None, 'cmake_target_skip_unavailable': False, 'install_base': '/home/arvi/bot_ws/install/teleop_twist_stamped', 'merge_install': False, 'path': '/home/arvi/bot_ws/src/teleop_twist_stamped', 'symlink_install': False, 'test_result_base': None}
[0.306s] INFO:colcon.colcon_core.executor:Executing jobs using 'parallel' executor
[0.307s] DEBUG:colcon.colcon_parallel_executor.executor.parallel:run_until_complete
[0.307s] INFO:colcon.colcon_ros.task.ament_cmake.build:Building ROS package in '/home/arvi/bot_ws/src/bot' with build type 'ament_cmake'
[0.308s] INFO:colcon.colcon_cmake.task.cmake.build:Building CMake package in '/home/arvi/bot_ws/src/bot'
[0.310s] INFO:colcon.colcon_core.plugin_system:Skipping extension 'colcon_core.shell.bat': Not used on non-Windows systems
[0.310s] INFO:colcon.colcon_core.shell:Skip shell extension 'powershell' for command environment: Not usable outside of PowerShell
[0.310s] DEBUG:colcon.colcon_core.shell:Skip shell extension 'dsv' for command environment
[0.312s] INFO:colcon.colcon_ros.task.ament_python.build:Building ROS package in '/home/arvi/bot_ws/src/joint_states_merger' with build type 'ament_python'
[0.313s] Level 1:colcon.colcon_core.shell:create_environment_hook('joint_states_merger', 'ament_prefix_path')
[0.313s] INFO:colcon.colcon_core.shell:Creating environment hook '/home/arvi/bot_ws/install/joint_states_merger/share/joint_states_merger/hook/ament_prefix_path.ps1'
[0.313s] INFO:colcon.colcon_core.shell:Creating environment descriptor '/home/arvi/bot_ws/install/joint_states_merger/share/joint_states_merger/hook/ament_prefix_path.dsv'
[0.314s] INFO:colcon.colcon_core.shell:Creating environment hook '/home/arvi/bot_ws/install/joint_states_merger/share/joint_states_merger/hook/ament_prefix_path.sh'
[0.315s] INFO:colcon.colcon_core.shell:Skip shell extension 'powershell' for command environment: Not usable outside of PowerShell
[0.315s] DEBUG:colcon.colcon_core.shell:Skip shell extension 'dsv' for command environment
[0.316s] INFO:colcon.colcon_ros.task.ament_python.build:Building ROS package in '/home/arvi/bot_ws/src/robot_description' with build type 'ament_python'
[0.316s] Level 1:colcon.colcon_core.shell:create_environment_hook('robot_description', 'ament_prefix_path')
[0.317s] INFO:colcon.colcon_core.shell:Creating environment hook '/home/arvi/bot_ws/install/robot_description/share/robot_description/hook/ament_prefix_path.ps1'
[0.317s] INFO:colcon.colcon_core.shell:Creating environment descriptor '/home/arvi/bot_ws/install/robot_description/share/robot_description/hook/ament_prefix_path.dsv'
[0.317s] INFO:colcon.colcon_core.shell:Creating environment hook '/home/arvi/bot_ws/install/robot_description/share/robot_description/hook/ament_prefix_path.sh'
[0.318s] INFO:colcon.colcon_core.shell:Skip shell extension 'powershell' for command environment: Not usable outside of PowerShell
[0.318s] DEBUG:colcon.colcon_core.shell:Skip shell extension 'dsv' for command environment
[0.338s] INFO:colcon.colcon_ros.task.ament_python.build:Building ROS package in '/home/arvi/bot_ws/src/teleop_twist_stamped' with build type 'ament_python'
[0.339s] Level 1:colcon.colcon_core.shell:create_environment_hook('teleop_twist_stamped', 'ament_prefix_path')
[0.339s] INFO:colcon.colcon_core.shell:Creating environment hook '/home/arvi/bot_ws/install/teleop_twist_stamped/share/teleop_twist_stamped/hook/ament_prefix_path.ps1'
[0.340s] INFO:colcon.colcon_core.shell:Creating environment descriptor '/home/arvi/bot_ws/install/teleop_twist_stamped/share/teleop_twist_stamped/hook/ament_prefix_path.dsv'
[0.340s] INFO:colcon.colcon_core.shell:Creating environment hook '/home/arvi/bot_ws/install/teleop_twist_stamped/share/teleop_twist_stamped/hook/ament_prefix_path.sh'
[0.341s] INFO:colcon.colcon_core.shell:Skip shell extension 'powershell' for command environment: Not usable outside of PowerShell
[0.341s] DEBUG:colcon.colcon_core.shell:Skip shell extension 'dsv' for command environment
[0.349s] DEBUG:colcon.colcon_core.event_handler.log_command:Invoking command in '/home/arvi/bot_ws/build/bot': CMAKE_PREFIX_PATH=${CMAKE_PREFIX_PATH}:/home/arvi/bot_ws/install/teleop_twist_stamped:/home/arvi/bot_ws/install/robot_description:/home/arvi/bot_ws/install/joint_states_merger /usr/bin/cmake --build /home/arvi/bot_ws/build/bot -- -j16 -l16
[0.593s] INFO:colcon.colcon_core.task.python.build:Building Python package in '/home/arvi/bot_ws/src/joint_states_merger'
[0.594s] INFO:colcon.colcon_core.shell:Skip shell extension 'powershell' for command environment: Not usable outside of PowerShell
[0.594s] DEBUG:colcon.colcon_core.shell:Skip shell extension 'dsv' for command environment
[0.829s] INFO:colcon.colcon_core.task.python.build:Building Python package in '/home/arvi/bot_ws/src/robot_description'
[0.830s] INFO:colcon.colcon_core.shell:Skip shell extension 'powershell' for command environment: Not usable outside of PowerShell
[0.830s] DEBUG:colcon.colcon_core.shell:Skip shell extension 'dsv' for command environment
[1.058s] INFO:colcon.colcon_core.task.python.build:Building Python package in '/home/arvi/bot_ws/src/teleop_twist_stamped'
[1.058s] INFO:colcon.colcon_core.shell:Skip shell extension 'powershell' for command environment: Not usable outside of PowerShell
[1.059s] DEBUG:colcon.colcon_core.shell:Skip shell extension 'dsv' for command environment
[1.061s] DEBUG:colcon.colcon_core.event_handler.log_command:Invoked command in '/home/arvi/bot_ws/build/bot' returned '0': CMAKE_PREFIX_PATH=${CMAKE_PREFIX_PATH}:/home/arvi/bot_ws/install/teleop_twist_stamped:/home/arvi/bot_ws/install/robot_description:/home/arvi/bot_ws/install/joint_states_merger /usr/bin/cmake --build /home/arvi/bot_ws/build/bot -- -j16 -l16
[1.073s] DEBUG:colcon.colcon_core.event_handler.log_command:Invoking command in '/home/arvi/bot_ws/build/bot': CMAKE_PREFIX_PATH=${CMAKE_PREFIX_PATH}:/home/arvi/bot_ws/install/teleop_twist_stamped:/home/arvi/bot_ws/install/robot_description:/home/arvi/bot_ws/install/joint_states_merger /usr/bin/cmake --install /home/arvi/bot_ws/build/bot
[1.088s] Level 1:colcon.colcon_core.environment:create_environment_scripts_only(bot)
[1.089s] DEBUG:colcon.colcon_core.event_handler.log_command:Invoked command in '/home/arvi/bot_ws/build/bot' returned '0': CMAKE_PREFIX_PATH=${CMAKE_PREFIX_PATH}:/home/arvi/bot_ws/install/teleop_twist_stamped:/home/arvi/bot_ws/install/robot_description:/home/arvi/bot_ws/install/joint_states_merger /usr/bin/cmake --install /home/arvi/bot_ws/build/bot
[1.093s] Level 1:colcon.colcon_core.environment:checking '/home/arvi/bot_ws/install/bot' for CMake module files
[1.094s] Level 1:colcon.colcon_core.environment:checking '/home/arvi/bot_ws/install/bot' for CMake config files
[1.095s] Level 1:colcon.colcon_core.shell:create_environment_hook('bot', 'cmake_prefix_path')
[1.095s] INFO:colcon.colcon_core.shell:Creating environment hook '/home/arvi/bot_ws/install/bot/share/bot/hook/cmake_prefix_path.ps1'
[1.096s] INFO:colcon.colcon_core.shell:Creating environment descriptor '/home/arvi/bot_ws/install/bot/share/bot/hook/cmake_prefix_path.dsv'
[1.097s] INFO:colcon.colcon_core.shell:Creating environment hook '/home/arvi/bot_ws/install/bot/share/bot/hook/cmake_prefix_path.sh'
[1.098s] Level 1:colcon.colcon_core.environment:checking '/home/arvi/bot_ws/install/bot/lib'
[1.098s] Level 1:colcon.colcon_core.environment:checking '/home/arvi/bot_ws/install/bot/bin'
[1.098s] Level 1:colcon.colcon_core.environment:checking '/home/arvi/bot_ws/install/bot/lib/pkgconfig/bot.pc'
[1.099s] Level 1:colcon.colcon_core.environment:checking '/home/arvi/bot_ws/install/bot/lib/python3.10/site-packages'
[1.099s] Level 1:colcon.colcon_core.environment:checking '/home/arvi/bot_ws/install/bot/bin'
[1.100s] INFO:colcon.colcon_core.shell:Creating package script '/home/arvi/bot_ws/install/bot/share/bot/package.ps1'
[1.101s] INFO:colcon.colcon_core.shell:Creating package descriptor '/home/arvi/bot_ws/install/bot/share/bot/package.dsv'
[1.102s] INFO:colcon.colcon_core.shell:Creating package script '/home/arvi/bot_ws/install/bot/share/bot/package.sh'
[1.103s] INFO:colcon.colcon_core.shell:Creating package script '/home/arvi/bot_ws/install/bot/share/bot/package.bash'
[1.104s] INFO:colcon.colcon_core.shell:Creating package script '/home/arvi/bot_ws/install/bot/share/bot/package.zsh'
[1.106s] Level 1:colcon.colcon_core.environment:create_file_with_runtime_dependencies(/home/arvi/bot_ws/install/bot/share/colcon-core/packages/bot)
[1.107s] Level 1:colcon.colcon_core.environment:create_environment_scripts_only(bot)
[1.107s] Level 1:colcon.colcon_core.environment:checking '/home/arvi/bot_ws/install/bot' for CMake module files
[1.108s] Level 1:colcon.colcon_core.environment:checking '/home/arvi/bot_ws/install/bot' for CMake config files
[1.108s] Level 1:colcon.colcon_core.shell:create_environment_hook('bot', 'cmake_prefix_path')
[1.109s] INFO:colcon.colcon_core.shell:Creating environment hook '/home/arvi/bot_ws/install/bot/share/bot/hook/cmake_prefix_path.ps1'
[1.109s] INFO:colcon.colcon_core.shell:Creating environment descriptor '/home/arvi/bot_ws/install/bot/share/bot/hook/cmake_prefix_path.dsv'
[1.110s] INFO:colcon.colcon_core.shell:Creating environment hook '/home/arvi/bot_ws/install/bot/share/bot/hook/cmake_prefix_path.sh'
[1.110s] Level 1:colcon.colcon_core.environment:checking '/home/arvi/bot_ws/install/bot/lib'
[1.110s] Level 1:colcon.colcon_core.environment:checking '/home/arvi/bot_ws/install/bot/bin'
[1.110s] Level 1:colcon.colcon_core.environment:checking '/home/arvi/bot_ws/install/bot/lib/pkgconfig/bot.pc'
[1.110s] Level 1:colcon.colcon_core.environment:checking '/home/arvi/bot_ws/install/bot/lib/python3.10/site-packages'
[1.111s] Level 1:colcon.colcon_core.environment:checking '/home/arvi/bot_ws/install/bot/bin'
[1.111s] INFO:colcon.colcon_core.shell:Creating package script '/home/arvi/bot_ws/install/bot/share/bot/package.ps1'
[1.111s] INFO:colcon.colcon_core.shell:Creating package descriptor '/home/arvi/bot_ws/install/bot/share/bot/package.dsv'
[1.112s] INFO:colcon.colcon_core.shell:Creating package script '/home/arvi/bot_ws/install/bot/share/bot/package.sh'
[1.112s] INFO:colcon.colcon_core.shell:Creating package script '/home/arvi/bot_ws/install/bot/share/bot/package.bash'
[1.112s] INFO:colcon.colcon_core.shell:Creating package script '/home/arvi/bot_ws/install/bot/share/bot/package.zsh'
[1.113s] Level 1:colcon.colcon_core.environment:create_file_with_runtime_dependencies(/home/arvi/bot_ws/install/bot/share/colcon-core/packages/bot)
[1.403s] DEBUG:colcon.colcon_core.event_handler.log_command:Invoking command in '/home/arvi/bot_ws/src/robot_description': PYTHONPATH=/home/arvi/bot_ws/build/robot_description/prefix_override:/usr/lib/python3/dist-packages/colcon_core/task/python/colcon_distutils_commands:/home/arvi/bot_ws/install/robot_description/lib/python3.10/site-packages:${PYTHONPATH} /usr/bin/python3 -W ignore:setup.py install is deprecated -W ignore:easy_install command is deprecated setup.py egg_info --egg-base ../../build/robot_description build --build-base /home/arvi/bot_ws/build/robot_description/build install --record /home/arvi/bot_ws/build/robot_description/install.log --install-scripts $base/lib/robot_description --single-version-externally-managed install_data
[1.440s] DEBUG:colcon.colcon_core.event_handler.log_command:Invoking command in '/home/arvi/bot_ws/src/joint_states_merger': PYTHONPATH=/home/arvi/bot_ws/build/joint_states_merger/prefix_override:/usr/lib/python3/dist-packages/colcon_core/task/python/colcon_distutils_commands:/home/arvi/bot_ws/install/joint_states_merger/lib/python3.10/site-packages:${PYTHONPATH} /usr/bin/python3 -W ignore:setup.py install is deprecated -W ignore:easy_install command is deprecated setup.py egg_info --egg-base ../../build/joint_states_merger build --build-base /home/arvi/bot_ws/build/joint_states_merger/build install --record /home/arvi/bot_ws/build/joint_states_merger/install.log --single-version-externally-managed install_data
[1.444s] DEBUG:colcon.colcon_core.event_handler.log_command:Invoking command in '/home/arvi/bot_ws/src/teleop_twist_stamped': PYTHONPATH=/home/arvi/bot_ws/build/teleop_twist_stamped/prefix_override:/usr/lib/python3/dist-packages/colcon_core/task/python/colcon_distutils_commands:/home/arvi/bot_ws/install/teleop_twist_stamped/lib/python3.10/site-packages:${PYTHONPATH} /usr/bin/python3 -W ignore:setup.py install is deprecated -W ignore:easy_install command is deprecated setup.py egg_info --egg-base ../../build/teleop_twist_stamped build --build-base /home/arvi/bot_ws/build/teleop_twist_stamped/build install --record /home/arvi/bot_ws/build/teleop_twist_stamped/install.log --single-version-externally-managed install_data
[1.690s] Level 1:colcon.colcon_core.environment:checking '/home/arvi/bot_ws/install/robot_description' for CMake module files
[1.691s] DEBUG:colcon.colcon_core.event_handler.log_command:Invoked command in '/home/arvi/bot_ws/src/robot_description' returned '0': PYTHONPATH=/home/arvi/bot_ws/build/robot_description/prefix_override:/usr/lib/python3/dist-packages/colcon_core/task/python/colcon_distutils_commands:/home/arvi/bot_ws/install/robot_description/lib/python3.10/site-packages:${PYTHONPATH} /usr/bin/python3 -W ignore:setup.py install is deprecated -W ignore:easy_install command is deprecated setup.py egg_info --egg-base ../../build/robot_description build --build-base /home/arvi/bot_ws/build/robot_description/build install --record /home/arvi/bot_ws/build/robot_description/install.log --install-scripts $base/lib/robot_description --single-version-externally-managed install_data
[1.692s] Level 1:colcon.colcon_core.environment:checking '/home/arvi/bot_ws/install/robot_description' for CMake config files
[1.693s] Level 1:colcon.colcon_core.environment:checking '/home/arvi/bot_ws/install/robot_description/lib'
[1.693s] Level 1:colcon.colcon_core.environment:checking '/home/arvi/bot_ws/install/robot_description/bin'
[1.693s] Level 1:colcon.colcon_core.environment:checking '/home/arvi/bot_ws/install/robot_description/lib/pkgconfig/robot_description.pc'
[1.693s] Level 1:colcon.colcon_core.environment:checking '/home/arvi/bot_ws/install/robot_description/lib/python3.10/site-packages'
[1.694s] Level 1:colcon.colcon_core.shell:create_environment_hook('robot_description', 'pythonpath')
[1.694s] INFO:colcon.colcon_core.shell:Creating environment hook '/home/arvi/bot_ws/install/robot_description/share/robot_description/hook/pythonpath.ps1'
[1.695s] INFO:colcon.colcon_core.shell:Creating environment descriptor '/home/arvi/bot_ws/install/robot_description/share/robot_description/hook/pythonpath.dsv'
[1.695s] INFO:colcon.colcon_core.shell:Creating environment hook '/home/arvi/bot_ws/install/robot_description/share/robot_description/hook/pythonpath.sh'
[1.696s] Level 1:colcon.colcon_core.environment:checking '/home/arvi/bot_ws/install/robot_description/bin'
[1.696s] Level 1:colcon.colcon_core.environment:create_environment_scripts_only(robot_description)
[1.697s] INFO:colcon.colcon_core.shell:Creating package script '/home/arvi/bot_ws/install/robot_description/share/robot_description/package.ps1'
[1.697s] INFO:colcon.colcon_core.shell:Creating package descriptor '/home/arvi/bot_ws/install/robot_description/share/robot_description/package.dsv'
[1.698s] INFO:colcon.colcon_core.shell:Creating package script '/home/arvi/bot_ws/install/robot_description/share/robot_description/package.sh'
[1.698s] INFO:colcon.colcon_core.shell:Creating package script '/home/arvi/bot_ws/install/robot_description/share/robot_description/package.bash'
[1.698s] INFO:colcon.colcon_core.shell:Creating package script '/home/arvi/bot_ws/install/robot_description/share/robot_description/package.zsh'
[1.698s] Level 1:colcon.colcon_core.environment:create_file_with_runtime_dependencies(/home/arvi/bot_ws/install/robot_description/share/colcon-core/packages/robot_description)
[1.712s] Level 1:colcon.colcon_core.environment:checking '/home/arvi/bot_ws/install/joint_states_merger' for CMake module files
[1.713s] DEBUG:colcon.colcon_core.event_handler.log_command:Invoked command in '/home/arvi/bot_ws/src/joint_states_merger' returned '0': PYTHONPATH=/home/arvi/bot_ws/build/joint_states_merger/prefix_override:/usr/lib/python3/dist-packages/colcon_core/task/python/colcon_distutils_commands:/home/arvi/bot_ws/install/joint_states_merger/lib/python3.10/site-packages:${PYTHONPATH} /usr/bin/python3 -W ignore:setup.py install is deprecated -W ignore:easy_install command is deprecated setup.py egg_info --egg-base ../../build/joint_states_merger build --build-base /home/arvi/bot_ws/build/joint_states_merger/build install --record /home/arvi/bot_ws/build/joint_states_merger/install.log --single-version-externally-managed install_data
[1.714s] Level 1:colcon.colcon_core.environment:checking '/home/arvi/bot_ws/install/joint_states_merger' for CMake config files
[1.715s] Level 1:colcon.colcon_core.environment:checking '/home/arvi/bot_ws/install/joint_states_merger/lib'
[1.715s] Level 1:colcon.colcon_core.environment:checking '/home/arvi/bot_ws/install/joint_states_merger/bin'
[1.715s] Level 1:colcon.colcon_core.environment:checking '/home/arvi/bot_ws/install/joint_states_merger/lib/pkgconfig/joint_states_merger.pc'
[1.716s] Level 1:colcon.colcon_core.environment:checking '/home/arvi/bot_ws/install/joint_states_merger/lib/python3.10/site-packages'
[1.716s] Level 1:colcon.colcon_core.shell:create_environment_hook('joint_states_merger', 'pythonpath')
[1.716s] INFO:colcon.colcon_core.shell:Creating environment hook '/home/arvi/bot_ws/install/joint_states_merger/share/joint_states_merger/hook/pythonpath.ps1'
[1.717s] INFO:colcon.colcon_core.shell:Creating environment descriptor '/home/arvi/bot_ws/install/joint_states_merger/share/joint_states_merger/hook/pythonpath.dsv'
[1.718s] INFO:colcon.colcon_core.shell:Creating environment hook '/home/arvi/bot_ws/install/joint_states_merger/share/joint_states_merger/hook/pythonpath.sh'
[1.719s] Level 1:colcon.colcon_core.environment:checking '/home/arvi/bot_ws/install/joint_states_merger/bin'
[1.719s] Level 1:colcon.colcon_core.environment:create_environment_scripts_only(joint_states_merger)
[1.719s] INFO:colcon.colcon_core.shell:Creating package script '/home/arvi/bot_ws/install/joint_states_merger/share/joint_states_merger/package.ps1'
[1.720s] INFO:colcon.colcon_core.shell:Creating package descriptor '/home/arvi/bot_ws/install/joint_states_merger/share/joint_states_merger/package.dsv'
[1.721s] INFO:colcon.colcon_core.shell:Creating package script '/home/arvi/bot_ws/install/joint_states_merger/share/joint_states_merger/package.sh'
[1.722s] INFO:colcon.colcon_core.shell:Creating package script '/home/arvi/bot_ws/install/joint_states_merger/share/joint_states_merger/package.bash'
[1.722s] INFO:colcon.colcon_core.shell:Creating package script '/home/arvi/bot_ws/install/joint_states_merger/share/joint_states_merger/package.zsh'
[1.723s] Level 1:colcon.colcon_core.environment:create_file_with_runtime_dependencies(/home/arvi/bot_ws/install/joint_states_merger/share/colcon-core/packages/joint_states_merger)
[1.725s] Level 1:colcon.colcon_core.environment:checking '/home/arvi/bot_ws/install/teleop_twist_stamped' for CMake module files
[1.726s] DEBUG:colcon.colcon_core.event_handler.log_command:Invoked command in '/home/arvi/bot_ws/src/teleop_twist_stamped' returned '0': PYTHONPATH=/home/arvi/bot_ws/build/teleop_twist_stamped/prefix_override:/usr/lib/python3/dist-packages/colcon_core/task/python/colcon_distutils_commands:/home/arvi/bot_ws/install/teleop_twist_stamped/lib/python3.10/site-packages:${PYTHONPATH} /usr/bin/python3 -W ignore:setup.py install is deprecated -W ignore:easy_install command is deprecated setup.py egg_info --egg-base ../../build/teleop_twist_stamped build --build-base /home/arvi/bot_ws/build/teleop_twist_stamped/build install --record /home/arvi/bot_ws/build/teleop_twist_stamped/install.log --single-version-externally-managed install_data
[1.726s] Level 1:colcon.colcon_core.environment:checking '/home/arvi/bot_ws/install/teleop_twist_stamped' for CMake config files
[1.727s] Level 1:colcon.colcon_core.environment:checking '/home/arvi/bot_ws/install/teleop_twist_stamped/lib'
[1.728s] Level 1:colcon.colcon_core.environment:checking '/home/arvi/bot_ws/install/teleop_twist_stamped/bin'
[1.728s] Level 1:colcon.colcon_core.environment:checking '/home/arvi/bot_ws/install/teleop_twist_stamped/lib/pkgconfig/teleop_twist_stamped.pc'
[1.728s] Level 1:colcon.colcon_core.environment:checking '/home/arvi/bot_ws/install/teleop_twist_stamped/lib/python3.10/site-packages'
[1.728s] Level 1:colcon.colcon_core.shell:create_environment_hook('teleop_twist_stamped', 'pythonpath')
[1.728s] INFO:colcon.colcon_core.shell:Creating environment hook '/home/arvi/bot_ws/install/teleop_twist_stamped/share/teleop_twist_stamped/hook/pythonpath.ps1'
[1.728s] INFO:colcon.colcon_core.shell:Creating environment descriptor '/home/arvi/bot_ws/install/teleop_twist_stamped/share/teleop_twist_stamped/hook/pythonpath.dsv'
[1.729s] INFO:colcon.colcon_core.shell:Creating environment hook '/home/arvi/bot_ws/install/teleop_twist_stamped/share/teleop_twist_stamped/hook/pythonpath.sh'
[1.729s] Level 1:colcon.colcon_core.environment:checking '/home/arvi/bot_ws/install/teleop_twist_stamped/bin'
[1.729s] Level 1:colcon.colcon_core.environment:create_environment_scripts_only(teleop_twist_stamped)
[1.730s] INFO:colcon.colcon_core.shell:Creating package script '/home/arvi/bot_ws/install/teleop_twist_stamped/share/teleop_twist_stamped/package.ps1'
[1.730s] INFO:colcon.colcon_core.shell:Creating package descriptor '/home/arvi/bot_ws/install/teleop_twist_stamped/share/teleop_twist_stamped/package.dsv'
[1.730s] INFO:colcon.colcon_core.shell:Creating package script '/home/arvi/bot_ws/install/teleop_twist_stamped/share/teleop_twist_stamped/package.sh'
[1.731s] INFO:colcon.colcon_core.shell:Creating package script '/home/arvi/bot_ws/install/teleop_twist_stamped/share/teleop_twist_stamped/package.bash'
[1.731s] INFO:colcon.colcon_core.shell:Creating package script '/home/arvi/bot_ws/install/teleop_twist_stamped/share/teleop_twist_stamped/package.zsh'
[1.731s] Level 1:colcon.colcon_core.environment:create_file_with_runtime_dependencies(/home/arvi/bot_ws/install/teleop_twist_stamped/share/colcon-core/packages/teleop_twist_stamped)
[1.731s] DEBUG:colcon.colcon_parallel_executor.executor.parallel:closing loop
[1.732s] DEBUG:colcon.colcon_parallel_executor.executor.parallel:loop closed
[1.732s] DEBUG:colcon.colcon_parallel_executor.executor.parallel:run_until_complete finished with '0'
[1.732s] DEBUG:colcon.colcon_core.event_reactor:joining thread
[1.740s] INFO:colcon.colcon_core.plugin_system:Skipping extension 'colcon_notification.desktop_notification.terminal_notifier': Not used on non-Darwin systems
[1.740s] INFO:colcon.colcon_core.plugin_system:Skipping extension 'colcon_notification.desktop_notification.win32': Not used on non-Windows systems
[1.740s] INFO:colcon.colcon_notification.desktop_notification:Sending desktop notification using 'notify2'
[1.752s] DEBUG:colcon.colcon_core.event_reactor:joined thread
[1.752s] INFO:colcon.colcon_core.shell:Creating prefix script '/home/arvi/bot_ws/install/local_setup.ps1'
[1.753s] INFO:colcon.colcon_core.shell:Creating prefix util module '/home/arvi/bot_ws/install/_local_setup_util_ps1.py'
[1.755s] INFO:colcon.colcon_core.shell:Creating prefix chain script '/home/arvi/bot_ws/install/setup.ps1'
[1.756s] INFO:colcon.colcon_core.shell:Creating prefix script '/home/arvi/bot_ws/install/local_setup.sh'
[1.756s] INFO:colcon.colcon_core.shell:Creating prefix util module '/home/arvi/bot_ws/install/_local_setup_util_sh.py'
[1.757s] INFO:colcon.colcon_core.shell:Creating prefix chain script '/home/arvi/bot_ws/install/setup.sh'
[1.757s] INFO:colcon.colcon_core.shell:Creating prefix script '/home/arvi/bot_ws/install/local_setup.bash'
[1.758s] INFO:colcon.colcon_core.shell:Creating prefix chain script '/home/arvi/bot_ws/install/setup.bash'
[1.759s] INFO:colcon.colcon_core.shell:Creating prefix script '/home/arvi/bot_ws/install/local_setup.zsh'
[1.759s] INFO:colcon.colcon_core.shell:Creating prefix chain script '/home/arvi/bot_ws/install/setup.zsh'
