[1.140s] Invoking command in '/home/arvi/nav_ws/src/image_flip_node': PYTHONPATH=/home/arvi/nav_ws/build/image_flip_node/prefix_override:/usr/lib/python3/dist-packages/colcon_core/task/python/colcon_distutils_commands:/home/arvi/nav_ws/install/image_flip_node/lib/python3.10/site-packages:${PYTHONPATH} /usr/bin/python3 -W ignore:setup.py install is deprecated -W ignore:easy_install command is deprecated setup.py egg_info --egg-base ../../build/image_flip_node build --build-base /home/arvi/nav_ws/build/image_flip_node/build install --record /home/arvi/nav_ws/build/image_flip_node/install.log --single-version-externally-managed install_data
[1.395s] running egg_info
[1.395s] creating ../../build/image_flip_node/image_flip_node.egg-info
[1.396s] writing ../../build/image_flip_node/image_flip_node.egg-info/PKG-INFO
[1.396s] writing dependency_links to ../../build/image_flip_node/image_flip_node.egg-info/dependency_links.txt
[1.397s] writing entry points to ../../build/image_flip_node/image_flip_node.egg-info/entry_points.txt
[1.397s] writing requirements to ../../build/image_flip_node/image_flip_node.egg-info/requires.txt
[1.397s] writing top-level names to ../../build/image_flip_node/image_flip_node.egg-info/top_level.txt
[1.397s] writing manifest file '../../build/image_flip_node/image_flip_node.egg-info/SOURCES.txt'
[1.400s] reading manifest file '../../build/image_flip_node/image_flip_node.egg-info/SOURCES.txt'
[1.401s] writing manifest file '../../build/image_flip_node/image_flip_node.egg-info/SOURCES.txt'
[1.401s] running build
[1.402s] running build_py
[1.402s] creating /home/arvi/nav_ws/build/image_flip_node/build
[1.402s] creating /home/arvi/nav_ws/build/image_flip_node/build/lib
[1.402s] creating /home/arvi/nav_ws/build/image_flip_node/build/lib/image_flip_node
[1.402s] copying image_flip_node/__init__.py -> /home/arvi/nav_ws/build/image_flip_node/build/lib/image_flip_node
[1.402s] copying image_flip_node/image_flip_node.py -> /home/arvi/nav_ws/build/image_flip_node/build/lib/image_flip_node
[1.402s] running install
[1.403s] running install_lib
[1.404s] creating /home/arvi/nav_ws/install/image_flip_node/lib/python3.10/site-packages/image_flip_node
[1.404s] copying /home/arvi/nav_ws/build/image_flip_node/build/lib/image_flip_node/__init__.py -> /home/arvi/nav_ws/install/image_flip_node/lib/python3.10/site-packages/image_flip_node
[1.404s] copying /home/arvi/nav_ws/build/image_flip_node/build/lib/image_flip_node/image_flip_node.py -> /home/arvi/nav_ws/install/image_flip_node/lib/python3.10/site-packages/image_flip_node
[1.405s] byte-compiling /home/arvi/nav_ws/install/image_flip_node/lib/python3.10/site-packages/image_flip_node/__init__.py to __init__.cpython-310.pyc
[1.405s] byte-compiling /home/arvi/nav_ws/install/image_flip_node/lib/python3.10/site-packages/image_flip_node/image_flip_node.py to image_flip_node.cpython-310.pyc
[1.406s] running install_data
[1.406s] creating /home/arvi/nav_ws/install/image_flip_node/share/ament_index
[1.407s] creating /home/arvi/nav_ws/install/image_flip_node/share/ament_index/resource_index
[1.407s] creating /home/arvi/nav_ws/install/image_flip_node/share/ament_index/resource_index/packages
[1.407s] copying resource/image_flip_node -> /home/arvi/nav_ws/install/image_flip_node/share/ament_index/resource_index/packages
[1.407s] copying package.xml -> /home/arvi/nav_ws/install/image_flip_node/share/image_flip_node
[1.407s] running install_egg_info
[1.411s] Copying ../../build/image_flip_node/image_flip_node.egg-info to /home/arvi/nav_ws/install/image_flip_node/lib/python3.10/site-packages/image_flip_node-0.0.0-py3.10.egg-info
[1.412s] running install_scripts
[1.441s] Installing image_flip script to /home/arvi/nav_ws/install/image_flip_node/lib/image_flip_node
[1.441s] writing list of installed files to '/home/arvi/nav_ws/build/image_flip_node/install.log'
[1.472s] Invoked command in '/home/arvi/nav_ws/src/image_flip_node' returned '0': PYTHONPATH=/home/arvi/nav_ws/build/image_flip_node/prefix_override:/usr/lib/python3/dist-packages/colcon_core/task/python/colcon_distutils_commands:/home/arvi/nav_ws/install/image_flip_node/lib/python3.10/site-packages:${PYTHONPATH} /usr/bin/python3 -W ignore:setup.py install is deprecated -W ignore:easy_install command is deprecated setup.py egg_info --egg-base ../../build/image_flip_node build --build-base /home/arvi/nav_ws/build/image_flip_node/build install --record /home/arvi/nav_ws/build/image_flip_node/install.log --single-version-externally-managed install_data
