running egg_info
writing ../../build/image_flip_node/image_flip_node.egg-info/PKG-INFO
writing dependency_links to ../../build/image_flip_node/image_flip_node.egg-info/dependency_links.txt
writing entry points to ../../build/image_flip_node/image_flip_node.egg-info/entry_points.txt
writing requirements to ../../build/image_flip_node/image_flip_node.egg-info/requires.txt
writing top-level names to ../../build/image_flip_node/image_flip_node.egg-info/top_level.txt
reading manifest file '../../build/image_flip_node/image_flip_node.egg-info/SOURCES.txt'
writing manifest file '../../build/image_flip_node/image_flip_node.egg-info/SOURCES.txt'
running build
running build_py
copying image_flip_node/image_flip_node.py -> /home/arvi/nav_ws/build/image_flip_node/build/lib/image_flip_node
running install
running install_lib
copying /home/arvi/nav_ws/build/image_flip_node/build/lib/image_flip_node/image_flip_node.py -> /home/arvi/nav_ws/install/image_flip_node/lib/python3.10/site-packages/image_flip_node
byte-compiling /home/arvi/nav_ws/install/image_flip_node/lib/python3.10/site-packages/image_flip_node/image_flip_node.py to image_flip_node.cpython-310.pyc
running install_data
running install_egg_info
removing '/home/arvi/nav_ws/install/image_flip_node/lib/python3.10/site-packages/image_flip_node-0.0.0-py3.10.egg-info' (and everything under it)
Copying ../../build/image_flip_node/image_flip_node.egg-info to /home/arvi/nav_ws/install/image_flip_node/lib/python3.10/site-packages/image_flip_node-0.0.0-py3.10.egg-info
running install_scripts
Installing image_flip script to /home/arvi/nav_ws/install/image_flip_node/lib/image_flip_node
writing list of installed files to '/home/arvi/nav_ws/build/image_flip_node/install.log'
