[1.216s] Invoking command in '/home/arvi/nav_ws/src/robot_description': PYTHONPATH=/home/arvi/nav_ws/build/robot_description/prefix_override:/usr/lib/python3/dist-packages/colcon_core/task/python/colcon_distutils_commands:/home/arvi/nav_ws/install/robot_description/lib/python3.10/site-packages:${PYTHONPATH} /usr/bin/python3 -W ignore:setup.py install is deprecated -W ignore:easy_install command is deprecated setup.py egg_info --egg-base ../../build/robot_description build --build-base /home/arvi/nav_ws/build/robot_description/build install --record /home/arvi/nav_ws/build/robot_description/install.log --install-scripts $base/lib/robot_description --single-version-externally-managed install_data
[1.660s] /usr/lib/python3/dist-packages/setuptools/dist.py:723: UserWarning: Usage of dash-separated 'script-dir' will not be supported in future versions. Please use the underscore name 'script_dir' instead
[1.660s]   warnings.warn(
[1.675s] running egg_info
[1.675s] creating ../../build/robot_description/robot_description.egg-info
[1.675s] writing ../../build/robot_description/robot_description.egg-info/PKG-INFO
[1.676s] writing dependency_links to ../../build/robot_description/robot_description.egg-info/dependency_links.txt
[1.676s] writing entry points to ../../build/robot_description/robot_description.egg-info/entry_points.txt
[1.677s] writing requirements to ../../build/robot_description/robot_description.egg-info/requires.txt
[1.677s] writing top-level names to ../../build/robot_description/robot_description.egg-info/top_level.txt
[1.677s] writing manifest file '../../build/robot_description/robot_description.egg-info/SOURCES.txt'
[1.680s] reading manifest file '../../build/robot_description/robot_description.egg-info/SOURCES.txt'
[1.681s] writing manifest file '../../build/robot_description/robot_description.egg-info/SOURCES.txt'
[1.681s] running build
[1.682s] running build_py
[1.682s] creating /home/arvi/nav_ws/build/robot_description/build
[1.682s] creating /home/arvi/nav_ws/build/robot_description/build/lib
[1.682s] creating /home/arvi/nav_ws/build/robot_description/build/lib/robot_description
[1.683s] copying robot_description/__init__.py -> /home/arvi/nav_ws/build/robot_description/build/lib/robot_description
[1.683s] running install
[1.683s] running install_lib
[1.684s] creating /home/arvi/nav_ws/install/robot_description/lib/python3.10/site-packages/robot_description
[1.684s] copying /home/arvi/nav_ws/build/robot_description/build/lib/robot_description/__init__.py -> /home/arvi/nav_ws/install/robot_description/lib/python3.10/site-packages/robot_description
[1.685s] byte-compiling /home/arvi/nav_ws/install/robot_description/lib/python3.10/site-packages/robot_description/__init__.py to __init__.cpython-310.pyc
[1.685s] running install_data
[1.686s] creating /home/arvi/nav_ws/install/robot_description/share/ament_index
[1.686s] creating /home/arvi/nav_ws/install/robot_description/share/ament_index/resource_index
[1.686s] creating /home/arvi/nav_ws/install/robot_description/share/ament_index/resource_index/packages
[1.686s] copying resource/robot_description -> /home/arvi/nav_ws/install/robot_description/share/ament_index/resource_index/packages
[1.686s] copying package.xml -> /home/arvi/nav_ws/install/robot_description/share/robot_description
[1.686s] creating /home/arvi/nav_ws/install/robot_description/share/robot_description/launch
[1.686s] copying launch/display.launch.py -> /home/arvi/nav_ws/install/robot_description/share/robot_description/launch
[1.687s] copying launch/gazebo.launch.py -> /home/arvi/nav_ws/install/robot_description/share/robot_description/launch
[1.687s] creating /home/arvi/nav_ws/install/robot_description/share/robot_description/urdf
[1.687s] copying urdf/robot.gazebo -> /home/arvi/nav_ws/install/robot_description/share/robot_description/urdf
[1.687s] copying urdf/materials.xacro -> /home/arvi/nav_ws/install/robot_description/share/robot_description/urdf
[1.687s] copying urdf/robot.trans -> /home/arvi/nav_ws/install/robot_description/share/robot_description/urdf
[1.687s] copying urdf/robot.xacro -> /home/arvi/nav_ws/install/robot_description/share/robot_description/urdf
[1.688s] creating /home/arvi/nav_ws/install/robot_description/share/robot_description/meshes
[1.688s] copying meshes/vision_module_link_1.stl -> /home/arvi/nav_ws/install/robot_description/share/robot_description/meshes
[1.688s] copying meshes/right_wheel_link_1.stl -> /home/arvi/nav_ws/install/robot_description/share/robot_description/meshes
[1.688s] copying meshes/claw_link_1.stl -> /home/arvi/nav_ws/install/robot_description/share/robot_description/meshes
[1.689s] copying meshes/castor4_wheel_link_1.stl -> /home/arvi/nav_ws/install/robot_description/share/robot_description/meshes
[1.690s] copying meshes/castor1_link_1.stl -> /home/arvi/nav_ws/install/robot_description/share/robot_description/meshes
[1.690s] copying meshes/castor2_link_1.stl -> /home/arvi/nav_ws/install/robot_description/share/robot_description/meshes
[1.691s] copying meshes/elbow_link_1.stl -> /home/arvi/nav_ws/install/robot_description/share/robot_description/meshes
[1.692s] copying meshes/castor3_link_1.stl -> /home/arvi/nav_ws/install/robot_description/share/robot_description/meshes
[1.693s] copying meshes/upper_arm_link_1.stl -> /home/arvi/nav_ws/install/robot_description/share/robot_description/meshes
[1.694s] copying meshes/realsense_link.stl -> /home/arvi/nav_ws/install/robot_description/share/robot_description/meshes
[1.698s] copying meshes/castor1_wheel_link_1.stl -> /home/arvi/nav_ws/install/robot_description/share/robot_description/meshes
[1.699s] copying meshes/castor4_link_1.stl -> /home/arvi/nav_ws/install/robot_description/share/robot_description/meshes
[1.699s] copying meshes/forearm_link_1.stl -> /home/arvi/nav_ws/install/robot_description/share/robot_description/meshes
[1.701s] copying meshes/wrist_roll_link_1.stl -> /home/arvi/nav_ws/install/robot_description/share/robot_description/meshes
[1.703s] copying meshes/tool_link_1.stl -> /home/arvi/nav_ws/install/robot_description/share/robot_description/meshes
[1.707s] copying meshes/castor2_wheel_link_1.stl -> /home/arvi/nav_ws/install/robot_description/share/robot_description/meshes
[1.707s] copying meshes/shoulder_link__1.stl -> /home/arvi/nav_ws/install/robot_description/share/robot_description/meshes
[1.709s] copying meshes/castor3_wheel_link_1.stl -> /home/arvi/nav_ws/install/robot_description/share/robot_description/meshes
[1.710s] copying meshes/base_link.stl -> /home/arvi/nav_ws/install/robot_description/share/robot_description/meshes
[1.729s] copying meshes/camera_mount_link_1.stl -> /home/arvi/nav_ws/install/robot_description/share/robot_description/meshes
[1.730s] copying meshes/left_wheel_link_2.stl -> /home/arvi/nav_ws/install/robot_description/share/robot_description/meshes
[1.730s] copying meshes/wrist_pitch_link_1.stl -> /home/arvi/nav_ws/install/robot_description/share/robot_description/meshes
[1.731s] creating /home/arvi/nav_ws/install/robot_description/share/robot_description/config
[1.731s] running install_egg_info
[1.737s] Copying ../../build/robot_description/robot_description.egg-info to /home/arvi/nav_ws/install/robot_description/lib/python3.10/site-packages/robot_description-0.0.0-py3.10.egg-info
[1.738s] running install_scripts
[1.770s] writing list of installed files to '/home/arvi/nav_ws/build/robot_description/install.log'
[1.813s] Invoked command in '/home/arvi/nav_ws/src/robot_description' returned '0': PYTHONPATH=/home/arvi/nav_ws/build/robot_description/prefix_override:/usr/lib/python3/dist-packages/colcon_core/task/python/colcon_distutils_commands:/home/arvi/nav_ws/install/robot_description/lib/python3.10/site-packages:${PYTHONPATH} /usr/bin/python3 -W ignore:setup.py install is deprecated -W ignore:easy_install command is deprecated setup.py egg_info --egg-base ../../build/robot_description build --build-base /home/arvi/nav_ws/build/robot_description/build install --record /home/arvi/nav_ws/build/robot_description/install.log --install-scripts $base/lib/robot_description --single-version-externally-managed install_data
