[0.070s] DEBUG:colcon:Command line arguments: ['/usr/bin/colcon', 'build']
[0.070s] DEBUG:colcon:Parsed command line arguments: Namespace(log_base=None, log_level=None, verb_name='build', build_base='build', install_base='install', merge_install=False, symlink_install=False, test_result_base=None, continue_on_error=False, executor='parallel', parallel_workers=16, event_handlers=None, ignore_user_meta=False, metas=['./colcon.meta'], base_paths=['.'], packages_ignore=None, packages_ignore_regex=None, paths=None, packages_up_to=None, packages_up_to_regex=None, packages_above=None, packages_above_and_dependencies=None, packages_above_depth=None, packages_select_by_dep=None, packages_skip_by_dep=None, packages_skip_up_to=None, packages_select_build_failed=False, packages_skip_build_finished=False, packages_select_test_failures=False, packages_skip_test_passed=False, packages_select=None, packages_skip=None, packages_select_regex=None, packages_skip_regex=None, packages_start=None, packages_end=None, allow_overriding=[], cmake_args=None, cmake_target=None, cmake_target_skip_unavailable=False, cmake_clean_cache=False, cmake_clean_first=False, cmake_force_configure=False, ament_cmake_args=None, catkin_cmake_args=None, catkin_skip_building_tests=False, verb_parser=<colcon_defaults.argument_parser.defaults.DefaultArgumentsDecorator object at 0x74d019e84e80>, verb_extension=<colcon_core.verb.build.BuildVerb object at 0x74d019e84940>, main=<bound method BuildVerb.main of <colcon_core.verb.build.BuildVerb object at 0x74d019e84940>>)
[0.156s] Level 1:colcon.colcon_core.package_discovery:discover_packages(colcon_meta) check parameters
[0.156s] Level 1:colcon.colcon_core.package_discovery:discover_packages(recursive) check parameters
[0.156s] Level 1:colcon.colcon_core.package_discovery:discover_packages(ignore) check parameters
[0.156s] Level 1:colcon.colcon_core.package_discovery:discover_packages(path) check parameters
[0.156s] Level 1:colcon.colcon_core.package_discovery:discover_packages(colcon_meta) discover
[0.156s] Level 1:colcon.colcon_core.package_discovery:discover_packages(recursive) discover
[0.156s] INFO:colcon.colcon_core.package_discovery:Crawling recursively for packages in '/home/arvi/nav_ws'
[0.156s] Level 1:colcon.colcon_core.package_identification:_identify(.) by extensions ['ignore', 'ignore_ament_install']
[0.156s] Level 1:colcon.colcon_core.package_identification:_identify(.) by extension 'ignore'
[0.156s] Level 1:colcon.colcon_core.package_identification:_identify(.) by extension 'ignore_ament_install'
[0.156s] Level 1:colcon.colcon_core.package_identification:_identify(.) by extensions ['colcon_pkg']
[0.156s] Level 1:colcon.colcon_core.package_identification:_identify(.) by extension 'colcon_pkg'
[0.156s] Level 1:colcon.colcon_core.package_identification:_identify(.) by extensions ['colcon_meta']
[0.156s] Level 1:colcon.colcon_core.package_identification:_identify(.) by extension 'colcon_meta'
[0.156s] Level 1:colcon.colcon_core.package_identification:_identify(.) by extensions ['ros']
[0.156s] Level 1:colcon.colcon_core.package_identification:_identify(.) by extension 'ros'
[0.168s] Level 1:colcon.colcon_core.package_identification:_identify(.) by extensions ['cmake', 'python']
[0.168s] Level 1:colcon.colcon_core.package_identification:_identify(.) by extension 'cmake'
[0.168s] Level 1:colcon.colcon_core.package_identification:_identify(.) by extension 'python'
[0.168s] Level 1:colcon.colcon_core.package_identification:_identify(.) by extensions ['python_setup_py']
[0.168s] Level 1:colcon.colcon_core.package_identification:_identify(.) by extension 'python_setup_py'
[0.168s] Level 1:colcon.colcon_core.package_identification:_identify(build) by extensions ['ignore', 'ignore_ament_install']
[0.168s] Level 1:colcon.colcon_core.package_identification:_identify(build) by extension 'ignore'
[0.168s] Level 1:colcon.colcon_core.package_identification:_identify(build) ignored
[0.168s] Level 1:colcon.colcon_core.package_identification:_identify(install) by extensions ['ignore', 'ignore_ament_install']
[0.168s] Level 1:colcon.colcon_core.package_identification:_identify(install) by extension 'ignore'
[0.168s] Level 1:colcon.colcon_core.package_identification:_identify(install) ignored
[0.168s] Level 1:colcon.colcon_core.package_identification:_identify(log) by extensions ['ignore', 'ignore_ament_install']
[0.168s] Level 1:colcon.colcon_core.package_identification:_identify(log) by extension 'ignore'
[0.168s] Level 1:colcon.colcon_core.package_identification:_identify(log) ignored
[0.168s] Level 1:colcon.colcon_core.package_identification:_identify(src) by extensions ['ignore', 'ignore_ament_install']
[0.168s] Level 1:colcon.colcon_core.package_identification:_identify(src) by extension 'ignore'
[0.168s] Level 1:colcon.colcon_core.package_identification:_identify(src) by extension 'ignore_ament_install'
[0.168s] Level 1:colcon.colcon_core.package_identification:_identify(src) by extensions ['colcon_pkg']
[0.168s] Level 1:colcon.colcon_core.package_identification:_identify(src) by extension 'colcon_pkg'
[0.168s] Level 1:colcon.colcon_core.package_identification:_identify(src) by extensions ['colcon_meta']
[0.169s] Level 1:colcon.colcon_core.package_identification:_identify(src) by extension 'colcon_meta'
[0.169s] Level 1:colcon.colcon_core.package_identification:_identify(src) by extensions ['ros']
[0.169s] Level 1:colcon.colcon_core.package_identification:_identify(src) by extension 'ros'
[0.169s] Level 1:colcon.colcon_core.package_identification:_identify(src) by extensions ['cmake', 'python']
[0.169s] Level 1:colcon.colcon_core.package_identification:_identify(src) by extension 'cmake'
[0.169s] Level 1:colcon.colcon_core.package_identification:_identify(src) by extension 'python'
[0.169s] Level 1:colcon.colcon_core.package_identification:_identify(src) by extensions ['python_setup_py']
[0.169s] Level 1:colcon.colcon_core.package_identification:_identify(src) by extension 'python_setup_py'
[0.169s] Level 1:colcon.colcon_core.package_identification:_identify(src/articubot_one) by extensions ['ignore', 'ignore_ament_install']
[0.169s] Level 1:colcon.colcon_core.package_identification:_identify(src/articubot_one) by extension 'ignore'
[0.169s] Level 1:colcon.colcon_core.package_identification:_identify(src/articubot_one) by extension 'ignore_ament_install'
[0.169s] Level 1:colcon.colcon_core.package_identification:_identify(src/articubot_one) by extensions ['colcon_pkg']
[0.169s] Level 1:colcon.colcon_core.package_identification:_identify(src/articubot_one) by extension 'colcon_pkg'
[0.169s] Level 1:colcon.colcon_core.package_identification:_identify(src/articubot_one) by extensions ['colcon_meta']
[0.169s] Level 1:colcon.colcon_core.package_identification:_identify(src/articubot_one) by extension 'colcon_meta'
[0.169s] Level 1:colcon.colcon_core.package_identification:_identify(src/articubot_one) by extensions ['ros']
[0.169s] Level 1:colcon.colcon_core.package_identification:_identify(src/articubot_one) by extension 'ros'
[0.169s] Level 1:colcon.colcon_core.package_identification:_identify(src/articubot_one) by extensions ['cmake', 'python']
[0.169s] Level 1:colcon.colcon_core.package_identification:_identify(src/articubot_one) by extension 'cmake'
[0.169s] Level 1:colcon.colcon_core.package_identification:_identify(src/articubot_one) by extension 'python'
[0.169s] Level 1:colcon.colcon_core.package_identification:_identify(src/articubot_one) by extensions ['python_setup_py']
[0.169s] Level 1:colcon.colcon_core.package_identification:_identify(src/articubot_one) by extension 'python_setup_py'
[0.169s] Level 1:colcon.colcon_core.package_identification:_identify(src/bot) by extensions ['ignore', 'ignore_ament_install']
[0.169s] Level 1:colcon.colcon_core.package_identification:_identify(src/bot) by extension 'ignore'
[0.169s] Level 1:colcon.colcon_core.package_identification:_identify(src/bot) by extension 'ignore_ament_install'
[0.169s] Level 1:colcon.colcon_core.package_identification:_identify(src/bot) by extensions ['colcon_pkg']
[0.169s] Level 1:colcon.colcon_core.package_identification:_identify(src/bot) by extension 'colcon_pkg'
[0.169s] Level 1:colcon.colcon_core.package_identification:_identify(src/bot) by extensions ['colcon_meta']
[0.169s] Level 1:colcon.colcon_core.package_identification:_identify(src/bot) by extension 'colcon_meta'
[0.169s] Level 1:colcon.colcon_core.package_identification:_identify(src/bot) by extensions ['ros']
[0.169s] Level 1:colcon.colcon_core.package_identification:_identify(src/bot) by extension 'ros'
[0.171s] DEBUG:colcon.colcon_core.package_identification:Package 'src/bot' with type 'ros.ament_cmake' and name 'bot'
[0.171s] Level 1:colcon.colcon_core.package_identification:_identify(src/joint_states_merger) by extensions ['ignore', 'ignore_ament_install']
[0.171s] Level 1:colcon.colcon_core.package_identification:_identify(src/joint_states_merger) by extension 'ignore'
[0.171s] Level 1:colcon.colcon_core.package_identification:_identify(src/joint_states_merger) by extension 'ignore_ament_install'
[0.171s] Level 1:colcon.colcon_core.package_identification:_identify(src/joint_states_merger) by extensions ['colcon_pkg']
[0.171s] Level 1:colcon.colcon_core.package_identification:_identify(src/joint_states_merger) by extension 'colcon_pkg'
[0.171s] Level 1:colcon.colcon_core.package_identification:_identify(src/joint_states_merger) by extensions ['colcon_meta']
[0.171s] Level 1:colcon.colcon_core.package_identification:_identify(src/joint_states_merger) by extension 'colcon_meta'
[0.171s] Level 1:colcon.colcon_core.package_identification:_identify(src/joint_states_merger) by extensions ['ros']
[0.171s] Level 1:colcon.colcon_core.package_identification:_identify(src/joint_states_merger) by extension 'ros'
[0.171s] DEBUG:colcon.colcon_core.package_identification:Package 'src/joint_states_merger' with type 'ros.ament_python' and name 'joint_states_merger'
[0.171s] Level 1:colcon.colcon_core.package_identification:_identify(src/robot_description) by extensions ['ignore', 'ignore_ament_install']
[0.171s] Level 1:colcon.colcon_core.package_identification:_identify(src/robot_description) by extension 'ignore'
[0.171s] Level 1:colcon.colcon_core.package_identification:_identify(src/robot_description) by extension 'ignore_ament_install'
[0.171s] Level 1:colcon.colcon_core.package_identification:_identify(src/robot_description) by extensions ['colcon_pkg']
[0.172s] Level 1:colcon.colcon_core.package_identification:_identify(src/robot_description) by extension 'colcon_pkg'
[0.172s] Level 1:colcon.colcon_core.package_identification:_identify(src/robot_description) by extensions ['colcon_meta']
[0.172s] Level 1:colcon.colcon_core.package_identification:_identify(src/robot_description) by extension 'colcon_meta'
[0.172s] Level 1:colcon.colcon_core.package_identification:_identify(src/robot_description) by extensions ['ros']
[0.172s] Level 1:colcon.colcon_core.package_identification:_identify(src/robot_description) by extension 'ros'
[0.172s] DEBUG:colcon.colcon_core.package_identification:Package 'src/robot_description' with type 'ros.ament_python' and name 'robot_description'
[0.172s] Level 1:colcon.colcon_core.package_identification:_identify(src/teleop_twist_stamped) by extensions ['ignore', 'ignore_ament_install']
[0.172s] Level 1:colcon.colcon_core.package_identification:_identify(src/teleop_twist_stamped) by extension 'ignore'
[0.172s] Level 1:colcon.colcon_core.package_identification:_identify(src/teleop_twist_stamped) by extension 'ignore_ament_install'
[0.172s] Level 1:colcon.colcon_core.package_identification:_identify(src/teleop_twist_stamped) by extensions ['colcon_pkg']
[0.172s] Level 1:colcon.colcon_core.package_identification:_identify(src/teleop_twist_stamped) by extension 'colcon_pkg'
[0.172s] Level 1:colcon.colcon_core.package_identification:_identify(src/teleop_twist_stamped) by extensions ['colcon_meta']
[0.172s] Level 1:colcon.colcon_core.package_identification:_identify(src/teleop_twist_stamped) by extension 'colcon_meta'
[0.172s] Level 1:colcon.colcon_core.package_identification:_identify(src/teleop_twist_stamped) by extensions ['ros']
[0.172s] Level 1:colcon.colcon_core.package_identification:_identify(src/teleop_twist_stamped) by extension 'ros'
[0.173s] DEBUG:colcon.colcon_core.package_identification:Package 'src/teleop_twist_stamped' with type 'ros.ament_python' and name 'teleop_twist_stamped'
[0.173s] Level 1:colcon.colcon_core.package_identification:_identify(src/topic_relay) by extensions ['ignore', 'ignore_ament_install']
[0.173s] Level 1:colcon.colcon_core.package_identification:_identify(src/topic_relay) by extension 'ignore'
[0.173s] Level 1:colcon.colcon_core.package_identification:_identify(src/topic_relay) by extension 'ignore_ament_install'
[0.173s] Level 1:colcon.colcon_core.package_identification:_identify(src/topic_relay) by extensions ['colcon_pkg']
[0.173s] Level 1:colcon.colcon_core.package_identification:_identify(src/topic_relay) by extension 'colcon_pkg'
[0.173s] Level 1:colcon.colcon_core.package_identification:_identify(src/topic_relay) by extensions ['colcon_meta']
[0.173s] Level 1:colcon.colcon_core.package_identification:_identify(src/topic_relay) by extension 'colcon_meta'
[0.173s] Level 1:colcon.colcon_core.package_identification:_identify(src/topic_relay) by extensions ['ros']
[0.173s] Level 1:colcon.colcon_core.package_identification:_identify(src/topic_relay) by extension 'ros'
[0.173s] DEBUG:colcon.colcon_core.package_identification:Package 'src/topic_relay' with type 'ros.ament_python' and name 'topic_relay'
[0.173s] Level 1:colcon.colcon_core.package_identification:_identify(src/worlds) by extensions ['ignore', 'ignore_ament_install']
[0.173s] Level 1:colcon.colcon_core.package_identification:_identify(src/worlds) by extension 'ignore'
[0.173s] Level 1:colcon.colcon_core.package_identification:_identify(src/worlds) by extension 'ignore_ament_install'
[0.173s] Level 1:colcon.colcon_core.package_identification:_identify(src/worlds) by extensions ['colcon_pkg']
[0.173s] Level 1:colcon.colcon_core.package_identification:_identify(src/worlds) by extension 'colcon_pkg'
[0.173s] Level 1:colcon.colcon_core.package_identification:_identify(src/worlds) by extensions ['colcon_meta']
[0.173s] Level 1:colcon.colcon_core.package_identification:_identify(src/worlds) by extension 'colcon_meta'
[0.173s] Level 1:colcon.colcon_core.package_identification:_identify(src/worlds) by extensions ['ros']
[0.173s] Level 1:colcon.colcon_core.package_identification:_identify(src/worlds) by extension 'ros'
[0.173s] Level 1:colcon.colcon_core.package_identification:_identify(src/worlds) by extensions ['cmake', 'python']
[0.173s] Level 1:colcon.colcon_core.package_identification:_identify(src/worlds) by extension 'cmake'
[0.173s] Level 1:colcon.colcon_core.package_identification:_identify(src/worlds) by extension 'python'
[0.173s] Level 1:colcon.colcon_core.package_identification:_identify(src/worlds) by extensions ['python_setup_py']
[0.173s] Level 1:colcon.colcon_core.package_identification:_identify(src/worlds) by extension 'python_setup_py'
[0.173s] Level 1:colcon.colcon_core.package_discovery:discover_packages(recursive) using defaults
[0.173s] Level 1:colcon.colcon_core.package_discovery:discover_packages(ignore) discover
[0.173s] Level 1:colcon.colcon_core.package_discovery:discover_packages(ignore) using defaults
[0.173s] Level 1:colcon.colcon_core.package_discovery:discover_packages(path) discover
[0.174s] Level 1:colcon.colcon_core.package_discovery:discover_packages(path) using defaults
[0.185s] Level 1:colcon.colcon_core.package_discovery:discover_packages(prefix_path) check parameters
[0.185s] Level 1:colcon.colcon_core.package_discovery:discover_packages(prefix_path) discover
[0.185s] WARNING:colcon.colcon_ros.prefix_path.ament:The path '/home/arvi/nav_ws/install/image_flip_node' in the environment variable AMENT_PREFIX_PATH doesn't exist
[0.185s] WARNING:colcon.colcon_ros.prefix_path.ament:The path '/home/arvi/nav_ws/install/articubot_one' in the environment variable AMENT_PREFIX_PATH doesn't exist
[0.185s] WARNING:colcon.colcon_ros.prefix_path.catkin:The path '/home/arvi/nav_ws/install/articubot_one' in the environment variable CMAKE_PREFIX_PATH doesn't exist
[0.186s] DEBUG:colcon.colcon_installed_package_information.package_discovery:Found 5 installed packages in /home/arvi/nav_ws/install
[0.186s] DEBUG:colcon.colcon_installed_package_information.package_discovery:Found 333 installed packages in /opt/ros/humble
[0.188s] Level 1:colcon.colcon_core.package_discovery:discover_packages(prefix_path) using defaults
[0.210s] Level 5:colcon.colcon_core.verb:set package 'bot' build argument 'cmake_args' from command line to 'None'
[0.210s] Level 5:colcon.colcon_core.verb:set package 'bot' build argument 'cmake_target' from command line to 'None'
[0.210s] Level 5:colcon.colcon_core.verb:set package 'bot' build argument 'cmake_target_skip_unavailable' from command line to 'False'
[0.210s] Level 5:colcon.colcon_core.verb:set package 'bot' build argument 'cmake_clean_cache' from command line to 'False'
[0.210s] Level 5:colcon.colcon_core.verb:set package 'bot' build argument 'cmake_clean_first' from command line to 'False'
[0.210s] Level 5:colcon.colcon_core.verb:set package 'bot' build argument 'cmake_force_configure' from command line to 'False'
[0.210s] Level 5:colcon.colcon_core.verb:set package 'bot' build argument 'ament_cmake_args' from command line to 'None'
[0.210s] Level 5:colcon.colcon_core.verb:set package 'bot' build argument 'catkin_cmake_args' from command line to 'None'
[0.210s] Level 5:colcon.colcon_core.verb:set package 'bot' build argument 'catkin_skip_building_tests' from command line to 'False'
[0.210s] DEBUG:colcon.colcon_core.verb:Building package 'bot' with the following arguments: {'ament_cmake_args': None, 'build_base': '/home/arvi/nav_ws/build/bot', 'catkin_cmake_args': None, 'catkin_skip_building_tests': False, 'cmake_args': None, 'cmake_clean_cache': False, 'cmake_clean_first': False, 'cmake_force_configure': False, 'cmake_target': None, 'cmake_target_skip_unavailable': False, 'install_base': '/home/arvi/nav_ws/install/bot', 'merge_install': False, 'path': '/home/arvi/nav_ws/src/bot', 'symlink_install': False, 'test_result_base': None}
[0.210s] Level 5:colcon.colcon_core.verb:set package 'joint_states_merger' build argument 'cmake_args' from command line to 'None'
[0.210s] Level 5:colcon.colcon_core.verb:set package 'joint_states_merger' build argument 'cmake_target' from command line to 'None'
[0.210s] Level 5:colcon.colcon_core.verb:set package 'joint_states_merger' build argument 'cmake_target_skip_unavailable' from command line to 'False'
[0.210s] Level 5:colcon.colcon_core.verb:set package 'joint_states_merger' build argument 'cmake_clean_cache' from command line to 'False'
[0.210s] Level 5:colcon.colcon_core.verb:set package 'joint_states_merger' build argument 'cmake_clean_first' from command line to 'False'
[0.210s] Level 5:colcon.colcon_core.verb:set package 'joint_states_merger' build argument 'cmake_force_configure' from command line to 'False'
[0.210s] Level 5:colcon.colcon_core.verb:set package 'joint_states_merger' build argument 'ament_cmake_args' from command line to 'None'
[0.210s] Level 5:colcon.colcon_core.verb:set package 'joint_states_merger' build argument 'catkin_cmake_args' from command line to 'None'
[0.210s] Level 5:colcon.colcon_core.verb:set package 'joint_states_merger' build argument 'catkin_skip_building_tests' from command line to 'False'
[0.210s] DEBUG:colcon.colcon_core.verb:Building package 'joint_states_merger' with the following arguments: {'ament_cmake_args': None, 'build_base': '/home/arvi/nav_ws/build/joint_states_merger', 'catkin_cmake_args': None, 'catkin_skip_building_tests': False, 'cmake_args': None, 'cmake_clean_cache': False, 'cmake_clean_first': False, 'cmake_force_configure': False, 'cmake_target': None, 'cmake_target_skip_unavailable': False, 'install_base': '/home/arvi/nav_ws/install/joint_states_merger', 'merge_install': False, 'path': '/home/arvi/nav_ws/src/joint_states_merger', 'symlink_install': False, 'test_result_base': None}
[0.211s] Level 5:colcon.colcon_core.verb:set package 'robot_description' build argument 'cmake_args' from command line to 'None'
[0.211s] Level 5:colcon.colcon_core.verb:set package 'robot_description' build argument 'cmake_target' from command line to 'None'
[0.211s] Level 5:colcon.colcon_core.verb:set package 'robot_description' build argument 'cmake_target_skip_unavailable' from command line to 'False'
[0.211s] Level 5:colcon.colcon_core.verb:set package 'robot_description' build argument 'cmake_clean_cache' from command line to 'False'
[0.211s] Level 5:colcon.colcon_core.verb:set package 'robot_description' build argument 'cmake_clean_first' from command line to 'False'
[0.211s] Level 5:colcon.colcon_core.verb:set package 'robot_description' build argument 'cmake_force_configure' from command line to 'False'
[0.211s] Level 5:colcon.colcon_core.verb:set package 'robot_description' build argument 'ament_cmake_args' from command line to 'None'
[0.211s] Level 5:colcon.colcon_core.verb:set package 'robot_description' build argument 'catkin_cmake_args' from command line to 'None'
[0.211s] Level 5:colcon.colcon_core.verb:set package 'robot_description' build argument 'catkin_skip_building_tests' from command line to 'False'
[0.211s] DEBUG:colcon.colcon_core.verb:Building package 'robot_description' with the following arguments: {'ament_cmake_args': None, 'build_base': '/home/arvi/nav_ws/build/robot_description', 'catkin_cmake_args': None, 'catkin_skip_building_tests': False, 'cmake_args': None, 'cmake_clean_cache': False, 'cmake_clean_first': False, 'cmake_force_configure': False, 'cmake_target': None, 'cmake_target_skip_unavailable': False, 'install_base': '/home/arvi/nav_ws/install/robot_description', 'merge_install': False, 'path': '/home/arvi/nav_ws/src/robot_description', 'symlink_install': False, 'test_result_base': None}
[0.211s] Level 5:colcon.colcon_core.verb:set package 'teleop_twist_stamped' build argument 'cmake_args' from command line to 'None'
[0.211s] Level 5:colcon.colcon_core.verb:set package 'teleop_twist_stamped' build argument 'cmake_target' from command line to 'None'
[0.211s] Level 5:colcon.colcon_core.verb:set package 'teleop_twist_stamped' build argument 'cmake_target_skip_unavailable' from command line to 'False'
[0.211s] Level 5:colcon.colcon_core.verb:set package 'teleop_twist_stamped' build argument 'cmake_clean_cache' from command line to 'False'
[0.211s] Level 5:colcon.colcon_core.verb:set package 'teleop_twist_stamped' build argument 'cmake_clean_first' from command line to 'False'
[0.211s] Level 5:colcon.colcon_core.verb:set package 'teleop_twist_stamped' build argument 'cmake_force_configure' from command line to 'False'
[0.211s] Level 5:colcon.colcon_core.verb:set package 'teleop_twist_stamped' build argument 'ament_cmake_args' from command line to 'None'
[0.211s] Level 5:colcon.colcon_core.verb:set package 'teleop_twist_stamped' build argument 'catkin_cmake_args' from command line to 'None'
[0.211s] Level 5:colcon.colcon_core.verb:set package 'teleop_twist_stamped' build argument 'catkin_skip_building_tests' from command line to 'False'
[0.211s] DEBUG:colcon.colcon_core.verb:Building package 'teleop_twist_stamped' with the following arguments: {'ament_cmake_args': None, 'build_base': '/home/arvi/nav_ws/build/teleop_twist_stamped', 'catkin_cmake_args': None, 'catkin_skip_building_tests': False, 'cmake_args': None, 'cmake_clean_cache': False, 'cmake_clean_first': False, 'cmake_force_configure': False, 'cmake_target': None, 'cmake_target_skip_unavailable': False, 'install_base': '/home/arvi/nav_ws/install/teleop_twist_stamped', 'merge_install': False, 'path': '/home/arvi/nav_ws/src/teleop_twist_stamped', 'symlink_install': False, 'test_result_base': None}
[0.211s] Level 5:colcon.colcon_core.verb:set package 'topic_relay' build argument 'cmake_args' from command line to 'None'
[0.211s] Level 5:colcon.colcon_core.verb:set package 'topic_relay' build argument 'cmake_target' from command line to 'None'
[0.211s] Level 5:colcon.colcon_core.verb:set package 'topic_relay' build argument 'cmake_target_skip_unavailable' from command line to 'False'
[0.211s] Level 5:colcon.colcon_core.verb:set package 'topic_relay' build argument 'cmake_clean_cache' from command line to 'False'
[0.211s] Level 5:colcon.colcon_core.verb:set package 'topic_relay' build argument 'cmake_clean_first' from command line to 'False'
[0.211s] Level 5:colcon.colcon_core.verb:set package 'topic_relay' build argument 'cmake_force_configure' from command line to 'False'
[0.211s] Level 5:colcon.colcon_core.verb:set package 'topic_relay' build argument 'ament_cmake_args' from command line to 'None'
[0.211s] Level 5:colcon.colcon_core.verb:set package 'topic_relay' build argument 'catkin_cmake_args' from command line to 'None'
[0.211s] Level 5:colcon.colcon_core.verb:set package 'topic_relay' build argument 'catkin_skip_building_tests' from command line to 'False'
[0.211s] DEBUG:colcon.colcon_core.verb:Building package 'topic_relay' with the following arguments: {'ament_cmake_args': None, 'build_base': '/home/arvi/nav_ws/build/topic_relay', 'catkin_cmake_args': None, 'catkin_skip_building_tests': False, 'cmake_args': None, 'cmake_clean_cache': False, 'cmake_clean_first': False, 'cmake_force_configure': False, 'cmake_target': None, 'cmake_target_skip_unavailable': False, 'install_base': '/home/arvi/nav_ws/install/topic_relay', 'merge_install': False, 'path': '/home/arvi/nav_ws/src/topic_relay', 'symlink_install': False, 'test_result_base': None}
[0.211s] INFO:colcon.colcon_core.executor:Executing jobs using 'parallel' executor
[0.212s] DEBUG:colcon.colcon_parallel_executor.executor.parallel:run_until_complete
[0.212s] INFO:colcon.colcon_ros.task.ament_cmake.build:Building ROS package in '/home/arvi/nav_ws/src/bot' with build type 'ament_cmake'
[0.212s] INFO:colcon.colcon_cmake.task.cmake.build:Building CMake package in '/home/arvi/nav_ws/src/bot'
[0.214s] INFO:colcon.colcon_core.plugin_system:Skipping extension 'colcon_core.shell.bat': Not used on non-Windows systems
[0.214s] INFO:colcon.colcon_core.shell:Skip shell extension 'powershell' for command environment: Not usable outside of PowerShell
[0.214s] DEBUG:colcon.colcon_core.shell:Skip shell extension 'dsv' for command environment
[0.216s] INFO:colcon.colcon_ros.task.ament_python.build:Building ROS package in '/home/arvi/nav_ws/src/joint_states_merger' with build type 'ament_python'
[0.216s] Level 1:colcon.colcon_core.shell:create_environment_hook('joint_states_merger', 'ament_prefix_path')
[0.216s] INFO:colcon.colcon_core.shell:Creating environment hook '/home/arvi/nav_ws/install/joint_states_merger/share/joint_states_merger/hook/ament_prefix_path.ps1'
[0.216s] INFO:colcon.colcon_core.shell:Creating environment descriptor '/home/arvi/nav_ws/install/joint_states_merger/share/joint_states_merger/hook/ament_prefix_path.dsv'
[0.216s] INFO:colcon.colcon_core.shell:Creating environment hook '/home/arvi/nav_ws/install/joint_states_merger/share/joint_states_merger/hook/ament_prefix_path.sh'
[0.217s] INFO:colcon.colcon_core.shell:Skip shell extension 'powershell' for command environment: Not usable outside of PowerShell
[0.217s] DEBUG:colcon.colcon_core.shell:Skip shell extension 'dsv' for command environment
[0.219s] INFO:colcon.colcon_ros.task.ament_python.build:Building ROS package in '/home/arvi/nav_ws/src/robot_description' with build type 'ament_python'
[0.219s] Level 1:colcon.colcon_core.shell:create_environment_hook('robot_description', 'ament_prefix_path')
[0.219s] INFO:colcon.colcon_core.shell:Creating environment hook '/home/arvi/nav_ws/install/robot_description/share/robot_description/hook/ament_prefix_path.ps1'
[0.219s] INFO:colcon.colcon_core.shell:Creating environment descriptor '/home/arvi/nav_ws/install/robot_description/share/robot_description/hook/ament_prefix_path.dsv'
[0.219s] INFO:colcon.colcon_core.shell:Creating environment hook '/home/arvi/nav_ws/install/robot_description/share/robot_description/hook/ament_prefix_path.sh'
[0.219s] INFO:colcon.colcon_core.shell:Skip shell extension 'powershell' for command environment: Not usable outside of PowerShell
[0.220s] DEBUG:colcon.colcon_core.shell:Skip shell extension 'dsv' for command environment
[0.221s] INFO:colcon.colcon_ros.task.ament_python.build:Building ROS package in '/home/arvi/nav_ws/src/teleop_twist_stamped' with build type 'ament_python'
[0.221s] Level 1:colcon.colcon_core.shell:create_environment_hook('teleop_twist_stamped', 'ament_prefix_path')
[0.221s] INFO:colcon.colcon_core.shell:Creating environment hook '/home/arvi/nav_ws/install/teleop_twist_stamped/share/teleop_twist_stamped/hook/ament_prefix_path.ps1'
[0.222s] INFO:colcon.colcon_core.shell:Creating environment descriptor '/home/arvi/nav_ws/install/teleop_twist_stamped/share/teleop_twist_stamped/hook/ament_prefix_path.dsv'
[0.222s] INFO:colcon.colcon_core.shell:Creating environment hook '/home/arvi/nav_ws/install/teleop_twist_stamped/share/teleop_twist_stamped/hook/ament_prefix_path.sh'
[0.222s] INFO:colcon.colcon_core.shell:Skip shell extension 'powershell' for command environment: Not usable outside of PowerShell
[0.222s] DEBUG:colcon.colcon_core.shell:Skip shell extension 'dsv' for command environment
[0.224s] INFO:colcon.colcon_ros.task.ament_python.build:Building ROS package in '/home/arvi/nav_ws/src/topic_relay' with build type 'ament_python'
[0.224s] Level 1:colcon.colcon_core.shell:create_environment_hook('topic_relay', 'ament_prefix_path')
[0.224s] INFO:colcon.colcon_core.shell:Creating environment hook '/home/arvi/nav_ws/install/topic_relay/share/topic_relay/hook/ament_prefix_path.ps1'
[0.224s] INFO:colcon.colcon_core.shell:Creating environment descriptor '/home/arvi/nav_ws/install/topic_relay/share/topic_relay/hook/ament_prefix_path.dsv'
[0.224s] INFO:colcon.colcon_core.shell:Creating environment hook '/home/arvi/nav_ws/install/topic_relay/share/topic_relay/hook/ament_prefix_path.sh'
[0.225s] INFO:colcon.colcon_core.shell:Skip shell extension 'powershell' for command environment: Not usable outside of PowerShell
[0.225s] DEBUG:colcon.colcon_core.shell:Skip shell extension 'dsv' for command environment
[0.229s] DEBUG:colcon.colcon_core.event_handler.log_command:Invoking command in '/home/arvi/nav_ws/build/bot': CMAKE_PREFIX_PATH=${CMAKE_PREFIX_PATH}:/home/arvi/nav_ws/install/topic_relay:/home/arvi/nav_ws/install/teleop_twist_stamped:/home/arvi/nav_ws/install/robot_description:/home/arvi/nav_ws/install/joint_states_merger:/home/arvi/nav_ws/install/image_flip_node:/opt/ros/humble /usr/bin/cmake --build /home/arvi/nav_ws/build/bot -- -j16 -l16
[0.373s] INFO:colcon.colcon_core.task.python.build:Building Python package in '/home/arvi/nav_ws/src/joint_states_merger'
[0.373s] INFO:colcon.colcon_core.shell:Skip shell extension 'powershell' for command environment: Not usable outside of PowerShell
[0.373s] DEBUG:colcon.colcon_core.shell:Skip shell extension 'dsv' for command environment
[0.508s] INFO:colcon.colcon_core.task.python.build:Building Python package in '/home/arvi/nav_ws/src/robot_description'
[0.509s] INFO:colcon.colcon_core.shell:Skip shell extension 'powershell' for command environment: Not usable outside of PowerShell
[0.509s] DEBUG:colcon.colcon_core.shell:Skip shell extension 'dsv' for command environment
[0.647s] INFO:colcon.colcon_core.task.python.build:Building Python package in '/home/arvi/nav_ws/src/teleop_twist_stamped'
[0.648s] INFO:colcon.colcon_core.shell:Skip shell extension 'powershell' for command environment: Not usable outside of PowerShell
[0.648s] DEBUG:colcon.colcon_core.shell:Skip shell extension 'dsv' for command environment
[0.652s] DEBUG:colcon.colcon_core.event_handler.log_command:Invoked command in '/home/arvi/nav_ws/build/bot' returned '0': CMAKE_PREFIX_PATH=${CMAKE_PREFIX_PATH}:/home/arvi/nav_ws/install/topic_relay:/home/arvi/nav_ws/install/teleop_twist_stamped:/home/arvi/nav_ws/install/robot_description:/home/arvi/nav_ws/install/joint_states_merger:/home/arvi/nav_ws/install/image_flip_node:/opt/ros/humble /usr/bin/cmake --build /home/arvi/nav_ws/build/bot -- -j16 -l16
[0.658s] DEBUG:colcon.colcon_core.event_handler.log_command:Invoking command in '/home/arvi/nav_ws/build/bot': CMAKE_PREFIX_PATH=${CMAKE_PREFIX_PATH}:/home/arvi/nav_ws/install/topic_relay:/home/arvi/nav_ws/install/teleop_twist_stamped:/home/arvi/nav_ws/install/robot_description:/home/arvi/nav_ws/install/joint_states_merger:/home/arvi/nav_ws/install/image_flip_node:/opt/ros/humble /usr/bin/cmake --install /home/arvi/nav_ws/build/bot
[0.796s] INFO:colcon.colcon_core.task.python.build:Building Python package in '/home/arvi/nav_ws/src/topic_relay'
[0.796s] INFO:colcon.colcon_core.shell:Skip shell extension 'powershell' for command environment: Not usable outside of PowerShell
[0.796s] DEBUG:colcon.colcon_core.shell:Skip shell extension 'dsv' for command environment
[0.803s] Level 1:colcon.colcon_core.environment:create_environment_scripts_only(bot)
[0.804s] DEBUG:colcon.colcon_core.event_handler.log_command:Invoked command in '/home/arvi/nav_ws/build/bot' returned '0': CMAKE_PREFIX_PATH=${CMAKE_PREFIX_PATH}:/home/arvi/nav_ws/install/topic_relay:/home/arvi/nav_ws/install/teleop_twist_stamped:/home/arvi/nav_ws/install/robot_description:/home/arvi/nav_ws/install/joint_states_merger:/home/arvi/nav_ws/install/image_flip_node:/opt/ros/humble /usr/bin/cmake --install /home/arvi/nav_ws/build/bot
[0.805s] Level 1:colcon.colcon_core.environment:checking '/home/arvi/nav_ws/install/bot' for CMake module files
[0.805s] Level 1:colcon.colcon_core.environment:checking '/home/arvi/nav_ws/install/bot' for CMake config files
[0.806s] Level 1:colcon.colcon_core.shell:create_environment_hook('bot', 'cmake_prefix_path')
[0.806s] INFO:colcon.colcon_core.shell:Creating environment hook '/home/arvi/nav_ws/install/bot/share/bot/hook/cmake_prefix_path.ps1'
[0.806s] INFO:colcon.colcon_core.shell:Creating environment descriptor '/home/arvi/nav_ws/install/bot/share/bot/hook/cmake_prefix_path.dsv'
[0.806s] INFO:colcon.colcon_core.shell:Creating environment hook '/home/arvi/nav_ws/install/bot/share/bot/hook/cmake_prefix_path.sh'
[0.806s] Level 1:colcon.colcon_core.environment:checking '/home/arvi/nav_ws/install/bot/lib'
[0.807s] Level 1:colcon.colcon_core.environment:checking '/home/arvi/nav_ws/install/bot/bin'
[0.807s] Level 1:colcon.colcon_core.environment:checking '/home/arvi/nav_ws/install/bot/lib/pkgconfig/bot.pc'
[0.807s] Level 1:colcon.colcon_core.environment:checking '/home/arvi/nav_ws/install/bot/lib/python3.10/site-packages'
[0.807s] Level 1:colcon.colcon_core.environment:checking '/home/arvi/nav_ws/install/bot/bin'
[0.807s] INFO:colcon.colcon_core.shell:Creating package script '/home/arvi/nav_ws/install/bot/share/bot/package.ps1'
[0.807s] INFO:colcon.colcon_core.shell:Creating package descriptor '/home/arvi/nav_ws/install/bot/share/bot/package.dsv'
[0.808s] INFO:colcon.colcon_core.shell:Creating package script '/home/arvi/nav_ws/install/bot/share/bot/package.sh'
[0.808s] INFO:colcon.colcon_core.shell:Creating package script '/home/arvi/nav_ws/install/bot/share/bot/package.bash'
[0.808s] INFO:colcon.colcon_core.shell:Creating package script '/home/arvi/nav_ws/install/bot/share/bot/package.zsh'
[0.809s] Level 1:colcon.colcon_core.environment:create_file_with_runtime_dependencies(/home/arvi/nav_ws/install/bot/share/colcon-core/packages/bot)
[0.809s] Level 1:colcon.colcon_core.environment:create_environment_scripts_only(bot)
[0.809s] Level 1:colcon.colcon_core.environment:checking '/home/arvi/nav_ws/install/bot' for CMake module files
[0.809s] Level 1:colcon.colcon_core.environment:checking '/home/arvi/nav_ws/install/bot' for CMake config files
[0.810s] Level 1:colcon.colcon_core.shell:create_environment_hook('bot', 'cmake_prefix_path')
[0.810s] INFO:colcon.colcon_core.shell:Creating environment hook '/home/arvi/nav_ws/install/bot/share/bot/hook/cmake_prefix_path.ps1'
[0.810s] INFO:colcon.colcon_core.shell:Creating environment descriptor '/home/arvi/nav_ws/install/bot/share/bot/hook/cmake_prefix_path.dsv'
[0.810s] INFO:colcon.colcon_core.shell:Creating environment hook '/home/arvi/nav_ws/install/bot/share/bot/hook/cmake_prefix_path.sh'
[0.810s] Level 1:colcon.colcon_core.environment:checking '/home/arvi/nav_ws/install/bot/lib'
[0.810s] Level 1:colcon.colcon_core.environment:checking '/home/arvi/nav_ws/install/bot/bin'
[0.810s] Level 1:colcon.colcon_core.environment:checking '/home/arvi/nav_ws/install/bot/lib/pkgconfig/bot.pc'
[0.811s] Level 1:colcon.colcon_core.environment:checking '/home/arvi/nav_ws/install/bot/lib/python3.10/site-packages'
[0.811s] Level 1:colcon.colcon_core.environment:checking '/home/arvi/nav_ws/install/bot/bin'
[0.811s] INFO:colcon.colcon_core.shell:Creating package script '/home/arvi/nav_ws/install/bot/share/bot/package.ps1'
[0.811s] INFO:colcon.colcon_core.shell:Creating package descriptor '/home/arvi/nav_ws/install/bot/share/bot/package.dsv'
[0.811s] INFO:colcon.colcon_core.shell:Creating package script '/home/arvi/nav_ws/install/bot/share/bot/package.sh'
[0.812s] INFO:colcon.colcon_core.shell:Creating package script '/home/arvi/nav_ws/install/bot/share/bot/package.bash'
[0.812s] INFO:colcon.colcon_core.shell:Creating package script '/home/arvi/nav_ws/install/bot/share/bot/package.zsh'
[0.812s] Level 1:colcon.colcon_core.environment:create_file_with_runtime_dependencies(/home/arvi/nav_ws/install/bot/share/colcon-core/packages/bot)
[1.082s] DEBUG:colcon.colcon_core.event_handler.log_command:Invoking command in '/home/arvi/nav_ws/src/robot_description': PYTHONPATH=/home/arvi/nav_ws/build/robot_description/prefix_override:/usr/lib/python3/dist-packages/colcon_core/task/python/colcon_distutils_commands:/home/arvi/nav_ws/install/robot_description/lib/python3.10/site-packages:${PYTHONPATH} /usr/bin/python3 -W ignore:setup.py install is deprecated -W ignore:easy_install command is deprecated setup.py egg_info --egg-base ../../build/robot_description build --build-base /home/arvi/nav_ws/build/robot_description/build install --record /home/arvi/nav_ws/build/robot_description/install.log --install-scripts $base/lib/robot_description --single-version-externally-managed install_data
[1.083s] DEBUG:colcon.colcon_core.event_handler.log_command:Invoking command in '/home/arvi/nav_ws/src/teleop_twist_stamped': PYTHONPATH=/home/arvi/nav_ws/build/teleop_twist_stamped/prefix_override:/usr/lib/python3/dist-packages/colcon_core/task/python/colcon_distutils_commands:/home/arvi/nav_ws/install/teleop_twist_stamped/lib/python3.10/site-packages:${PYTHONPATH} /usr/bin/python3 -W ignore:setup.py install is deprecated -W ignore:easy_install command is deprecated setup.py egg_info --egg-base ../../build/teleop_twist_stamped build --build-base /home/arvi/nav_ws/build/teleop_twist_stamped/build install --record /home/arvi/nav_ws/build/teleop_twist_stamped/install.log --single-version-externally-managed install_data
[1.085s] DEBUG:colcon.colcon_core.event_handler.log_command:Invoking command in '/home/arvi/nav_ws/src/joint_states_merger': PYTHONPATH=/home/arvi/nav_ws/build/joint_states_merger/prefix_override:/usr/lib/python3/dist-packages/colcon_core/task/python/colcon_distutils_commands:/home/arvi/nav_ws/install/joint_states_merger/lib/python3.10/site-packages:${PYTHONPATH} /usr/bin/python3 -W ignore:setup.py install is deprecated -W ignore:easy_install command is deprecated setup.py egg_info --egg-base ../../build/joint_states_merger build --build-base /home/arvi/nav_ws/build/joint_states_merger/build install --record /home/arvi/nav_ws/build/joint_states_merger/install.log --single-version-externally-managed install_data
[1.095s] DEBUG:colcon.colcon_core.event_handler.log_command:Invoking command in '/home/arvi/nav_ws/src/topic_relay': PYTHONPATH=/home/arvi/nav_ws/build/topic_relay/prefix_override:/usr/lib/python3/dist-packages/colcon_core/task/python/colcon_distutils_commands:/home/arvi/nav_ws/install/topic_relay/lib/python3.10/site-packages:${PYTHONPATH} /usr/bin/python3 -W ignore:setup.py install is deprecated -W ignore:easy_install command is deprecated setup.py egg_info --egg-base ../../build/topic_relay build --build-base /home/arvi/nav_ws/build/topic_relay/build install --record /home/arvi/nav_ws/build/topic_relay/install.log --single-version-externally-managed install_data
[1.308s] Level 1:colcon.colcon_core.environment:checking '/home/arvi/nav_ws/install/teleop_twist_stamped' for CMake module files
[1.308s] DEBUG:colcon.colcon_core.event_handler.log_command:Invoked command in '/home/arvi/nav_ws/src/teleop_twist_stamped' returned '0': PYTHONPATH=/home/arvi/nav_ws/build/teleop_twist_stamped/prefix_override:/usr/lib/python3/dist-packages/colcon_core/task/python/colcon_distutils_commands:/home/arvi/nav_ws/install/teleop_twist_stamped/lib/python3.10/site-packages:${PYTHONPATH} /usr/bin/python3 -W ignore:setup.py install is deprecated -W ignore:easy_install command is deprecated setup.py egg_info --egg-base ../../build/teleop_twist_stamped build --build-base /home/arvi/nav_ws/build/teleop_twist_stamped/build install --record /home/arvi/nav_ws/build/teleop_twist_stamped/install.log --single-version-externally-managed install_data
[1.309s] Level 1:colcon.colcon_core.environment:checking '/home/arvi/nav_ws/install/teleop_twist_stamped' for CMake config files
[1.309s] Level 1:colcon.colcon_core.environment:checking '/home/arvi/nav_ws/install/teleop_twist_stamped/lib'
[1.310s] Level 1:colcon.colcon_core.environment:checking '/home/arvi/nav_ws/install/teleop_twist_stamped/bin'
[1.310s] Level 1:colcon.colcon_core.environment:checking '/home/arvi/nav_ws/install/teleop_twist_stamped/lib/pkgconfig/teleop_twist_stamped.pc'
[1.310s] Level 1:colcon.colcon_core.environment:checking '/home/arvi/nav_ws/install/teleop_twist_stamped/lib/python3.10/site-packages'
[1.310s] Level 1:colcon.colcon_core.shell:create_environment_hook('teleop_twist_stamped', 'pythonpath')
[1.310s] INFO:colcon.colcon_core.shell:Creating environment hook '/home/arvi/nav_ws/install/teleop_twist_stamped/share/teleop_twist_stamped/hook/pythonpath.ps1'
[1.311s] INFO:colcon.colcon_core.shell:Creating environment descriptor '/home/arvi/nav_ws/install/teleop_twist_stamped/share/teleop_twist_stamped/hook/pythonpath.dsv'
[1.312s] INFO:colcon.colcon_core.shell:Creating environment hook '/home/arvi/nav_ws/install/teleop_twist_stamped/share/teleop_twist_stamped/hook/pythonpath.sh'
[1.312s] Level 1:colcon.colcon_core.environment:checking '/home/arvi/nav_ws/install/teleop_twist_stamped/bin'
[1.312s] Level 1:colcon.colcon_core.environment:create_environment_scripts_only(teleop_twist_stamped)
[1.312s] INFO:colcon.colcon_core.shell:Creating package script '/home/arvi/nav_ws/install/teleop_twist_stamped/share/teleop_twist_stamped/package.ps1'
[1.313s] INFO:colcon.colcon_core.shell:Creating package descriptor '/home/arvi/nav_ws/install/teleop_twist_stamped/share/teleop_twist_stamped/package.dsv'
[1.313s] INFO:colcon.colcon_core.shell:Creating package script '/home/arvi/nav_ws/install/teleop_twist_stamped/share/teleop_twist_stamped/package.sh'
[1.313s] INFO:colcon.colcon_core.shell:Creating package script '/home/arvi/nav_ws/install/teleop_twist_stamped/share/teleop_twist_stamped/package.bash'
[1.314s] INFO:colcon.colcon_core.shell:Creating package script '/home/arvi/nav_ws/install/teleop_twist_stamped/share/teleop_twist_stamped/package.zsh'
[1.314s] Level 1:colcon.colcon_core.environment:create_file_with_runtime_dependencies(/home/arvi/nav_ws/install/teleop_twist_stamped/share/colcon-core/packages/teleop_twist_stamped)
[1.316s] Level 1:colcon.colcon_core.environment:checking '/home/arvi/nav_ws/install/joint_states_merger' for CMake module files
[1.316s] DEBUG:colcon.colcon_core.event_handler.log_command:Invoked command in '/home/arvi/nav_ws/src/joint_states_merger' returned '0': PYTHONPATH=/home/arvi/nav_ws/build/joint_states_merger/prefix_override:/usr/lib/python3/dist-packages/colcon_core/task/python/colcon_distutils_commands:/home/arvi/nav_ws/install/joint_states_merger/lib/python3.10/site-packages:${PYTHONPATH} /usr/bin/python3 -W ignore:setup.py install is deprecated -W ignore:easy_install command is deprecated setup.py egg_info --egg-base ../../build/joint_states_merger build --build-base /home/arvi/nav_ws/build/joint_states_merger/build install --record /home/arvi/nav_ws/build/joint_states_merger/install.log --single-version-externally-managed install_data
[1.317s] Level 1:colcon.colcon_core.environment:checking '/home/arvi/nav_ws/install/joint_states_merger' for CMake config files
[1.318s] Level 1:colcon.colcon_core.environment:checking '/home/arvi/nav_ws/install/joint_states_merger/lib'
[1.318s] Level 1:colcon.colcon_core.environment:checking '/home/arvi/nav_ws/install/joint_states_merger/bin'
[1.318s] Level 1:colcon.colcon_core.environment:checking '/home/arvi/nav_ws/install/joint_states_merger/lib/pkgconfig/joint_states_merger.pc'
[1.318s] Level 1:colcon.colcon_core.environment:checking '/home/arvi/nav_ws/install/joint_states_merger/lib/python3.10/site-packages'
[1.318s] Level 1:colcon.colcon_core.shell:create_environment_hook('joint_states_merger', 'pythonpath')
[1.318s] INFO:colcon.colcon_core.shell:Creating environment hook '/home/arvi/nav_ws/install/joint_states_merger/share/joint_states_merger/hook/pythonpath.ps1'
[1.319s] INFO:colcon.colcon_core.shell:Creating environment descriptor '/home/arvi/nav_ws/install/joint_states_merger/share/joint_states_merger/hook/pythonpath.dsv'
[1.319s] INFO:colcon.colcon_core.shell:Creating environment hook '/home/arvi/nav_ws/install/joint_states_merger/share/joint_states_merger/hook/pythonpath.sh'
[1.319s] Level 1:colcon.colcon_core.environment:checking '/home/arvi/nav_ws/install/joint_states_merger/bin'
[1.319s] Level 1:colcon.colcon_core.environment:create_environment_scripts_only(joint_states_merger)
[1.320s] INFO:colcon.colcon_core.shell:Creating package script '/home/arvi/nav_ws/install/joint_states_merger/share/joint_states_merger/package.ps1'
[1.320s] INFO:colcon.colcon_core.shell:Creating package descriptor '/home/arvi/nav_ws/install/joint_states_merger/share/joint_states_merger/package.dsv'
[1.320s] INFO:colcon.colcon_core.shell:Creating package script '/home/arvi/nav_ws/install/joint_states_merger/share/joint_states_merger/package.sh'
[1.321s] INFO:colcon.colcon_core.shell:Creating package script '/home/arvi/nav_ws/install/joint_states_merger/share/joint_states_merger/package.bash'
[1.321s] INFO:colcon.colcon_core.shell:Creating package script '/home/arvi/nav_ws/install/joint_states_merger/share/joint_states_merger/package.zsh'
[1.321s] Level 1:colcon.colcon_core.environment:create_file_with_runtime_dependencies(/home/arvi/nav_ws/install/joint_states_merger/share/colcon-core/packages/joint_states_merger)
[1.321s] Level 1:colcon.colcon_core.environment:checking '/home/arvi/nav_ws/install/robot_description' for CMake module files
[1.322s] Level 1:colcon.colcon_core.environment:checking '/home/arvi/nav_ws/install/robot_description' for CMake config files
[1.322s] DEBUG:colcon.colcon_core.event_handler.log_command:Invoked command in '/home/arvi/nav_ws/src/robot_description' returned '0': PYTHONPATH=/home/arvi/nav_ws/build/robot_description/prefix_override:/usr/lib/python3/dist-packages/colcon_core/task/python/colcon_distutils_commands:/home/arvi/nav_ws/install/robot_description/lib/python3.10/site-packages:${PYTHONPATH} /usr/bin/python3 -W ignore:setup.py install is deprecated -W ignore:easy_install command is deprecated setup.py egg_info --egg-base ../../build/robot_description build --build-base /home/arvi/nav_ws/build/robot_description/build install --record /home/arvi/nav_ws/build/robot_description/install.log --install-scripts $base/lib/robot_description --single-version-externally-managed install_data
[1.323s] Level 1:colcon.colcon_core.environment:checking '/home/arvi/nav_ws/install/robot_description/lib'
[1.323s] Level 1:colcon.colcon_core.environment:checking '/home/arvi/nav_ws/install/robot_description/bin'
[1.323s] Level 1:colcon.colcon_core.environment:checking '/home/arvi/nav_ws/install/robot_description/lib/pkgconfig/robot_description.pc'
[1.323s] Level 1:colcon.colcon_core.environment:checking '/home/arvi/nav_ws/install/robot_description/lib/python3.10/site-packages'
[1.323s] Level 1:colcon.colcon_core.shell:create_environment_hook('robot_description', 'pythonpath')
[1.323s] INFO:colcon.colcon_core.shell:Creating environment hook '/home/arvi/nav_ws/install/robot_description/share/robot_description/hook/pythonpath.ps1'
[1.323s] INFO:colcon.colcon_core.shell:Creating environment descriptor '/home/arvi/nav_ws/install/robot_description/share/robot_description/hook/pythonpath.dsv'
[1.324s] INFO:colcon.colcon_core.shell:Creating environment hook '/home/arvi/nav_ws/install/robot_description/share/robot_description/hook/pythonpath.sh'
[1.324s] Level 1:colcon.colcon_core.environment:checking '/home/arvi/nav_ws/install/robot_description/bin'
[1.324s] Level 1:colcon.colcon_core.environment:create_environment_scripts_only(robot_description)
[1.324s] INFO:colcon.colcon_core.shell:Creating package script '/home/arvi/nav_ws/install/robot_description/share/robot_description/package.ps1'
[1.325s] INFO:colcon.colcon_core.shell:Creating package descriptor '/home/arvi/nav_ws/install/robot_description/share/robot_description/package.dsv'
[1.325s] INFO:colcon.colcon_core.shell:Creating package script '/home/arvi/nav_ws/install/robot_description/share/robot_description/package.sh'
[1.325s] INFO:colcon.colcon_core.shell:Creating package script '/home/arvi/nav_ws/install/robot_description/share/robot_description/package.bash'
[1.325s] INFO:colcon.colcon_core.shell:Creating package script '/home/arvi/nav_ws/install/robot_description/share/robot_description/package.zsh'
[1.326s] Level 1:colcon.colcon_core.environment:create_file_with_runtime_dependencies(/home/arvi/nav_ws/install/robot_description/share/colcon-core/packages/robot_description)
[1.330s] Level 1:colcon.colcon_core.environment:checking '/home/arvi/nav_ws/install/topic_relay' for CMake module files
[1.331s] DEBUG:colcon.colcon_core.event_handler.log_command:Invoked command in '/home/arvi/nav_ws/src/topic_relay' returned '0': PYTHONPATH=/home/arvi/nav_ws/build/topic_relay/prefix_override:/usr/lib/python3/dist-packages/colcon_core/task/python/colcon_distutils_commands:/home/arvi/nav_ws/install/topic_relay/lib/python3.10/site-packages:${PYTHONPATH} /usr/bin/python3 -W ignore:setup.py install is deprecated -W ignore:easy_install command is deprecated setup.py egg_info --egg-base ../../build/topic_relay build --build-base /home/arvi/nav_ws/build/topic_relay/build install --record /home/arvi/nav_ws/build/topic_relay/install.log --single-version-externally-managed install_data
[1.331s] Level 1:colcon.colcon_core.environment:checking '/home/arvi/nav_ws/install/topic_relay' for CMake config files
[1.332s] Level 1:colcon.colcon_core.environment:checking '/home/arvi/nav_ws/install/topic_relay/lib'
[1.332s] Level 1:colcon.colcon_core.environment:checking '/home/arvi/nav_ws/install/topic_relay/bin'
[1.333s] Level 1:colcon.colcon_core.environment:checking '/home/arvi/nav_ws/install/topic_relay/lib/pkgconfig/topic_relay.pc'
[1.333s] Level 1:colcon.colcon_core.environment:checking '/home/arvi/nav_ws/install/topic_relay/lib/python3.10/site-packages'
[1.333s] Level 1:colcon.colcon_core.shell:create_environment_hook('topic_relay', 'pythonpath')
[1.333s] INFO:colcon.colcon_core.shell:Creating environment hook '/home/arvi/nav_ws/install/topic_relay/share/topic_relay/hook/pythonpath.ps1'
[1.334s] INFO:colcon.colcon_core.shell:Creating environment descriptor '/home/arvi/nav_ws/install/topic_relay/share/topic_relay/hook/pythonpath.dsv'
[1.334s] INFO:colcon.colcon_core.shell:Creating environment hook '/home/arvi/nav_ws/install/topic_relay/share/topic_relay/hook/pythonpath.sh'
[1.335s] Level 1:colcon.colcon_core.environment:checking '/home/arvi/nav_ws/install/topic_relay/bin'
[1.335s] Level 1:colcon.colcon_core.environment:create_environment_scripts_only(topic_relay)
[1.335s] INFO:colcon.colcon_core.shell:Creating package script '/home/arvi/nav_ws/install/topic_relay/share/topic_relay/package.ps1'
[1.335s] INFO:colcon.colcon_core.shell:Creating package descriptor '/home/arvi/nav_ws/install/topic_relay/share/topic_relay/package.dsv'
[1.336s] INFO:colcon.colcon_core.shell:Creating package script '/home/arvi/nav_ws/install/topic_relay/share/topic_relay/package.sh'
[1.336s] INFO:colcon.colcon_core.shell:Creating package script '/home/arvi/nav_ws/install/topic_relay/share/topic_relay/package.bash'
[1.336s] INFO:colcon.colcon_core.shell:Creating package script '/home/arvi/nav_ws/install/topic_relay/share/topic_relay/package.zsh'
[1.336s] Level 1:colcon.colcon_core.environment:create_file_with_runtime_dependencies(/home/arvi/nav_ws/install/topic_relay/share/colcon-core/packages/topic_relay)
[1.337s] DEBUG:colcon.colcon_parallel_executor.executor.parallel:closing loop
[1.337s] DEBUG:colcon.colcon_parallel_executor.executor.parallel:loop closed
[1.337s] DEBUG:colcon.colcon_parallel_executor.executor.parallel:run_until_complete finished with '0'
[1.337s] DEBUG:colcon.colcon_core.event_reactor:joining thread
[1.341s] INFO:colcon.colcon_core.plugin_system:Skipping extension 'colcon_notification.desktop_notification.terminal_notifier': Not used on non-Darwin systems
[1.341s] INFO:colcon.colcon_core.plugin_system:Skipping extension 'colcon_notification.desktop_notification.win32': Not used on non-Windows systems
[1.341s] INFO:colcon.colcon_notification.desktop_notification:Sending desktop notification using 'notify2'
[1.351s] DEBUG:colcon.colcon_core.event_reactor:joined thread
[1.351s] INFO:colcon.colcon_core.shell:Creating prefix script '/home/arvi/nav_ws/install/local_setup.ps1'
[1.352s] INFO:colcon.colcon_core.shell:Creating prefix util module '/home/arvi/nav_ws/install/_local_setup_util_ps1.py'
[1.353s] INFO:colcon.colcon_core.shell:Creating prefix chain script '/home/arvi/nav_ws/install/setup.ps1'
[1.353s] INFO:colcon.colcon_core.shell:Creating prefix script '/home/arvi/nav_ws/install/local_setup.sh'
[1.354s] INFO:colcon.colcon_core.shell:Creating prefix util module '/home/arvi/nav_ws/install/_local_setup_util_sh.py'
[1.354s] INFO:colcon.colcon_core.shell:Creating prefix chain script '/home/arvi/nav_ws/install/setup.sh'
[1.355s] INFO:colcon.colcon_core.shell:Creating prefix script '/home/arvi/nav_ws/install/local_setup.bash'
[1.355s] INFO:colcon.colcon_core.shell:Creating prefix chain script '/home/arvi/nav_ws/install/setup.bash'
[1.356s] INFO:colcon.colcon_core.shell:Creating prefix script '/home/arvi/nav_ws/install/local_setup.zsh'
[1.356s] INFO:colcon.colcon_core.shell:Creating prefix chain script '/home/arvi/nav_ws/install/setup.zsh'
