[1.193s] Invoking command in '/home/arvi/nav_ws/src/joint_states_merger': PYTHONPATH=/home/arvi/nav_ws/build/joint_states_merger/prefix_override:/usr/lib/python3/dist-packages/colcon_core/task/python/colcon_distutils_commands:/home/arvi/nav_ws/install/joint_states_merger/lib/python3.10/site-packages:${PYTHONPATH} /usr/bin/python3 -W ignore:setup.py install is deprecated -W ignore:easy_install command is deprecated setup.py egg_info --egg-base ../../build/joint_states_merger build --build-base /home/arvi/nav_ws/build/joint_states_merger/build install --record /home/arvi/nav_ws/build/joint_states_merger/install.log --single-version-externally-managed install_data
[1.445s] running egg_info
[1.446s] creating ../../build/joint_states_merger/joint_states_merger.egg-info
[1.447s] writing ../../build/joint_states_merger/joint_states_merger.egg-info/PKG-INFO
[1.447s] writing dependency_links to ../../build/joint_states_merger/joint_states_merger.egg-info/dependency_links.txt
[1.447s] writing entry points to ../../build/joint_states_merger/joint_states_merger.egg-info/entry_points.txt
[1.447s] writing requirements to ../../build/joint_states_merger/joint_states_merger.egg-info/requires.txt
[1.447s] writing top-level names to ../../build/joint_states_merger/joint_states_merger.egg-info/top_level.txt
[1.448s] writing manifest file '../../build/joint_states_merger/joint_states_merger.egg-info/SOURCES.txt'
[1.451s] reading manifest file '../../build/joint_states_merger/joint_states_merger.egg-info/SOURCES.txt'
[1.452s] writing manifest file '../../build/joint_states_merger/joint_states_merger.egg-info/SOURCES.txt'
[1.453s] running build
[1.453s] running build_py
[1.453s] creating /home/arvi/nav_ws/build/joint_states_merger/build
[1.453s] creating /home/arvi/nav_ws/build/joint_states_merger/build/lib
[1.453s] creating /home/arvi/nav_ws/build/joint_states_merger/build/lib/joint_states_merger
[1.453s] copying joint_states_merger/__init__.py -> /home/arvi/nav_ws/build/joint_states_merger/build/lib/joint_states_merger
[1.453s] copying joint_states_merger/joint_states_merger.py -> /home/arvi/nav_ws/build/joint_states_merger/build/lib/joint_states_merger
[1.453s] running install
[1.454s] running install_lib
[1.455s] creating /home/arvi/nav_ws/install/joint_states_merger/lib/python3.10/site-packages/joint_states_merger
[1.455s] copying /home/arvi/nav_ws/build/joint_states_merger/build/lib/joint_states_merger/__init__.py -> /home/arvi/nav_ws/install/joint_states_merger/lib/python3.10/site-packages/joint_states_merger
[1.455s] copying /home/arvi/nav_ws/build/joint_states_merger/build/lib/joint_states_merger/joint_states_merger.py -> /home/arvi/nav_ws/install/joint_states_merger/lib/python3.10/site-packages/joint_states_merger
[1.456s] byte-compiling /home/arvi/nav_ws/install/joint_states_merger/lib/python3.10/site-packages/joint_states_merger/__init__.py to __init__.cpython-310.pyc
[1.457s] byte-compiling /home/arvi/nav_ws/install/joint_states_merger/lib/python3.10/site-packages/joint_states_merger/joint_states_merger.py to joint_states_merger.cpython-310.pyc
[1.460s] running install_data
[1.460s] creating /home/arvi/nav_ws/install/joint_states_merger/share/ament_index
[1.460s] creating /home/arvi/nav_ws/install/joint_states_merger/share/ament_index/resource_index
[1.460s] creating /home/arvi/nav_ws/install/joint_states_merger/share/ament_index/resource_index/packages
[1.460s] copying resource/joint_states_merger -> /home/arvi/nav_ws/install/joint_states_merger/share/ament_index/resource_index/packages
[1.460s] copying package.xml -> /home/arvi/nav_ws/install/joint_states_merger/share/joint_states_merger
[1.460s] running install_egg_info
[1.463s] Copying ../../build/joint_states_merger/joint_states_merger.egg-info to /home/arvi/nav_ws/install/joint_states_merger/lib/python3.10/site-packages/joint_states_merger-0.0.0-py3.10.egg-info
[1.464s] running install_scripts
[1.491s] Installing joint_states_merger script to /home/arvi/nav_ws/install/joint_states_merger/lib/joint_states_merger
[1.491s] writing list of installed files to '/home/arvi/nav_ws/build/joint_states_merger/install.log'
[1.526s] Invoked command in '/home/arvi/nav_ws/src/joint_states_merger' returned '0': PYTHONPATH=/home/arvi/nav_ws/build/joint_states_merger/prefix_override:/usr/lib/python3/dist-packages/colcon_core/task/python/colcon_distutils_commands:/home/arvi/nav_ws/install/joint_states_merger/lib/python3.10/site-packages:${PYTHONPATH} /usr/bin/python3 -W ignore:setup.py install is deprecated -W ignore:easy_install command is deprecated setup.py egg_info --egg-base ../../build/joint_states_merger build --build-base /home/arvi/nav_ws/build/joint_states_merger/build install --record /home/arvi/nav_ws/build/joint_states_merger/install.log --single-version-externally-managed install_data
