[0.566s] Invoking command in '/home/arvi/bot_ws/src/robot_description': PYTHONPATH=/home/arvi/bot_ws/build/robot_description/prefix_override:/usr/lib/python3/dist-packages/colcon_core/task/python/colcon_distutils_commands:/home/arvi/bot_ws/install/robot_description/lib/python3.10/site-packages:${PYTHONPATH} /usr/bin/python3 -W ignore:setup.py install is deprecated -W ignore:easy_install command is deprecated setup.py egg_info --egg-base ../../build/robot_description build --build-base /home/arvi/bot_ws/build/robot_description/build install --record /home/arvi/bot_ws/build/robot_description/install.log --install-scripts $base/lib/robot_description --single-version-externally-managed install_data
[0.710s] /usr/lib/python3/dist-packages/setuptools/dist.py:723: UserWarning: Usage of dash-separated 'script-dir' will not be supported in future versions. Please use the underscore name 'script_dir' instead
[0.710s]   warnings.warn(
[0.715s] running egg_info
[0.716s] creating ../../build/robot_description/robot_description.egg-info
[0.716s] writing ../../build/robot_description/robot_description.egg-info/PKG-INFO
[0.716s] writing dependency_links to ../../build/robot_description/robot_description.egg-info/dependency_links.txt
[0.716s] writing entry points to ../../build/robot_description/robot_description.egg-info/entry_points.txt
[0.716s] writing requirements to ../../build/robot_description/robot_description.egg-info/requires.txt
[0.716s] writing top-level names to ../../build/robot_description/robot_description.egg-info/top_level.txt
[0.716s] writing manifest file '../../build/robot_description/robot_description.egg-info/SOURCES.txt'
[0.717s] reading manifest file '../../build/robot_description/robot_description.egg-info/SOURCES.txt'
[0.718s] writing manifest file '../../build/robot_description/robot_description.egg-info/SOURCES.txt'
[0.718s] running build
[0.718s] running build_py
[0.718s] creating /home/arvi/bot_ws/build/robot_description/build
[0.718s] creating /home/arvi/bot_ws/build/robot_description/build/lib
[0.719s] creating /home/arvi/bot_ws/build/robot_description/build/lib/robot_description
[0.719s] copying robot_description/__init__.py -> /home/arvi/bot_ws/build/robot_description/build/lib/robot_description
[0.719s] running install
[0.719s] running install_lib
[0.719s] creating /home/arvi/bot_ws/install/robot_description/lib/python3.10/site-packages/robot_description
[0.719s] copying /home/arvi/bot_ws/build/robot_description/build/lib/robot_description/__init__.py -> /home/arvi/bot_ws/install/robot_description/lib/python3.10/site-packages/robot_description
[0.719s] byte-compiling /home/arvi/bot_ws/install/robot_description/lib/python3.10/site-packages/robot_description/__init__.py to __init__.cpython-310.pyc
[0.720s] running install_data
[0.720s] creating /home/arvi/bot_ws/install/robot_description/share/ament_index
[0.720s] creating /home/arvi/bot_ws/install/robot_description/share/ament_index/resource_index
[0.720s] creating /home/arvi/bot_ws/install/robot_description/share/ament_index/resource_index/packages
[0.720s] copying resource/robot_description -> /home/arvi/bot_ws/install/robot_description/share/ament_index/resource_index/packages
[0.720s] copying package.xml -> /home/arvi/bot_ws/install/robot_description/share/robot_description
[0.720s] creating /home/arvi/bot_ws/install/robot_description/share/robot_description/launch
[0.720s] copying launch/display.launch.py -> /home/arvi/bot_ws/install/robot_description/share/robot_description/launch
[0.720s] copying launch/gazebo.launch.py -> /home/arvi/bot_ws/install/robot_description/share/robot_description/launch
[0.721s] creating /home/arvi/bot_ws/install/robot_description/share/robot_description/urdf
[0.721s] copying urdf/robot.gazebo -> /home/arvi/bot_ws/install/robot_description/share/robot_description/urdf
[0.721s] copying urdf/materials.xacro -> /home/arvi/bot_ws/install/robot_description/share/robot_description/urdf
[0.721s] copying urdf/robot.trans -> /home/arvi/bot_ws/install/robot_description/share/robot_description/urdf
[0.721s] copying urdf/robot.xacro -> /home/arvi/bot_ws/install/robot_description/share/robot_description/urdf
[0.721s] creating /home/arvi/bot_ws/install/robot_description/share/robot_description/meshes
[0.721s] copying meshes/vision_module_link_1.stl -> /home/arvi/bot_ws/install/robot_description/share/robot_description/meshes
[0.721s] copying meshes/right_wheel_link_1.stl -> /home/arvi/bot_ws/install/robot_description/share/robot_description/meshes
[0.721s] copying meshes/claw_link_1.stl -> /home/arvi/bot_ws/install/robot_description/share/robot_description/meshes
[0.721s] copying meshes/castor4_wheel_link_1.stl -> /home/arvi/bot_ws/install/robot_description/share/robot_description/meshes
[0.722s] copying meshes/castor1_link_1.stl -> /home/arvi/bot_ws/install/robot_description/share/robot_description/meshes
[0.722s] copying meshes/castor2_link_1.stl -> /home/arvi/bot_ws/install/robot_description/share/robot_description/meshes
[0.722s] copying meshes/elbow_link_1.stl -> /home/arvi/bot_ws/install/robot_description/share/robot_description/meshes
[0.723s] copying meshes/castor3_link_1.stl -> /home/arvi/bot_ws/install/robot_description/share/robot_description/meshes
[0.723s] copying meshes/upper_arm_link_1.stl -> /home/arvi/bot_ws/install/robot_description/share/robot_description/meshes
[0.723s] copying meshes/realsense_link.stl -> /home/arvi/bot_ws/install/robot_description/share/robot_description/meshes
[0.725s] copying meshes/castor1_wheel_link_1.stl -> /home/arvi/bot_ws/install/robot_description/share/robot_description/meshes
[0.726s] copying meshes/castor4_link_1.stl -> /home/arvi/bot_ws/install/robot_description/share/robot_description/meshes
[0.726s] copying meshes/forearm_link_1.stl -> /home/arvi/bot_ws/install/robot_description/share/robot_description/meshes
[0.726s] copying meshes/wrist_roll_link_1.stl -> /home/arvi/bot_ws/install/robot_description/share/robot_description/meshes
[0.727s] copying meshes/tool_link_1.stl -> /home/arvi/bot_ws/install/robot_description/share/robot_description/meshes
[0.729s] copying meshes/castor2_wheel_link_1.stl -> /home/arvi/bot_ws/install/robot_description/share/robot_description/meshes
[0.729s] copying meshes/shoulder_link__1.stl -> /home/arvi/bot_ws/install/robot_description/share/robot_description/meshes
[0.730s] copying meshes/castor3_wheel_link_1.stl -> /home/arvi/bot_ws/install/robot_description/share/robot_description/meshes
[0.730s] copying meshes/base_link.stl -> /home/arvi/bot_ws/install/robot_description/share/robot_description/meshes
[0.739s] copying meshes/camera_mount_link_1.stl -> /home/arvi/bot_ws/install/robot_description/share/robot_description/meshes
[0.739s] copying meshes/left_wheel_link_2.stl -> /home/arvi/bot_ws/install/robot_description/share/robot_description/meshes
[0.740s] copying meshes/wrist_pitch_link_1.stl -> /home/arvi/bot_ws/install/robot_description/share/robot_description/meshes
[0.740s] creating /home/arvi/bot_ws/install/robot_description/share/robot_description/config
[0.740s] running install_egg_info
[0.741s] Copying ../../build/robot_description/robot_description.egg-info to /home/arvi/bot_ws/install/robot_description/lib/python3.10/site-packages/robot_description-0.0.0-py3.10.egg-info
[0.742s] running install_scripts
[0.758s] writing list of installed files to '/home/arvi/bot_ws/build/robot_description/install.log'
[0.776s] Invoked command in '/home/arvi/bot_ws/src/robot_description' returned '0': PYTHONPATH=/home/arvi/bot_ws/build/robot_description/prefix_override:/usr/lib/python3/dist-packages/colcon_core/task/python/colcon_distutils_commands:/home/arvi/bot_ws/install/robot_description/lib/python3.10/site-packages:${PYTHONPATH} /usr/bin/python3 -W ignore:setup.py install is deprecated -W ignore:easy_install command is deprecated setup.py egg_info --egg-base ../../build/robot_description build --build-base /home/arvi/bot_ws/build/robot_description/build install --record /home/arvi/bot_ws/build/robot_description/install.log --install-scripts $base/lib/robot_description --single-version-externally-managed install_data
