[0.727s] DEBUG:colcon:Command line arguments: ['/usr/bin/colcon', 'build']
[0.727s] DEBUG:colcon:Parsed command line arguments: Namespace(log_base=None, log_level=None, verb_name='build', build_base='build', install_base='install', merge_install=False, symlink_install=False, test_result_base=None, continue_on_error=False, executor='parallel', parallel_workers=16, event_handlers=None, ignore_user_meta=False, metas=['./colcon.meta'], base_paths=['.'], packages_ignore=None, packages_ignore_regex=None, paths=None, packages_up_to=None, packages_up_to_regex=None, packages_above=None, packages_above_and_dependencies=None, packages_above_depth=None, packages_select_by_dep=None, packages_skip_by_dep=None, packages_skip_up_to=None, packages_select_build_failed=False, packages_skip_build_finished=False, packages_select_test_failures=False, packages_skip_test_passed=False, packages_select=None, packages_skip=None, packages_select_regex=None, packages_skip_regex=None, packages_start=None, packages_end=None, allow_overriding=[], cmake_args=None, cmake_target=None, cmake_target_skip_unavailable=False, cmake_clean_cache=False, cmake_clean_first=False, cmake_force_configure=False, ament_cmake_args=None, catkin_cmake_args=None, catkin_skip_building_tests=False, verb_parser=<colcon_defaults.argument_parser.defaults.DefaultArgumentsDecorator object at 0x7b816b3639d0>, verb_extension=<colcon_core.verb.build.BuildVerb object at 0x7b816b363490>, main=<bound method BuildVerb.main of <colcon_core.verb.build.BuildVerb object at 0x7b816b363490>>)
[1.621s] Level 1:colcon.colcon_core.package_discovery:discover_packages(colcon_meta) check parameters
[1.622s] Level 1:colcon.colcon_core.package_discovery:discover_packages(recursive) check parameters
[1.622s] Level 1:colcon.colcon_core.package_discovery:discover_packages(ignore) check parameters
[1.622s] Level 1:colcon.colcon_core.package_discovery:discover_packages(path) check parameters
[1.622s] Level 1:colcon.colcon_core.package_discovery:discover_packages(colcon_meta) discover
[1.623s] Level 1:colcon.colcon_core.package_discovery:discover_packages(recursive) discover
[1.623s] INFO:colcon.colcon_core.package_discovery:Crawling recursively for packages in '/home/arvi/bot_ws'
[1.624s] Level 1:colcon.colcon_core.package_identification:_identify(.) by extensions ['ignore', 'ignore_ament_install']
[1.624s] Level 1:colcon.colcon_core.package_identification:_identify(.) by extension 'ignore'
[1.625s] Level 1:colcon.colcon_core.package_identification:_identify(.) by extension 'ignore_ament_install'
[1.625s] Level 1:colcon.colcon_core.package_identification:_identify(.) by extensions ['colcon_pkg']
[1.625s] Level 1:colcon.colcon_core.package_identification:_identify(.) by extension 'colcon_pkg'
[1.625s] Level 1:colcon.colcon_core.package_identification:_identify(.) by extensions ['colcon_meta']
[1.625s] Level 1:colcon.colcon_core.package_identification:_identify(.) by extension 'colcon_meta'
[1.626s] Level 1:colcon.colcon_core.package_identification:_identify(.) by extensions ['ros']
[1.626s] Level 1:colcon.colcon_core.package_identification:_identify(.) by extension 'ros'
[1.739s] Level 1:colcon.colcon_core.package_identification:_identify(.) by extensions ['cmake', 'python']
[1.739s] Level 1:colcon.colcon_core.package_identification:_identify(.) by extension 'cmake'
[1.740s] Level 1:colcon.colcon_core.package_identification:_identify(.) by extension 'python'
[1.740s] Level 1:colcon.colcon_core.package_identification:_identify(.) by extensions ['python_setup_py']
[1.740s] Level 1:colcon.colcon_core.package_identification:_identify(.) by extension 'python_setup_py'
[1.741s] Level 1:colcon.colcon_core.package_identification:_identify(build) by extensions ['ignore', 'ignore_ament_install']
[1.741s] Level 1:colcon.colcon_core.package_identification:_identify(build) by extension 'ignore'
[1.741s] Level 1:colcon.colcon_core.package_identification:_identify(build) ignored
[1.742s] Level 1:colcon.colcon_core.package_identification:_identify(install) by extensions ['ignore', 'ignore_ament_install']
[1.743s] Level 1:colcon.colcon_core.package_identification:_identify(install) by extension 'ignore'
[1.743s] Level 1:colcon.colcon_core.package_identification:_identify(install) ignored
[1.743s] Level 1:colcon.colcon_core.package_identification:_identify(log) by extensions ['ignore', 'ignore_ament_install']
[1.744s] Level 1:colcon.colcon_core.package_identification:_identify(log) by extension 'ignore'
[1.744s] Level 1:colcon.colcon_core.package_identification:_identify(log) ignored
[1.744s] Level 1:colcon.colcon_core.package_identification:_identify(src) by extensions ['ignore', 'ignore_ament_install']
[1.745s] Level 1:colcon.colcon_core.package_identification:_identify(src) by extension 'ignore'
[1.745s] Level 1:colcon.colcon_core.package_identification:_identify(src) by extension 'ignore_ament_install'
[1.745s] Level 1:colcon.colcon_core.package_identification:_identify(src) by extensions ['colcon_pkg']
[1.746s] Level 1:colcon.colcon_core.package_identification:_identify(src) by extension 'colcon_pkg'
[1.746s] Level 1:colcon.colcon_core.package_identification:_identify(src) by extensions ['colcon_meta']
[1.746s] Level 1:colcon.colcon_core.package_identification:_identify(src) by extension 'colcon_meta'
[1.746s] Level 1:colcon.colcon_core.package_identification:_identify(src) by extensions ['ros']
[1.746s] Level 1:colcon.colcon_core.package_identification:_identify(src) by extension 'ros'
[1.747s] Level 1:colcon.colcon_core.package_identification:_identify(src) by extensions ['cmake', 'python']
[1.747s] Level 1:colcon.colcon_core.package_identification:_identify(src) by extension 'cmake'
[1.747s] Level 1:colcon.colcon_core.package_identification:_identify(src) by extension 'python'
[1.747s] Level 1:colcon.colcon_core.package_identification:_identify(src) by extensions ['python_setup_py']
[1.747s] Level 1:colcon.colcon_core.package_identification:_identify(src) by extension 'python_setup_py'
[1.748s] Level 1:colcon.colcon_core.package_identification:_identify(src/bot) by extensions ['ignore', 'ignore_ament_install']
[1.748s] Level 1:colcon.colcon_core.package_identification:_identify(src/bot) by extension 'ignore'
[1.749s] Level 1:colcon.colcon_core.package_identification:_identify(src/bot) by extension 'ignore_ament_install'
[1.749s] Level 1:colcon.colcon_core.package_identification:_identify(src/bot) by extensions ['colcon_pkg']
[1.749s] Level 1:colcon.colcon_core.package_identification:_identify(src/bot) by extension 'colcon_pkg'
[1.749s] Level 1:colcon.colcon_core.package_identification:_identify(src/bot) by extensions ['colcon_meta']
[1.749s] Level 1:colcon.colcon_core.package_identification:_identify(src/bot) by extension 'colcon_meta'
[1.750s] Level 1:colcon.colcon_core.package_identification:_identify(src/bot) by extensions ['ros']
[1.750s] Level 1:colcon.colcon_core.package_identification:_identify(src/bot) by extension 'ros'
[1.766s] DEBUG:colcon.colcon_core.package_identification:Package 'src/bot' with type 'ros.ament_cmake' and name 'bot'
[1.767s] Level 1:colcon.colcon_core.package_identification:_identify(src/joint_states_merger) by extensions ['ignore', 'ignore_ament_install']
[1.768s] Level 1:colcon.colcon_core.package_identification:_identify(src/joint_states_merger) by extension 'ignore'
[1.768s] Level 1:colcon.colcon_core.package_identification:_identify(src/joint_states_merger) by extension 'ignore_ament_install'
[1.768s] Level 1:colcon.colcon_core.package_identification:_identify(src/joint_states_merger) by extensions ['colcon_pkg']
[1.769s] Level 1:colcon.colcon_core.package_identification:_identify(src/joint_states_merger) by extension 'colcon_pkg'
[1.769s] Level 1:colcon.colcon_core.package_identification:_identify(src/joint_states_merger) by extensions ['colcon_meta']
[1.769s] Level 1:colcon.colcon_core.package_identification:_identify(src/joint_states_merger) by extension 'colcon_meta'
[1.769s] Level 1:colcon.colcon_core.package_identification:_identify(src/joint_states_merger) by extensions ['ros']
[1.769s] Level 1:colcon.colcon_core.package_identification:_identify(src/joint_states_merger) by extension 'ros'
[1.772s] DEBUG:colcon.colcon_core.package_identification:Package 'src/joint_states_merger' with type 'ros.ament_python' and name 'joint_states_merger'
[1.773s] Level 1:colcon.colcon_core.package_identification:_identify(src/robot_description) by extensions ['ignore', 'ignore_ament_install']
[1.774s] Level 1:colcon.colcon_core.package_identification:_identify(src/robot_description) by extension 'ignore'
[1.774s] Level 1:colcon.colcon_core.package_identification:_identify(src/robot_description) by extension 'ignore_ament_install'
[1.774s] Level 1:colcon.colcon_core.package_identification:_identify(src/robot_description) by extensions ['colcon_pkg']
[1.775s] Level 1:colcon.colcon_core.package_identification:_identify(src/robot_description) by extension 'colcon_pkg'
[1.775s] Level 1:colcon.colcon_core.package_identification:_identify(src/robot_description) by extensions ['colcon_meta']
[1.775s] Level 1:colcon.colcon_core.package_identification:_identify(src/robot_description) by extension 'colcon_meta'
[1.775s] Level 1:colcon.colcon_core.package_identification:_identify(src/robot_description) by extensions ['ros']
[1.775s] Level 1:colcon.colcon_core.package_identification:_identify(src/robot_description) by extension 'ros'
[1.780s] DEBUG:colcon.colcon_core.package_identification:Package 'src/robot_description' with type 'ros.ament_python' and name 'robot_description'
[1.781s] Level 1:colcon.colcon_core.package_identification:_identify(src/teleop_twist_stamped) by extensions ['ignore', 'ignore_ament_install']
[1.781s] Level 1:colcon.colcon_core.package_identification:_identify(src/teleop_twist_stamped) by extension 'ignore'
[1.782s] Level 1:colcon.colcon_core.package_identification:_identify(src/teleop_twist_stamped) by extension 'ignore_ament_install'
[1.782s] Level 1:colcon.colcon_core.package_identification:_identify(src/teleop_twist_stamped) by extensions ['colcon_pkg']
[1.782s] Level 1:colcon.colcon_core.package_identification:_identify(src/teleop_twist_stamped) by extension 'colcon_pkg'
[1.782s] Level 1:colcon.colcon_core.package_identification:_identify(src/teleop_twist_stamped) by extensions ['colcon_meta']
[1.782s] Level 1:colcon.colcon_core.package_identification:_identify(src/teleop_twist_stamped) by extension 'colcon_meta'
[1.783s] Level 1:colcon.colcon_core.package_identification:_identify(src/teleop_twist_stamped) by extensions ['ros']
[1.783s] Level 1:colcon.colcon_core.package_identification:_identify(src/teleop_twist_stamped) by extension 'ros'
[1.786s] DEBUG:colcon.colcon_core.package_identification:Package 'src/teleop_twist_stamped' with type 'ros.ament_python' and name 'teleop_twist_stamped'
[1.786s] Level 1:colcon.colcon_core.package_discovery:discover_packages(recursive) using defaults
[1.786s] Level 1:colcon.colcon_core.package_discovery:discover_packages(ignore) discover
[1.787s] Level 1:colcon.colcon_core.package_discovery:discover_packages(ignore) using defaults
[1.787s] Level 1:colcon.colcon_core.package_discovery:discover_packages(path) discover
[1.787s] Level 1:colcon.colcon_core.package_discovery:discover_packages(path) using defaults
[1.907s] Level 1:colcon.colcon_core.package_discovery:discover_packages(prefix_path) check parameters
[1.908s] Level 1:colcon.colcon_core.package_discovery:discover_packages(prefix_path) discover
[1.921s] DEBUG:colcon.colcon_installed_package_information.package_discovery:Found 331 installed packages in /opt/ros/humble
[1.935s] Level 1:colcon.colcon_core.package_discovery:discover_packages(prefix_path) using defaults
[2.164s] Level 5:colcon.colcon_core.verb:set package 'bot' build argument 'cmake_args' from command line to 'None'
[2.165s] Level 5:colcon.colcon_core.verb:set package 'bot' build argument 'cmake_target' from command line to 'None'
[2.165s] Level 5:colcon.colcon_core.verb:set package 'bot' build argument 'cmake_target_skip_unavailable' from command line to 'False'
[2.165s] Level 5:colcon.colcon_core.verb:set package 'bot' build argument 'cmake_clean_cache' from command line to 'False'
[2.165s] Level 5:colcon.colcon_core.verb:set package 'bot' build argument 'cmake_clean_first' from command line to 'False'
[2.165s] Level 5:colcon.colcon_core.verb:set package 'bot' build argument 'cmake_force_configure' from command line to 'False'
[2.166s] Level 5:colcon.colcon_core.verb:set package 'bot' build argument 'ament_cmake_args' from command line to 'None'
[2.166s] Level 5:colcon.colcon_core.verb:set package 'bot' build argument 'catkin_cmake_args' from command line to 'None'
[2.166s] Level 5:colcon.colcon_core.verb:set package 'bot' build argument 'catkin_skip_building_tests' from command line to 'False'
[2.166s] DEBUG:colcon.colcon_core.verb:Building package 'bot' with the following arguments: {'ament_cmake_args': None, 'build_base': '/home/arvi/bot_ws/build/bot', 'catkin_cmake_args': None, 'catkin_skip_building_tests': False, 'cmake_args': None, 'cmake_clean_cache': False, 'cmake_clean_first': False, 'cmake_force_configure': False, 'cmake_target': None, 'cmake_target_skip_unavailable': False, 'install_base': '/home/arvi/bot_ws/install/bot', 'merge_install': False, 'path': '/home/arvi/bot_ws/src/bot', 'symlink_install': False, 'test_result_base': None}
[2.168s] Level 5:colcon.colcon_core.verb:set package 'joint_states_merger' build argument 'cmake_args' from command line to 'None'
[2.168s] Level 5:colcon.colcon_core.verb:set package 'joint_states_merger' build argument 'cmake_target' from command line to 'None'
[2.168s] Level 5:colcon.colcon_core.verb:set package 'joint_states_merger' build argument 'cmake_target_skip_unavailable' from command line to 'False'
[2.169s] Level 5:colcon.colcon_core.verb:set package 'joint_states_merger' build argument 'cmake_clean_cache' from command line to 'False'
[2.169s] Level 5:colcon.colcon_core.verb:set package 'joint_states_merger' build argument 'cmake_clean_first' from command line to 'False'
[2.169s] Level 5:colcon.colcon_core.verb:set package 'joint_states_merger' build argument 'cmake_force_configure' from command line to 'False'
[2.169s] Level 5:colcon.colcon_core.verb:set package 'joint_states_merger' build argument 'ament_cmake_args' from command line to 'None'
[2.169s] Level 5:colcon.colcon_core.verb:set package 'joint_states_merger' build argument 'catkin_cmake_args' from command line to 'None'
[2.169s] Level 5:colcon.colcon_core.verb:set package 'joint_states_merger' build argument 'catkin_skip_building_tests' from command line to 'False'
[2.169s] DEBUG:colcon.colcon_core.verb:Building package 'joint_states_merger' with the following arguments: {'ament_cmake_args': None, 'build_base': '/home/arvi/bot_ws/build/joint_states_merger', 'catkin_cmake_args': None, 'catkin_skip_building_tests': False, 'cmake_args': None, 'cmake_clean_cache': False, 'cmake_clean_first': False, 'cmake_force_configure': False, 'cmake_target': None, 'cmake_target_skip_unavailable': False, 'install_base': '/home/arvi/bot_ws/install/joint_states_merger', 'merge_install': False, 'path': '/home/arvi/bot_ws/src/joint_states_merger', 'symlink_install': False, 'test_result_base': None}
[2.171s] Level 5:colcon.colcon_core.verb:set package 'robot_description' build argument 'cmake_args' from command line to 'None'
[2.172s] Level 5:colcon.colcon_core.verb:set package 'robot_description' build argument 'cmake_target' from command line to 'None'
[2.172s] Level 5:colcon.colcon_core.verb:set package 'robot_description' build argument 'cmake_target_skip_unavailable' from command line to 'False'
[2.172s] Level 5:colcon.colcon_core.verb:set package 'robot_description' build argument 'cmake_clean_cache' from command line to 'False'
[2.172s] Level 5:colcon.colcon_core.verb:set package 'robot_description' build argument 'cmake_clean_first' from command line to 'False'
[2.172s] Level 5:colcon.colcon_core.verb:set package 'robot_description' build argument 'cmake_force_configure' from command line to 'False'
[2.172s] Level 5:colcon.colcon_core.verb:set package 'robot_description' build argument 'ament_cmake_args' from command line to 'None'
[2.172s] Level 5:colcon.colcon_core.verb:set package 'robot_description' build argument 'catkin_cmake_args' from command line to 'None'
[2.172s] Level 5:colcon.colcon_core.verb:set package 'robot_description' build argument 'catkin_skip_building_tests' from command line to 'False'
[2.173s] DEBUG:colcon.colcon_core.verb:Building package 'robot_description' with the following arguments: {'ament_cmake_args': None, 'build_base': '/home/arvi/bot_ws/build/robot_description', 'catkin_cmake_args': None, 'catkin_skip_building_tests': False, 'cmake_args': None, 'cmake_clean_cache': False, 'cmake_clean_first': False, 'cmake_force_configure': False, 'cmake_target': None, 'cmake_target_skip_unavailable': False, 'install_base': '/home/arvi/bot_ws/install/robot_description', 'merge_install': False, 'path': '/home/arvi/bot_ws/src/robot_description', 'symlink_install': False, 'test_result_base': None}
[2.174s] Level 5:colcon.colcon_core.verb:set package 'teleop_twist_stamped' build argument 'cmake_args' from command line to 'None'
[2.175s] Level 5:colcon.colcon_core.verb:set package 'teleop_twist_stamped' build argument 'cmake_target' from command line to 'None'
[2.175s] Level 5:colcon.colcon_core.verb:set package 'teleop_twist_stamped' build argument 'cmake_target_skip_unavailable' from command line to 'False'
[2.175s] Level 5:colcon.colcon_core.verb:set package 'teleop_twist_stamped' build argument 'cmake_clean_cache' from command line to 'False'
[2.175s] Level 5:colcon.colcon_core.verb:set package 'teleop_twist_stamped' build argument 'cmake_clean_first' from command line to 'False'
[2.175s] Level 5:colcon.colcon_core.verb:set package 'teleop_twist_stamped' build argument 'cmake_force_configure' from command line to 'False'
[2.175s] Level 5:colcon.colcon_core.verb:set package 'teleop_twist_stamped' build argument 'ament_cmake_args' from command line to 'None'
[2.175s] Level 5:colcon.colcon_core.verb:set package 'teleop_twist_stamped' build argument 'catkin_cmake_args' from command line to 'None'
[2.175s] Level 5:colcon.colcon_core.verb:set package 'teleop_twist_stamped' build argument 'catkin_skip_building_tests' from command line to 'False'
[2.176s] DEBUG:colcon.colcon_core.verb:Building package 'teleop_twist_stamped' with the following arguments: {'ament_cmake_args': None, 'build_base': '/home/arvi/bot_ws/build/teleop_twist_stamped', 'catkin_cmake_args': None, 'catkin_skip_building_tests': False, 'cmake_args': None, 'cmake_clean_cache': False, 'cmake_clean_first': False, 'cmake_force_configure': False, 'cmake_target': None, 'cmake_target_skip_unavailable': False, 'install_base': '/home/arvi/bot_ws/install/teleop_twist_stamped', 'merge_install': False, 'path': '/home/arvi/bot_ws/src/teleop_twist_stamped', 'symlink_install': False, 'test_result_base': None}
[2.176s] INFO:colcon.colcon_core.executor:Executing jobs using 'parallel' executor
[2.182s] DEBUG:colcon.colcon_parallel_executor.executor.parallel:run_until_complete
[2.183s] INFO:colcon.colcon_ros.task.ament_cmake.build:Building ROS package in '/home/arvi/bot_ws/src/bot' with build type 'ament_cmake'
[2.184s] INFO:colcon.colcon_cmake.task.cmake.build:Building CMake package in '/home/arvi/bot_ws/src/bot'
[2.195s] INFO:colcon.colcon_core.plugin_system:Skipping extension 'colcon_core.shell.bat': Not used on non-Windows systems
[2.196s] INFO:colcon.colcon_core.shell:Skip shell extension 'powershell' for command environment: Not usable outside of PowerShell
[2.196s] DEBUG:colcon.colcon_core.shell:Skip shell extension 'dsv' for command environment
[2.213s] INFO:colcon.colcon_ros.task.ament_python.build:Building ROS package in '/home/arvi/bot_ws/src/joint_states_merger' with build type 'ament_python'
[2.214s] Level 1:colcon.colcon_core.shell:create_environment_hook('joint_states_merger', 'ament_prefix_path')
[2.215s] INFO:colcon.colcon_core.shell:Creating environment hook '/home/arvi/bot_ws/install/joint_states_merger/share/joint_states_merger/hook/ament_prefix_path.ps1'
[2.219s] INFO:colcon.colcon_core.shell:Creating environment descriptor '/home/arvi/bot_ws/install/joint_states_merger/share/joint_states_merger/hook/ament_prefix_path.dsv'
[2.221s] INFO:colcon.colcon_core.shell:Creating environment hook '/home/arvi/bot_ws/install/joint_states_merger/share/joint_states_merger/hook/ament_prefix_path.sh'
[2.225s] INFO:colcon.colcon_core.shell:Skip shell extension 'powershell' for command environment: Not usable outside of PowerShell
[2.226s] DEBUG:colcon.colcon_core.shell:Skip shell extension 'dsv' for command environment
[2.239s] INFO:colcon.colcon_ros.task.ament_python.build:Building ROS package in '/home/arvi/bot_ws/src/robot_description' with build type 'ament_python'
[2.240s] Level 1:colcon.colcon_core.shell:create_environment_hook('robot_description', 'ament_prefix_path')
[2.241s] INFO:colcon.colcon_core.shell:Creating environment hook '/home/arvi/bot_ws/install/robot_description/share/robot_description/hook/ament_prefix_path.ps1'
[2.244s] INFO:colcon.colcon_core.shell:Creating environment descriptor '/home/arvi/bot_ws/install/robot_description/share/robot_description/hook/ament_prefix_path.dsv'
[2.246s] INFO:colcon.colcon_core.shell:Creating environment hook '/home/arvi/bot_ws/install/robot_description/share/robot_description/hook/ament_prefix_path.sh'
[2.249s] INFO:colcon.colcon_core.shell:Skip shell extension 'powershell' for command environment: Not usable outside of PowerShell
[2.250s] DEBUG:colcon.colcon_core.shell:Skip shell extension 'dsv' for command environment
[2.263s] INFO:colcon.colcon_ros.task.ament_python.build:Building ROS package in '/home/arvi/bot_ws/src/teleop_twist_stamped' with build type 'ament_python'
[2.264s] Level 1:colcon.colcon_core.shell:create_environment_hook('teleop_twist_stamped', 'ament_prefix_path')
[2.265s] INFO:colcon.colcon_core.shell:Creating environment hook '/home/arvi/bot_ws/install/teleop_twist_stamped/share/teleop_twist_stamped/hook/ament_prefix_path.ps1'
[2.268s] INFO:colcon.colcon_core.shell:Creating environment descriptor '/home/arvi/bot_ws/install/teleop_twist_stamped/share/teleop_twist_stamped/hook/ament_prefix_path.dsv'
[2.270s] INFO:colcon.colcon_core.shell:Creating environment hook '/home/arvi/bot_ws/install/teleop_twist_stamped/share/teleop_twist_stamped/hook/ament_prefix_path.sh'
[2.273s] INFO:colcon.colcon_core.shell:Skip shell extension 'powershell' for command environment: Not usable outside of PowerShell
[2.274s] DEBUG:colcon.colcon_core.shell:Skip shell extension 'dsv' for command environment
[2.320s] DEBUG:colcon.colcon_core.event_handler.log_command:Invoking command in '/home/arvi/bot_ws/build/bot': CMAKE_PREFIX_PATH=/opt/ros/humble /usr/bin/cmake --build /home/arvi/bot_ws/build/bot -- -j16 -l16
[3.711s] INFO:colcon.colcon_core.task.python.build:Building Python package in '/home/arvi/bot_ws/src/joint_states_merger'
[3.713s] INFO:colcon.colcon_core.shell:Skip shell extension 'powershell' for command environment: Not usable outside of PowerShell
[3.713s] DEBUG:colcon.colcon_core.shell:Skip shell extension 'dsv' for command environment
[5.120s] INFO:colcon.colcon_core.task.python.build:Building Python package in '/home/arvi/bot_ws/src/robot_description'
[5.122s] INFO:colcon.colcon_core.shell:Skip shell extension 'powershell' for command environment: Not usable outside of PowerShell
[5.122s] DEBUG:colcon.colcon_core.shell:Skip shell extension 'dsv' for command environment
[6.488s] INFO:colcon.colcon_core.task.python.build:Building Python package in '/home/arvi/bot_ws/src/teleop_twist_stamped'
[6.489s] INFO:colcon.colcon_core.shell:Skip shell extension 'powershell' for command environment: Not usable outside of PowerShell
[6.489s] DEBUG:colcon.colcon_core.shell:Skip shell extension 'dsv' for command environment
[6.498s] DEBUG:colcon.colcon_core.event_handler.log_command:Invoked command in '/home/arvi/bot_ws/build/bot' returned '0': CMAKE_PREFIX_PATH=/opt/ros/humble /usr/bin/cmake --build /home/arvi/bot_ws/build/bot -- -j16 -l16
[6.524s] DEBUG:colcon.colcon_core.event_handler.log_command:Invoking command in '/home/arvi/bot_ws/build/bot': CMAKE_PREFIX_PATH=/opt/ros/humble /usr/bin/cmake --install /home/arvi/bot_ws/build/bot
[6.558s] Level 1:colcon.colcon_core.environment:create_environment_scripts_only(bot)
[6.559s] DEBUG:colcon.colcon_core.event_handler.log_command:Invoked command in '/home/arvi/bot_ws/build/bot' returned '0': CMAKE_PREFIX_PATH=/opt/ros/humble /usr/bin/cmake --install /home/arvi/bot_ws/build/bot
[6.572s] Level 1:colcon.colcon_core.environment:checking '/home/arvi/bot_ws/install/bot' for CMake module files
[6.574s] Level 1:colcon.colcon_core.environment:checking '/home/arvi/bot_ws/install/bot' for CMake config files
[6.575s] Level 1:colcon.colcon_core.shell:create_environment_hook('bot', 'cmake_prefix_path')
[6.575s] INFO:colcon.colcon_core.shell:Creating environment hook '/home/arvi/bot_ws/install/bot/share/bot/hook/cmake_prefix_path.ps1'
[6.577s] INFO:colcon.colcon_core.shell:Creating environment descriptor '/home/arvi/bot_ws/install/bot/share/bot/hook/cmake_prefix_path.dsv'
[6.578s] INFO:colcon.colcon_core.shell:Creating environment hook '/home/arvi/bot_ws/install/bot/share/bot/hook/cmake_prefix_path.sh'
[6.580s] Level 1:colcon.colcon_core.environment:checking '/home/arvi/bot_ws/install/bot/lib'
[6.580s] Level 1:colcon.colcon_core.environment:checking '/home/arvi/bot_ws/install/bot/bin'
[6.581s] Level 1:colcon.colcon_core.environment:checking '/home/arvi/bot_ws/install/bot/lib/pkgconfig/bot.pc'
[6.581s] Level 1:colcon.colcon_core.environment:checking '/home/arvi/bot_ws/install/bot/lib/python3.10/site-packages'
[6.582s] Level 1:colcon.colcon_core.environment:checking '/home/arvi/bot_ws/install/bot/bin'
[6.583s] INFO:colcon.colcon_core.shell:Creating package script '/home/arvi/bot_ws/install/bot/share/bot/package.ps1'
[6.586s] INFO:colcon.colcon_core.shell:Creating package descriptor '/home/arvi/bot_ws/install/bot/share/bot/package.dsv'
[6.588s] INFO:colcon.colcon_core.shell:Creating package script '/home/arvi/bot_ws/install/bot/share/bot/package.sh'
[6.589s] INFO:colcon.colcon_core.shell:Creating package script '/home/arvi/bot_ws/install/bot/share/bot/package.bash'
[6.591s] INFO:colcon.colcon_core.shell:Creating package script '/home/arvi/bot_ws/install/bot/share/bot/package.zsh'
[6.593s] Level 1:colcon.colcon_core.environment:create_file_with_runtime_dependencies(/home/arvi/bot_ws/install/bot/share/colcon-core/packages/bot)
[6.594s] Level 1:colcon.colcon_core.environment:create_environment_scripts_only(bot)
[6.595s] Level 1:colcon.colcon_core.environment:checking '/home/arvi/bot_ws/install/bot' for CMake module files
[6.596s] Level 1:colcon.colcon_core.environment:checking '/home/arvi/bot_ws/install/bot' for CMake config files
[6.597s] Level 1:colcon.colcon_core.shell:create_environment_hook('bot', 'cmake_prefix_path')
[6.597s] INFO:colcon.colcon_core.shell:Creating environment hook '/home/arvi/bot_ws/install/bot/share/bot/hook/cmake_prefix_path.ps1'
[6.598s] INFO:colcon.colcon_core.shell:Creating environment descriptor '/home/arvi/bot_ws/install/bot/share/bot/hook/cmake_prefix_path.dsv'
[6.599s] INFO:colcon.colcon_core.shell:Creating environment hook '/home/arvi/bot_ws/install/bot/share/bot/hook/cmake_prefix_path.sh'
[6.601s] Level 1:colcon.colcon_core.environment:checking '/home/arvi/bot_ws/install/bot/lib'
[6.601s] Level 1:colcon.colcon_core.environment:checking '/home/arvi/bot_ws/install/bot/bin'
[6.601s] Level 1:colcon.colcon_core.environment:checking '/home/arvi/bot_ws/install/bot/lib/pkgconfig/bot.pc'
[6.602s] Level 1:colcon.colcon_core.environment:checking '/home/arvi/bot_ws/install/bot/lib/python3.10/site-packages'
[6.602s] Level 1:colcon.colcon_core.environment:checking '/home/arvi/bot_ws/install/bot/bin'
[6.603s] INFO:colcon.colcon_core.shell:Creating package script '/home/arvi/bot_ws/install/bot/share/bot/package.ps1'
[6.604s] INFO:colcon.colcon_core.shell:Creating package descriptor '/home/arvi/bot_ws/install/bot/share/bot/package.dsv'
[6.605s] INFO:colcon.colcon_core.shell:Creating package script '/home/arvi/bot_ws/install/bot/share/bot/package.sh'
[6.606s] INFO:colcon.colcon_core.shell:Creating package script '/home/arvi/bot_ws/install/bot/share/bot/package.bash'
[6.607s] INFO:colcon.colcon_core.shell:Creating package script '/home/arvi/bot_ws/install/bot/share/bot/package.zsh'
[6.608s] Level 1:colcon.colcon_core.environment:create_file_with_runtime_dependencies(/home/arvi/bot_ws/install/bot/share/colcon-core/packages/bot)
[7.434s] DEBUG:colcon.colcon_core.event_handler.log_command:Invoking command in '/home/arvi/bot_ws/src/joint_states_merger': PYTHONPATH=/home/arvi/bot_ws/build/joint_states_merger/prefix_override:/usr/lib/python3/dist-packages/colcon_core/task/python/colcon_distutils_commands:/home/arvi/bot_ws/install/joint_states_merger/lib/python3.10/site-packages:${PYTHONPATH} /usr/bin/python3 -W ignore:setup.py install is deprecated -W ignore:easy_install command is deprecated setup.py egg_info --egg-base ../../build/joint_states_merger build --build-base /home/arvi/bot_ws/build/joint_states_merger/build install --record /home/arvi/bot_ws/build/joint_states_merger/install.log --single-version-externally-managed install_data
[7.442s] DEBUG:colcon.colcon_core.event_handler.log_command:Invoking command in '/home/arvi/bot_ws/src/robot_description': PYTHONPATH=/home/arvi/bot_ws/build/robot_description/prefix_override:/usr/lib/python3/dist-packages/colcon_core/task/python/colcon_distutils_commands:/home/arvi/bot_ws/install/robot_description/lib/python3.10/site-packages:${PYTHONPATH} /usr/bin/python3 -W ignore:setup.py install is deprecated -W ignore:easy_install command is deprecated setup.py egg_info --egg-base ../../build/robot_description build --build-base /home/arvi/bot_ws/build/robot_description/build install --record /home/arvi/bot_ws/build/robot_description/install.log --install-scripts $base/lib/robot_description --single-version-externally-managed install_data
[7.445s] DEBUG:colcon.colcon_core.event_handler.log_command:Invoking command in '/home/arvi/bot_ws/src/teleop_twist_stamped': PYTHONPATH=/home/arvi/bot_ws/build/teleop_twist_stamped/prefix_override:/usr/lib/python3/dist-packages/colcon_core/task/python/colcon_distutils_commands:/home/arvi/bot_ws/install/teleop_twist_stamped/lib/python3.10/site-packages:${PYTHONPATH} /usr/bin/python3 -W ignore:setup.py install is deprecated -W ignore:easy_install command is deprecated setup.py egg_info --egg-base ../../build/teleop_twist_stamped build --build-base /home/arvi/bot_ws/build/teleop_twist_stamped/build install --record /home/arvi/bot_ws/build/teleop_twist_stamped/install.log --single-version-externally-managed install_data
[8.183s] Level 1:colcon.colcon_core.environment:checking '/home/arvi/bot_ws/install/joint_states_merger' for CMake module files
[8.185s] DEBUG:colcon.colcon_core.event_handler.log_command:Invoked command in '/home/arvi/bot_ws/src/joint_states_merger' returned '0': PYTHONPATH=/home/arvi/bot_ws/build/joint_states_merger/prefix_override:/usr/lib/python3/dist-packages/colcon_core/task/python/colcon_distutils_commands:/home/arvi/bot_ws/install/joint_states_merger/lib/python3.10/site-packages:${PYTHONPATH} /usr/bin/python3 -W ignore:setup.py install is deprecated -W ignore:easy_install command is deprecated setup.py egg_info --egg-base ../../build/joint_states_merger build --build-base /home/arvi/bot_ws/build/joint_states_merger/build install --record /home/arvi/bot_ws/build/joint_states_merger/install.log --single-version-externally-managed install_data
[8.187s] Level 1:colcon.colcon_core.environment:checking '/home/arvi/bot_ws/install/joint_states_merger' for CMake config files
[8.189s] Level 1:colcon.colcon_core.environment:checking '/home/arvi/bot_ws/install/joint_states_merger/lib'
[8.189s] Level 1:colcon.colcon_core.environment:checking '/home/arvi/bot_ws/install/joint_states_merger/bin'
[8.189s] Level 1:colcon.colcon_core.environment:checking '/home/arvi/bot_ws/install/joint_states_merger/lib/pkgconfig/joint_states_merger.pc'
[8.190s] Level 1:colcon.colcon_core.environment:checking '/home/arvi/bot_ws/install/joint_states_merger/lib/python3.10/site-packages'
[8.190s] Level 1:colcon.colcon_core.shell:create_environment_hook('joint_states_merger', 'pythonpath')
[8.190s] INFO:colcon.colcon_core.shell:Creating environment hook '/home/arvi/bot_ws/install/joint_states_merger/share/joint_states_merger/hook/pythonpath.ps1'
[8.192s] INFO:colcon.colcon_core.shell:Creating environment descriptor '/home/arvi/bot_ws/install/joint_states_merger/share/joint_states_merger/hook/pythonpath.dsv'
[8.192s] INFO:colcon.colcon_core.shell:Creating environment hook '/home/arvi/bot_ws/install/joint_states_merger/share/joint_states_merger/hook/pythonpath.sh'
[8.194s] Level 1:colcon.colcon_core.environment:checking '/home/arvi/bot_ws/install/joint_states_merger/bin'
[8.194s] Level 1:colcon.colcon_core.environment:create_environment_scripts_only(joint_states_merger)
[8.195s] INFO:colcon.colcon_core.shell:Creating package script '/home/arvi/bot_ws/install/joint_states_merger/share/joint_states_merger/package.ps1'
[8.196s] INFO:colcon.colcon_core.shell:Creating package descriptor '/home/arvi/bot_ws/install/joint_states_merger/share/joint_states_merger/package.dsv'
[8.197s] INFO:colcon.colcon_core.shell:Creating package script '/home/arvi/bot_ws/install/joint_states_merger/share/joint_states_merger/package.sh'
[8.198s] INFO:colcon.colcon_core.shell:Creating package script '/home/arvi/bot_ws/install/joint_states_merger/share/joint_states_merger/package.bash'
[8.199s] INFO:colcon.colcon_core.shell:Creating package script '/home/arvi/bot_ws/install/joint_states_merger/share/joint_states_merger/package.zsh'
[8.200s] Level 1:colcon.colcon_core.environment:create_file_with_runtime_dependencies(/home/arvi/bot_ws/install/joint_states_merger/share/colcon-core/packages/joint_states_merger)
[8.206s] Level 1:colcon.colcon_core.environment:checking '/home/arvi/bot_ws/install/robot_description' for CMake module files
[8.208s] DEBUG:colcon.colcon_core.event_handler.log_command:Invoked command in '/home/arvi/bot_ws/src/robot_description' returned '0': PYTHONPATH=/home/arvi/bot_ws/build/robot_description/prefix_override:/usr/lib/python3/dist-packages/colcon_core/task/python/colcon_distutils_commands:/home/arvi/bot_ws/install/robot_description/lib/python3.10/site-packages:${PYTHONPATH} /usr/bin/python3 -W ignore:setup.py install is deprecated -W ignore:easy_install command is deprecated setup.py egg_info --egg-base ../../build/robot_description build --build-base /home/arvi/bot_ws/build/robot_description/build install --record /home/arvi/bot_ws/build/robot_description/install.log --install-scripts $base/lib/robot_description --single-version-externally-managed install_data
[8.208s] Level 1:colcon.colcon_core.environment:checking '/home/arvi/bot_ws/install/robot_description' for CMake config files
[8.210s] Level 1:colcon.colcon_core.environment:checking '/home/arvi/bot_ws/install/robot_description/lib'
[8.210s] Level 1:colcon.colcon_core.environment:checking '/home/arvi/bot_ws/install/robot_description/bin'
[8.210s] Level 1:colcon.colcon_core.environment:checking '/home/arvi/bot_ws/install/robot_description/lib/pkgconfig/robot_description.pc'
[8.211s] Level 1:colcon.colcon_core.environment:checking '/home/arvi/bot_ws/install/robot_description/lib/python3.10/site-packages'
[8.211s] Level 1:colcon.colcon_core.shell:create_environment_hook('robot_description', 'pythonpath')
[8.212s] INFO:colcon.colcon_core.shell:Creating environment hook '/home/arvi/bot_ws/install/robot_description/share/robot_description/hook/pythonpath.ps1'
[8.213s] INFO:colcon.colcon_core.shell:Creating environment descriptor '/home/arvi/bot_ws/install/robot_description/share/robot_description/hook/pythonpath.dsv'
[8.214s] INFO:colcon.colcon_core.shell:Creating environment hook '/home/arvi/bot_ws/install/robot_description/share/robot_description/hook/pythonpath.sh'
[8.215s] Level 1:colcon.colcon_core.environment:checking '/home/arvi/bot_ws/install/robot_description/bin'
[8.215s] Level 1:colcon.colcon_core.environment:create_environment_scripts_only(robot_description)
[8.216s] INFO:colcon.colcon_core.shell:Creating package script '/home/arvi/bot_ws/install/robot_description/share/robot_description/package.ps1'
[8.217s] INFO:colcon.colcon_core.shell:Creating package descriptor '/home/arvi/bot_ws/install/robot_description/share/robot_description/package.dsv'
[8.218s] INFO:colcon.colcon_core.shell:Creating package script '/home/arvi/bot_ws/install/robot_description/share/robot_description/package.sh'
[8.219s] INFO:colcon.colcon_core.shell:Creating package script '/home/arvi/bot_ws/install/robot_description/share/robot_description/package.bash'
[8.220s] INFO:colcon.colcon_core.shell:Creating package script '/home/arvi/bot_ws/install/robot_description/share/robot_description/package.zsh'
[8.221s] Level 1:colcon.colcon_core.environment:create_file_with_runtime_dependencies(/home/arvi/bot_ws/install/robot_description/share/colcon-core/packages/robot_description)
[8.222s] Level 1:colcon.colcon_core.environment:checking '/home/arvi/bot_ws/install/teleop_twist_stamped' for CMake module files
[8.224s] Level 1:colcon.colcon_core.environment:checking '/home/arvi/bot_ws/install/teleop_twist_stamped' for CMake config files
[8.225s] DEBUG:colcon.colcon_core.event_handler.log_command:Invoked command in '/home/arvi/bot_ws/src/teleop_twist_stamped' returned '0': PYTHONPATH=/home/arvi/bot_ws/build/teleop_twist_stamped/prefix_override:/usr/lib/python3/dist-packages/colcon_core/task/python/colcon_distutils_commands:/home/arvi/bot_ws/install/teleop_twist_stamped/lib/python3.10/site-packages:${PYTHONPATH} /usr/bin/python3 -W ignore:setup.py install is deprecated -W ignore:easy_install command is deprecated setup.py egg_info --egg-base ../../build/teleop_twist_stamped build --build-base /home/arvi/bot_ws/build/teleop_twist_stamped/build install --record /home/arvi/bot_ws/build/teleop_twist_stamped/install.log --single-version-externally-managed install_data
[8.226s] Level 1:colcon.colcon_core.environment:checking '/home/arvi/bot_ws/install/teleop_twist_stamped/lib'
[8.226s] Level 1:colcon.colcon_core.environment:checking '/home/arvi/bot_ws/install/teleop_twist_stamped/bin'
[8.226s] Level 1:colcon.colcon_core.environment:checking '/home/arvi/bot_ws/install/teleop_twist_stamped/lib/pkgconfig/teleop_twist_stamped.pc'
[8.227s] Level 1:colcon.colcon_core.environment:checking '/home/arvi/bot_ws/install/teleop_twist_stamped/lib/python3.10/site-packages'
[8.227s] Level 1:colcon.colcon_core.shell:create_environment_hook('teleop_twist_stamped', 'pythonpath')
[8.228s] INFO:colcon.colcon_core.shell:Creating environment hook '/home/arvi/bot_ws/install/teleop_twist_stamped/share/teleop_twist_stamped/hook/pythonpath.ps1'
[8.229s] INFO:colcon.colcon_core.shell:Creating environment descriptor '/home/arvi/bot_ws/install/teleop_twist_stamped/share/teleop_twist_stamped/hook/pythonpath.dsv'
[8.230s] INFO:colcon.colcon_core.shell:Creating environment hook '/home/arvi/bot_ws/install/teleop_twist_stamped/share/teleop_twist_stamped/hook/pythonpath.sh'
[8.231s] Level 1:colcon.colcon_core.environment:checking '/home/arvi/bot_ws/install/teleop_twist_stamped/bin'
[8.231s] Level 1:colcon.colcon_core.environment:create_environment_scripts_only(teleop_twist_stamped)
[8.232s] INFO:colcon.colcon_core.shell:Creating package script '/home/arvi/bot_ws/install/teleop_twist_stamped/share/teleop_twist_stamped/package.ps1'
[8.233s] INFO:colcon.colcon_core.shell:Creating package descriptor '/home/arvi/bot_ws/install/teleop_twist_stamped/share/teleop_twist_stamped/package.dsv'
[8.234s] INFO:colcon.colcon_core.shell:Creating package script '/home/arvi/bot_ws/install/teleop_twist_stamped/share/teleop_twist_stamped/package.sh'
[8.235s] INFO:colcon.colcon_core.shell:Creating package script '/home/arvi/bot_ws/install/teleop_twist_stamped/share/teleop_twist_stamped/package.bash'
[8.236s] INFO:colcon.colcon_core.shell:Creating package script '/home/arvi/bot_ws/install/teleop_twist_stamped/share/teleop_twist_stamped/package.zsh'
[8.237s] Level 1:colcon.colcon_core.environment:create_file_with_runtime_dependencies(/home/arvi/bot_ws/install/teleop_twist_stamped/share/colcon-core/packages/teleop_twist_stamped)
[8.238s] DEBUG:colcon.colcon_parallel_executor.executor.parallel:closing loop
[8.239s] DEBUG:colcon.colcon_parallel_executor.executor.parallel:loop closed
[8.239s] DEBUG:colcon.colcon_parallel_executor.executor.parallel:run_until_complete finished with '0'
[8.239s] DEBUG:colcon.colcon_core.event_reactor:joining thread
[8.256s] INFO:colcon.colcon_core.plugin_system:Skipping extension 'colcon_notification.desktop_notification.terminal_notifier': Not used on non-Darwin systems
[8.256s] INFO:colcon.colcon_core.plugin_system:Skipping extension 'colcon_notification.desktop_notification.win32': Not used on non-Windows systems
[8.256s] INFO:colcon.colcon_notification.desktop_notification:Sending desktop notification using 'notify2'
[8.289s] DEBUG:colcon.colcon_core.event_reactor:joined thread
[8.290s] INFO:colcon.colcon_core.shell:Creating prefix script '/home/arvi/bot_ws/install/local_setup.ps1'
[8.293s] INFO:colcon.colcon_core.shell:Creating prefix util module '/home/arvi/bot_ws/install/_local_setup_util_ps1.py'
[8.297s] INFO:colcon.colcon_core.shell:Creating prefix chain script '/home/arvi/bot_ws/install/setup.ps1'
[8.300s] INFO:colcon.colcon_core.shell:Creating prefix script '/home/arvi/bot_ws/install/local_setup.sh'
[8.302s] INFO:colcon.colcon_core.shell:Creating prefix util module '/home/arvi/bot_ws/install/_local_setup_util_sh.py'
[8.303s] INFO:colcon.colcon_core.shell:Creating prefix chain script '/home/arvi/bot_ws/install/setup.sh'
[8.306s] INFO:colcon.colcon_core.shell:Creating prefix script '/home/arvi/bot_ws/install/local_setup.bash'
[8.308s] INFO:colcon.colcon_core.shell:Creating prefix chain script '/home/arvi/bot_ws/install/setup.bash'
[8.311s] INFO:colcon.colcon_core.shell:Creating prefix script '/home/arvi/bot_ws/install/local_setup.zsh'
[8.312s] INFO:colcon.colcon_core.shell:Creating prefix chain script '/home/arvi/bot_ws/install/setup.zsh'
