[0.031s] Invoking command in '/home/arvi/nav_ws/build/bot': CMAKE_PREFIX_PATH=${CMAKE_PREFIX_PATH}:/home/arvi/nav_ws/install/relay:/home/arvi/nav_ws/install/topic_relay:/home/arvi/nav_ws/src/install/topic_relay:/home/arvi/nav_ws/src/install/teleop_twist_stamped:/home/arvi/nav_ws/src/install/robot_description:/home/arvi/nav_ws/src/install/joint_states_merger:/home/arvi/nav_ws/src/install/image_flip_node:/home/arvi/nav_ws/install/teleop_twist_stamped:/home/arvi/nav_ws/install/robot_description:/home/arvi/nav_ws/install/joint_states_merger:/home/arvi/nav_ws/install/image_flip_node:/opt/ros/humble /usr/bin/cmake --build /home/arvi/nav_ws/build/bot -- -j16 -l16
[0.639s] [ 28%] Built target example_position
[0.639s] [ 28%] Built target example_position_pid
[0.639s] [ 42%] Built target example_tricycle_drive
[0.641s] [ 57%] Built target example_gripper
[0.641s] [ 71%] Built target example_velocity
[0.641s] [ 85%] Built target example_diff_drive
[0.641s] [100%] Built target example_effort
[0.787s] Invoked command in '/home/arvi/nav_ws/build/bot' returned '0': CMAKE_PREFIX_PATH=${CMAKE_PREFIX_PATH}:/home/arvi/nav_ws/install/relay:/home/arvi/nav_ws/install/topic_relay:/home/arvi/nav_ws/src/install/topic_relay:/home/arvi/nav_ws/src/install/teleop_twist_stamped:/home/arvi/nav_ws/src/install/robot_description:/home/arvi/nav_ws/src/install/joint_states_merger:/home/arvi/nav_ws/src/install/image_flip_node:/home/arvi/nav_ws/install/teleop_twist_stamped:/home/arvi/nav_ws/install/robot_description:/home/arvi/nav_ws/install/joint_states_merger:/home/arvi/nav_ws/install/image_flip_node:/opt/ros/humble /usr/bin/cmake --build /home/arvi/nav_ws/build/bot -- -j16 -l16
[0.793s] Invoking command in '/home/arvi/nav_ws/build/bot': CMAKE_PREFIX_PATH=${CMAKE_PREFIX_PATH}:/home/arvi/nav_ws/install/relay:/home/arvi/nav_ws/install/topic_relay:/home/arvi/nav_ws/src/install/topic_relay:/home/arvi/nav_ws/src/install/teleop_twist_stamped:/home/arvi/nav_ws/src/install/robot_description:/home/arvi/nav_ws/src/install/joint_states_merger:/home/arvi/nav_ws/src/install/image_flip_node:/home/arvi/nav_ws/install/teleop_twist_stamped:/home/arvi/nav_ws/install/robot_description:/home/arvi/nav_ws/install/joint_states_merger:/home/arvi/nav_ws/install/image_flip_node:/opt/ros/humble /usr/bin/cmake --install /home/arvi/nav_ws/build/bot
[0.800s] -- Install configuration: ""
[0.800s] -- Up-to-date: /home/arvi/nav_ws/install/bot/share/bot//launch
[0.800s] -- Up-to-date: /home/arvi/nav_ws/install/bot/share/bot//launch/diff_drive.launch.py
[0.801s] -- Up-to-date: /home/arvi/nav_ws/install/bot/share/bot//launch/rviz.launch.py
[0.802s] -- Up-to-date: /home/arvi/nav_ws/install/bot/share/bot//config
[0.804s] -- Up-to-date: /home/arvi/nav_ws/install/bot/share/bot//config/diff_drive_controller.yaml
[0.804s] -- Up-to-date: /home/arvi/nav_ws/install/bot/share/bot//config/mapper_params_online_async.yaml
[0.805s] -- Up-to-date: /home/arvi/nav_ws/install/bot/share/bot//config/rviz_confg.rviz
[0.805s] -- Up-to-date: /home/arvi/nav_ws/install/bot/share/bot//urdf
[0.805s] -- Up-to-date: /home/arvi/nav_ws/install/bot/share/bot//urdf/robot.urdf
[0.806s] -- Installing: /home/arvi/nav_ws/install/bot/share/bot//urdf/robot.gazebo
[0.806s] -- Up-to-date: /home/arvi/nav_ws/install/bot/share/bot//urdf/out.urdf
[0.806s] -- Up-to-date: /home/arvi/nav_ws/install/bot/share/bot//urdf/materials.xacro
[0.806s] -- Up-to-date: /home/arvi/nav_ws/install/bot/share/bot//urdf/depth_camera.xacro
[0.807s] -- Up-to-date: /home/arvi/nav_ws/install/bot/share/bot//urdf/robot.trans
[0.807s] -- Up-to-date: /home/arvi/nav_ws/install/bot/share/bot//urdf/robot.xacro
[0.807s] -- Up-to-date: /home/arvi/nav_ws/install/bot/share/bot//worlds
[0.807s] -- Up-to-date: /home/arvi/nav_ws/install/bot/share/bot//worlds/obstacles.world
[0.808s] -- Up-to-date: /home/arvi/nav_ws/install/bot/share/bot//worlds/empty.world
[0.808s] -- Up-to-date: /home/arvi/nav_ws/install/bot/lib/bot/example_position
[0.808s] -- Up-to-date: /home/arvi/nav_ws/install/bot/lib/bot/example_position_pid
[0.808s] -- Up-to-date: /home/arvi/nav_ws/install/bot/lib/bot/example_velocity
[0.808s] -- Up-to-date: /home/arvi/nav_ws/install/bot/lib/bot/example_effort
[0.808s] -- Up-to-date: /home/arvi/nav_ws/install/bot/lib/bot/example_diff_drive
[0.809s] -- Up-to-date: /home/arvi/nav_ws/install/bot/lib/bot/example_tricycle_drive
[0.809s] -- Up-to-date: /home/arvi/nav_ws/install/bot/lib/bot/example_gripper
[0.809s] -- Up-to-date: /home/arvi/nav_ws/install/bot/share/ament_index/resource_index/package_run_dependencies/bot
[0.809s] -- Up-to-date: /home/arvi/nav_ws/install/bot/share/ament_index/resource_index/parent_prefix_path/bot
[0.810s] -- Up-to-date: /home/arvi/nav_ws/install/bot/share/bot/environment/ament_prefix_path.sh
[0.810s] -- Up-to-date: /home/arvi/nav_ws/install/bot/share/bot/environment/ament_prefix_path.dsv
[0.810s] -- Up-to-date: /home/arvi/nav_ws/install/bot/share/bot/environment/path.sh
[0.810s] -- Up-to-date: /home/arvi/nav_ws/install/bot/share/bot/environment/path.dsv
[0.810s] -- Up-to-date: /home/arvi/nav_ws/install/bot/share/bot/local_setup.bash
[0.810s] -- Up-to-date: /home/arvi/nav_ws/install/bot/share/bot/local_setup.sh
[0.810s] -- Up-to-date: /home/arvi/nav_ws/install/bot/share/bot/local_setup.zsh
[0.811s] -- Up-to-date: /home/arvi/nav_ws/install/bot/share/bot/local_setup.dsv
[0.811s] -- Installing: /home/arvi/nav_ws/install/bot/share/bot/package.dsv
[0.811s] -- Up-to-date: /home/arvi/nav_ws/install/bot/share/ament_index/resource_index/packages/bot
[0.811s] -- Up-to-date: /home/arvi/nav_ws/install/bot/share/bot/cmake/botConfig.cmake
[0.811s] -- Up-to-date: /home/arvi/nav_ws/install/bot/share/bot/cmake/botConfig-version.cmake
[0.811s] -- Up-to-date: /home/arvi/nav_ws/install/bot/share/bot/package.xml
[0.811s] Invoked command in '/home/arvi/nav_ws/build/bot' returned '0': CMAKE_PREFIX_PATH=${CMAKE_PREFIX_PATH}:/home/arvi/nav_ws/install/relay:/home/arvi/nav_ws/install/topic_relay:/home/arvi/nav_ws/src/install/topic_relay:/home/arvi/nav_ws/src/install/teleop_twist_stamped:/home/arvi/nav_ws/src/install/robot_description:/home/arvi/nav_ws/src/install/joint_states_merger:/home/arvi/nav_ws/src/install/image_flip_node:/home/arvi/nav_ws/install/teleop_twist_stamped:/home/arvi/nav_ws/install/robot_description:/home/arvi/nav_ws/install/joint_states_merger:/home/arvi/nav_ws/install/image_flip_node:/opt/ros/humble /usr/bin/cmake --install /home/arvi/nav_ws/build/bot
