-- The C compiler identification is GNU 11.4.0
-- The CXX compiler identification is GNU 11.4.0
-- Detecting C compiler ABI info
-- Detecting C compiler ABI info - done
-- Check for working C compiler: /usr/bin/cc - skipped
-- Detecting C compile features
-- Detecting C compile features - done
-- Detecting CXX compiler ABI info
-- Detecting CXX compiler ABI info - done
-- Check for working CXX compiler: /usr/bin/c++ - skipped
-- Detecting CXX compile features
-- Detecting CXX compile features - done
-- Found ament_cmake: 1.3.11 (/opt/ros/humble/share/ament_cmake/cmake)
-- Found Python3: /usr/bin/python3 (found version "3.10.12") found components: Interpreter 
-- Found control_msgs: 4.8.0 (/opt/ros/humble/share/control_msgs/cmake)
-- Found rosidl_generator_c: 3.1.6 (/opt/ros/humble/share/rosidl_generator_c/cmake)
-- Found rosidl_adapter: 3.1.6 (/opt/ros/humble/share/rosidl_adapter/cmake)
-- Found rosidl_generator_cpp: 3.1.6 (/opt/ros/humble/share/rosidl_generator_cpp/cmake)
-- Using all available rosidl_typesupport_c: rosidl_typesupport_fastrtps_c;rosidl_typesupport_introspection_c
-- Using all available rosidl_typesupport_cpp: rosidl_typesupport_fastrtps_cpp;rosidl_typesupport_introspection_cpp
-- Found rclcpp: 16.0.12 (/opt/ros/humble/share/rclcpp/cmake)
-- Found rmw_implementation_cmake: 6.1.2 (/opt/ros/humble/share/rmw_implementation_cmake/cmake)
-- Found rmw_fastrtps_cpp: 6.2.7 (/opt/ros/humble/share/rmw_fastrtps_cpp/cmake)
-- Found OpenSSL: /usr/lib/x86_64-linux-gnu/libcrypto.so (found version "3.0.2")  
-- Found FastRTPS: /opt/ros/humble/include  
-- Using RMW implementation 'rmw_fastrtps_cpp' as default
-- Looking for pthread.h
-- Looking for pthread.h - found
-- Performing Test CMAKE_HAVE_LIBC_PTHREAD
-- Performing Test CMAKE_HAVE_LIBC_PTHREAD - Success
-- Found Threads: TRUE  
-- Found rclcpp_action: 16.0.12 (/opt/ros/humble/share/rclcpp_action/cmake)
-- Found ament_cmake_gtest: 1.3.11 (/opt/ros/humble/share/ament_cmake_gtest/cmake)
-- Found ament_lint_auto: 0.12.12 (/opt/ros/humble/share/ament_lint_auto/cmake)
-- Added test 'copyright' to check source files copyright and LICENSE
-- Added test 'cppcheck' to perform static code analysis on C / C++ code
-- Configured cppcheck include dirs: 
-- Configured cppcheck exclude dirs and/or files: 
-- Added test 'cpplint' to check C / C++ code against the Google style
-- Configured cpplint exclude dirs and/or files: 
-- Added test 'flake8' to check Python code syntax and style conventions
-- Added test 'lint_cmake' to check CMake code style
-- Added test 'pep257' to check Python code against some of the docstring style conventions in PEP 257
-- Added test 'uncrustify' to check C / C++ code style
-- Configured uncrustify additional arguments: 
-- Added test 'xmllint' to check XML markup files
-- Configuring done
-- Generating done
-- Build files have been written to: /home/arvi/nav_ws/build/bot
[  7%] [32mBuilding CXX object CMakeFiles/example_diff_drive.dir/examples/example_diff_drive.cpp.o[0m
[ 14%] [32mBuilding CXX object CMakeFiles/example_effort.dir/examples/example_effort.cpp.o[0m
[ 21%] [32mBuilding CXX object CMakeFiles/example_gripper.dir/examples/example_gripper.cpp.o[0m
[ 28%] [32mBuilding CXX object CMakeFiles/example_tricycle_drive.dir/examples/example_tricycle_drive.cpp.o[0m
[ 42%] [32mBuilding CXX object CMakeFiles/example_position.dir/examples/example_position.cpp.o[0m
[ 42%] [32mBuilding CXX object CMakeFiles/example_velocity.dir/examples/example_velocity.cpp.o[0m
[ 50%] [32mBuilding CXX object CMakeFiles/example_position_pid.dir/examples/example_position_pid.cpp.o[0m
[ 57%] [32m[1mLinking CXX executable example_diff_drive[0m
[ 64%] [32m[1mLinking CXX executable example_gripper[0m
[ 71%] [32m[1mLinking CXX executable example_velocity[0m
[ 71%] Built target example_diff_drive
[ 71%] Built target example_gripper
[ 71%] Built target example_velocity
[ 78%] [32m[1mLinking CXX executable example_effort[0m
[ 78%] Built target example_effort
[ 85%] [32m[1mLinking CXX executable example_tricycle_drive[0m
[ 85%] Built target example_tricycle_drive
[ 92%] [32m[1mLinking CXX executable example_position_pid[0m
[ 92%] Built target example_position_pid
[100%] [32m[1mLinking CXX executable example_position[0m
[100%] Built target example_position
-- Install configuration: ""
-- Installing: /home/arvi/nav_ws/install/bot/share/bot//launch
-- Installing: /home/arvi/nav_ws/install/bot/share/bot//launch/diff_drive.launch.py
-- Installing: /home/arvi/nav_ws/install/bot/share/bot//launch/rviz.launch.py
-- Installing: /home/arvi/nav_ws/install/bot/share/bot//config
-- Installing: /home/arvi/nav_ws/install/bot/share/bot//config/diff_drive_controller.yaml
-- Installing: /home/arvi/nav_ws/install/bot/share/bot//config/mapper_params_online_async.yaml
-- Installing: /home/arvi/nav_ws/install/bot/share/bot//config/rviz_confg.rviz
-- Installing: /home/arvi/nav_ws/install/bot/share/bot//urdf
-- Installing: /home/arvi/nav_ws/install/bot/share/bot//urdf/robot.urdf
-- Installing: /home/arvi/nav_ws/install/bot/share/bot//urdf/robot.gazebo
-- Installing: /home/arvi/nav_ws/install/bot/share/bot//urdf/out.urdf
-- Installing: /home/arvi/nav_ws/install/bot/share/bot//urdf/materials.xacro
-- Installing: /home/arvi/nav_ws/install/bot/share/bot//urdf/depth_camera.xacro
-- Installing: /home/arvi/nav_ws/install/bot/share/bot//urdf/robot.trans
-- Installing: /home/arvi/nav_ws/install/bot/share/bot//urdf/robot.xacro
-- Installing: /home/arvi/nav_ws/install/bot/share/bot//worlds
-- Installing: /home/arvi/nav_ws/install/bot/share/bot//worlds/obstacles.world
-- Installing: /home/arvi/nav_ws/install/bot/share/bot//worlds/empty.world
-- Installing: /home/arvi/nav_ws/install/bot/lib/bot/example_position
-- Set runtime path of "/home/arvi/nav_ws/install/bot/lib/bot/example_position" to ""
-- Installing: /home/arvi/nav_ws/install/bot/lib/bot/example_position_pid
-- Set runtime path of "/home/arvi/nav_ws/install/bot/lib/bot/example_position_pid" to ""
-- Installing: /home/arvi/nav_ws/install/bot/lib/bot/example_velocity
-- Set runtime path of "/home/arvi/nav_ws/install/bot/lib/bot/example_velocity" to ""
-- Installing: /home/arvi/nav_ws/install/bot/lib/bot/example_effort
-- Set runtime path of "/home/arvi/nav_ws/install/bot/lib/bot/example_effort" to ""
-- Installing: /home/arvi/nav_ws/install/bot/lib/bot/example_diff_drive
-- Set runtime path of "/home/arvi/nav_ws/install/bot/lib/bot/example_diff_drive" to ""
-- Installing: /home/arvi/nav_ws/install/bot/lib/bot/example_tricycle_drive
-- Set runtime path of "/home/arvi/nav_ws/install/bot/lib/bot/example_tricycle_drive" to ""
-- Installing: /home/arvi/nav_ws/install/bot/lib/bot/example_gripper
-- Set runtime path of "/home/arvi/nav_ws/install/bot/lib/bot/example_gripper" to ""
-- Installing: /home/arvi/nav_ws/install/bot/share/ament_index/resource_index/package_run_dependencies/bot
-- Installing: /home/arvi/nav_ws/install/bot/share/ament_index/resource_index/parent_prefix_path/bot
-- Installing: /home/arvi/nav_ws/install/bot/share/bot/environment/ament_prefix_path.sh
-- Installing: /home/arvi/nav_ws/install/bot/share/bot/environment/ament_prefix_path.dsv
-- Installing: /home/arvi/nav_ws/install/bot/share/bot/environment/path.sh
-- Installing: /home/arvi/nav_ws/install/bot/share/bot/environment/path.dsv
-- Installing: /home/arvi/nav_ws/install/bot/share/bot/local_setup.bash
-- Installing: /home/arvi/nav_ws/install/bot/share/bot/local_setup.sh
-- Installing: /home/arvi/nav_ws/install/bot/share/bot/local_setup.zsh
-- Installing: /home/arvi/nav_ws/install/bot/share/bot/local_setup.dsv
-- Installing: /home/arvi/nav_ws/install/bot/share/bot/package.dsv
-- Installing: /home/arvi/nav_ws/install/bot/share/ament_index/resource_index/packages/bot
-- Installing: /home/arvi/nav_ws/install/bot/share/bot/cmake/botConfig.cmake
-- Installing: /home/arvi/nav_ws/install/bot/share/bot/cmake/botConfig-version.cmake
-- Installing: /home/arvi/nav_ws/install/bot/share/bot/package.xml
