[0.019s] Invoking command in '/home/arvi/nav_ws/build/bot': CMAKE_PREFIX_PATH=${CMAKE_PREFIX_PATH}:/home/arvi/nav_ws/install/relay:/home/arvi/nav_ws/install/topic_relay:/home/arvi/nav_ws/src/install/topic_relay:/home/arvi/nav_ws/src/install/teleop_twist_stamped:/home/arvi/nav_ws/src/install/robot_description:/home/arvi/nav_ws/src/install/joint_states_merger:/home/arvi/nav_ws/src/install/image_flip_node:/home/arvi/nav_ws/install/teleop_twist_stamped:/home/arvi/nav_ws/install/robot_description:/home/arvi/nav_ws/install/joint_states_merger:/home/arvi/nav_ws/install/image_flip_node:/opt/ros/humble /usr/bin/cmake /home/arvi/nav_ws/src/bot -DCMAKE_INSTALL_PREFIX=/home/arvi/nav_ws/install/bot
[0.615s] -- The C compiler identification is GNU 11.4.0
[0.615s] -- The CXX compiler identification is GNU 11.4.0
[0.615s] -- Detecting C compiler ABI info
[0.615s] -- Detecting C compiler ABI info - done
[0.615s] -- Check for working C compiler: /usr/bin/cc - skipped
[0.615s] -- Detecting C compile features
[0.615s] -- Detecting C compile features - done
[0.615s] -- Detecting CXX compiler ABI info
[0.615s] -- Detecting CXX compiler ABI info - done
[0.615s] -- Check for working CXX compiler: /usr/bin/c++ - skipped
[0.615s] -- Detecting CXX compile features
[0.615s] -- Detecting CXX compile features - done
[0.616s] -- Found ament_cmake: 1.3.11 (/opt/ros/humble/share/ament_cmake/cmake)
[0.616s] -- Found Python3: /usr/bin/python3 (found version "3.10.12") found components: Interpreter 
[0.616s] -- Found control_msgs: 4.8.0 (/opt/ros/humble/share/control_msgs/cmake)
[0.616s] -- Found rosidl_generator_c: 3.1.6 (/opt/ros/humble/share/rosidl_generator_c/cmake)
[0.616s] -- Found rosidl_adapter: 3.1.6 (/opt/ros/humble/share/rosidl_adapter/cmake)
[0.616s] -- Found rosidl_generator_cpp: 3.1.6 (/opt/ros/humble/share/rosidl_generator_cpp/cmake)
[0.616s] -- Using all available rosidl_typesupport_c: rosidl_typesupport_fastrtps_c;rosidl_typesupport_introspection_c
[0.616s] -- Using all available rosidl_typesupport_cpp: rosidl_typesupport_fastrtps_cpp;rosidl_typesupport_introspection_cpp
[0.616s] -- Found rclcpp: 16.0.12 (/opt/ros/humble/share/rclcpp/cmake)
[0.616s] -- Found rmw_implementation_cmake: 6.1.2 (/opt/ros/humble/share/rmw_implementation_cmake/cmake)
[0.616s] -- Found rmw_fastrtps_cpp: 6.2.7 (/opt/ros/humble/share/rmw_fastrtps_cpp/cmake)
[0.622s] -- Found OpenSSL: /usr/lib/x86_64-linux-gnu/libcrypto.so (found version "3.0.2")  
[0.640s] -- Found FastRTPS: /opt/ros/humble/include  
[0.669s] -- Using RMW implementation 'rmw_fastrtps_cpp' as default
[0.675s] -- Looking for pthread.h
[0.731s] -- Looking for pthread.h - found
[0.731s] -- Performing Test CMAKE_HAVE_LIBC_PTHREAD
[0.787s] -- Performing Test CMAKE_HAVE_LIBC_PTHREAD - Success
[0.789s] -- Found Threads: TRUE  
[0.824s] -- Found rclcpp_action: 16.0.12 (/opt/ros/humble/share/rclcpp_action/cmake)
[0.842s] -- Found ament_cmake_gtest: 1.3.11 (/opt/ros/humble/share/ament_cmake_gtest/cmake)
[0.844s] -- Found ament_lint_auto: 0.12.12 (/opt/ros/humble/share/ament_lint_auto/cmake)
[0.921s] -- Added test 'copyright' to check source files copyright and LICENSE
[0.923s] -- Added test 'cppcheck' to perform static code analysis on C / C++ code
[0.923s] -- Configured cppcheck include dirs: 
[0.924s] -- Configured cppcheck exclude dirs and/or files: 
[0.925s] -- Added test 'cpplint' to check C / C++ code against the Google style
[0.925s] -- Configured cpplint exclude dirs and/or files: 
[0.926s] -- Added test 'flake8' to check Python code syntax and style conventions
[0.927s] -- Added test 'lint_cmake' to check CMake code style
[0.927s] -- Added test 'pep257' to check Python code against some of the docstring style conventions in PEP 257
[0.929s] -- Added test 'uncrustify' to check C / C++ code style
[0.929s] -- Configured uncrustify additional arguments: 
[0.930s] -- Added test 'xmllint' to check XML markup files
[0.931s] -- Configuring done
[0.954s] -- Generating done
[0.964s] -- Build files have been written to: /home/arvi/nav_ws/build/bot
[0.973s] Invoked command in '/home/arvi/nav_ws/build/bot' returned '0': CMAKE_PREFIX_PATH=${CMAKE_PREFIX_PATH}:/home/arvi/nav_ws/install/relay:/home/arvi/nav_ws/install/topic_relay:/home/arvi/nav_ws/src/install/topic_relay:/home/arvi/nav_ws/src/install/teleop_twist_stamped:/home/arvi/nav_ws/src/install/robot_description:/home/arvi/nav_ws/src/install/joint_states_merger:/home/arvi/nav_ws/src/install/image_flip_node:/home/arvi/nav_ws/install/teleop_twist_stamped:/home/arvi/nav_ws/install/robot_description:/home/arvi/nav_ws/install/joint_states_merger:/home/arvi/nav_ws/install/image_flip_node:/opt/ros/humble /usr/bin/cmake /home/arvi/nav_ws/src/bot -DCMAKE_INSTALL_PREFIX=/home/arvi/nav_ws/install/bot
[0.975s] Invoking command in '/home/arvi/nav_ws/build/bot': CMAKE_PREFIX_PATH=${CMAKE_PREFIX_PATH}:/home/arvi/nav_ws/install/relay:/home/arvi/nav_ws/install/topic_relay:/home/arvi/nav_ws/src/install/topic_relay:/home/arvi/nav_ws/src/install/teleop_twist_stamped:/home/arvi/nav_ws/src/install/robot_description:/home/arvi/nav_ws/src/install/joint_states_merger:/home/arvi/nav_ws/src/install/image_flip_node:/home/arvi/nav_ws/install/teleop_twist_stamped:/home/arvi/nav_ws/install/robot_description:/home/arvi/nav_ws/install/joint_states_merger:/home/arvi/nav_ws/install/image_flip_node:/opt/ros/humble /usr/bin/cmake --build /home/arvi/nav_ws/build/bot -- -j16 -l16
[1.030s] [  7%] [32mBuilding CXX object CMakeFiles/example_diff_drive.dir/examples/example_diff_drive.cpp.o[0m
[1.030s] [ 14%] [32mBuilding CXX object CMakeFiles/example_effort.dir/examples/example_effort.cpp.o[0m
[1.030s] [ 21%] [32mBuilding CXX object CMakeFiles/example_gripper.dir/examples/example_gripper.cpp.o[0m
[1.032s] [ 28%] [32mBuilding CXX object CMakeFiles/example_tricycle_drive.dir/examples/example_tricycle_drive.cpp.o[0m
[1.033s] [ 42%] [32mBuilding CXX object CMakeFiles/example_position.dir/examples/example_position.cpp.o[0m
[1.033s] [ 42%] [32mBuilding CXX object CMakeFiles/example_velocity.dir/examples/example_velocity.cpp.o[0m
[1.040s] [ 50%] [32mBuilding CXX object CMakeFiles/example_position_pid.dir/examples/example_position_pid.cpp.o[0m
[5.607s] [ 57%] [32m[1mLinking CXX executable example_diff_drive[0m
[5.782s] [ 64%] [32m[1mLinking CXX executable example_gripper[0m
[5.860s] [ 71%] [32m[1mLinking CXX executable example_velocity[0m
[5.871s] [ 71%] Built target example_diff_drive
[6.079s] [ 71%] Built target example_gripper
[6.117s] [ 71%] Built target example_velocity
[6.593s] [ 78%] [32m[1mLinking CXX executable example_effort[0m
[6.825s] [ 78%] Built target example_effort
[6.970s] [ 85%] [32m[1mLinking CXX executable example_tricycle_drive[0m
[7.172s] [ 85%] Built target example_tricycle_drive
[7.629s] [ 92%] [32m[1mLinking CXX executable example_position_pid[0m
[7.786s] [ 92%] Built target example_position_pid
[8.008s] [100%] [32m[1mLinking CXX executable example_position[0m
[8.174s] [100%] Built target example_position
[8.185s] Invoked command in '/home/arvi/nav_ws/build/bot' returned '0': CMAKE_PREFIX_PATH=${CMAKE_PREFIX_PATH}:/home/arvi/nav_ws/install/relay:/home/arvi/nav_ws/install/topic_relay:/home/arvi/nav_ws/src/install/topic_relay:/home/arvi/nav_ws/src/install/teleop_twist_stamped:/home/arvi/nav_ws/src/install/robot_description:/home/arvi/nav_ws/src/install/joint_states_merger:/home/arvi/nav_ws/src/install/image_flip_node:/home/arvi/nav_ws/install/teleop_twist_stamped:/home/arvi/nav_ws/install/robot_description:/home/arvi/nav_ws/install/joint_states_merger:/home/arvi/nav_ws/install/image_flip_node:/opt/ros/humble /usr/bin/cmake --build /home/arvi/nav_ws/build/bot -- -j16 -l16
[8.193s] Invoking command in '/home/arvi/nav_ws/build/bot': CMAKE_PREFIX_PATH=${CMAKE_PREFIX_PATH}:/home/arvi/nav_ws/install/relay:/home/arvi/nav_ws/install/topic_relay:/home/arvi/nav_ws/src/install/topic_relay:/home/arvi/nav_ws/src/install/teleop_twist_stamped:/home/arvi/nav_ws/src/install/robot_description:/home/arvi/nav_ws/src/install/joint_states_merger:/home/arvi/nav_ws/src/install/image_flip_node:/home/arvi/nav_ws/install/teleop_twist_stamped:/home/arvi/nav_ws/install/robot_description:/home/arvi/nav_ws/install/joint_states_merger:/home/arvi/nav_ws/install/image_flip_node:/opt/ros/humble /usr/bin/cmake --install /home/arvi/nav_ws/build/bot
[8.199s] -- Install configuration: ""
[8.199s] -- Installing: /home/arvi/nav_ws/install/bot/share/bot//launch
[8.199s] -- Installing: /home/arvi/nav_ws/install/bot/share/bot//launch/diff_drive.launch.py
[8.199s] -- Installing: /home/arvi/nav_ws/install/bot/share/bot//launch/rviz.launch.py
[8.199s] -- Installing: /home/arvi/nav_ws/install/bot/share/bot//config
[8.199s] -- Installing: /home/arvi/nav_ws/install/bot/share/bot//config/diff_drive_controller.yaml
[8.199s] -- Installing: /home/arvi/nav_ws/install/bot/share/bot//config/mapper_params_online_async.yaml
[8.199s] -- Installing: /home/arvi/nav_ws/install/bot/share/bot//config/rviz_confg.rviz
[8.199s] -- Installing: /home/arvi/nav_ws/install/bot/share/bot//urdf
[8.199s] -- Installing: /home/arvi/nav_ws/install/bot/share/bot//urdf/robot.urdf
[8.200s] -- Installing: /home/arvi/nav_ws/install/bot/share/bot//urdf/robot.gazebo
[8.200s] -- Installing: /home/arvi/nav_ws/install/bot/share/bot//urdf/out.urdf
[8.200s] -- Installing: /home/arvi/nav_ws/install/bot/share/bot//urdf/materials.xacro
[8.200s] -- Installing: /home/arvi/nav_ws/install/bot/share/bot//urdf/depth_camera.xacro
[8.200s] -- Installing: /home/arvi/nav_ws/install/bot/share/bot//urdf/robot.trans
[8.200s] -- Installing: /home/arvi/nav_ws/install/bot/share/bot//urdf/robot.xacro
[8.200s] -- Installing: /home/arvi/nav_ws/install/bot/share/bot//worlds
[8.200s] -- Installing: /home/arvi/nav_ws/install/bot/share/bot//worlds/obstacles.world
[8.200s] -- Installing: /home/arvi/nav_ws/install/bot/share/bot//worlds/empty.world
[8.200s] -- Installing: /home/arvi/nav_ws/install/bot/lib/bot/example_position
[8.200s] -- Set runtime path of "/home/arvi/nav_ws/install/bot/lib/bot/example_position" to ""
[8.201s] -- Installing: /home/arvi/nav_ws/install/bot/lib/bot/example_position_pid
[8.201s] -- Set runtime path of "/home/arvi/nav_ws/install/bot/lib/bot/example_position_pid" to ""
[8.201s] -- Installing: /home/arvi/nav_ws/install/bot/lib/bot/example_velocity
[8.202s] -- Set runtime path of "/home/arvi/nav_ws/install/bot/lib/bot/example_velocity" to ""
[8.202s] -- Installing: /home/arvi/nav_ws/install/bot/lib/bot/example_effort
[8.202s] -- Set runtime path of "/home/arvi/nav_ws/install/bot/lib/bot/example_effort" to ""
[8.202s] -- Installing: /home/arvi/nav_ws/install/bot/lib/bot/example_diff_drive
[8.203s] -- Set runtime path of "/home/arvi/nav_ws/install/bot/lib/bot/example_diff_drive" to ""
[8.203s] -- Installing: /home/arvi/nav_ws/install/bot/lib/bot/example_tricycle_drive
[8.204s] -- Set runtime path of "/home/arvi/nav_ws/install/bot/lib/bot/example_tricycle_drive" to ""
[8.204s] -- Installing: /home/arvi/nav_ws/install/bot/lib/bot/example_gripper
[8.204s] -- Set runtime path of "/home/arvi/nav_ws/install/bot/lib/bot/example_gripper" to ""
[8.204s] -- Installing: /home/arvi/nav_ws/install/bot/share/ament_index/resource_index/package_run_dependencies/bot
[8.204s] -- Installing: /home/arvi/nav_ws/install/bot/share/ament_index/resource_index/parent_prefix_path/bot
[8.204s] -- Installing: /home/arvi/nav_ws/install/bot/share/bot/environment/ament_prefix_path.sh
[8.205s] -- Installing: /home/arvi/nav_ws/install/bot/share/bot/environment/ament_prefix_path.dsv
[8.205s] -- Installing: /home/arvi/nav_ws/install/bot/share/bot/environment/path.sh
[8.205s] -- Installing: /home/arvi/nav_ws/install/bot/share/bot/environment/path.dsv
[8.205s] -- Installing: /home/arvi/nav_ws/install/bot/share/bot/local_setup.bash
[8.205s] -- Installing: /home/arvi/nav_ws/install/bot/share/bot/local_setup.sh
[8.205s] -- Installing: /home/arvi/nav_ws/install/bot/share/bot/local_setup.zsh
[8.205s] -- Installing: /home/arvi/nav_ws/install/bot/share/bot/local_setup.dsv
[8.205s] -- Installing: /home/arvi/nav_ws/install/bot/share/bot/package.dsv
[8.205s] -- Installing: /home/arvi/nav_ws/install/bot/share/ament_index/resource_index/packages/bot
[8.205s] -- Installing: /home/arvi/nav_ws/install/bot/share/bot/cmake/botConfig.cmake
[8.205s] -- Installing: /home/arvi/nav_ws/install/bot/share/bot/cmake/botConfig-version.cmake
[8.205s] -- Installing: /home/arvi/nav_ws/install/bot/share/bot/package.xml
[8.207s] Invoked command in '/home/arvi/nav_ws/build/bot' returned '0': CMAKE_PREFIX_PATH=${CMAKE_PREFIX_PATH}:/home/arvi/nav_ws/install/relay:/home/arvi/nav_ws/install/topic_relay:/home/arvi/nav_ws/src/install/topic_relay:/home/arvi/nav_ws/src/install/teleop_twist_stamped:/home/arvi/nav_ws/src/install/robot_description:/home/arvi/nav_ws/src/install/joint_states_merger:/home/arvi/nav_ws/src/install/image_flip_node:/home/arvi/nav_ws/install/teleop_twist_stamped:/home/arvi/nav_ws/install/robot_description:/home/arvi/nav_ws/install/joint_states_merger:/home/arvi/nav_ws/install/image_flip_node:/opt/ros/humble /usr/bin/cmake --install /home/arvi/nav_ws/build/bot
