running egg_info
creating ../../build/topic_relay/topic_relay.egg-info
writing ../../build/topic_relay/topic_relay.egg-info/PKG-INFO
writing dependency_links to ../../build/topic_relay/topic_relay.egg-info/dependency_links.txt
writing entry points to ../../build/topic_relay/topic_relay.egg-info/entry_points.txt
writing requirements to ../../build/topic_relay/topic_relay.egg-info/requires.txt
writing top-level names to ../../build/topic_relay/topic_relay.egg-info/top_level.txt
writing manifest file '../../build/topic_relay/topic_relay.egg-info/SOURCES.txt'
reading manifest file '../../build/topic_relay/topic_relay.egg-info/SOURCES.txt'
writing manifest file '../../build/topic_relay/topic_relay.egg-info/SOURCES.txt'
running build
running build_py
creating /home/arvi/nav_ws/build/topic_relay/build
creating /home/arvi/nav_ws/build/topic_relay/build/lib
creating /home/arvi/nav_ws/build/topic_relay/build/lib/topic_relay
copying topic_relay/__init__.py -> /home/arvi/nav_ws/build/topic_relay/build/lib/topic_relay
copying topic_relay/odom_relay_node.py -> /home/arvi/nav_ws/build/topic_relay/build/lib/topic_relay
running install
running install_lib
creating /home/arvi/nav_ws/install/topic_relay/lib/python3.10/site-packages/topic_relay
copying /home/arvi/nav_ws/build/topic_relay/build/lib/topic_relay/__init__.py -> /home/arvi/nav_ws/install/topic_relay/lib/python3.10/site-packages/topic_relay
copying /home/arvi/nav_ws/build/topic_relay/build/lib/topic_relay/odom_relay_node.py -> /home/arvi/nav_ws/install/topic_relay/lib/python3.10/site-packages/topic_relay
byte-compiling /home/arvi/nav_ws/install/topic_relay/lib/python3.10/site-packages/topic_relay/__init__.py to __init__.cpython-310.pyc
byte-compiling /home/arvi/nav_ws/install/topic_relay/lib/python3.10/site-packages/topic_relay/odom_relay_node.py to odom_relay_node.cpython-310.pyc
running install_data
creating /home/arvi/nav_ws/install/topic_relay/share/ament_index
creating /home/arvi/nav_ws/install/topic_relay/share/ament_index/resource_index
creating /home/arvi/nav_ws/install/topic_relay/share/ament_index/resource_index/packages
copying resource/topic_relay -> /home/arvi/nav_ws/install/topic_relay/share/ament_index/resource_index/packages
copying package.xml -> /home/arvi/nav_ws/install/topic_relay/share/topic_relay
running install_egg_info
Copying ../../build/topic_relay/topic_relay.egg-info to /home/arvi/nav_ws/install/topic_relay/lib/python3.10/site-packages/topic_relay-0.0.0-py3.10.egg-info
running install_scripts
Installing odom_relay_node script to /home/arvi/nav_ws/install/topic_relay/lib/topic_relay
writing list of installed files to '/home/arvi/nav_ws/build/topic_relay/install.log'
