[1.040s] Invoking command in '/home/arvi/bot_ws/src/image_flip_node': PYTHONPATH=/home/arvi/bot_ws/build/image_flip_node/prefix_override:/usr/lib/python3/dist-packages/colcon_core/task/python/colcon_distutils_commands:/home/arvi/bot_ws/install/image_flip_node/lib/python3.10/site-packages:${PYTHONPATH} /usr/bin/python3 -W ignore:setup.py install is deprecated -W ignore:easy_install command is deprecated setup.py egg_info --egg-base ../../build/image_flip_node build --build-base /home/arvi/bot_ws/build/image_flip_node/build install --record /home/arvi/bot_ws/build/image_flip_node/install.log --single-version-externally-managed install_data
[1.244s] running egg_info
[1.245s] creating ../../build/image_flip_node/image_flip_node.egg-info
[1.245s] writing ../../build/image_flip_node/image_flip_node.egg-info/PKG-INFO
[1.245s] writing dependency_links to ../../build/image_flip_node/image_flip_node.egg-info/dependency_links.txt
[1.245s] writing entry points to ../../build/image_flip_node/image_flip_node.egg-info/entry_points.txt
[1.246s] writing requirements to ../../build/image_flip_node/image_flip_node.egg-info/requires.txt
[1.246s] writing top-level names to ../../build/image_flip_node/image_flip_node.egg-info/top_level.txt
[1.246s] writing manifest file '../../build/image_flip_node/image_flip_node.egg-info/SOURCES.txt'
[1.248s] reading manifest file '../../build/image_flip_node/image_flip_node.egg-info/SOURCES.txt'
[1.249s] writing manifest file '../../build/image_flip_node/image_flip_node.egg-info/SOURCES.txt'
[1.249s] running build
[1.249s] running build_py
[1.249s] creating /home/arvi/bot_ws/build/image_flip_node/build
[1.250s] creating /home/arvi/bot_ws/build/image_flip_node/build/lib
[1.250s] creating /home/arvi/bot_ws/build/image_flip_node/build/lib/image_flip_node
[1.250s] copying image_flip_node/__init__.py -> /home/arvi/bot_ws/build/image_flip_node/build/lib/image_flip_node
[1.250s] copying image_flip_node/image_file_node.py -> /home/arvi/bot_ws/build/image_flip_node/build/lib/image_flip_node
[1.250s] running install
[1.250s] running install_lib
[1.251s] creating /home/arvi/bot_ws/install/image_flip_node/lib/python3.10/site-packages/image_flip_node
[1.251s] copying /home/arvi/bot_ws/build/image_flip_node/build/lib/image_flip_node/__init__.py -> /home/arvi/bot_ws/install/image_flip_node/lib/python3.10/site-packages/image_flip_node
[1.251s] copying /home/arvi/bot_ws/build/image_flip_node/build/lib/image_flip_node/image_file_node.py -> /home/arvi/bot_ws/install/image_flip_node/lib/python3.10/site-packages/image_flip_node
[1.251s] byte-compiling /home/arvi/bot_ws/install/image_flip_node/lib/python3.10/site-packages/image_flip_node/__init__.py to __init__.cpython-310.pyc
[1.252s] byte-compiling /home/arvi/bot_ws/install/image_flip_node/lib/python3.10/site-packages/image_flip_node/image_file_node.py to image_file_node.cpython-310.pyc
[1.252s] running install_data
[1.252s] creating /home/arvi/bot_ws/install/image_flip_node/share/ament_index
[1.252s] creating /home/arvi/bot_ws/install/image_flip_node/share/ament_index/resource_index
[1.252s] creating /home/arvi/bot_ws/install/image_flip_node/share/ament_index/resource_index/packages
[1.252s] copying resource/image_flip_node -> /home/arvi/bot_ws/install/image_flip_node/share/ament_index/resource_index/packages
[1.252s] copying package.xml -> /home/arvi/bot_ws/install/image_flip_node/share/image_flip_node
[1.252s] running install_egg_info
[1.253s] Copying ../../build/image_flip_node/image_flip_node.egg-info to /home/arvi/bot_ws/install/image_flip_node/lib/python3.10/site-packages/image_flip_node-0.0.0-py3.10.egg-info
[1.254s] running install_scripts
[1.276s] Installing image_flip script to /home/arvi/bot_ws/install/image_flip_node/lib/image_flip_node
[1.277s] writing list of installed files to '/home/arvi/bot_ws/build/image_flip_node/install.log'
[1.301s] Invoked command in '/home/arvi/bot_ws/src/image_flip_node' returned '0': PYTHONPATH=/home/arvi/bot_ws/build/image_flip_node/prefix_override:/usr/lib/python3/dist-packages/colcon_core/task/python/colcon_distutils_commands:/home/arvi/bot_ws/install/image_flip_node/lib/python3.10/site-packages:${PYTHONPATH} /usr/bin/python3 -W ignore:setup.py install is deprecated -W ignore:easy_install command is deprecated setup.py egg_info --egg-base ../../build/image_flip_node build --build-base /home/arvi/bot_ws/build/image_flip_node/build install --record /home/arvi/bot_ws/build/image_flip_node/install.log --single-version-externally-managed install_data
