[0.011s] Invoking command in '/home/arvi/bot_ws/build/bot': CMAKE_PREFIX_PATH=${CMAKE_PREFIX_PATH}:/home/arvi/bot_ws/install/teleop_twist_stamped:/home/arvi/bot_ws/install/robot_description:/opt/ros/humble /usr/bin/cmake /home/arvi/bot_ws/src/bot -DCMAKE_INSTALL_PREFIX=/home/arvi/bot_ws/install/bot
[0.171s] -- The C compiler identification is GNU 11.4.0
[0.171s] -- The CXX compiler identification is GNU 11.4.0
[0.172s] -- Detecting C compiler ABI info
[0.172s] -- Detecting C compiler ABI info - done
[0.173s] -- Check for working C compiler: /usr/bin/cc - skipped
[0.173s] -- Detecting C compile features
[0.173s] -- Detecting C compile features - done
[0.175s] -- Detecting CXX compiler ABI info
[0.239s] -- Detecting CXX compiler ABI info - done
[0.244s] -- Check for working CXX compiler: /usr/bin/c++ - skipped
[0.244s] -- Detecting CXX compile features
[0.245s] -- Detecting CXX compile features - done
[0.246s] -- Found ament_cmake: 1.3.11 (/opt/ros/humble/share/ament_cmake/cmake)
[0.365s] -- Found Python3: /usr/bin/python3 (found version "3.10.12") found components: Interpreter 
[0.442s] -- Found control_msgs: 4.8.0 (/opt/ros/humble/share/control_msgs/cmake)
[0.471s] -- Found rosidl_generator_c: 3.1.6 (/opt/ros/humble/share/rosidl_generator_c/cmake)
[0.474s] -- Found rosidl_adapter: 3.1.6 (/opt/ros/humble/share/rosidl_adapter/cmake)
[0.480s] -- Found rosidl_generator_cpp: 3.1.6 (/opt/ros/humble/share/rosidl_generator_cpp/cmake)
[0.488s] -- Using all available rosidl_typesupport_c: rosidl_typesupport_fastrtps_c;rosidl_typesupport_introspection_c
[0.499s] -- Using all available rosidl_typesupport_cpp: rosidl_typesupport_fastrtps_cpp;rosidl_typesupport_introspection_cpp
[0.593s] -- Found rclcpp: 16.0.12 (/opt/ros/humble/share/rclcpp/cmake)
[0.618s] -- Found rmw_implementation_cmake: 6.1.2 (/opt/ros/humble/share/rmw_implementation_cmake/cmake)
[0.620s] -- Found rmw_fastrtps_cpp: 6.2.7 (/opt/ros/humble/share/rmw_fastrtps_cpp/cmake)
[0.687s] -- Found OpenSSL: /usr/lib/x86_64-linux-gnu/libcrypto.so (found version "3.0.2")  
[0.707s] -- Found FastRTPS: /opt/ros/humble/include  
[0.743s] -- Using RMW implementation 'rmw_fastrtps_cpp' as default
[0.749s] -- Looking for pthread.h
[0.809s] -- Looking for pthread.h - found
[0.810s] -- Performing Test CMAKE_HAVE_LIBC_PTHREAD
[0.877s] -- Performing Test CMAKE_HAVE_LIBC_PTHREAD - Success
[0.878s] -- Found Threads: TRUE  
[0.900s] -- Found rclcpp_action: 16.0.12 (/opt/ros/humble/share/rclcpp_action/cmake)
[0.910s] -- Found ament_cmake_gtest: 1.3.11 (/opt/ros/humble/share/ament_cmake_gtest/cmake)
[0.911s] -- Found ament_lint_auto: 0.12.12 (/opt/ros/humble/share/ament_lint_auto/cmake)
[0.957s] -- Added test 'copyright' to check source files copyright and LICENSE
[0.958s] -- Added test 'cppcheck' to perform static code analysis on C / C++ code
[0.959s] -- Configured cppcheck include dirs: 
[0.959s] -- Configured cppcheck exclude dirs and/or files: 
[0.960s] -- Added test 'cpplint' to check C / C++ code against the Google style
[0.960s] -- Configured cpplint exclude dirs and/or files: 
[0.960s] -- Added test 'flake8' to check Python code syntax and style conventions
[0.961s] -- Added test 'lint_cmake' to check CMake code style
[0.961s] -- Added test 'pep257' to check Python code against some of the docstring style conventions in PEP 257
[0.962s] -- Added test 'uncrustify' to check C / C++ code style
[0.962s] -- Configured uncrustify additional arguments: 
[0.963s] -- Added test 'xmllint' to check XML markup files
[0.963s] -- Configuring done
[0.980s] -- Generating done
[0.986s] -- Build files have been written to: /home/arvi/bot_ws/build/bot
[0.992s] Invoked command in '/home/arvi/bot_ws/build/bot' returned '0': CMAKE_PREFIX_PATH=${CMAKE_PREFIX_PATH}:/home/arvi/bot_ws/install/teleop_twist_stamped:/home/arvi/bot_ws/install/robot_description:/opt/ros/humble /usr/bin/cmake /home/arvi/bot_ws/src/bot -DCMAKE_INSTALL_PREFIX=/home/arvi/bot_ws/install/bot
[0.994s] Invoking command in '/home/arvi/bot_ws/build/bot': CMAKE_PREFIX_PATH=${CMAKE_PREFIX_PATH}:/home/arvi/bot_ws/install/teleop_twist_stamped:/home/arvi/bot_ws/install/robot_description:/opt/ros/humble /usr/bin/cmake --build /home/arvi/bot_ws/build/bot -- -j16 -l16
[1.036s] [  7%] [32mBuilding CXX object CMakeFiles/example_position.dir/examples/example_position.cpp.o[0m
[1.037s] [ 14%] [32mBuilding CXX object CMakeFiles/example_gripper.dir/examples/example_gripper.cpp.o[0m
[1.039s] [ 21%] [32mBuilding CXX object CMakeFiles/example_tricycle_drive.dir/examples/example_tricycle_drive.cpp.o[0m
[1.039s] [ 28%] [32mBuilding CXX object CMakeFiles/example_diff_drive.dir/examples/example_diff_drive.cpp.o[0m
[1.040s] [ 35%] [32mBuilding CXX object CMakeFiles/example_velocity.dir/examples/example_velocity.cpp.o[0m
[1.042s] [ 42%] [32mBuilding CXX object CMakeFiles/example_effort.dir/examples/example_effort.cpp.o[0m
[1.044s] [ 50%] [32mBuilding CXX object CMakeFiles/example_position_pid.dir/examples/example_position_pid.cpp.o[0m
[4.843s] [ 57%] [32m[1mLinking CXX executable example_velocity[0m
[4.884s] [ 64%] [32m[1mLinking CXX executable example_tricycle_drive[0m
[5.052s] [ 64%] Built target example_velocity
[5.080s] [ 64%] Built target example_tricycle_drive
[5.167s] [ 71%] [32m[1mLinking CXX executable example_position[0m
[5.370s] [ 71%] Built target example_position
[5.509s] [ 78%] [32m[1mLinking CXX executable example_gripper[0m
[5.659s] [ 78%] Built target example_gripper
[5.827s] [ 85%] [32m[1mLinking CXX executable example_effort[0m
[5.897s] [ 92%] [32m[1mLinking CXX executable example_position_pid[0m
[5.961s] [ 92%] Built target example_effort
[6.022s] [ 92%] Built target example_position_pid
[6.183s] [100%] [32m[1mLinking CXX executable example_diff_drive[0m
[6.292s] [100%] Built target example_diff_drive
[6.301s] Invoked command in '/home/arvi/bot_ws/build/bot' returned '0': CMAKE_PREFIX_PATH=${CMAKE_PREFIX_PATH}:/home/arvi/bot_ws/install/teleop_twist_stamped:/home/arvi/bot_ws/install/robot_description:/opt/ros/humble /usr/bin/cmake --build /home/arvi/bot_ws/build/bot -- -j16 -l16
[6.310s] Invoking command in '/home/arvi/bot_ws/build/bot': CMAKE_PREFIX_PATH=${CMAKE_PREFIX_PATH}:/home/arvi/bot_ws/install/teleop_twist_stamped:/home/arvi/bot_ws/install/robot_description:/opt/ros/humble /usr/bin/cmake --install /home/arvi/bot_ws/build/bot
[6.315s] -- Install configuration: ""
[6.315s] -- Installing: /home/arvi/bot_ws/install/bot/share/bot//launch
[6.315s] -- Installing: /home/arvi/bot_ws/install/bot/share/bot//launch/diff_drive.launch.py
[6.315s] -- Installing: /home/arvi/bot_ws/install/bot/share/bot//config
[6.315s] -- Installing: /home/arvi/bot_ws/install/bot/share/bot//config/diff_drive_controller.yaml
[6.315s] -- Installing: /home/arvi/bot_ws/install/bot/share/bot//urdf
[6.315s] -- Installing: /home/arvi/bot_ws/install/bot/share/bot//urdf/robot.urdf
[6.315s] -- Installing: /home/arvi/bot_ws/install/bot/share/bot//urdf/robot.gazebo
[6.315s] -- Installing: /home/arvi/bot_ws/install/bot/share/bot//urdf/materials.xacro
[6.315s] -- Installing: /home/arvi/bot_ws/install/bot/share/bot//urdf/camera.xacro
[6.315s] -- Installing: /home/arvi/bot_ws/install/bot/share/bot//urdf/robot.trans
[6.316s] -- Installing: /home/arvi/bot_ws/install/bot/share/bot//urdf/robot.xacro
[6.316s] -- Installing: /home/arvi/bot_ws/install/bot/share/bot//worlds
[6.316s] -- Installing: /home/arvi/bot_ws/install/bot/share/bot//worlds/obstacles.world
[6.316s] -- Installing: /home/arvi/bot_ws/install/bot/share/bot//worlds/empty.world
[6.316s] -- Installing: /home/arvi/bot_ws/install/bot/lib/bot/example_position
[6.316s] -- Set runtime path of "/home/arvi/bot_ws/install/bot/lib/bot/example_position" to ""
[6.316s] -- Installing: /home/arvi/bot_ws/install/bot/lib/bot/example_position_pid
[6.317s] -- Set runtime path of "/home/arvi/bot_ws/install/bot/lib/bot/example_position_pid" to ""
[6.317s] -- Installing: /home/arvi/bot_ws/install/bot/lib/bot/example_velocity
[6.318s] -- Set runtime path of "/home/arvi/bot_ws/install/bot/lib/bot/example_velocity" to ""
[6.318s] -- Installing: /home/arvi/bot_ws/install/bot/lib/bot/example_effort
[6.318s] -- Set runtime path of "/home/arvi/bot_ws/install/bot/lib/bot/example_effort" to ""
[6.318s] -- Installing: /home/arvi/bot_ws/install/bot/lib/bot/example_diff_drive
[6.319s] -- Set runtime path of "/home/arvi/bot_ws/install/bot/lib/bot/example_diff_drive" to ""
[6.319s] -- Installing: /home/arvi/bot_ws/install/bot/lib/bot/example_tricycle_drive
[6.319s] -- Set runtime path of "/home/arvi/bot_ws/install/bot/lib/bot/example_tricycle_drive" to ""
[6.319s] -- Installing: /home/arvi/bot_ws/install/bot/lib/bot/example_gripper
[6.320s] -- Set runtime path of "/home/arvi/bot_ws/install/bot/lib/bot/example_gripper" to ""
[6.320s] -- Installing: /home/arvi/bot_ws/install/bot/share/ament_index/resource_index/package_run_dependencies/bot
[6.320s] -- Installing: /home/arvi/bot_ws/install/bot/share/ament_index/resource_index/parent_prefix_path/bot
[6.320s] -- Installing: /home/arvi/bot_ws/install/bot/share/bot/environment/ament_prefix_path.sh
[6.320s] -- Installing: /home/arvi/bot_ws/install/bot/share/bot/environment/ament_prefix_path.dsv
[6.320s] -- Installing: /home/arvi/bot_ws/install/bot/share/bot/environment/path.sh
[6.320s] -- Installing: /home/arvi/bot_ws/install/bot/share/bot/environment/path.dsv
[6.321s] -- Installing: /home/arvi/bot_ws/install/bot/share/bot/local_setup.bash
[6.321s] -- Installing: /home/arvi/bot_ws/install/bot/share/bot/local_setup.sh
[6.321s] -- Installing: /home/arvi/bot_ws/install/bot/share/bot/local_setup.zsh
[6.321s] -- Installing: /home/arvi/bot_ws/install/bot/share/bot/local_setup.dsv
[6.321s] -- Installing: /home/arvi/bot_ws/install/bot/share/bot/package.dsv
[6.321s] -- Installing: /home/arvi/bot_ws/install/bot/share/ament_index/resource_index/packages/bot
[6.321s] -- Installing: /home/arvi/bot_ws/install/bot/share/bot/cmake/botConfig.cmake
[6.321s] -- Installing: /home/arvi/bot_ws/install/bot/share/bot/cmake/botConfig-version.cmake
[6.321s] -- Installing: /home/arvi/bot_ws/install/bot/share/bot/package.xml
[6.322s] Invoked command in '/home/arvi/bot_ws/build/bot' returned '0': CMAKE_PREFIX_PATH=${CMAKE_PREFIX_PATH}:/home/arvi/bot_ws/install/teleop_twist_stamped:/home/arvi/bot_ws/install/robot_description:/opt/ros/humble /usr/bin/cmake --install /home/arvi/bot_ws/build/bot
