[1.065s] Invoking command in '/home/arvi/nav_ws/src/robot_description': PYTHONPATH=/home/arvi/nav_ws/build/robot_description/prefix_override:/usr/lib/python3/dist-packages/colcon_core/task/python/colcon_distutils_commands:/home/arvi/nav_ws/install/robot_description/lib/python3.10/site-packages:${PYTHONPATH} /usr/bin/python3 -W ignore:setup.py install is deprecated -W ignore:easy_install command is deprecated setup.py egg_info --egg-base ../../build/robot_description build --build-base /home/arvi/nav_ws/build/robot_description/build install --record /home/arvi/nav_ws/build/robot_description/install.log --install-scripts $base/lib/robot_description --single-version-externally-managed install_data
[1.339s] /usr/lib/python3/dist-packages/setuptools/dist.py:723: UserWarning: Usage of dash-separated 'script-dir' will not be supported in future versions. Please use the underscore name 'script_dir' instead
[1.339s]   warnings.warn(
[1.347s] running egg_info
[1.347s] writing ../../build/robot_description/robot_description.egg-info/PKG-INFO
[1.347s] writing dependency_links to ../../build/robot_description/robot_description.egg-info/dependency_links.txt
[1.347s] writing entry points to ../../build/robot_description/robot_description.egg-info/entry_points.txt
[1.348s] writing requirements to ../../build/robot_description/robot_description.egg-info/requires.txt
[1.348s] writing top-level names to ../../build/robot_description/robot_description.egg-info/top_level.txt
[1.349s] reading manifest file '../../build/robot_description/robot_description.egg-info/SOURCES.txt'
[1.350s] writing manifest file '../../build/robot_description/robot_description.egg-info/SOURCES.txt'
[1.350s] running build
[1.351s] running build_py
[1.351s] running install
[1.351s] running install_lib
[1.352s] running install_data
[1.352s] running install_egg_info
[1.354s] removing '/home/arvi/nav_ws/install/robot_description/lib/python3.10/site-packages/robot_description-0.0.0-py3.10.egg-info' (and everything under it)
[1.354s] Copying ../../build/robot_description/robot_description.egg-info to /home/arvi/nav_ws/install/robot_description/lib/python3.10/site-packages/robot_description-0.0.0-py3.10.egg-info
[1.355s] running install_scripts
[1.371s] writing list of installed files to '/home/arvi/nav_ws/build/robot_description/install.log'
[1.397s] Invoked command in '/home/arvi/nav_ws/src/robot_description' returned '0': PYTHONPATH=/home/arvi/nav_ws/build/robot_description/prefix_override:/usr/lib/python3/dist-packages/colcon_core/task/python/colcon_distutils_commands:/home/arvi/nav_ws/install/robot_description/lib/python3.10/site-packages:${PYTHONPATH} /usr/bin/python3 -W ignore:setup.py install is deprecated -W ignore:easy_install command is deprecated setup.py egg_info --egg-base ../../build/robot_description build --build-base /home/arvi/nav_ws/build/robot_description/build install --record /home/arvi/nav_ws/build/robot_description/install.log --install-scripts $base/lib/robot_description --single-version-externally-managed install_data
