[3.956s] Invoking command in '/home/arvi/bot_ws/src/joint_states_merger': PYTHONPATH=/home/arvi/bot_ws/build/joint_states_merger/prefix_override:/usr/lib/python3/dist-packages/colcon_core/task/python/colcon_distutils_commands:/home/arvi/bot_ws/install/joint_states_merger/lib/python3.10/site-packages:${PYTHONPATH} /usr/bin/python3 -W ignore:setup.py install is deprecated -W ignore:easy_install command is deprecated setup.py egg_info --egg-base ../../build/joint_states_merger build --build-base /home/arvi/bot_ws/build/joint_states_merger/build install --record /home/arvi/bot_ws/build/joint_states_merger/install.log --single-version-externally-managed install_data
[5.054s] running egg_info
[5.061s] writing ../../build/joint_states_merger/joint_states_merger.egg-info/PKG-INFO
[5.061s] writing dependency_links to ../../build/joint_states_merger/joint_states_merger.egg-info/dependency_links.txt
[5.062s] writing entry points to ../../build/joint_states_merger/joint_states_merger.egg-info/entry_points.txt
[5.062s] writing requirements to ../../build/joint_states_merger/joint_states_merger.egg-info/requires.txt
[5.062s] writing top-level names to ../../build/joint_states_merger/joint_states_merger.egg-info/top_level.txt
[5.066s] reading manifest file '../../build/joint_states_merger/joint_states_merger.egg-info/SOURCES.txt'
[5.070s] writing manifest file '../../build/joint_states_merger/joint_states_merger.egg-info/SOURCES.txt'
[5.070s] running build
[5.071s] running build_py
[5.074s] running install
[5.075s] running install_lib
[5.078s] running install_data
[5.079s] running install_egg_info
[5.089s] removing '/home/arvi/bot_ws/install/joint_states_merger/lib/python3.10/site-packages/joint_states_merger-0.0.0-py3.10.egg-info' (and everything under it)
[5.102s] Copying ../../build/joint_states_merger/joint_states_merger.egg-info to /home/arvi/bot_ws/install/joint_states_merger/lib/python3.10/site-packages/joint_states_merger-0.0.0-py3.10.egg-info
[5.103s] running install_scripts
[5.236s] Installing joint_states_merger script to /home/arvi/bot_ws/install/joint_states_merger/lib/joint_states_merger
[5.238s] writing list of installed files to '/home/arvi/bot_ws/build/joint_states_merger/install.log'
[5.365s] Invoked command in '/home/arvi/bot_ws/src/joint_states_merger' returned '0': PYTHONPATH=/home/arvi/bot_ws/build/joint_states_merger/prefix_override:/usr/lib/python3/dist-packages/colcon_core/task/python/colcon_distutils_commands:/home/arvi/bot_ws/install/joint_states_merger/lib/python3.10/site-packages:${PYTHONPATH} /usr/bin/python3 -W ignore:setup.py install is deprecated -W ignore:easy_install command is deprecated setup.py egg_info --egg-base ../../build/joint_states_merger build --build-base /home/arvi/bot_ws/build/joint_states_merger/build install --record /home/arvi/bot_ws/build/joint_states_merger/install.log --single-version-externally-managed install_data
