[0.061s] Invoking command in '/home/arvi/bot_ws/build/bot': CMAKE_PREFIX_PATH=/opt/ros/humble /usr/bin/cmake --build /home/arvi/bot_ws/build/bot -- -j16 -l16
[1.249s] [ 14%] Built target example_tricycle_drive
[1.249s] [ 28%] Built target example_gripper
[1.251s] [ 71%] Built target example_velocity
[1.252s] [ 71%] Built target example_diff_drive
[1.253s] [ 64%] Built target example_effort
[1.254s] [100%] Built target example_position_pid
[1.257s] [100%] Built target example_position
[1.258s] Invoked command in '/home/arvi/bot_ws/build/bot' returned '0': CMAKE_PREFIX_PATH=/opt/ros/humble /usr/bin/cmake --build /home/arvi/bot_ws/build/bot -- -j16 -l16
[1.285s] Invoking command in '/home/arvi/bot_ws/build/bot': CMAKE_PREFIX_PATH=/opt/ros/humble /usr/bin/cmake --install /home/arvi/bot_ws/build/bot
[1.962s] -- Install configuration: ""
[1.963s] -- Up-to-date: /home/arvi/bot_ws/install/bot/share/bot//launch
[1.965s] -- Installing: /home/arvi/bot_ws/install/bot/share/bot//launch/diff_drive.launch.py
[1.966s] -- Up-to-date: /home/arvi/bot_ws/install/bot/share/bot//launch/rviz.launch.py
[1.967s] -- Up-to-date: /home/arvi/bot_ws/install/bot/share/bot//launch/camera.launch.py
[1.967s] -- Up-to-date: /home/arvi/bot_ws/install/bot/share/bot//config
[1.967s] -- Up-to-date: /home/arvi/bot_ws/install/bot/share/bot//config/diff_drive_controller.yaml
[1.968s] -- Up-to-date: /home/arvi/bot_ws/install/bot/share/bot//config/rviz_confg.rviz
[1.968s] -- Up-to-date: /home/arvi/bot_ws/install/bot/share/bot//urdf
[1.968s] -- Up-to-date: /home/arvi/bot_ws/install/bot/share/bot//urdf/robot.urdf
[1.969s] -- Up-to-date: /home/arvi/bot_ws/install/bot/share/bot//urdf/robot.gazebo
[1.970s] -- Up-to-date: /home/arvi/bot_ws/install/bot/share/bot//urdf/out.urdf
[1.971s] -- Up-to-date: /home/arvi/bot_ws/install/bot/share/bot//urdf/materials.xacro
[1.971s] -- Up-to-date: /home/arvi/bot_ws/install/bot/share/bot//urdf/depth_camera.xacro
[1.972s] -- Up-to-date: /home/arvi/bot_ws/install/bot/share/bot//urdf/robot.trans
[1.972s] -- Up-to-date: /home/arvi/bot_ws/install/bot/share/bot//urdf/robot.xacro
[1.973s] -- Up-to-date: /home/arvi/bot_ws/install/bot/share/bot//worlds
[1.973s] -- Up-to-date: /home/arvi/bot_ws/install/bot/share/bot//worlds/obstacles.world
[1.973s] -- Up-to-date: /home/arvi/bot_ws/install/bot/share/bot//worlds/empty.world
[1.974s] -- Up-to-date: /home/arvi/bot_ws/install/bot/lib/bot/example_position
[1.975s] -- Up-to-date: /home/arvi/bot_ws/install/bot/lib/bot/example_position_pid
[1.976s] -- Up-to-date: /home/arvi/bot_ws/install/bot/lib/bot/example_velocity
[1.976s] -- Up-to-date: /home/arvi/bot_ws/install/bot/lib/bot/example_effort
[1.977s] -- Up-to-date: /home/arvi/bot_ws/install/bot/lib/bot/example_diff_drive
[1.978s] -- Up-to-date: /home/arvi/bot_ws/install/bot/lib/bot/example_tricycle_drive
[1.979s] -- Up-to-date: /home/arvi/bot_ws/install/bot/lib/bot/example_gripper
[1.979s] -- Up-to-date: /home/arvi/bot_ws/install/bot/share/ament_index/resource_index/package_run_dependencies/bot
[1.981s] -- Up-to-date: /home/arvi/bot_ws/install/bot/share/ament_index/resource_index/parent_prefix_path/bot
[1.981s] -- Up-to-date: /home/arvi/bot_ws/install/bot/share/bot/environment/ament_prefix_path.sh
[1.981s] -- Up-to-date: /home/arvi/bot_ws/install/bot/share/bot/environment/ament_prefix_path.dsv
[1.982s] -- Up-to-date: /home/arvi/bot_ws/install/bot/share/bot/environment/path.sh
[1.982s] -- Up-to-date: /home/arvi/bot_ws/install/bot/share/bot/environment/path.dsv
[1.982s] -- Up-to-date: /home/arvi/bot_ws/install/bot/share/bot/local_setup.bash
[1.982s] -- Up-to-date: /home/arvi/bot_ws/install/bot/share/bot/local_setup.sh
[1.982s] -- Up-to-date: /home/arvi/bot_ws/install/bot/share/bot/local_setup.zsh
[1.983s] -- Up-to-date: /home/arvi/bot_ws/install/bot/share/bot/local_setup.dsv
[1.983s] -- Installing: /home/arvi/bot_ws/install/bot/share/bot/package.dsv
[1.983s] -- Up-to-date: /home/arvi/bot_ws/install/bot/share/ament_index/resource_index/packages/bot
[1.983s] -- Up-to-date: /home/arvi/bot_ws/install/bot/share/bot/cmake/botConfig.cmake
[1.983s] -- Up-to-date: /home/arvi/bot_ws/install/bot/share/bot/cmake/botConfig-version.cmake
[1.989s] -- Up-to-date: /home/arvi/bot_ws/install/bot/share/bot/package.xml
[1.990s] Invoked command in '/home/arvi/bot_ws/build/bot' returned '0': CMAKE_PREFIX_PATH=/opt/ros/humble /usr/bin/cmake --install /home/arvi/bot_ws/build/bot
