[0.054s] Invoking command in '/home/arvi/bot_ws/build/bot': CMAKE_PREFIX_PATH=/opt/ros/humble /usr/bin/cmake --build /home/arvi/bot_ws/build/bot -- -j16 -l16
[0.914s] [ 14%] Built target example_position_pid
[0.914s] [ 28%] Built target example_effort
[0.914s] [ 42%] Built target example_velocity
[0.914s] [ 57%] Built target example_tricycle_drive
[0.915s] [ 71%] Built target example_position
[0.915s] [ 85%] Built target example_diff_drive
[0.915s] [100%] Built target example_gripper
[1.156s] Invoked command in '/home/arvi/bot_ws/build/bot' returned '0': CMAKE_PREFIX_PATH=/opt/ros/humble /usr/bin/cmake --build /home/arvi/bot_ws/build/bot -- -j16 -l16
[1.166s] Invoking command in '/home/arvi/bot_ws/build/bot': CMAKE_PREFIX_PATH=/opt/ros/humble /usr/bin/cmake --install /home/arvi/bot_ws/build/bot
[1.173s] -- Install configuration: ""
[1.173s] -- Up-to-date: /home/arvi/bot_ws/install/bot/share/bot//launch
[1.173s] -- Up-to-date: /home/arvi/bot_ws/install/bot/share/bot//launch/diff_drive.launch.py
[1.173s] -- Up-to-date: /home/arvi/bot_ws/install/bot/share/bot//launch/rviz.launch.py
[1.174s] -- Up-to-date: /home/arvi/bot_ws/install/bot/share/bot//launch/camera.launch.py
[1.174s] -- Up-to-date: /home/arvi/bot_ws/install/bot/share/bot//config
[1.174s] -- Up-to-date: /home/arvi/bot_ws/install/bot/share/bot//config/diff_drive_controller.yaml
[1.174s] -- Up-to-date: /home/arvi/bot_ws/install/bot/share/bot//config/rviz_confg.rviz
[1.174s] -- Up-to-date: /home/arvi/bot_ws/install/bot/share/bot//urdf
[1.174s] -- Up-to-date: /home/arvi/bot_ws/install/bot/share/bot//urdf/robot.urdf
[1.174s] -- Up-to-date: /home/arvi/bot_ws/install/bot/share/bot//urdf/robot.gazebo
[1.174s] -- Up-to-date: /home/arvi/bot_ws/install/bot/share/bot//urdf/out.urdf
[1.174s] -- Up-to-date: /home/arvi/bot_ws/install/bot/share/bot//urdf/materials.xacro
[1.175s] -- Installing: /home/arvi/bot_ws/install/bot/share/bot//urdf/depth_camera.xacro
[1.175s] -- Up-to-date: /home/arvi/bot_ws/install/bot/share/bot//urdf/robot.trans
[1.175s] -- Up-to-date: /home/arvi/bot_ws/install/bot/share/bot//urdf/robot.xacro
[1.175s] -- Up-to-date: /home/arvi/bot_ws/install/bot/share/bot//worlds
[1.175s] -- Up-to-date: /home/arvi/bot_ws/install/bot/share/bot//worlds/obstacles.world
[1.175s] -- Up-to-date: /home/arvi/bot_ws/install/bot/share/bot//worlds/empty.world
[1.175s] -- Up-to-date: /home/arvi/bot_ws/install/bot/lib/bot/example_position
[1.175s] -- Up-to-date: /home/arvi/bot_ws/install/bot/lib/bot/example_position_pid
[1.176s] -- Up-to-date: /home/arvi/bot_ws/install/bot/lib/bot/example_velocity
[1.176s] -- Up-to-date: /home/arvi/bot_ws/install/bot/lib/bot/example_effort
[1.176s] -- Up-to-date: /home/arvi/bot_ws/install/bot/lib/bot/example_diff_drive
[1.176s] -- Up-to-date: /home/arvi/bot_ws/install/bot/lib/bot/example_tricycle_drive
[1.176s] -- Up-to-date: /home/arvi/bot_ws/install/bot/lib/bot/example_gripper
[1.176s] -- Up-to-date: /home/arvi/bot_ws/install/bot/share/ament_index/resource_index/package_run_dependencies/bot
[1.176s] -- Up-to-date: /home/arvi/bot_ws/install/bot/share/ament_index/resource_index/parent_prefix_path/bot
[1.176s] -- Up-to-date: /home/arvi/bot_ws/install/bot/share/bot/environment/ament_prefix_path.sh
[1.176s] -- Up-to-date: /home/arvi/bot_ws/install/bot/share/bot/environment/ament_prefix_path.dsv
[1.176s] -- Up-to-date: /home/arvi/bot_ws/install/bot/share/bot/environment/path.sh
[1.177s] -- Up-to-date: /home/arvi/bot_ws/install/bot/share/bot/environment/path.dsv
[1.177s] -- Up-to-date: /home/arvi/bot_ws/install/bot/share/bot/local_setup.bash
[1.177s] -- Up-to-date: /home/arvi/bot_ws/install/bot/share/bot/local_setup.sh
[1.177s] -- Up-to-date: /home/arvi/bot_ws/install/bot/share/bot/local_setup.zsh
[1.177s] -- Up-to-date: /home/arvi/bot_ws/install/bot/share/bot/local_setup.dsv
[1.177s] -- Installing: /home/arvi/bot_ws/install/bot/share/bot/package.dsv
[1.177s] -- Up-to-date: /home/arvi/bot_ws/install/bot/share/ament_index/resource_index/packages/bot
[1.178s] -- Up-to-date: /home/arvi/bot_ws/install/bot/share/bot/cmake/botConfig.cmake
[1.178s] -- Up-to-date: /home/arvi/bot_ws/install/bot/share/bot/cmake/botConfig-version.cmake
[1.178s] -- Up-to-date: /home/arvi/bot_ws/install/bot/share/bot/package.xml
[1.179s] Invoked command in '/home/arvi/bot_ws/build/bot' returned '0': CMAKE_PREFIX_PATH=/opt/ros/humble /usr/bin/cmake --install /home/arvi/bot_ws/build/bot
