[0.013s] Invoking command in '/home/arvi/bot_ws/build/bot': CMAKE_PREFIX_PATH=/opt/ros/humble /usr/bin/cmake --build /home/arvi/bot_ws/build/bot -- -j16 -l16
[0.291s] [ 28%] Built target example_diff_drive
[0.292s] [ 28%] Built target example_gripper
[0.292s] [ 42%] Built target example_velocity
[0.292s] [ 57%] Built target example_tricycle_drive
[0.292s] [ 71%] Built target example_position
[0.292s] [ 85%] Built target example_position_pid
[0.292s] [100%] Built target example_effort
[0.429s] Invoked command in '/home/arvi/bot_ws/build/bot' returned '0': CMAKE_PREFIX_PATH=/opt/ros/humble /usr/bin/cmake --build /home/arvi/bot_ws/build/bot -- -j16 -l16
[0.436s] Invoking command in '/home/arvi/bot_ws/build/bot': CMAKE_PREFIX_PATH=/opt/ros/humble /usr/bin/cmake --install /home/arvi/bot_ws/build/bot
[0.441s] -- Install configuration: ""
[0.441s] -- Up-to-date: /home/arvi/bot_ws/install/bot/share/bot//launch
[0.441s] -- Up-to-date: /home/arvi/bot_ws/install/bot/share/bot//launch/diff_drive.launch.py
[0.441s] -- Up-to-date: /home/arvi/bot_ws/install/bot/share/bot//launch/rviz.launch.py
[0.441s] -- Up-to-date: /home/arvi/bot_ws/install/bot/share/bot//launch/camera.launch.py
[0.441s] -- Up-to-date: /home/arvi/bot_ws/install/bot/share/bot//config
[0.441s] -- Up-to-date: /home/arvi/bot_ws/install/bot/share/bot//config/diff_drive_controller.yaml
[0.441s] -- Up-to-date: /home/arvi/bot_ws/install/bot/share/bot//config/rviz_confg.rviz
[0.442s] -- Up-to-date: /home/arvi/bot_ws/install/bot/share/bot//urdf
[0.442s] -- Up-to-date: /home/arvi/bot_ws/install/bot/share/bot//urdf/robot.urdf
[0.442s] -- Up-to-date: /home/arvi/bot_ws/install/bot/share/bot//urdf/robot.gazebo
[0.442s] -- Up-to-date: /home/arvi/bot_ws/install/bot/share/bot//urdf/out.urdf
[0.442s] -- Up-to-date: /home/arvi/bot_ws/install/bot/share/bot//urdf/materials.xacro
[0.442s] -- Up-to-date: /home/arvi/bot_ws/install/bot/share/bot//urdf/depth_camera.xacro
[0.443s] -- Up-to-date: /home/arvi/bot_ws/install/bot/share/bot//urdf/robot.trans
[0.443s] -- Up-to-date: /home/arvi/bot_ws/install/bot/share/bot//urdf/robot.xacro
[0.443s] -- Up-to-date: /home/arvi/bot_ws/install/bot/share/bot//worlds
[0.443s] -- Up-to-date: /home/arvi/bot_ws/install/bot/share/bot//worlds/obstacles.world
[0.443s] -- Up-to-date: /home/arvi/bot_ws/install/bot/share/bot//worlds/empty.world
[0.443s] -- Up-to-date: /home/arvi/bot_ws/install/bot/lib/bot/example_position
[0.443s] -- Up-to-date: /home/arvi/bot_ws/install/bot/lib/bot/example_position_pid
[0.443s] -- Up-to-date: /home/arvi/bot_ws/install/bot/lib/bot/example_velocity
[0.443s] -- Up-to-date: /home/arvi/bot_ws/install/bot/lib/bot/example_effort
[0.443s] -- Up-to-date: /home/arvi/bot_ws/install/bot/lib/bot/example_diff_drive
[0.444s] -- Up-to-date: /home/arvi/bot_ws/install/bot/lib/bot/example_tricycle_drive
[0.444s] -- Up-to-date: /home/arvi/bot_ws/install/bot/lib/bot/example_gripper
[0.444s] -- Up-to-date: /home/arvi/bot_ws/install/bot/share/ament_index/resource_index/package_run_dependencies/bot
[0.444s] -- Up-to-date: /home/arvi/bot_ws/install/bot/share/ament_index/resource_index/parent_prefix_path/bot
[0.444s] -- Up-to-date: /home/arvi/bot_ws/install/bot/share/bot/environment/ament_prefix_path.sh
[0.445s] -- Up-to-date: /home/arvi/bot_ws/install/bot/share/bot/environment/ament_prefix_path.dsv
[0.445s] -- Up-to-date: /home/arvi/bot_ws/install/bot/share/bot/environment/path.sh
[0.445s] -- Up-to-date: /home/arvi/bot_ws/install/bot/share/bot/environment/path.dsv
[0.445s] -- Up-to-date: /home/arvi/bot_ws/install/bot/share/bot/local_setup.bash
[0.445s] -- Up-to-date: /home/arvi/bot_ws/install/bot/share/bot/local_setup.sh
[0.445s] -- Up-to-date: /home/arvi/bot_ws/install/bot/share/bot/local_setup.zsh
[0.445s] -- Up-to-date: /home/arvi/bot_ws/install/bot/share/bot/local_setup.dsv
[0.445s] -- Installing: /home/arvi/bot_ws/install/bot/share/bot/package.dsv
[0.445s] -- Up-to-date: /home/arvi/bot_ws/install/bot/share/ament_index/resource_index/packages/bot
[0.445s] -- Up-to-date: /home/arvi/bot_ws/install/bot/share/bot/cmake/botConfig.cmake
[0.445s] -- Up-to-date: /home/arvi/bot_ws/install/bot/share/bot/cmake/botConfig-version.cmake
[0.446s] -- Up-to-date: /home/arvi/bot_ws/install/bot/share/bot/package.xml
[0.446s] Invoked command in '/home/arvi/bot_ws/build/bot' returned '0': CMAKE_PREFIX_PATH=/opt/ros/humble /usr/bin/cmake --install /home/arvi/bot_ws/build/bot
