[0.967s] Invoking command in '/home/arvi/nav_ws/src/joint_states_merger': PYTHONPATH=/home/arvi/nav_ws/build/joint_states_merger/prefix_override:/usr/lib/python3/dist-packages/colcon_core/task/python/colcon_distutils_commands:/home/arvi/nav_ws/install/joint_states_merger/lib/python3.10/site-packages:${PYTHONPATH} /usr/bin/python3 -W ignore:setup.py install is deprecated -W ignore:easy_install command is deprecated setup.py egg_info --egg-base ../../build/joint_states_merger build --build-base /home/arvi/nav_ws/build/joint_states_merger/build install --record /home/arvi/nav_ws/build/joint_states_merger/install.log --single-version-externally-managed install_data
[1.146s] running egg_info
[1.148s] writing ../../build/joint_states_merger/joint_states_merger.egg-info/PKG-INFO
[1.148s] writing dependency_links to ../../build/joint_states_merger/joint_states_merger.egg-info/dependency_links.txt
[1.148s] writing entry points to ../../build/joint_states_merger/joint_states_merger.egg-info/entry_points.txt
[1.148s] writing requirements to ../../build/joint_states_merger/joint_states_merger.egg-info/requires.txt
[1.149s] writing top-level names to ../../build/joint_states_merger/joint_states_merger.egg-info/top_level.txt
[1.151s] reading manifest file '../../build/joint_states_merger/joint_states_merger.egg-info/SOURCES.txt'
[1.152s] writing manifest file '../../build/joint_states_merger/joint_states_merger.egg-info/SOURCES.txt'
[1.153s] running build
[1.153s] running build_py
[1.153s] running install
[1.153s] running install_lib
[1.155s] running install_data
[1.155s] running install_egg_info
[1.158s] removing '/home/arvi/nav_ws/install/joint_states_merger/lib/python3.10/site-packages/joint_states_merger-0.0.0-py3.10.egg-info' (and everything under it)
[1.159s] Copying ../../build/joint_states_merger/joint_states_merger.egg-info to /home/arvi/nav_ws/install/joint_states_merger/lib/python3.10/site-packages/joint_states_merger-0.0.0-py3.10.egg-info
[1.160s] running install_scripts
[1.186s] Installing joint_states_merger script to /home/arvi/nav_ws/install/joint_states_merger/lib/joint_states_merger
[1.187s] writing list of installed files to '/home/arvi/nav_ws/build/joint_states_merger/install.log'
[1.209s] Invoked command in '/home/arvi/nav_ws/src/joint_states_merger' returned '0': PYTHONPATH=/home/arvi/nav_ws/build/joint_states_merger/prefix_override:/usr/lib/python3/dist-packages/colcon_core/task/python/colcon_distutils_commands:/home/arvi/nav_ws/install/joint_states_merger/lib/python3.10/site-packages:${PYTHONPATH} /usr/bin/python3 -W ignore:setup.py install is deprecated -W ignore:easy_install command is deprecated setup.py egg_info --egg-base ../../build/joint_states_merger build --build-base /home/arvi/nav_ws/build/joint_states_merger/build install --record /home/arvi/nav_ws/build/joint_states_merger/install.log --single-version-externally-managed install_data
