[5.177s] Invoking command in '/home/arvi/bot_ws/src/teleop_twist_stamped': PYTHONPATH=/home/arvi/bot_ws/build/teleop_twist_stamped/prefix_override:/usr/lib/python3/dist-packages/colcon_core/task/python/colcon_distutils_commands:/home/arvi/bot_ws/install/teleop_twist_stamped/lib/python3.10/site-packages:${PYTHONPATH} /usr/bin/python3 -W ignore:setup.py install is deprecated -W ignore:easy_install command is deprecated setup.py egg_info --egg-base ../../build/teleop_twist_stamped build --build-base /home/arvi/bot_ws/build/teleop_twist_stamped/build install --record /home/arvi/bot_ws/build/teleop_twist_stamped/install.log --single-version-externally-managed install_data
[5.782s] running egg_info
[5.783s] writing ../../build/teleop_twist_stamped/teleop_twist_stamped.egg-info/PKG-INFO
[5.783s] writing dependency_links to ../../build/teleop_twist_stamped/teleop_twist_stamped.egg-info/dependency_links.txt
[5.783s] writing entry points to ../../build/teleop_twist_stamped/teleop_twist_stamped.egg-info/entry_points.txt
[5.784s] writing requirements to ../../build/teleop_twist_stamped/teleop_twist_stamped.egg-info/requires.txt
[5.785s] writing top-level names to ../../build/teleop_twist_stamped/teleop_twist_stamped.egg-info/top_level.txt
[5.790s] reading manifest file '../../build/teleop_twist_stamped/teleop_twist_stamped.egg-info/SOURCES.txt'
[5.791s] writing manifest file '../../build/teleop_twist_stamped/teleop_twist_stamped.egg-info/SOURCES.txt'
[5.791s] running build
[5.792s] running build_py
[5.792s] running install
[5.793s] running install_lib
[5.794s] running install_data
[5.794s] running install_egg_info
[5.797s] removing '/home/arvi/bot_ws/install/teleop_twist_stamped/lib/python3.10/site-packages/teleop_twist_stamped-0.0.0-py3.10.egg-info' (and everything under it)
[5.798s] Copying ../../build/teleop_twist_stamped/teleop_twist_stamped.egg-info to /home/arvi/bot_ws/install/teleop_twist_stamped/lib/python3.10/site-packages/teleop_twist_stamped-0.0.0-py3.10.egg-info
[5.800s] running install_scripts
[5.856s] Installing teleop_twist_stamped_keyboard script to /home/arvi/bot_ws/install/teleop_twist_stamped/lib/teleop_twist_stamped
[5.857s] writing list of installed files to '/home/arvi/bot_ws/build/teleop_twist_stamped/install.log'
[5.957s] Invoked command in '/home/arvi/bot_ws/src/teleop_twist_stamped' returned '0': PYTHONPATH=/home/arvi/bot_ws/build/teleop_twist_stamped/prefix_override:/usr/lib/python3/dist-packages/colcon_core/task/python/colcon_distutils_commands:/home/arvi/bot_ws/install/teleop_twist_stamped/lib/python3.10/site-packages:${PYTHONPATH} /usr/bin/python3 -W ignore:setup.py install is deprecated -W ignore:easy_install command is deprecated setup.py egg_info --egg-base ../../build/teleop_twist_stamped build --build-base /home/arvi/bot_ws/build/teleop_twist_stamped/build install --record /home/arvi/bot_ws/build/teleop_twist_stamped/install.log --single-version-externally-managed install_data
