[0.094s] DEBUG:colcon:Command line arguments: ['/usr/bin/colcon', 'build']
[0.094s] DEBUG:colcon:Parsed command line arguments: Namespace(log_base=None, log_level=None, verb_name='build', build_base='build', install_base='install', merge_install=False, symlink_install=False, test_result_base=None, continue_on_error=False, executor='parallel', parallel_workers=16, event_handlers=None, ignore_user_meta=False, metas=['./colcon.meta'], base_paths=['.'], packages_ignore=None, packages_ignore_regex=None, paths=None, packages_up_to=None, packages_up_to_regex=None, packages_above=None, packages_above_and_dependencies=None, packages_above_depth=None, packages_select_by_dep=None, packages_skip_by_dep=None, packages_skip_up_to=None, packages_select_build_failed=False, packages_skip_build_finished=False, packages_select_test_failures=False, packages_skip_test_passed=False, packages_select=None, packages_skip=None, packages_select_regex=None, packages_skip_regex=None, packages_start=None, packages_end=None, allow_overriding=[], cmake_args=None, cmake_target=None, cmake_target_skip_unavailable=False, cmake_clean_cache=False, cmake_clean_first=False, cmake_force_configure=False, ament_cmake_args=None, catkin_cmake_args=None, catkin_skip_building_tests=False, verb_parser=<colcon_defaults.argument_parser.defaults.DefaultArgumentsDecorator object at 0x76a10cf89cc0>, verb_extension=<colcon_core.verb.build.BuildVerb object at 0x76a10cf89780>, main=<bound method BuildVerb.main of <colcon_core.verb.build.BuildVerb object at 0x76a10cf89780>>)
[0.178s] Level 1:colcon.colcon_core.package_discovery:discover_packages(colcon_meta) check parameters
[0.178s] Level 1:colcon.colcon_core.package_discovery:discover_packages(recursive) check parameters
[0.178s] Level 1:colcon.colcon_core.package_discovery:discover_packages(ignore) check parameters
[0.178s] Level 1:colcon.colcon_core.package_discovery:discover_packages(path) check parameters
[0.178s] Level 1:colcon.colcon_core.package_discovery:discover_packages(colcon_meta) discover
[0.178s] Level 1:colcon.colcon_core.package_discovery:discover_packages(recursive) discover
[0.178s] INFO:colcon.colcon_core.package_discovery:Crawling recursively for packages in '/home/arvi/nav_ws'
[0.178s] Level 1:colcon.colcon_core.package_identification:_identify(.) by extensions ['ignore', 'ignore_ament_install']
[0.179s] Level 1:colcon.colcon_core.package_identification:_identify(.) by extension 'ignore'
[0.179s] Level 1:colcon.colcon_core.package_identification:_identify(.) by extension 'ignore_ament_install'
[0.179s] Level 1:colcon.colcon_core.package_identification:_identify(.) by extensions ['colcon_pkg']
[0.179s] Level 1:colcon.colcon_core.package_identification:_identify(.) by extension 'colcon_pkg'
[0.179s] Level 1:colcon.colcon_core.package_identification:_identify(.) by extensions ['colcon_meta']
[0.179s] Level 1:colcon.colcon_core.package_identification:_identify(.) by extension 'colcon_meta'
[0.179s] Level 1:colcon.colcon_core.package_identification:_identify(.) by extensions ['ros']
[0.179s] Level 1:colcon.colcon_core.package_identification:_identify(.) by extension 'ros'
[0.190s] Level 1:colcon.colcon_core.package_identification:_identify(.) by extensions ['cmake', 'python']
[0.190s] Level 1:colcon.colcon_core.package_identification:_identify(.) by extension 'cmake'
[0.190s] Level 1:colcon.colcon_core.package_identification:_identify(.) by extension 'python'
[0.190s] Level 1:colcon.colcon_core.package_identification:_identify(.) by extensions ['python_setup_py']
[0.190s] Level 1:colcon.colcon_core.package_identification:_identify(.) by extension 'python_setup_py'
[0.190s] Level 1:colcon.colcon_core.package_identification:_identify(build) by extensions ['ignore', 'ignore_ament_install']
[0.190s] Level 1:colcon.colcon_core.package_identification:_identify(build) by extension 'ignore'
[0.190s] Level 1:colcon.colcon_core.package_identification:_identify(build) ignored
[0.190s] Level 1:colcon.colcon_core.package_identification:_identify(install) by extensions ['ignore', 'ignore_ament_install']
[0.190s] Level 1:colcon.colcon_core.package_identification:_identify(install) by extension 'ignore'
[0.190s] Level 1:colcon.colcon_core.package_identification:_identify(install) ignored
[0.190s] Level 1:colcon.colcon_core.package_identification:_identify(log) by extensions ['ignore', 'ignore_ament_install']
[0.191s] Level 1:colcon.colcon_core.package_identification:_identify(log) by extension 'ignore'
[0.191s] Level 1:colcon.colcon_core.package_identification:_identify(log) ignored
[0.191s] Level 1:colcon.colcon_core.package_identification:_identify(src) by extensions ['ignore', 'ignore_ament_install']
[0.191s] Level 1:colcon.colcon_core.package_identification:_identify(src) by extension 'ignore'
[0.191s] Level 1:colcon.colcon_core.package_identification:_identify(src) by extension 'ignore_ament_install'
[0.191s] Level 1:colcon.colcon_core.package_identification:_identify(src) by extensions ['colcon_pkg']
[0.191s] Level 1:colcon.colcon_core.package_identification:_identify(src) by extension 'colcon_pkg'
[0.191s] Level 1:colcon.colcon_core.package_identification:_identify(src) by extensions ['colcon_meta']
[0.191s] Level 1:colcon.colcon_core.package_identification:_identify(src) by extension 'colcon_meta'
[0.191s] Level 1:colcon.colcon_core.package_identification:_identify(src) by extensions ['ros']
[0.191s] Level 1:colcon.colcon_core.package_identification:_identify(src) by extension 'ros'
[0.191s] Level 1:colcon.colcon_core.package_identification:_identify(src) by extensions ['cmake', 'python']
[0.191s] Level 1:colcon.colcon_core.package_identification:_identify(src) by extension 'cmake'
[0.191s] Level 1:colcon.colcon_core.package_identification:_identify(src) by extension 'python'
[0.191s] Level 1:colcon.colcon_core.package_identification:_identify(src) by extensions ['python_setup_py']
[0.191s] Level 1:colcon.colcon_core.package_identification:_identify(src) by extension 'python_setup_py'
[0.191s] Level 1:colcon.colcon_core.package_identification:_identify(src/bot) by extensions ['ignore', 'ignore_ament_install']
[0.191s] Level 1:colcon.colcon_core.package_identification:_identify(src/bot) by extension 'ignore'
[0.191s] Level 1:colcon.colcon_core.package_identification:_identify(src/bot) by extension 'ignore_ament_install'
[0.191s] Level 1:colcon.colcon_core.package_identification:_identify(src/bot) by extensions ['colcon_pkg']
[0.191s] Level 1:colcon.colcon_core.package_identification:_identify(src/bot) by extension 'colcon_pkg'
[0.191s] Level 1:colcon.colcon_core.package_identification:_identify(src/bot) by extensions ['colcon_meta']
[0.191s] Level 1:colcon.colcon_core.package_identification:_identify(src/bot) by extension 'colcon_meta'
[0.191s] Level 1:colcon.colcon_core.package_identification:_identify(src/bot) by extensions ['ros']
[0.191s] Level 1:colcon.colcon_core.package_identification:_identify(src/bot) by extension 'ros'
[0.193s] DEBUG:colcon.colcon_core.package_identification:Package 'src/bot' with type 'ros.ament_cmake' and name 'bot'
[0.193s] Level 1:colcon.colcon_core.package_identification:_identify(src/image_flip_node) by extensions ['ignore', 'ignore_ament_install']
[0.193s] Level 1:colcon.colcon_core.package_identification:_identify(src/image_flip_node) by extension 'ignore'
[0.193s] Level 1:colcon.colcon_core.package_identification:_identify(src/image_flip_node) by extension 'ignore_ament_install'
[0.193s] Level 1:colcon.colcon_core.package_identification:_identify(src/image_flip_node) by extensions ['colcon_pkg']
[0.193s] Level 1:colcon.colcon_core.package_identification:_identify(src/image_flip_node) by extension 'colcon_pkg'
[0.193s] Level 1:colcon.colcon_core.package_identification:_identify(src/image_flip_node) by extensions ['colcon_meta']
[0.193s] Level 1:colcon.colcon_core.package_identification:_identify(src/image_flip_node) by extension 'colcon_meta'
[0.193s] Level 1:colcon.colcon_core.package_identification:_identify(src/image_flip_node) by extensions ['ros']
[0.193s] Level 1:colcon.colcon_core.package_identification:_identify(src/image_flip_node) by extension 'ros'
[0.193s] DEBUG:colcon.colcon_core.package_identification:Package 'src/image_flip_node' with type 'ros.ament_python' and name 'image_flip_node'
[0.193s] Level 1:colcon.colcon_core.package_identification:_identify(src/joint_states_merger) by extensions ['ignore', 'ignore_ament_install']
[0.193s] Level 1:colcon.colcon_core.package_identification:_identify(src/joint_states_merger) by extension 'ignore'
[0.193s] Level 1:colcon.colcon_core.package_identification:_identify(src/joint_states_merger) by extension 'ignore_ament_install'
[0.193s] Level 1:colcon.colcon_core.package_identification:_identify(src/joint_states_merger) by extensions ['colcon_pkg']
[0.193s] Level 1:colcon.colcon_core.package_identification:_identify(src/joint_states_merger) by extension 'colcon_pkg'
[0.193s] Level 1:colcon.colcon_core.package_identification:_identify(src/joint_states_merger) by extensions ['colcon_meta']
[0.193s] Level 1:colcon.colcon_core.package_identification:_identify(src/joint_states_merger) by extension 'colcon_meta'
[0.194s] Level 1:colcon.colcon_core.package_identification:_identify(src/joint_states_merger) by extensions ['ros']
[0.194s] Level 1:colcon.colcon_core.package_identification:_identify(src/joint_states_merger) by extension 'ros'
[0.194s] DEBUG:colcon.colcon_core.package_identification:Package 'src/joint_states_merger' with type 'ros.ament_python' and name 'joint_states_merger'
[0.194s] Level 1:colcon.colcon_core.package_identification:_identify(src/robot_description) by extensions ['ignore', 'ignore_ament_install']
[0.194s] Level 1:colcon.colcon_core.package_identification:_identify(src/robot_description) by extension 'ignore'
[0.194s] Level 1:colcon.colcon_core.package_identification:_identify(src/robot_description) by extension 'ignore_ament_install'
[0.194s] Level 1:colcon.colcon_core.package_identification:_identify(src/robot_description) by extensions ['colcon_pkg']
[0.194s] Level 1:colcon.colcon_core.package_identification:_identify(src/robot_description) by extension 'colcon_pkg'
[0.194s] Level 1:colcon.colcon_core.package_identification:_identify(src/robot_description) by extensions ['colcon_meta']
[0.194s] Level 1:colcon.colcon_core.package_identification:_identify(src/robot_description) by extension 'colcon_meta'
[0.194s] Level 1:colcon.colcon_core.package_identification:_identify(src/robot_description) by extensions ['ros']
[0.194s] Level 1:colcon.colcon_core.package_identification:_identify(src/robot_description) by extension 'ros'
[0.194s] DEBUG:colcon.colcon_core.package_identification:Package 'src/robot_description' with type 'ros.ament_python' and name 'robot_description'
[0.195s] Level 1:colcon.colcon_core.package_identification:_identify(src/teleop_twist_stamped) by extensions ['ignore', 'ignore_ament_install']
[0.195s] Level 1:colcon.colcon_core.package_identification:_identify(src/teleop_twist_stamped) by extension 'ignore'
[0.195s] Level 1:colcon.colcon_core.package_identification:_identify(src/teleop_twist_stamped) by extension 'ignore_ament_install'
[0.195s] Level 1:colcon.colcon_core.package_identification:_identify(src/teleop_twist_stamped) by extensions ['colcon_pkg']
[0.195s] Level 1:colcon.colcon_core.package_identification:_identify(src/teleop_twist_stamped) by extension 'colcon_pkg'
[0.195s] Level 1:colcon.colcon_core.package_identification:_identify(src/teleop_twist_stamped) by extensions ['colcon_meta']
[0.195s] Level 1:colcon.colcon_core.package_identification:_identify(src/teleop_twist_stamped) by extension 'colcon_meta'
[0.195s] Level 1:colcon.colcon_core.package_identification:_identify(src/teleop_twist_stamped) by extensions ['ros']
[0.195s] Level 1:colcon.colcon_core.package_identification:_identify(src/teleop_twist_stamped) by extension 'ros'
[0.195s] DEBUG:colcon.colcon_core.package_identification:Package 'src/teleop_twist_stamped' with type 'ros.ament_python' and name 'teleop_twist_stamped'
[0.195s] Level 1:colcon.colcon_core.package_identification:_identify(src/topic_relay) by extensions ['ignore', 'ignore_ament_install']
[0.195s] Level 1:colcon.colcon_core.package_identification:_identify(src/topic_relay) by extension 'ignore'
[0.195s] Level 1:colcon.colcon_core.package_identification:_identify(src/topic_relay) by extension 'ignore_ament_install'
[0.195s] Level 1:colcon.colcon_core.package_identification:_identify(src/topic_relay) by extensions ['colcon_pkg']
[0.195s] Level 1:colcon.colcon_core.package_identification:_identify(src/topic_relay) by extension 'colcon_pkg'
[0.195s] Level 1:colcon.colcon_core.package_identification:_identify(src/topic_relay) by extensions ['colcon_meta']
[0.195s] Level 1:colcon.colcon_core.package_identification:_identify(src/topic_relay) by extension 'colcon_meta'
[0.195s] Level 1:colcon.colcon_core.package_identification:_identify(src/topic_relay) by extensions ['ros']
[0.195s] Level 1:colcon.colcon_core.package_identification:_identify(src/topic_relay) by extension 'ros'
[0.196s] DEBUG:colcon.colcon_core.package_identification:Package 'src/topic_relay' with type 'ros.ament_python' and name 'topic_relay'
[0.196s] Level 1:colcon.colcon_core.package_discovery:discover_packages(recursive) using defaults
[0.196s] Level 1:colcon.colcon_core.package_discovery:discover_packages(ignore) discover
[0.196s] Level 1:colcon.colcon_core.package_discovery:discover_packages(ignore) using defaults
[0.196s] Level 1:colcon.colcon_core.package_discovery:discover_packages(path) discover
[0.196s] Level 1:colcon.colcon_core.package_discovery:discover_packages(path) using defaults
[0.207s] Level 1:colcon.colcon_core.package_discovery:discover_packages(prefix_path) check parameters
[0.207s] Level 1:colcon.colcon_core.package_discovery:discover_packages(prefix_path) discover
[0.207s] WARNING:colcon.colcon_core.prefix_path.colcon:The path '/home/arvi/nav_ws/src/install' in the environment variable COLCON_PREFIX_PATH doesn't exist
[0.208s] WARNING:colcon.colcon_ros.prefix_path.ament:The path '/home/arvi/nav_ws/install/relay' in the environment variable AMENT_PREFIX_PATH doesn't exist
[0.208s] WARNING:colcon.colcon_ros.prefix_path.ament:The path '/home/arvi/nav_ws/install/topic_relay' in the environment variable AMENT_PREFIX_PATH doesn't exist
[0.208s] WARNING:colcon.colcon_ros.prefix_path.ament:The path '/home/arvi/nav_ws/src/install/topic_relay' in the environment variable AMENT_PREFIX_PATH doesn't exist
[0.208s] WARNING:colcon.colcon_ros.prefix_path.ament:The path '/home/arvi/nav_ws/src/install/teleop_twist_stamped' in the environment variable AMENT_PREFIX_PATH doesn't exist
[0.208s] WARNING:colcon.colcon_ros.prefix_path.ament:The path '/home/arvi/nav_ws/src/install/robot_description' in the environment variable AMENT_PREFIX_PATH doesn't exist
[0.208s] WARNING:colcon.colcon_ros.prefix_path.ament:The path '/home/arvi/nav_ws/src/install/joint_states_merger' in the environment variable AMENT_PREFIX_PATH doesn't exist
[0.208s] WARNING:colcon.colcon_ros.prefix_path.ament:The path '/home/arvi/nav_ws/src/install/image_flip_node' in the environment variable AMENT_PREFIX_PATH doesn't exist
[0.208s] WARNING:colcon.colcon_ros.prefix_path.ament:The path '/home/arvi/nav_ws/src/install/bot' in the environment variable AMENT_PREFIX_PATH doesn't exist
[0.208s] WARNING:colcon.colcon_ros.prefix_path.ament:The path '/home/arvi/nav_ws/install/teleop_twist_stamped' in the environment variable AMENT_PREFIX_PATH doesn't exist
[0.208s] WARNING:colcon.colcon_ros.prefix_path.ament:The path '/home/arvi/nav_ws/install/robot_description' in the environment variable AMENT_PREFIX_PATH doesn't exist
[0.208s] WARNING:colcon.colcon_ros.prefix_path.ament:The path '/home/arvi/nav_ws/install/joint_states_merger' in the environment variable AMENT_PREFIX_PATH doesn't exist
[0.208s] WARNING:colcon.colcon_ros.prefix_path.ament:The path '/home/arvi/nav_ws/install/image_flip_node' in the environment variable AMENT_PREFIX_PATH doesn't exist
[0.208s] WARNING:colcon.colcon_ros.prefix_path.ament:The path '/home/arvi/nav_ws/install/bot' in the environment variable AMENT_PREFIX_PATH doesn't exist
[0.208s] WARNING:colcon.colcon_ros.prefix_path.catkin:The path '/home/arvi/nav_ws/src/install/bot' in the environment variable CMAKE_PREFIX_PATH doesn't exist
[0.208s] WARNING:colcon.colcon_ros.prefix_path.catkin:The path '/home/arvi/nav_ws/install/bot' in the environment variable CMAKE_PREFIX_PATH doesn't exist
[0.208s] DEBUG:colcon.colcon_installed_package_information.package_discovery:Found 0 installed packages in /home/arvi/nav_ws/install
[0.209s] DEBUG:colcon.colcon_installed_package_information.package_discovery:Found 333 installed packages in /opt/ros/humble
[0.210s] Level 1:colcon.colcon_core.package_discovery:discover_packages(prefix_path) using defaults
[0.233s] Level 5:colcon.colcon_core.verb:set package 'bot' build argument 'cmake_args' from command line to 'None'
[0.233s] Level 5:colcon.colcon_core.verb:set package 'bot' build argument 'cmake_target' from command line to 'None'
[0.233s] Level 5:colcon.colcon_core.verb:set package 'bot' build argument 'cmake_target_skip_unavailable' from command line to 'False'
[0.233s] Level 5:colcon.colcon_core.verb:set package 'bot' build argument 'cmake_clean_cache' from command line to 'False'
[0.233s] Level 5:colcon.colcon_core.verb:set package 'bot' build argument 'cmake_clean_first' from command line to 'False'
[0.233s] Level 5:colcon.colcon_core.verb:set package 'bot' build argument 'cmake_force_configure' from command line to 'False'
[0.233s] Level 5:colcon.colcon_core.verb:set package 'bot' build argument 'ament_cmake_args' from command line to 'None'
[0.233s] Level 5:colcon.colcon_core.verb:set package 'bot' build argument 'catkin_cmake_args' from command line to 'None'
[0.233s] Level 5:colcon.colcon_core.verb:set package 'bot' build argument 'catkin_skip_building_tests' from command line to 'False'
[0.233s] DEBUG:colcon.colcon_core.verb:Building package 'bot' with the following arguments: {'ament_cmake_args': None, 'build_base': '/home/arvi/nav_ws/build/bot', 'catkin_cmake_args': None, 'catkin_skip_building_tests': False, 'cmake_args': None, 'cmake_clean_cache': False, 'cmake_clean_first': False, 'cmake_force_configure': False, 'cmake_target': None, 'cmake_target_skip_unavailable': False, 'install_base': '/home/arvi/nav_ws/install/bot', 'merge_install': False, 'path': '/home/arvi/nav_ws/src/bot', 'symlink_install': False, 'test_result_base': None}
[0.233s] Level 5:colcon.colcon_core.verb:set package 'image_flip_node' build argument 'cmake_args' from command line to 'None'
[0.233s] Level 5:colcon.colcon_core.verb:set package 'image_flip_node' build argument 'cmake_target' from command line to 'None'
[0.233s] Level 5:colcon.colcon_core.verb:set package 'image_flip_node' build argument 'cmake_target_skip_unavailable' from command line to 'False'
[0.233s] Level 5:colcon.colcon_core.verb:set package 'image_flip_node' build argument 'cmake_clean_cache' from command line to 'False'
[0.233s] Level 5:colcon.colcon_core.verb:set package 'image_flip_node' build argument 'cmake_clean_first' from command line to 'False'
[0.233s] Level 5:colcon.colcon_core.verb:set package 'image_flip_node' build argument 'cmake_force_configure' from command line to 'False'
[0.233s] Level 5:colcon.colcon_core.verb:set package 'image_flip_node' build argument 'ament_cmake_args' from command line to 'None'
[0.233s] Level 5:colcon.colcon_core.verb:set package 'image_flip_node' build argument 'catkin_cmake_args' from command line to 'None'
[0.233s] Level 5:colcon.colcon_core.verb:set package 'image_flip_node' build argument 'catkin_skip_building_tests' from command line to 'False'
[0.233s] DEBUG:colcon.colcon_core.verb:Building package 'image_flip_node' with the following arguments: {'ament_cmake_args': None, 'build_base': '/home/arvi/nav_ws/build/image_flip_node', 'catkin_cmake_args': None, 'catkin_skip_building_tests': False, 'cmake_args': None, 'cmake_clean_cache': False, 'cmake_clean_first': False, 'cmake_force_configure': False, 'cmake_target': None, 'cmake_target_skip_unavailable': False, 'install_base': '/home/arvi/nav_ws/install/image_flip_node', 'merge_install': False, 'path': '/home/arvi/nav_ws/src/image_flip_node', 'symlink_install': False, 'test_result_base': None}
[0.233s] Level 5:colcon.colcon_core.verb:set package 'joint_states_merger' build argument 'cmake_args' from command line to 'None'
[0.233s] Level 5:colcon.colcon_core.verb:set package 'joint_states_merger' build argument 'cmake_target' from command line to 'None'
[0.233s] Level 5:colcon.colcon_core.verb:set package 'joint_states_merger' build argument 'cmake_target_skip_unavailable' from command line to 'False'
[0.233s] Level 5:colcon.colcon_core.verb:set package 'joint_states_merger' build argument 'cmake_clean_cache' from command line to 'False'
[0.233s] Level 5:colcon.colcon_core.verb:set package 'joint_states_merger' build argument 'cmake_clean_first' from command line to 'False'
[0.233s] Level 5:colcon.colcon_core.verb:set package 'joint_states_merger' build argument 'cmake_force_configure' from command line to 'False'
[0.233s] Level 5:colcon.colcon_core.verb:set package 'joint_states_merger' build argument 'ament_cmake_args' from command line to 'None'
[0.233s] Level 5:colcon.colcon_core.verb:set package 'joint_states_merger' build argument 'catkin_cmake_args' from command line to 'None'
[0.233s] Level 5:colcon.colcon_core.verb:set package 'joint_states_merger' build argument 'catkin_skip_building_tests' from command line to 'False'
[0.233s] DEBUG:colcon.colcon_core.verb:Building package 'joint_states_merger' with the following arguments: {'ament_cmake_args': None, 'build_base': '/home/arvi/nav_ws/build/joint_states_merger', 'catkin_cmake_args': None, 'catkin_skip_building_tests': False, 'cmake_args': None, 'cmake_clean_cache': False, 'cmake_clean_first': False, 'cmake_force_configure': False, 'cmake_target': None, 'cmake_target_skip_unavailable': False, 'install_base': '/home/arvi/nav_ws/install/joint_states_merger', 'merge_install': False, 'path': '/home/arvi/nav_ws/src/joint_states_merger', 'symlink_install': False, 'test_result_base': None}
[0.234s] Level 5:colcon.colcon_core.verb:set package 'robot_description' build argument 'cmake_args' from command line to 'None'
[0.234s] Level 5:colcon.colcon_core.verb:set package 'robot_description' build argument 'cmake_target' from command line to 'None'
[0.234s] Level 5:colcon.colcon_core.verb:set package 'robot_description' build argument 'cmake_target_skip_unavailable' from command line to 'False'
[0.234s] Level 5:colcon.colcon_core.verb:set package 'robot_description' build argument 'cmake_clean_cache' from command line to 'False'
[0.234s] Level 5:colcon.colcon_core.verb:set package 'robot_description' build argument 'cmake_clean_first' from command line to 'False'
[0.234s] Level 5:colcon.colcon_core.verb:set package 'robot_description' build argument 'cmake_force_configure' from command line to 'False'
[0.234s] Level 5:colcon.colcon_core.verb:set package 'robot_description' build argument 'ament_cmake_args' from command line to 'None'
[0.234s] Level 5:colcon.colcon_core.verb:set package 'robot_description' build argument 'catkin_cmake_args' from command line to 'None'
[0.234s] Level 5:colcon.colcon_core.verb:set package 'robot_description' build argument 'catkin_skip_building_tests' from command line to 'False'
[0.234s] DEBUG:colcon.colcon_core.verb:Building package 'robot_description' with the following arguments: {'ament_cmake_args': None, 'build_base': '/home/arvi/nav_ws/build/robot_description', 'catkin_cmake_args': None, 'catkin_skip_building_tests': False, 'cmake_args': None, 'cmake_clean_cache': False, 'cmake_clean_first': False, 'cmake_force_configure': False, 'cmake_target': None, 'cmake_target_skip_unavailable': False, 'install_base': '/home/arvi/nav_ws/install/robot_description', 'merge_install': False, 'path': '/home/arvi/nav_ws/src/robot_description', 'symlink_install': False, 'test_result_base': None}
[0.234s] Level 5:colcon.colcon_core.verb:set package 'teleop_twist_stamped' build argument 'cmake_args' from command line to 'None'
[0.234s] Level 5:colcon.colcon_core.verb:set package 'teleop_twist_stamped' build argument 'cmake_target' from command line to 'None'
[0.234s] Level 5:colcon.colcon_core.verb:set package 'teleop_twist_stamped' build argument 'cmake_target_skip_unavailable' from command line to 'False'
[0.234s] Level 5:colcon.colcon_core.verb:set package 'teleop_twist_stamped' build argument 'cmake_clean_cache' from command line to 'False'
[0.234s] Level 5:colcon.colcon_core.verb:set package 'teleop_twist_stamped' build argument 'cmake_clean_first' from command line to 'False'
[0.234s] Level 5:colcon.colcon_core.verb:set package 'teleop_twist_stamped' build argument 'cmake_force_configure' from command line to 'False'
[0.234s] Level 5:colcon.colcon_core.verb:set package 'teleop_twist_stamped' build argument 'ament_cmake_args' from command line to 'None'
[0.234s] Level 5:colcon.colcon_core.verb:set package 'teleop_twist_stamped' build argument 'catkin_cmake_args' from command line to 'None'
[0.234s] Level 5:colcon.colcon_core.verb:set package 'teleop_twist_stamped' build argument 'catkin_skip_building_tests' from command line to 'False'
[0.234s] DEBUG:colcon.colcon_core.verb:Building package 'teleop_twist_stamped' with the following arguments: {'ament_cmake_args': None, 'build_base': '/home/arvi/nav_ws/build/teleop_twist_stamped', 'catkin_cmake_args': None, 'catkin_skip_building_tests': False, 'cmake_args': None, 'cmake_clean_cache': False, 'cmake_clean_first': False, 'cmake_force_configure': False, 'cmake_target': None, 'cmake_target_skip_unavailable': False, 'install_base': '/home/arvi/nav_ws/install/teleop_twist_stamped', 'merge_install': False, 'path': '/home/arvi/nav_ws/src/teleop_twist_stamped', 'symlink_install': False, 'test_result_base': None}
[0.234s] Level 5:colcon.colcon_core.verb:set package 'topic_relay' build argument 'cmake_args' from command line to 'None'
[0.234s] Level 5:colcon.colcon_core.verb:set package 'topic_relay' build argument 'cmake_target' from command line to 'None'
[0.234s] Level 5:colcon.colcon_core.verb:set package 'topic_relay' build argument 'cmake_target_skip_unavailable' from command line to 'False'
[0.234s] Level 5:colcon.colcon_core.verb:set package 'topic_relay' build argument 'cmake_clean_cache' from command line to 'False'
[0.234s] Level 5:colcon.colcon_core.verb:set package 'topic_relay' build argument 'cmake_clean_first' from command line to 'False'
[0.234s] Level 5:colcon.colcon_core.verb:set package 'topic_relay' build argument 'cmake_force_configure' from command line to 'False'
[0.234s] Level 5:colcon.colcon_core.verb:set package 'topic_relay' build argument 'ament_cmake_args' from command line to 'None'
[0.234s] Level 5:colcon.colcon_core.verb:set package 'topic_relay' build argument 'catkin_cmake_args' from command line to 'None'
[0.234s] Level 5:colcon.colcon_core.verb:set package 'topic_relay' build argument 'catkin_skip_building_tests' from command line to 'False'
[0.234s] DEBUG:colcon.colcon_core.verb:Building package 'topic_relay' with the following arguments: {'ament_cmake_args': None, 'build_base': '/home/arvi/nav_ws/build/topic_relay', 'catkin_cmake_args': None, 'catkin_skip_building_tests': False, 'cmake_args': None, 'cmake_clean_cache': False, 'cmake_clean_first': False, 'cmake_force_configure': False, 'cmake_target': None, 'cmake_target_skip_unavailable': False, 'install_base': '/home/arvi/nav_ws/install/topic_relay', 'merge_install': False, 'path': '/home/arvi/nav_ws/src/topic_relay', 'symlink_install': False, 'test_result_base': None}
[0.234s] INFO:colcon.colcon_core.executor:Executing jobs using 'parallel' executor
[0.235s] DEBUG:colcon.colcon_parallel_executor.executor.parallel:run_until_complete
[0.235s] INFO:colcon.colcon_ros.task.ament_cmake.build:Building ROS package in '/home/arvi/nav_ws/src/bot' with build type 'ament_cmake'
[0.235s] INFO:colcon.colcon_cmake.task.cmake.build:Building CMake package in '/home/arvi/nav_ws/src/bot'
[0.237s] INFO:colcon.colcon_core.plugin_system:Skipping extension 'colcon_core.shell.bat': Not used on non-Windows systems
[0.237s] INFO:colcon.colcon_core.shell:Skip shell extension 'powershell' for command environment: Not usable outside of PowerShell
[0.237s] DEBUG:colcon.colcon_core.shell:Skip shell extension 'dsv' for command environment
[0.239s] INFO:colcon.colcon_ros.task.ament_python.build:Building ROS package in '/home/arvi/nav_ws/src/image_flip_node' with build type 'ament_python'
[0.239s] Level 1:colcon.colcon_core.shell:create_environment_hook('image_flip_node', 'ament_prefix_path')
[0.239s] INFO:colcon.colcon_core.shell:Creating environment hook '/home/arvi/nav_ws/install/image_flip_node/share/image_flip_node/hook/ament_prefix_path.ps1'
[0.239s] INFO:colcon.colcon_core.shell:Creating environment descriptor '/home/arvi/nav_ws/install/image_flip_node/share/image_flip_node/hook/ament_prefix_path.dsv'
[0.240s] INFO:colcon.colcon_core.shell:Creating environment hook '/home/arvi/nav_ws/install/image_flip_node/share/image_flip_node/hook/ament_prefix_path.sh'
[0.240s] INFO:colcon.colcon_core.shell:Skip shell extension 'powershell' for command environment: Not usable outside of PowerShell
[0.240s] DEBUG:colcon.colcon_core.shell:Skip shell extension 'dsv' for command environment
[0.242s] INFO:colcon.colcon_ros.task.ament_python.build:Building ROS package in '/home/arvi/nav_ws/src/joint_states_merger' with build type 'ament_python'
[0.242s] Level 1:colcon.colcon_core.shell:create_environment_hook('joint_states_merger', 'ament_prefix_path')
[0.242s] INFO:colcon.colcon_core.shell:Creating environment hook '/home/arvi/nav_ws/install/joint_states_merger/share/joint_states_merger/hook/ament_prefix_path.ps1'
[0.242s] INFO:colcon.colcon_core.shell:Creating environment descriptor '/home/arvi/nav_ws/install/joint_states_merger/share/joint_states_merger/hook/ament_prefix_path.dsv'
[0.242s] INFO:colcon.colcon_core.shell:Creating environment hook '/home/arvi/nav_ws/install/joint_states_merger/share/joint_states_merger/hook/ament_prefix_path.sh'
[0.243s] INFO:colcon.colcon_core.shell:Skip shell extension 'powershell' for command environment: Not usable outside of PowerShell
[0.243s] DEBUG:colcon.colcon_core.shell:Skip shell extension 'dsv' for command environment
[0.244s] INFO:colcon.colcon_ros.task.ament_python.build:Building ROS package in '/home/arvi/nav_ws/src/robot_description' with build type 'ament_python'
[0.245s] Level 1:colcon.colcon_core.shell:create_environment_hook('robot_description', 'ament_prefix_path')
[0.245s] INFO:colcon.colcon_core.shell:Creating environment hook '/home/arvi/nav_ws/install/robot_description/share/robot_description/hook/ament_prefix_path.ps1'
[0.245s] INFO:colcon.colcon_core.shell:Creating environment descriptor '/home/arvi/nav_ws/install/robot_description/share/robot_description/hook/ament_prefix_path.dsv'
[0.245s] INFO:colcon.colcon_core.shell:Creating environment hook '/home/arvi/nav_ws/install/robot_description/share/robot_description/hook/ament_prefix_path.sh'
[0.245s] INFO:colcon.colcon_core.shell:Skip shell extension 'powershell' for command environment: Not usable outside of PowerShell
[0.245s] DEBUG:colcon.colcon_core.shell:Skip shell extension 'dsv' for command environment
[0.247s] INFO:colcon.colcon_ros.task.ament_python.build:Building ROS package in '/home/arvi/nav_ws/src/teleop_twist_stamped' with build type 'ament_python'
[0.247s] Level 1:colcon.colcon_core.shell:create_environment_hook('teleop_twist_stamped', 'ament_prefix_path')
[0.247s] INFO:colcon.colcon_core.shell:Creating environment hook '/home/arvi/nav_ws/install/teleop_twist_stamped/share/teleop_twist_stamped/hook/ament_prefix_path.ps1'
[0.247s] INFO:colcon.colcon_core.shell:Creating environment descriptor '/home/arvi/nav_ws/install/teleop_twist_stamped/share/teleop_twist_stamped/hook/ament_prefix_path.dsv'
[0.248s] INFO:colcon.colcon_core.shell:Creating environment hook '/home/arvi/nav_ws/install/teleop_twist_stamped/share/teleop_twist_stamped/hook/ament_prefix_path.sh'
[0.248s] INFO:colcon.colcon_core.shell:Skip shell extension 'powershell' for command environment: Not usable outside of PowerShell
[0.248s] DEBUG:colcon.colcon_core.shell:Skip shell extension 'dsv' for command environment
[0.250s] INFO:colcon.colcon_ros.task.ament_python.build:Building ROS package in '/home/arvi/nav_ws/src/topic_relay' with build type 'ament_python'
[0.250s] Level 1:colcon.colcon_core.shell:create_environment_hook('topic_relay', 'ament_prefix_path')
[0.250s] INFO:colcon.colcon_core.shell:Creating environment hook '/home/arvi/nav_ws/install/topic_relay/share/topic_relay/hook/ament_prefix_path.ps1'
[0.250s] INFO:colcon.colcon_core.shell:Creating environment descriptor '/home/arvi/nav_ws/install/topic_relay/share/topic_relay/hook/ament_prefix_path.dsv'
[0.250s] INFO:colcon.colcon_core.shell:Creating environment hook '/home/arvi/nav_ws/install/topic_relay/share/topic_relay/hook/ament_prefix_path.sh'
[0.250s] INFO:colcon.colcon_core.shell:Skip shell extension 'powershell' for command environment: Not usable outside of PowerShell
[0.250s] DEBUG:colcon.colcon_core.shell:Skip shell extension 'dsv' for command environment
[0.255s] DEBUG:colcon.colcon_core.event_handler.log_command:Invoking command in '/home/arvi/nav_ws/build/bot': CMAKE_PREFIX_PATH=${CMAKE_PREFIX_PATH}:/home/arvi/nav_ws/install/relay:/home/arvi/nav_ws/install/topic_relay:/home/arvi/nav_ws/src/install/topic_relay:/home/arvi/nav_ws/src/install/teleop_twist_stamped:/home/arvi/nav_ws/src/install/robot_description:/home/arvi/nav_ws/src/install/joint_states_merger:/home/arvi/nav_ws/src/install/image_flip_node:/home/arvi/nav_ws/install/teleop_twist_stamped:/home/arvi/nav_ws/install/robot_description:/home/arvi/nav_ws/install/joint_states_merger:/home/arvi/nav_ws/install/image_flip_node:/opt/ros/humble /usr/bin/cmake /home/arvi/nav_ws/src/bot -DCMAKE_INSTALL_PREFIX=/home/arvi/nav_ws/install/bot
[0.393s] INFO:colcon.colcon_core.task.python.build:Building Python package in '/home/arvi/nav_ws/src/image_flip_node'
[0.393s] INFO:colcon.colcon_core.shell:Skip shell extension 'powershell' for command environment: Not usable outside of PowerShell
[0.393s] DEBUG:colcon.colcon_core.shell:Skip shell extension 'dsv' for command environment
[0.543s] INFO:colcon.colcon_core.task.python.build:Building Python package in '/home/arvi/nav_ws/src/joint_states_merger'
[0.544s] INFO:colcon.colcon_core.shell:Skip shell extension 'powershell' for command environment: Not usable outside of PowerShell
[0.544s] DEBUG:colcon.colcon_core.shell:Skip shell extension 'dsv' for command environment
[0.695s] INFO:colcon.colcon_core.task.python.build:Building Python package in '/home/arvi/nav_ws/src/robot_description'
[0.696s] INFO:colcon.colcon_core.shell:Skip shell extension 'powershell' for command environment: Not usable outside of PowerShell
[0.696s] DEBUG:colcon.colcon_core.shell:Skip shell extension 'dsv' for command environment
[0.847s] INFO:colcon.colcon_core.task.python.build:Building Python package in '/home/arvi/nav_ws/src/teleop_twist_stamped'
[0.847s] INFO:colcon.colcon_core.shell:Skip shell extension 'powershell' for command environment: Not usable outside of PowerShell
[0.847s] DEBUG:colcon.colcon_core.shell:Skip shell extension 'dsv' for command environment
[0.998s] INFO:colcon.colcon_core.task.python.build:Building Python package in '/home/arvi/nav_ws/src/topic_relay'
[0.999s] INFO:colcon.colcon_core.shell:Skip shell extension 'powershell' for command environment: Not usable outside of PowerShell
[0.999s] DEBUG:colcon.colcon_core.shell:Skip shell extension 'dsv' for command environment
[1.208s] DEBUG:colcon.colcon_core.event_handler.log_command:Invoked command in '/home/arvi/nav_ws/build/bot' returned '0': CMAKE_PREFIX_PATH=${CMAKE_PREFIX_PATH}:/home/arvi/nav_ws/install/relay:/home/arvi/nav_ws/install/topic_relay:/home/arvi/nav_ws/src/install/topic_relay:/home/arvi/nav_ws/src/install/teleop_twist_stamped:/home/arvi/nav_ws/src/install/robot_description:/home/arvi/nav_ws/src/install/joint_states_merger:/home/arvi/nav_ws/src/install/image_flip_node:/home/arvi/nav_ws/install/teleop_twist_stamped:/home/arvi/nav_ws/install/robot_description:/home/arvi/nav_ws/install/joint_states_merger:/home/arvi/nav_ws/install/image_flip_node:/opt/ros/humble /usr/bin/cmake /home/arvi/nav_ws/src/bot -DCMAKE_INSTALL_PREFIX=/home/arvi/nav_ws/install/bot
[1.211s] DEBUG:colcon.colcon_core.event_handler.log_command:Invoking command in '/home/arvi/nav_ws/build/bot': CMAKE_PREFIX_PATH=${CMAKE_PREFIX_PATH}:/home/arvi/nav_ws/install/relay:/home/arvi/nav_ws/install/topic_relay:/home/arvi/nav_ws/src/install/topic_relay:/home/arvi/nav_ws/src/install/teleop_twist_stamped:/home/arvi/nav_ws/src/install/robot_description:/home/arvi/nav_ws/src/install/joint_states_merger:/home/arvi/nav_ws/src/install/image_flip_node:/home/arvi/nav_ws/install/teleop_twist_stamped:/home/arvi/nav_ws/install/robot_description:/home/arvi/nav_ws/install/joint_states_merger:/home/arvi/nav_ws/install/image_flip_node:/opt/ros/humble /usr/bin/cmake --build /home/arvi/nav_ws/build/bot -- -j16 -l16
[1.304s] DEBUG:colcon.colcon_core.event_handler.log_command:Invoking command in '/home/arvi/nav_ws/src/teleop_twist_stamped': PYTHONPATH=/home/arvi/nav_ws/build/teleop_twist_stamped/prefix_override:/usr/lib/python3/dist-packages/colcon_core/task/python/colcon_distutils_commands:/home/arvi/nav_ws/install/teleop_twist_stamped/lib/python3.10/site-packages:${PYTHONPATH} /usr/bin/python3 -W ignore:setup.py install is deprecated -W ignore:easy_install command is deprecated setup.py egg_info --egg-base ../../build/teleop_twist_stamped build --build-base /home/arvi/nav_ws/build/teleop_twist_stamped/build install --record /home/arvi/nav_ws/build/teleop_twist_stamped/install.log --single-version-externally-managed install_data
[1.423s] DEBUG:colcon.colcon_core.event_handler.log_command:Invoking command in '/home/arvi/nav_ws/src/image_flip_node': PYTHONPATH=/home/arvi/nav_ws/build/image_flip_node/prefix_override:/usr/lib/python3/dist-packages/colcon_core/task/python/colcon_distutils_commands:/home/arvi/nav_ws/install/image_flip_node/lib/python3.10/site-packages:${PYTHONPATH} /usr/bin/python3 -W ignore:setup.py install is deprecated -W ignore:easy_install command is deprecated setup.py egg_info --egg-base ../../build/image_flip_node build --build-base /home/arvi/nav_ws/build/image_flip_node/build install --record /home/arvi/nav_ws/build/image_flip_node/install.log --single-version-externally-managed install_data
[1.428s] DEBUG:colcon.colcon_core.event_handler.log_command:Invoking command in '/home/arvi/nav_ws/src/topic_relay': PYTHONPATH=/home/arvi/nav_ws/build/topic_relay/prefix_override:/usr/lib/python3/dist-packages/colcon_core/task/python/colcon_distutils_commands:/home/arvi/nav_ws/install/topic_relay/lib/python3.10/site-packages:${PYTHONPATH} /usr/bin/python3 -W ignore:setup.py install is deprecated -W ignore:easy_install command is deprecated setup.py egg_info --egg-base ../../build/topic_relay build --build-base /home/arvi/nav_ws/build/topic_relay/build install --record /home/arvi/nav_ws/build/topic_relay/install.log --single-version-externally-managed install_data
[1.435s] DEBUG:colcon.colcon_core.event_handler.log_command:Invoking command in '/home/arvi/nav_ws/src/joint_states_merger': PYTHONPATH=/home/arvi/nav_ws/build/joint_states_merger/prefix_override:/usr/lib/python3/dist-packages/colcon_core/task/python/colcon_distutils_commands:/home/arvi/nav_ws/install/joint_states_merger/lib/python3.10/site-packages:${PYTHONPATH} /usr/bin/python3 -W ignore:setup.py install is deprecated -W ignore:easy_install command is deprecated setup.py egg_info --egg-base ../../build/joint_states_merger build --build-base /home/arvi/nav_ws/build/joint_states_merger/build install --record /home/arvi/nav_ws/build/joint_states_merger/install.log --single-version-externally-managed install_data
[1.461s] DEBUG:colcon.colcon_core.event_handler.log_command:Invoking command in '/home/arvi/nav_ws/src/robot_description': PYTHONPATH=/home/arvi/nav_ws/build/robot_description/prefix_override:/usr/lib/python3/dist-packages/colcon_core/task/python/colcon_distutils_commands:/home/arvi/nav_ws/install/robot_description/lib/python3.10/site-packages:${PYTHONPATH} /usr/bin/python3 -W ignore:setup.py install is deprecated -W ignore:easy_install command is deprecated setup.py egg_info --egg-base ../../build/robot_description build --build-base /home/arvi/nav_ws/build/robot_description/build install --record /home/arvi/nav_ws/build/robot_description/install.log --install-scripts $base/lib/robot_description --single-version-externally-managed install_data
[1.768s] DEBUG:colcon.colcon_core.event_handler.log_command:Invoked command in '/home/arvi/nav_ws/src/joint_states_merger' returned '0': PYTHONPATH=/home/arvi/nav_ws/build/joint_states_merger/prefix_override:/usr/lib/python3/dist-packages/colcon_core/task/python/colcon_distutils_commands:/home/arvi/nav_ws/install/joint_states_merger/lib/python3.10/site-packages:${PYTHONPATH} /usr/bin/python3 -W ignore:setup.py install is deprecated -W ignore:easy_install command is deprecated setup.py egg_info --egg-base ../../build/joint_states_merger build --build-base /home/arvi/nav_ws/build/joint_states_merger/build install --record /home/arvi/nav_ws/build/joint_states_merger/install.log --single-version-externally-managed install_data
[1.772s] Level 1:colcon.colcon_core.environment:checking '/home/arvi/nav_ws/install/joint_states_merger' for CMake module files
[1.773s] Level 1:colcon.colcon_core.environment:checking '/home/arvi/nav_ws/install/joint_states_merger' for CMake config files
[1.774s] Level 1:colcon.colcon_core.environment:checking '/home/arvi/nav_ws/install/joint_states_merger/lib'
[1.775s] Level 1:colcon.colcon_core.environment:checking '/home/arvi/nav_ws/install/joint_states_merger/bin'
[1.775s] Level 1:colcon.colcon_core.environment:checking '/home/arvi/nav_ws/install/joint_states_merger/lib/pkgconfig/joint_states_merger.pc'
[1.775s] Level 1:colcon.colcon_core.environment:checking '/home/arvi/nav_ws/install/joint_states_merger/lib/python3.10/site-packages'
[1.776s] Level 1:colcon.colcon_core.shell:create_environment_hook('joint_states_merger', 'pythonpath')
[1.776s] INFO:colcon.colcon_core.shell:Creating environment hook '/home/arvi/nav_ws/install/joint_states_merger/share/joint_states_merger/hook/pythonpath.ps1'
[1.777s] INFO:colcon.colcon_core.shell:Creating environment descriptor '/home/arvi/nav_ws/install/joint_states_merger/share/joint_states_merger/hook/pythonpath.dsv'
[1.778s] INFO:colcon.colcon_core.shell:Creating environment hook '/home/arvi/nav_ws/install/joint_states_merger/share/joint_states_merger/hook/pythonpath.sh'
[1.779s] Level 1:colcon.colcon_core.environment:checking '/home/arvi/nav_ws/install/joint_states_merger/bin'
[1.779s] Level 1:colcon.colcon_core.environment:create_environment_scripts_only(joint_states_merger)
[1.779s] INFO:colcon.colcon_core.shell:Creating package script '/home/arvi/nav_ws/install/joint_states_merger/share/joint_states_merger/package.ps1'
[1.781s] INFO:colcon.colcon_core.shell:Creating package descriptor '/home/arvi/nav_ws/install/joint_states_merger/share/joint_states_merger/package.dsv'
[1.782s] INFO:colcon.colcon_core.shell:Creating package script '/home/arvi/nav_ws/install/joint_states_merger/share/joint_states_merger/package.sh'
[1.783s] INFO:colcon.colcon_core.shell:Creating package script '/home/arvi/nav_ws/install/joint_states_merger/share/joint_states_merger/package.bash'
[1.785s] INFO:colcon.colcon_core.shell:Creating package script '/home/arvi/nav_ws/install/joint_states_merger/share/joint_states_merger/package.zsh'
[1.786s] Level 1:colcon.colcon_core.environment:create_file_with_runtime_dependencies(/home/arvi/nav_ws/install/joint_states_merger/share/colcon-core/packages/joint_states_merger)
[1.788s] Level 1:colcon.colcon_core.environment:checking '/home/arvi/nav_ws/install/teleop_twist_stamped' for CMake module files
[1.789s] DEBUG:colcon.colcon_core.event_handler.log_command:Invoked command in '/home/arvi/nav_ws/src/teleop_twist_stamped' returned '0': PYTHONPATH=/home/arvi/nav_ws/build/teleop_twist_stamped/prefix_override:/usr/lib/python3/dist-packages/colcon_core/task/python/colcon_distutils_commands:/home/arvi/nav_ws/install/teleop_twist_stamped/lib/python3.10/site-packages:${PYTHONPATH} /usr/bin/python3 -W ignore:setup.py install is deprecated -W ignore:easy_install command is deprecated setup.py egg_info --egg-base ../../build/teleop_twist_stamped build --build-base /home/arvi/nav_ws/build/teleop_twist_stamped/build install --record /home/arvi/nav_ws/build/teleop_twist_stamped/install.log --single-version-externally-managed install_data
[1.790s] Level 1:colcon.colcon_core.environment:checking '/home/arvi/nav_ws/install/teleop_twist_stamped' for CMake config files
[1.791s] Level 1:colcon.colcon_core.environment:checking '/home/arvi/nav_ws/install/teleop_twist_stamped/lib'
[1.791s] Level 1:colcon.colcon_core.environment:checking '/home/arvi/nav_ws/install/teleop_twist_stamped/bin'
[1.791s] Level 1:colcon.colcon_core.environment:checking '/home/arvi/nav_ws/install/teleop_twist_stamped/lib/pkgconfig/teleop_twist_stamped.pc'
[1.791s] Level 1:colcon.colcon_core.environment:checking '/home/arvi/nav_ws/install/teleop_twist_stamped/lib/python3.10/site-packages'
[1.791s] Level 1:colcon.colcon_core.shell:create_environment_hook('teleop_twist_stamped', 'pythonpath')
[1.792s] INFO:colcon.colcon_core.shell:Creating environment hook '/home/arvi/nav_ws/install/teleop_twist_stamped/share/teleop_twist_stamped/hook/pythonpath.ps1'
[1.793s] INFO:colcon.colcon_core.shell:Creating environment descriptor '/home/arvi/nav_ws/install/teleop_twist_stamped/share/teleop_twist_stamped/hook/pythonpath.dsv'
[1.794s] INFO:colcon.colcon_core.shell:Creating environment hook '/home/arvi/nav_ws/install/teleop_twist_stamped/share/teleop_twist_stamped/hook/pythonpath.sh'
[1.795s] Level 1:colcon.colcon_core.environment:checking '/home/arvi/nav_ws/install/teleop_twist_stamped/bin'
[1.795s] Level 1:colcon.colcon_core.environment:create_environment_scripts_only(teleop_twist_stamped)
[1.795s] INFO:colcon.colcon_core.shell:Creating package script '/home/arvi/nav_ws/install/teleop_twist_stamped/share/teleop_twist_stamped/package.ps1'
[1.797s] INFO:colcon.colcon_core.shell:Creating package descriptor '/home/arvi/nav_ws/install/teleop_twist_stamped/share/teleop_twist_stamped/package.dsv'
[1.797s] INFO:colcon.colcon_core.shell:Creating package script '/home/arvi/nav_ws/install/teleop_twist_stamped/share/teleop_twist_stamped/package.sh'
[1.798s] INFO:colcon.colcon_core.shell:Creating package script '/home/arvi/nav_ws/install/teleop_twist_stamped/share/teleop_twist_stamped/package.bash'
[1.799s] INFO:colcon.colcon_core.shell:Creating package script '/home/arvi/nav_ws/install/teleop_twist_stamped/share/teleop_twist_stamped/package.zsh'
[1.800s] Level 1:colcon.colcon_core.environment:create_file_with_runtime_dependencies(/home/arvi/nav_ws/install/teleop_twist_stamped/share/colcon-core/packages/teleop_twist_stamped)
[1.916s] Level 1:colcon.colcon_core.environment:checking '/home/arvi/nav_ws/install/image_flip_node' for CMake module files
[1.917s] DEBUG:colcon.colcon_core.event_handler.log_command:Invoked command in '/home/arvi/nav_ws/src/image_flip_node' returned '0': PYTHONPATH=/home/arvi/nav_ws/build/image_flip_node/prefix_override:/usr/lib/python3/dist-packages/colcon_core/task/python/colcon_distutils_commands:/home/arvi/nav_ws/install/image_flip_node/lib/python3.10/site-packages:${PYTHONPATH} /usr/bin/python3 -W ignore:setup.py install is deprecated -W ignore:easy_install command is deprecated setup.py egg_info --egg-base ../../build/image_flip_node build --build-base /home/arvi/nav_ws/build/image_flip_node/build install --record /home/arvi/nav_ws/build/image_flip_node/install.log --single-version-externally-managed install_data
[1.917s] Level 1:colcon.colcon_core.environment:checking '/home/arvi/nav_ws/install/image_flip_node' for CMake config files
[1.918s] Level 1:colcon.colcon_core.environment:checking '/home/arvi/nav_ws/install/image_flip_node/lib'
[1.918s] Level 1:colcon.colcon_core.environment:checking '/home/arvi/nav_ws/install/image_flip_node/bin'
[1.918s] Level 1:colcon.colcon_core.environment:checking '/home/arvi/nav_ws/install/image_flip_node/lib/pkgconfig/image_flip_node.pc'
[1.918s] Level 1:colcon.colcon_core.environment:checking '/home/arvi/nav_ws/install/image_flip_node/lib/python3.10/site-packages'
[1.919s] Level 1:colcon.colcon_core.shell:create_environment_hook('image_flip_node', 'pythonpath')
[1.919s] INFO:colcon.colcon_core.shell:Creating environment hook '/home/arvi/nav_ws/install/image_flip_node/share/image_flip_node/hook/pythonpath.ps1'
[1.920s] INFO:colcon.colcon_core.shell:Creating environment descriptor '/home/arvi/nav_ws/install/image_flip_node/share/image_flip_node/hook/pythonpath.dsv'
[1.922s] INFO:colcon.colcon_core.shell:Creating environment hook '/home/arvi/nav_ws/install/image_flip_node/share/image_flip_node/hook/pythonpath.sh'
[1.923s] Level 1:colcon.colcon_core.environment:checking '/home/arvi/nav_ws/install/image_flip_node/bin'
[1.923s] Level 1:colcon.colcon_core.environment:create_environment_scripts_only(image_flip_node)
[1.923s] INFO:colcon.colcon_core.shell:Creating package script '/home/arvi/nav_ws/install/image_flip_node/share/image_flip_node/package.ps1'
[1.924s] INFO:colcon.colcon_core.shell:Creating package descriptor '/home/arvi/nav_ws/install/image_flip_node/share/image_flip_node/package.dsv'
[1.925s] INFO:colcon.colcon_core.shell:Creating package script '/home/arvi/nav_ws/install/image_flip_node/share/image_flip_node/package.sh'
[1.926s] INFO:colcon.colcon_core.shell:Creating package script '/home/arvi/nav_ws/install/image_flip_node/share/image_flip_node/package.bash'
[1.928s] INFO:colcon.colcon_core.shell:Creating package script '/home/arvi/nav_ws/install/image_flip_node/share/image_flip_node/package.zsh'
[1.929s] Level 1:colcon.colcon_core.environment:create_file_with_runtime_dependencies(/home/arvi/nav_ws/install/image_flip_node/share/colcon-core/packages/image_flip_node)
[1.995s] Level 1:colcon.colcon_core.environment:checking '/home/arvi/nav_ws/install/topic_relay' for CMake module files
[1.996s] DEBUG:colcon.colcon_core.event_handler.log_command:Invoked command in '/home/arvi/nav_ws/src/topic_relay' returned '0': PYTHONPATH=/home/arvi/nav_ws/build/topic_relay/prefix_override:/usr/lib/python3/dist-packages/colcon_core/task/python/colcon_distutils_commands:/home/arvi/nav_ws/install/topic_relay/lib/python3.10/site-packages:${PYTHONPATH} /usr/bin/python3 -W ignore:setup.py install is deprecated -W ignore:easy_install command is deprecated setup.py egg_info --egg-base ../../build/topic_relay build --build-base /home/arvi/nav_ws/build/topic_relay/build install --record /home/arvi/nav_ws/build/topic_relay/install.log --single-version-externally-managed install_data
[1.996s] Level 1:colcon.colcon_core.environment:checking '/home/arvi/nav_ws/install/topic_relay' for CMake config files
[1.997s] Level 1:colcon.colcon_core.environment:checking '/home/arvi/nav_ws/install/topic_relay/lib'
[1.997s] Level 1:colcon.colcon_core.environment:checking '/home/arvi/nav_ws/install/topic_relay/bin'
[1.997s] Level 1:colcon.colcon_core.environment:checking '/home/arvi/nav_ws/install/topic_relay/lib/pkgconfig/topic_relay.pc'
[1.998s] Level 1:colcon.colcon_core.environment:checking '/home/arvi/nav_ws/install/topic_relay/lib/python3.10/site-packages'
[1.998s] Level 1:colcon.colcon_core.shell:create_environment_hook('topic_relay', 'pythonpath')
[1.998s] INFO:colcon.colcon_core.shell:Creating environment hook '/home/arvi/nav_ws/install/topic_relay/share/topic_relay/hook/pythonpath.ps1'
[1.999s] INFO:colcon.colcon_core.shell:Creating environment descriptor '/home/arvi/nav_ws/install/topic_relay/share/topic_relay/hook/pythonpath.dsv'
[2.000s] INFO:colcon.colcon_core.shell:Creating environment hook '/home/arvi/nav_ws/install/topic_relay/share/topic_relay/hook/pythonpath.sh'
[2.000s] Level 1:colcon.colcon_core.environment:checking '/home/arvi/nav_ws/install/topic_relay/bin'
[2.001s] Level 1:colcon.colcon_core.environment:create_environment_scripts_only(topic_relay)
[2.001s] INFO:colcon.colcon_core.shell:Creating package script '/home/arvi/nav_ws/install/topic_relay/share/topic_relay/package.ps1'
[2.002s] INFO:colcon.colcon_core.shell:Creating package descriptor '/home/arvi/nav_ws/install/topic_relay/share/topic_relay/package.dsv'
[2.003s] INFO:colcon.colcon_core.shell:Creating package script '/home/arvi/nav_ws/install/topic_relay/share/topic_relay/package.sh'
[2.004s] INFO:colcon.colcon_core.shell:Creating package script '/home/arvi/nav_ws/install/topic_relay/share/topic_relay/package.bash'
[2.004s] INFO:colcon.colcon_core.shell:Creating package script '/home/arvi/nav_ws/install/topic_relay/share/topic_relay/package.zsh'
[2.005s] Level 1:colcon.colcon_core.environment:create_file_with_runtime_dependencies(/home/arvi/nav_ws/install/topic_relay/share/colcon-core/packages/topic_relay)
[2.057s] Level 1:colcon.colcon_core.environment:checking '/home/arvi/nav_ws/install/robot_description' for CMake module files
[2.058s] DEBUG:colcon.colcon_core.event_handler.log_command:Invoked command in '/home/arvi/nav_ws/src/robot_description' returned '0': PYTHONPATH=/home/arvi/nav_ws/build/robot_description/prefix_override:/usr/lib/python3/dist-packages/colcon_core/task/python/colcon_distutils_commands:/home/arvi/nav_ws/install/robot_description/lib/python3.10/site-packages:${PYTHONPATH} /usr/bin/python3 -W ignore:setup.py install is deprecated -W ignore:easy_install command is deprecated setup.py egg_info --egg-base ../../build/robot_description build --build-base /home/arvi/nav_ws/build/robot_description/build install --record /home/arvi/nav_ws/build/robot_description/install.log --install-scripts $base/lib/robot_description --single-version-externally-managed install_data
[2.058s] Level 1:colcon.colcon_core.environment:checking '/home/arvi/nav_ws/install/robot_description' for CMake config files
[2.059s] Level 1:colcon.colcon_core.environment:checking '/home/arvi/nav_ws/install/robot_description/lib'
[2.059s] Level 1:colcon.colcon_core.environment:checking '/home/arvi/nav_ws/install/robot_description/bin'
[2.059s] Level 1:colcon.colcon_core.environment:checking '/home/arvi/nav_ws/install/robot_description/lib/pkgconfig/robot_description.pc'
[2.060s] Level 1:colcon.colcon_core.environment:checking '/home/arvi/nav_ws/install/robot_description/lib/python3.10/site-packages'
[2.060s] Level 1:colcon.colcon_core.shell:create_environment_hook('robot_description', 'pythonpath')
[2.060s] INFO:colcon.colcon_core.shell:Creating environment hook '/home/arvi/nav_ws/install/robot_description/share/robot_description/hook/pythonpath.ps1'
[2.061s] INFO:colcon.colcon_core.shell:Creating environment descriptor '/home/arvi/nav_ws/install/robot_description/share/robot_description/hook/pythonpath.dsv'
[2.062s] INFO:colcon.colcon_core.shell:Creating environment hook '/home/arvi/nav_ws/install/robot_description/share/robot_description/hook/pythonpath.sh'
[2.063s] Level 1:colcon.colcon_core.environment:checking '/home/arvi/nav_ws/install/robot_description/bin'
[2.063s] Level 1:colcon.colcon_core.environment:create_environment_scripts_only(robot_description)
[2.064s] INFO:colcon.colcon_core.shell:Creating package script '/home/arvi/nav_ws/install/robot_description/share/robot_description/package.ps1'
[2.065s] INFO:colcon.colcon_core.shell:Creating package descriptor '/home/arvi/nav_ws/install/robot_description/share/robot_description/package.dsv'
[2.066s] INFO:colcon.colcon_core.shell:Creating package script '/home/arvi/nav_ws/install/robot_description/share/robot_description/package.sh'
[2.066s] INFO:colcon.colcon_core.shell:Creating package script '/home/arvi/nav_ws/install/robot_description/share/robot_description/package.bash'
[2.067s] INFO:colcon.colcon_core.shell:Creating package script '/home/arvi/nav_ws/install/robot_description/share/robot_description/package.zsh'
[2.068s] Level 1:colcon.colcon_core.environment:create_file_with_runtime_dependencies(/home/arvi/nav_ws/install/robot_description/share/colcon-core/packages/robot_description)
[8.420s] DEBUG:colcon.colcon_core.event_handler.log_command:Invoked command in '/home/arvi/nav_ws/build/bot' returned '0': CMAKE_PREFIX_PATH=${CMAKE_PREFIX_PATH}:/home/arvi/nav_ws/install/relay:/home/arvi/nav_ws/install/topic_relay:/home/arvi/nav_ws/src/install/topic_relay:/home/arvi/nav_ws/src/install/teleop_twist_stamped:/home/arvi/nav_ws/src/install/robot_description:/home/arvi/nav_ws/src/install/joint_states_merger:/home/arvi/nav_ws/src/install/image_flip_node:/home/arvi/nav_ws/install/teleop_twist_stamped:/home/arvi/nav_ws/install/robot_description:/home/arvi/nav_ws/install/joint_states_merger:/home/arvi/nav_ws/install/image_flip_node:/opt/ros/humble /usr/bin/cmake --build /home/arvi/nav_ws/build/bot -- -j16 -l16
[8.429s] DEBUG:colcon.colcon_core.event_handler.log_command:Invoking command in '/home/arvi/nav_ws/build/bot': CMAKE_PREFIX_PATH=${CMAKE_PREFIX_PATH}:/home/arvi/nav_ws/install/relay:/home/arvi/nav_ws/install/topic_relay:/home/arvi/nav_ws/src/install/topic_relay:/home/arvi/nav_ws/src/install/teleop_twist_stamped:/home/arvi/nav_ws/src/install/robot_description:/home/arvi/nav_ws/src/install/joint_states_merger:/home/arvi/nav_ws/src/install/image_flip_node:/home/arvi/nav_ws/install/teleop_twist_stamped:/home/arvi/nav_ws/install/robot_description:/home/arvi/nav_ws/install/joint_states_merger:/home/arvi/nav_ws/install/image_flip_node:/opt/ros/humble /usr/bin/cmake --install /home/arvi/nav_ws/build/bot
[8.441s] Level 1:colcon.colcon_core.environment:create_environment_scripts_only(bot)
[8.442s] Level 1:colcon.colcon_core.environment:checking '/home/arvi/nav_ws/install/bot' for CMake module files
[8.442s] DEBUG:colcon.colcon_core.event_handler.log_command:Invoked command in '/home/arvi/nav_ws/build/bot' returned '0': CMAKE_PREFIX_PATH=${CMAKE_PREFIX_PATH}:/home/arvi/nav_ws/install/relay:/home/arvi/nav_ws/install/topic_relay:/home/arvi/nav_ws/src/install/topic_relay:/home/arvi/nav_ws/src/install/teleop_twist_stamped:/home/arvi/nav_ws/src/install/robot_description:/home/arvi/nav_ws/src/install/joint_states_merger:/home/arvi/nav_ws/src/install/image_flip_node:/home/arvi/nav_ws/install/teleop_twist_stamped:/home/arvi/nav_ws/install/robot_description:/home/arvi/nav_ws/install/joint_states_merger:/home/arvi/nav_ws/install/image_flip_node:/opt/ros/humble /usr/bin/cmake --install /home/arvi/nav_ws/build/bot
[8.442s] Level 1:colcon.colcon_core.environment:checking '/home/arvi/nav_ws/install/bot' for CMake config files
[8.443s] Level 1:colcon.colcon_core.shell:create_environment_hook('bot', 'cmake_prefix_path')
[8.443s] INFO:colcon.colcon_core.shell:Creating environment hook '/home/arvi/nav_ws/install/bot/share/bot/hook/cmake_prefix_path.ps1'
[8.443s] INFO:colcon.colcon_core.shell:Creating environment descriptor '/home/arvi/nav_ws/install/bot/share/bot/hook/cmake_prefix_path.dsv'
[8.443s] INFO:colcon.colcon_core.shell:Creating environment hook '/home/arvi/nav_ws/install/bot/share/bot/hook/cmake_prefix_path.sh'
[8.444s] Level 1:colcon.colcon_core.environment:checking '/home/arvi/nav_ws/install/bot/lib'
[8.444s] Level 1:colcon.colcon_core.environment:checking '/home/arvi/nav_ws/install/bot/bin'
[8.444s] Level 1:colcon.colcon_core.environment:checking '/home/arvi/nav_ws/install/bot/lib/pkgconfig/bot.pc'
[8.444s] Level 1:colcon.colcon_core.environment:checking '/home/arvi/nav_ws/install/bot/lib/python3.10/site-packages'
[8.444s] Level 1:colcon.colcon_core.environment:checking '/home/arvi/nav_ws/install/bot/bin'
[8.444s] INFO:colcon.colcon_core.shell:Creating package script '/home/arvi/nav_ws/install/bot/share/bot/package.ps1'
[8.444s] INFO:colcon.colcon_core.shell:Creating package descriptor '/home/arvi/nav_ws/install/bot/share/bot/package.dsv'
[8.445s] INFO:colcon.colcon_core.shell:Creating package script '/home/arvi/nav_ws/install/bot/share/bot/package.sh'
[8.445s] INFO:colcon.colcon_core.shell:Creating package script '/home/arvi/nav_ws/install/bot/share/bot/package.bash'
[8.445s] INFO:colcon.colcon_core.shell:Creating package script '/home/arvi/nav_ws/install/bot/share/bot/package.zsh'
[8.445s] Level 1:colcon.colcon_core.environment:create_file_with_runtime_dependencies(/home/arvi/nav_ws/install/bot/share/colcon-core/packages/bot)
[8.446s] Level 1:colcon.colcon_core.environment:create_environment_scripts_only(bot)
[8.446s] Level 1:colcon.colcon_core.environment:checking '/home/arvi/nav_ws/install/bot' for CMake module files
[8.446s] Level 1:colcon.colcon_core.environment:checking '/home/arvi/nav_ws/install/bot' for CMake config files
[8.446s] Level 1:colcon.colcon_core.shell:create_environment_hook('bot', 'cmake_prefix_path')
[8.446s] INFO:colcon.colcon_core.shell:Creating environment hook '/home/arvi/nav_ws/install/bot/share/bot/hook/cmake_prefix_path.ps1'
[8.446s] INFO:colcon.colcon_core.shell:Creating environment descriptor '/home/arvi/nav_ws/install/bot/share/bot/hook/cmake_prefix_path.dsv'
[8.447s] INFO:colcon.colcon_core.shell:Creating environment hook '/home/arvi/nav_ws/install/bot/share/bot/hook/cmake_prefix_path.sh'
[8.447s] Level 1:colcon.colcon_core.environment:checking '/home/arvi/nav_ws/install/bot/lib'
[8.447s] Level 1:colcon.colcon_core.environment:checking '/home/arvi/nav_ws/install/bot/bin'
[8.447s] Level 1:colcon.colcon_core.environment:checking '/home/arvi/nav_ws/install/bot/lib/pkgconfig/bot.pc'
[8.447s] Level 1:colcon.colcon_core.environment:checking '/home/arvi/nav_ws/install/bot/lib/python3.10/site-packages'
[8.447s] Level 1:colcon.colcon_core.environment:checking '/home/arvi/nav_ws/install/bot/bin'
[8.448s] INFO:colcon.colcon_core.shell:Creating package script '/home/arvi/nav_ws/install/bot/share/bot/package.ps1'
[8.448s] INFO:colcon.colcon_core.shell:Creating package descriptor '/home/arvi/nav_ws/install/bot/share/bot/package.dsv'
[8.448s] INFO:colcon.colcon_core.shell:Creating package script '/home/arvi/nav_ws/install/bot/share/bot/package.sh'
[8.448s] INFO:colcon.colcon_core.shell:Creating package script '/home/arvi/nav_ws/install/bot/share/bot/package.bash'
[8.449s] INFO:colcon.colcon_core.shell:Creating package script '/home/arvi/nav_ws/install/bot/share/bot/package.zsh'
[8.449s] Level 1:colcon.colcon_core.environment:create_file_with_runtime_dependencies(/home/arvi/nav_ws/install/bot/share/colcon-core/packages/bot)
[8.449s] DEBUG:colcon.colcon_parallel_executor.executor.parallel:closing loop
[8.449s] DEBUG:colcon.colcon_parallel_executor.executor.parallel:loop closed
[8.449s] DEBUG:colcon.colcon_parallel_executor.executor.parallel:run_until_complete finished with '0'
[8.449s] DEBUG:colcon.colcon_core.event_reactor:joining thread
[8.454s] INFO:colcon.colcon_core.plugin_system:Skipping extension 'colcon_notification.desktop_notification.terminal_notifier': Not used on non-Darwin systems
[8.454s] INFO:colcon.colcon_core.plugin_system:Skipping extension 'colcon_notification.desktop_notification.win32': Not used on non-Windows systems
[8.454s] INFO:colcon.colcon_notification.desktop_notification:Sending desktop notification using 'notify2'
[8.464s] DEBUG:colcon.colcon_core.event_reactor:joined thread
[8.464s] INFO:colcon.colcon_core.shell:Creating prefix script '/home/arvi/nav_ws/install/local_setup.ps1'
[8.465s] INFO:colcon.colcon_core.shell:Creating prefix util module '/home/arvi/nav_ws/install/_local_setup_util_ps1.py'
[8.465s] INFO:colcon.colcon_core.shell:Creating prefix chain script '/home/arvi/nav_ws/install/setup.ps1'
[8.466s] INFO:colcon.colcon_core.shell:Creating prefix script '/home/arvi/nav_ws/install/local_setup.sh'
[8.467s] INFO:colcon.colcon_core.shell:Creating prefix util module '/home/arvi/nav_ws/install/_local_setup_util_sh.py'
[8.467s] INFO:colcon.colcon_core.shell:Creating prefix chain script '/home/arvi/nav_ws/install/setup.sh'
[8.468s] INFO:colcon.colcon_core.shell:Creating prefix script '/home/arvi/nav_ws/install/local_setup.bash'
[8.468s] INFO:colcon.colcon_core.shell:Creating prefix chain script '/home/arvi/nav_ws/install/setup.bash'
[8.468s] INFO:colcon.colcon_core.shell:Creating prefix script '/home/arvi/nav_ws/install/local_setup.zsh'
[8.469s] INFO:colcon.colcon_core.shell:Creating prefix chain script '/home/arvi/nav_ws/install/setup.zsh'
