[0.066s] DEBUG:colcon:Command line arguments: ['/usr/bin/colcon', 'build']
[0.066s] DEBUG:colcon:Parsed command line arguments: Namespace(log_base=None, log_level=None, verb_name='build', build_base='build', install_base='install', merge_install=False, symlink_install=False, test_result_base=None, continue_on_error=False, executor='parallel', parallel_workers=16, event_handlers=None, ignore_user_meta=False, metas=['./colcon.meta'], base_paths=['.'], packages_ignore=None, packages_ignore_regex=None, paths=None, packages_up_to=None, packages_up_to_regex=None, packages_above=None, packages_above_and_dependencies=None, packages_above_depth=None, packages_select_by_dep=None, packages_skip_by_dep=None, packages_skip_up_to=None, packages_select_build_failed=False, packages_skip_build_finished=False, packages_select_test_failures=False, packages_skip_test_passed=False, packages_select=None, packages_skip=None, packages_select_regex=None, packages_skip_regex=None, packages_start=None, packages_end=None, allow_overriding=[], cmake_args=None, cmake_target=None, cmake_target_skip_unavailable=False, cmake_clean_cache=False, cmake_clean_first=False, cmake_force_configure=False, ament_cmake_args=None, catkin_cmake_args=None, catkin_skip_building_tests=False, verb_parser=<colcon_defaults.argument_parser.defaults.DefaultArgumentsDecorator object at 0x7c4aa548e0e0>, verb_extension=<colcon_core.verb.build.BuildVerb object at 0x7c4aa548dba0>, main=<bound method BuildVerb.main of <colcon_core.verb.build.BuildVerb object at 0x7c4aa548dba0>>)
[0.146s] Level 1:colcon.colcon_core.package_discovery:discover_packages(colcon_meta) check parameters
[0.146s] Level 1:colcon.colcon_core.package_discovery:discover_packages(recursive) check parameters
[0.146s] Level 1:colcon.colcon_core.package_discovery:discover_packages(ignore) check parameters
[0.146s] Level 1:colcon.colcon_core.package_discovery:discover_packages(path) check parameters
[0.146s] Level 1:colcon.colcon_core.package_discovery:discover_packages(colcon_meta) discover
[0.146s] Level 1:colcon.colcon_core.package_discovery:discover_packages(recursive) discover
[0.146s] INFO:colcon.colcon_core.package_discovery:Crawling recursively for packages in '/home/arvi/nav_ws'
[0.146s] Level 1:colcon.colcon_core.package_identification:_identify(.) by extensions ['ignore', 'ignore_ament_install']
[0.146s] Level 1:colcon.colcon_core.package_identification:_identify(.) by extension 'ignore'
[0.147s] Level 1:colcon.colcon_core.package_identification:_identify(.) by extension 'ignore_ament_install'
[0.147s] Level 1:colcon.colcon_core.package_identification:_identify(.) by extensions ['colcon_pkg']
[0.147s] Level 1:colcon.colcon_core.package_identification:_identify(.) by extension 'colcon_pkg'
[0.147s] Level 1:colcon.colcon_core.package_identification:_identify(.) by extensions ['colcon_meta']
[0.147s] Level 1:colcon.colcon_core.package_identification:_identify(.) by extension 'colcon_meta'
[0.147s] Level 1:colcon.colcon_core.package_identification:_identify(.) by extensions ['ros']
[0.147s] Level 1:colcon.colcon_core.package_identification:_identify(.) by extension 'ros'
[0.158s] Level 1:colcon.colcon_core.package_identification:_identify(.) by extensions ['cmake', 'python']
[0.158s] Level 1:colcon.colcon_core.package_identification:_identify(.) by extension 'cmake'
[0.158s] Level 1:colcon.colcon_core.package_identification:_identify(.) by extension 'python'
[0.158s] Level 1:colcon.colcon_core.package_identification:_identify(.) by extensions ['python_setup_py']
[0.158s] Level 1:colcon.colcon_core.package_identification:_identify(.) by extension 'python_setup_py'
[0.158s] Level 1:colcon.colcon_core.package_identification:_identify(build) by extensions ['ignore', 'ignore_ament_install']
[0.158s] Level 1:colcon.colcon_core.package_identification:_identify(build) by extension 'ignore'
[0.158s] Level 1:colcon.colcon_core.package_identification:_identify(build) ignored
[0.158s] Level 1:colcon.colcon_core.package_identification:_identify(install) by extensions ['ignore', 'ignore_ament_install']
[0.158s] Level 1:colcon.colcon_core.package_identification:_identify(install) by extension 'ignore'
[0.158s] Level 1:colcon.colcon_core.package_identification:_identify(install) ignored
[0.158s] Level 1:colcon.colcon_core.package_identification:_identify(log) by extensions ['ignore', 'ignore_ament_install']
[0.159s] Level 1:colcon.colcon_core.package_identification:_identify(log) by extension 'ignore'
[0.159s] Level 1:colcon.colcon_core.package_identification:_identify(log) ignored
[0.159s] Level 1:colcon.colcon_core.package_identification:_identify(src) by extensions ['ignore', 'ignore_ament_install']
[0.159s] Level 1:colcon.colcon_core.package_identification:_identify(src) by extension 'ignore'
[0.159s] Level 1:colcon.colcon_core.package_identification:_identify(src) by extension 'ignore_ament_install'
[0.159s] Level 1:colcon.colcon_core.package_identification:_identify(src) by extensions ['colcon_pkg']
[0.159s] Level 1:colcon.colcon_core.package_identification:_identify(src) by extension 'colcon_pkg'
[0.159s] Level 1:colcon.colcon_core.package_identification:_identify(src) by extensions ['colcon_meta']
[0.159s] Level 1:colcon.colcon_core.package_identification:_identify(src) by extension 'colcon_meta'
[0.159s] Level 1:colcon.colcon_core.package_identification:_identify(src) by extensions ['ros']
[0.159s] Level 1:colcon.colcon_core.package_identification:_identify(src) by extension 'ros'
[0.159s] Level 1:colcon.colcon_core.package_identification:_identify(src) by extensions ['cmake', 'python']
[0.159s] Level 1:colcon.colcon_core.package_identification:_identify(src) by extension 'cmake'
[0.159s] Level 1:colcon.colcon_core.package_identification:_identify(src) by extension 'python'
[0.159s] Level 1:colcon.colcon_core.package_identification:_identify(src) by extensions ['python_setup_py']
[0.159s] Level 1:colcon.colcon_core.package_identification:_identify(src) by extension 'python_setup_py'
[0.159s] Level 1:colcon.colcon_core.package_identification:_identify(src/bot) by extensions ['ignore', 'ignore_ament_install']
[0.159s] Level 1:colcon.colcon_core.package_identification:_identify(src/bot) by extension 'ignore'
[0.159s] Level 1:colcon.colcon_core.package_identification:_identify(src/bot) by extension 'ignore_ament_install'
[0.159s] Level 1:colcon.colcon_core.package_identification:_identify(src/bot) by extensions ['colcon_pkg']
[0.159s] Level 1:colcon.colcon_core.package_identification:_identify(src/bot) by extension 'colcon_pkg'
[0.159s] Level 1:colcon.colcon_core.package_identification:_identify(src/bot) by extensions ['colcon_meta']
[0.159s] Level 1:colcon.colcon_core.package_identification:_identify(src/bot) by extension 'colcon_meta'
[0.159s] Level 1:colcon.colcon_core.package_identification:_identify(src/bot) by extensions ['ros']
[0.159s] Level 1:colcon.colcon_core.package_identification:_identify(src/bot) by extension 'ros'
[0.161s] DEBUG:colcon.colcon_core.package_identification:Package 'src/bot' with type 'ros.ament_cmake' and name 'bot'
[0.161s] Level 1:colcon.colcon_core.package_identification:_identify(src/image_flip_node) by extensions ['ignore', 'ignore_ament_install']
[0.161s] Level 1:colcon.colcon_core.package_identification:_identify(src/image_flip_node) by extension 'ignore'
[0.161s] Level 1:colcon.colcon_core.package_identification:_identify(src/image_flip_node) by extension 'ignore_ament_install'
[0.161s] Level 1:colcon.colcon_core.package_identification:_identify(src/image_flip_node) by extensions ['colcon_pkg']
[0.161s] Level 1:colcon.colcon_core.package_identification:_identify(src/image_flip_node) by extension 'colcon_pkg'
[0.161s] Level 1:colcon.colcon_core.package_identification:_identify(src/image_flip_node) by extensions ['colcon_meta']
[0.161s] Level 1:colcon.colcon_core.package_identification:_identify(src/image_flip_node) by extension 'colcon_meta'
[0.161s] Level 1:colcon.colcon_core.package_identification:_identify(src/image_flip_node) by extensions ['ros']
[0.161s] Level 1:colcon.colcon_core.package_identification:_identify(src/image_flip_node) by extension 'ros'
[0.161s] DEBUG:colcon.colcon_core.package_identification:Package 'src/image_flip_node' with type 'ros.ament_python' and name 'image_flip_node'
[0.161s] Level 1:colcon.colcon_core.package_identification:_identify(src/joint_states_merger) by extensions ['ignore', 'ignore_ament_install']
[0.161s] Level 1:colcon.colcon_core.package_identification:_identify(src/joint_states_merger) by extension 'ignore'
[0.161s] Level 1:colcon.colcon_core.package_identification:_identify(src/joint_states_merger) by extension 'ignore_ament_install'
[0.161s] Level 1:colcon.colcon_core.package_identification:_identify(src/joint_states_merger) by extensions ['colcon_pkg']
[0.162s] Level 1:colcon.colcon_core.package_identification:_identify(src/joint_states_merger) by extension 'colcon_pkg'
[0.162s] Level 1:colcon.colcon_core.package_identification:_identify(src/joint_states_merger) by extensions ['colcon_meta']
[0.162s] Level 1:colcon.colcon_core.package_identification:_identify(src/joint_states_merger) by extension 'colcon_meta'
[0.162s] Level 1:colcon.colcon_core.package_identification:_identify(src/joint_states_merger) by extensions ['ros']
[0.162s] Level 1:colcon.colcon_core.package_identification:_identify(src/joint_states_merger) by extension 'ros'
[0.162s] DEBUG:colcon.colcon_core.package_identification:Package 'src/joint_states_merger' with type 'ros.ament_python' and name 'joint_states_merger'
[0.162s] Level 1:colcon.colcon_core.package_identification:_identify(src/robot_description) by extensions ['ignore', 'ignore_ament_install']
[0.162s] Level 1:colcon.colcon_core.package_identification:_identify(src/robot_description) by extension 'ignore'
[0.162s] Level 1:colcon.colcon_core.package_identification:_identify(src/robot_description) by extension 'ignore_ament_install'
[0.162s] Level 1:colcon.colcon_core.package_identification:_identify(src/robot_description) by extensions ['colcon_pkg']
[0.162s] Level 1:colcon.colcon_core.package_identification:_identify(src/robot_description) by extension 'colcon_pkg'
[0.162s] Level 1:colcon.colcon_core.package_identification:_identify(src/robot_description) by extensions ['colcon_meta']
[0.162s] Level 1:colcon.colcon_core.package_identification:_identify(src/robot_description) by extension 'colcon_meta'
[0.162s] Level 1:colcon.colcon_core.package_identification:_identify(src/robot_description) by extensions ['ros']
[0.162s] Level 1:colcon.colcon_core.package_identification:_identify(src/robot_description) by extension 'ros'
[0.163s] DEBUG:colcon.colcon_core.package_identification:Package 'src/robot_description' with type 'ros.ament_python' and name 'robot_description'
[0.163s] Level 1:colcon.colcon_core.package_identification:_identify(src/teleop_twist_stamped) by extensions ['ignore', 'ignore_ament_install']
[0.163s] Level 1:colcon.colcon_core.package_identification:_identify(src/teleop_twist_stamped) by extension 'ignore'
[0.163s] Level 1:colcon.colcon_core.package_identification:_identify(src/teleop_twist_stamped) by extension 'ignore_ament_install'
[0.163s] Level 1:colcon.colcon_core.package_identification:_identify(src/teleop_twist_stamped) by extensions ['colcon_pkg']
[0.163s] Level 1:colcon.colcon_core.package_identification:_identify(src/teleop_twist_stamped) by extension 'colcon_pkg'
[0.163s] Level 1:colcon.colcon_core.package_identification:_identify(src/teleop_twist_stamped) by extensions ['colcon_meta']
[0.163s] Level 1:colcon.colcon_core.package_identification:_identify(src/teleop_twist_stamped) by extension 'colcon_meta'
[0.163s] Level 1:colcon.colcon_core.package_identification:_identify(src/teleop_twist_stamped) by extensions ['ros']
[0.163s] Level 1:colcon.colcon_core.package_identification:_identify(src/teleop_twist_stamped) by extension 'ros'
[0.163s] DEBUG:colcon.colcon_core.package_identification:Package 'src/teleop_twist_stamped' with type 'ros.ament_python' and name 'teleop_twist_stamped'
[0.163s] Level 1:colcon.colcon_core.package_identification:_identify(src/topic_relay) by extensions ['ignore', 'ignore_ament_install']
[0.163s] Level 1:colcon.colcon_core.package_identification:_identify(src/topic_relay) by extension 'ignore'
[0.163s] Level 1:colcon.colcon_core.package_identification:_identify(src/topic_relay) by extension 'ignore_ament_install'
[0.163s] Level 1:colcon.colcon_core.package_identification:_identify(src/topic_relay) by extensions ['colcon_pkg']
[0.163s] Level 1:colcon.colcon_core.package_identification:_identify(src/topic_relay) by extension 'colcon_pkg'
[0.163s] Level 1:colcon.colcon_core.package_identification:_identify(src/topic_relay) by extensions ['colcon_meta']
[0.163s] Level 1:colcon.colcon_core.package_identification:_identify(src/topic_relay) by extension 'colcon_meta'
[0.163s] Level 1:colcon.colcon_core.package_identification:_identify(src/topic_relay) by extensions ['ros']
[0.163s] Level 1:colcon.colcon_core.package_identification:_identify(src/topic_relay) by extension 'ros'
[0.164s] DEBUG:colcon.colcon_core.package_identification:Package 'src/topic_relay' with type 'ros.ament_python' and name 'topic_relay'
[0.164s] Level 1:colcon.colcon_core.package_discovery:discover_packages(recursive) using defaults
[0.164s] Level 1:colcon.colcon_core.package_discovery:discover_packages(ignore) discover
[0.164s] Level 1:colcon.colcon_core.package_discovery:discover_packages(ignore) using defaults
[0.164s] Level 1:colcon.colcon_core.package_discovery:discover_packages(path) discover
[0.164s] Level 1:colcon.colcon_core.package_discovery:discover_packages(path) using defaults
[0.175s] Level 1:colcon.colcon_core.package_discovery:discover_packages(prefix_path) check parameters
[0.175s] Level 1:colcon.colcon_core.package_discovery:discover_packages(prefix_path) discover
[0.175s] WARNING:colcon.colcon_core.prefix_path.colcon:The path '/home/arvi/nav_ws/src/install' in the environment variable COLCON_PREFIX_PATH doesn't exist
[0.175s] WARNING:colcon.colcon_ros.prefix_path.ament:The path '/home/arvi/nav_ws/install/relay' in the environment variable AMENT_PREFIX_PATH doesn't exist
[0.175s] WARNING:colcon.colcon_ros.prefix_path.ament:The path '/home/arvi/nav_ws/src/install/topic_relay' in the environment variable AMENT_PREFIX_PATH doesn't exist
[0.175s] WARNING:colcon.colcon_ros.prefix_path.ament:The path '/home/arvi/nav_ws/src/install/teleop_twist_stamped' in the environment variable AMENT_PREFIX_PATH doesn't exist
[0.175s] WARNING:colcon.colcon_ros.prefix_path.ament:The path '/home/arvi/nav_ws/src/install/robot_description' in the environment variable AMENT_PREFIX_PATH doesn't exist
[0.175s] WARNING:colcon.colcon_ros.prefix_path.ament:The path '/home/arvi/nav_ws/src/install/joint_states_merger' in the environment variable AMENT_PREFIX_PATH doesn't exist
[0.175s] WARNING:colcon.colcon_ros.prefix_path.ament:The path '/home/arvi/nav_ws/src/install/image_flip_node' in the environment variable AMENT_PREFIX_PATH doesn't exist
[0.175s] WARNING:colcon.colcon_ros.prefix_path.ament:The path '/home/arvi/nav_ws/src/install/bot' in the environment variable AMENT_PREFIX_PATH doesn't exist
[0.176s] WARNING:colcon.colcon_ros.prefix_path.catkin:The path '/home/arvi/nav_ws/src/install/bot' in the environment variable CMAKE_PREFIX_PATH doesn't exist
[0.176s] DEBUG:colcon.colcon_installed_package_information.package_discovery:Found 6 installed packages in /home/arvi/nav_ws/install
[0.177s] DEBUG:colcon.colcon_installed_package_information.package_discovery:Found 333 installed packages in /opt/ros/humble
[0.178s] Level 1:colcon.colcon_core.package_discovery:discover_packages(prefix_path) using defaults
[0.197s] Level 5:colcon.colcon_core.verb:set package 'bot' build argument 'cmake_args' from command line to 'None'
[0.198s] Level 5:colcon.colcon_core.verb:set package 'bot' build argument 'cmake_target' from command line to 'None'
[0.198s] Level 5:colcon.colcon_core.verb:set package 'bot' build argument 'cmake_target_skip_unavailable' from command line to 'False'
[0.198s] Level 5:colcon.colcon_core.verb:set package 'bot' build argument 'cmake_clean_cache' from command line to 'False'
[0.198s] Level 5:colcon.colcon_core.verb:set package 'bot' build argument 'cmake_clean_first' from command line to 'False'
[0.198s] Level 5:colcon.colcon_core.verb:set package 'bot' build argument 'cmake_force_configure' from command line to 'False'
[0.198s] Level 5:colcon.colcon_core.verb:set package 'bot' build argument 'ament_cmake_args' from command line to 'None'
[0.198s] Level 5:colcon.colcon_core.verb:set package 'bot' build argument 'catkin_cmake_args' from command line to 'None'
[0.198s] Level 5:colcon.colcon_core.verb:set package 'bot' build argument 'catkin_skip_building_tests' from command line to 'False'
[0.198s] DEBUG:colcon.colcon_core.verb:Building package 'bot' with the following arguments: {'ament_cmake_args': None, 'build_base': '/home/arvi/nav_ws/build/bot', 'catkin_cmake_args': None, 'catkin_skip_building_tests': False, 'cmake_args': None, 'cmake_clean_cache': False, 'cmake_clean_first': False, 'cmake_force_configure': False, 'cmake_target': None, 'cmake_target_skip_unavailable': False, 'install_base': '/home/arvi/nav_ws/install/bot', 'merge_install': False, 'path': '/home/arvi/nav_ws/src/bot', 'symlink_install': False, 'test_result_base': None}
[0.198s] Level 5:colcon.colcon_core.verb:set package 'image_flip_node' build argument 'cmake_args' from command line to 'None'
[0.198s] Level 5:colcon.colcon_core.verb:set package 'image_flip_node' build argument 'cmake_target' from command line to 'None'
[0.198s] Level 5:colcon.colcon_core.verb:set package 'image_flip_node' build argument 'cmake_target_skip_unavailable' from command line to 'False'
[0.198s] Level 5:colcon.colcon_core.verb:set package 'image_flip_node' build argument 'cmake_clean_cache' from command line to 'False'
[0.198s] Level 5:colcon.colcon_core.verb:set package 'image_flip_node' build argument 'cmake_clean_first' from command line to 'False'
[0.198s] Level 5:colcon.colcon_core.verb:set package 'image_flip_node' build argument 'cmake_force_configure' from command line to 'False'
[0.198s] Level 5:colcon.colcon_core.verb:set package 'image_flip_node' build argument 'ament_cmake_args' from command line to 'None'
[0.198s] Level 5:colcon.colcon_core.verb:set package 'image_flip_node' build argument 'catkin_cmake_args' from command line to 'None'
[0.198s] Level 5:colcon.colcon_core.verb:set package 'image_flip_node' build argument 'catkin_skip_building_tests' from command line to 'False'
[0.198s] DEBUG:colcon.colcon_core.verb:Building package 'image_flip_node' with the following arguments: {'ament_cmake_args': None, 'build_base': '/home/arvi/nav_ws/build/image_flip_node', 'catkin_cmake_args': None, 'catkin_skip_building_tests': False, 'cmake_args': None, 'cmake_clean_cache': False, 'cmake_clean_first': False, 'cmake_force_configure': False, 'cmake_target': None, 'cmake_target_skip_unavailable': False, 'install_base': '/home/arvi/nav_ws/install/image_flip_node', 'merge_install': False, 'path': '/home/arvi/nav_ws/src/image_flip_node', 'symlink_install': False, 'test_result_base': None}
[0.198s] Level 5:colcon.colcon_core.verb:set package 'joint_states_merger' build argument 'cmake_args' from command line to 'None'
[0.198s] Level 5:colcon.colcon_core.verb:set package 'joint_states_merger' build argument 'cmake_target' from command line to 'None'
[0.198s] Level 5:colcon.colcon_core.verb:set package 'joint_states_merger' build argument 'cmake_target_skip_unavailable' from command line to 'False'
[0.198s] Level 5:colcon.colcon_core.verb:set package 'joint_states_merger' build argument 'cmake_clean_cache' from command line to 'False'
[0.198s] Level 5:colcon.colcon_core.verb:set package 'joint_states_merger' build argument 'cmake_clean_first' from command line to 'False'
[0.198s] Level 5:colcon.colcon_core.verb:set package 'joint_states_merger' build argument 'cmake_force_configure' from command line to 'False'
[0.198s] Level 5:colcon.colcon_core.verb:set package 'joint_states_merger' build argument 'ament_cmake_args' from command line to 'None'
[0.198s] Level 5:colcon.colcon_core.verb:set package 'joint_states_merger' build argument 'catkin_cmake_args' from command line to 'None'
[0.198s] Level 5:colcon.colcon_core.verb:set package 'joint_states_merger' build argument 'catkin_skip_building_tests' from command line to 'False'
[0.198s] DEBUG:colcon.colcon_core.verb:Building package 'joint_states_merger' with the following arguments: {'ament_cmake_args': None, 'build_base': '/home/arvi/nav_ws/build/joint_states_merger', 'catkin_cmake_args': None, 'catkin_skip_building_tests': False, 'cmake_args': None, 'cmake_clean_cache': False, 'cmake_clean_first': False, 'cmake_force_configure': False, 'cmake_target': None, 'cmake_target_skip_unavailable': False, 'install_base': '/home/arvi/nav_ws/install/joint_states_merger', 'merge_install': False, 'path': '/home/arvi/nav_ws/src/joint_states_merger', 'symlink_install': False, 'test_result_base': None}
[0.198s] Level 5:colcon.colcon_core.verb:set package 'robot_description' build argument 'cmake_args' from command line to 'None'
[0.198s] Level 5:colcon.colcon_core.verb:set package 'robot_description' build argument 'cmake_target' from command line to 'None'
[0.198s] Level 5:colcon.colcon_core.verb:set package 'robot_description' build argument 'cmake_target_skip_unavailable' from command line to 'False'
[0.198s] Level 5:colcon.colcon_core.verb:set package 'robot_description' build argument 'cmake_clean_cache' from command line to 'False'
[0.198s] Level 5:colcon.colcon_core.verb:set package 'robot_description' build argument 'cmake_clean_first' from command line to 'False'
[0.198s] Level 5:colcon.colcon_core.verb:set package 'robot_description' build argument 'cmake_force_configure' from command line to 'False'
[0.198s] Level 5:colcon.colcon_core.verb:set package 'robot_description' build argument 'ament_cmake_args' from command line to 'None'
[0.198s] Level 5:colcon.colcon_core.verb:set package 'robot_description' build argument 'catkin_cmake_args' from command line to 'None'
[0.198s] Level 5:colcon.colcon_core.verb:set package 'robot_description' build argument 'catkin_skip_building_tests' from command line to 'False'
[0.199s] DEBUG:colcon.colcon_core.verb:Building package 'robot_description' with the following arguments: {'ament_cmake_args': None, 'build_base': '/home/arvi/nav_ws/build/robot_description', 'catkin_cmake_args': None, 'catkin_skip_building_tests': False, 'cmake_args': None, 'cmake_clean_cache': False, 'cmake_clean_first': False, 'cmake_force_configure': False, 'cmake_target': None, 'cmake_target_skip_unavailable': False, 'install_base': '/home/arvi/nav_ws/install/robot_description', 'merge_install': False, 'path': '/home/arvi/nav_ws/src/robot_description', 'symlink_install': False, 'test_result_base': None}
[0.199s] Level 5:colcon.colcon_core.verb:set package 'teleop_twist_stamped' build argument 'cmake_args' from command line to 'None'
[0.199s] Level 5:colcon.colcon_core.verb:set package 'teleop_twist_stamped' build argument 'cmake_target' from command line to 'None'
[0.199s] Level 5:colcon.colcon_core.verb:set package 'teleop_twist_stamped' build argument 'cmake_target_skip_unavailable' from command line to 'False'
[0.199s] Level 5:colcon.colcon_core.verb:set package 'teleop_twist_stamped' build argument 'cmake_clean_cache' from command line to 'False'
[0.199s] Level 5:colcon.colcon_core.verb:set package 'teleop_twist_stamped' build argument 'cmake_clean_first' from command line to 'False'
[0.199s] Level 5:colcon.colcon_core.verb:set package 'teleop_twist_stamped' build argument 'cmake_force_configure' from command line to 'False'
[0.199s] Level 5:colcon.colcon_core.verb:set package 'teleop_twist_stamped' build argument 'ament_cmake_args' from command line to 'None'
[0.199s] Level 5:colcon.colcon_core.verb:set package 'teleop_twist_stamped' build argument 'catkin_cmake_args' from command line to 'None'
[0.199s] Level 5:colcon.colcon_core.verb:set package 'teleop_twist_stamped' build argument 'catkin_skip_building_tests' from command line to 'False'
[0.199s] DEBUG:colcon.colcon_core.verb:Building package 'teleop_twist_stamped' with the following arguments: {'ament_cmake_args': None, 'build_base': '/home/arvi/nav_ws/build/teleop_twist_stamped', 'catkin_cmake_args': None, 'catkin_skip_building_tests': False, 'cmake_args': None, 'cmake_clean_cache': False, 'cmake_clean_first': False, 'cmake_force_configure': False, 'cmake_target': None, 'cmake_target_skip_unavailable': False, 'install_base': '/home/arvi/nav_ws/install/teleop_twist_stamped', 'merge_install': False, 'path': '/home/arvi/nav_ws/src/teleop_twist_stamped', 'symlink_install': False, 'test_result_base': None}
[0.199s] Level 5:colcon.colcon_core.verb:set package 'topic_relay' build argument 'cmake_args' from command line to 'None'
[0.199s] Level 5:colcon.colcon_core.verb:set package 'topic_relay' build argument 'cmake_target' from command line to 'None'
[0.199s] Level 5:colcon.colcon_core.verb:set package 'topic_relay' build argument 'cmake_target_skip_unavailable' from command line to 'False'
[0.199s] Level 5:colcon.colcon_core.verb:set package 'topic_relay' build argument 'cmake_clean_cache' from command line to 'False'
[0.199s] Level 5:colcon.colcon_core.verb:set package 'topic_relay' build argument 'cmake_clean_first' from command line to 'False'
[0.199s] Level 5:colcon.colcon_core.verb:set package 'topic_relay' build argument 'cmake_force_configure' from command line to 'False'
[0.199s] Level 5:colcon.colcon_core.verb:set package 'topic_relay' build argument 'ament_cmake_args' from command line to 'None'
[0.199s] Level 5:colcon.colcon_core.verb:set package 'topic_relay' build argument 'catkin_cmake_args' from command line to 'None'
[0.199s] Level 5:colcon.colcon_core.verb:set package 'topic_relay' build argument 'catkin_skip_building_tests' from command line to 'False'
[0.199s] DEBUG:colcon.colcon_core.verb:Building package 'topic_relay' with the following arguments: {'ament_cmake_args': None, 'build_base': '/home/arvi/nav_ws/build/topic_relay', 'catkin_cmake_args': None, 'catkin_skip_building_tests': False, 'cmake_args': None, 'cmake_clean_cache': False, 'cmake_clean_first': False, 'cmake_force_configure': False, 'cmake_target': None, 'cmake_target_skip_unavailable': False, 'install_base': '/home/arvi/nav_ws/install/topic_relay', 'merge_install': False, 'path': '/home/arvi/nav_ws/src/topic_relay', 'symlink_install': False, 'test_result_base': None}
[0.199s] INFO:colcon.colcon_core.executor:Executing jobs using 'parallel' executor
[0.200s] DEBUG:colcon.colcon_parallel_executor.executor.parallel:run_until_complete
[0.200s] INFO:colcon.colcon_ros.task.ament_cmake.build:Building ROS package in '/home/arvi/nav_ws/src/bot' with build type 'ament_cmake'
[0.200s] INFO:colcon.colcon_cmake.task.cmake.build:Building CMake package in '/home/arvi/nav_ws/src/bot'
[0.202s] INFO:colcon.colcon_core.plugin_system:Skipping extension 'colcon_core.shell.bat': Not used on non-Windows systems
[0.202s] INFO:colcon.colcon_core.shell:Skip shell extension 'powershell' for command environment: Not usable outside of PowerShell
[0.202s] DEBUG:colcon.colcon_core.shell:Skip shell extension 'dsv' for command environment
[0.231s] INFO:colcon.colcon_ros.task.ament_python.build:Building ROS package in '/home/arvi/nav_ws/src/image_flip_node' with build type 'ament_python'
[0.231s] Level 1:colcon.colcon_core.shell:create_environment_hook('image_flip_node', 'ament_prefix_path')
[0.232s] INFO:colcon.colcon_core.shell:Creating environment hook '/home/arvi/nav_ws/install/image_flip_node/share/image_flip_node/hook/ament_prefix_path.ps1'
[0.232s] INFO:colcon.colcon_core.shell:Creating environment descriptor '/home/arvi/nav_ws/install/image_flip_node/share/image_flip_node/hook/ament_prefix_path.dsv'
[0.233s] INFO:colcon.colcon_core.shell:Creating environment hook '/home/arvi/nav_ws/install/image_flip_node/share/image_flip_node/hook/ament_prefix_path.sh'
[0.235s] INFO:colcon.colcon_core.shell:Skip shell extension 'powershell' for command environment: Not usable outside of PowerShell
[0.235s] DEBUG:colcon.colcon_core.shell:Skip shell extension 'dsv' for command environment
[0.241s] INFO:colcon.colcon_ros.task.ament_python.build:Building ROS package in '/home/arvi/nav_ws/src/joint_states_merger' with build type 'ament_python'
[0.241s] Level 1:colcon.colcon_core.shell:create_environment_hook('joint_states_merger', 'ament_prefix_path')
[0.241s] INFO:colcon.colcon_core.shell:Creating environment hook '/home/arvi/nav_ws/install/joint_states_merger/share/joint_states_merger/hook/ament_prefix_path.ps1'
[0.242s] INFO:colcon.colcon_core.shell:Creating environment descriptor '/home/arvi/nav_ws/install/joint_states_merger/share/joint_states_merger/hook/ament_prefix_path.dsv'
[0.242s] INFO:colcon.colcon_core.shell:Creating environment hook '/home/arvi/nav_ws/install/joint_states_merger/share/joint_states_merger/hook/ament_prefix_path.sh'
[0.243s] INFO:colcon.colcon_core.shell:Skip shell extension 'powershell' for command environment: Not usable outside of PowerShell
[0.243s] DEBUG:colcon.colcon_core.shell:Skip shell extension 'dsv' for command environment
[0.244s] INFO:colcon.colcon_ros.task.ament_python.build:Building ROS package in '/home/arvi/nav_ws/src/robot_description' with build type 'ament_python'
[0.245s] Level 1:colcon.colcon_core.shell:create_environment_hook('robot_description', 'ament_prefix_path')
[0.245s] INFO:colcon.colcon_core.shell:Creating environment hook '/home/arvi/nav_ws/install/robot_description/share/robot_description/hook/ament_prefix_path.ps1'
[0.245s] INFO:colcon.colcon_core.shell:Creating environment descriptor '/home/arvi/nav_ws/install/robot_description/share/robot_description/hook/ament_prefix_path.dsv'
[0.245s] INFO:colcon.colcon_core.shell:Creating environment hook '/home/arvi/nav_ws/install/robot_description/share/robot_description/hook/ament_prefix_path.sh'
[0.246s] INFO:colcon.colcon_core.shell:Skip shell extension 'powershell' for command environment: Not usable outside of PowerShell
[0.246s] DEBUG:colcon.colcon_core.shell:Skip shell extension 'dsv' for command environment
[0.248s] INFO:colcon.colcon_ros.task.ament_python.build:Building ROS package in '/home/arvi/nav_ws/src/teleop_twist_stamped' with build type 'ament_python'
[0.249s] Level 1:colcon.colcon_core.shell:create_environment_hook('teleop_twist_stamped', 'ament_prefix_path')
[0.249s] INFO:colcon.colcon_core.shell:Creating environment hook '/home/arvi/nav_ws/install/teleop_twist_stamped/share/teleop_twist_stamped/hook/ament_prefix_path.ps1'
[0.249s] INFO:colcon.colcon_core.shell:Creating environment descriptor '/home/arvi/nav_ws/install/teleop_twist_stamped/share/teleop_twist_stamped/hook/ament_prefix_path.dsv'
[0.250s] INFO:colcon.colcon_core.shell:Creating environment hook '/home/arvi/nav_ws/install/teleop_twist_stamped/share/teleop_twist_stamped/hook/ament_prefix_path.sh'
[0.250s] INFO:colcon.colcon_core.shell:Skip shell extension 'powershell' for command environment: Not usable outside of PowerShell
[0.250s] DEBUG:colcon.colcon_core.shell:Skip shell extension 'dsv' for command environment
[0.253s] INFO:colcon.colcon_ros.task.ament_python.build:Building ROS package in '/home/arvi/nav_ws/src/topic_relay' with build type 'ament_python'
[0.253s] Level 1:colcon.colcon_core.shell:create_environment_hook('topic_relay', 'ament_prefix_path')
[0.253s] INFO:colcon.colcon_core.shell:Creating environment hook '/home/arvi/nav_ws/install/topic_relay/share/topic_relay/hook/ament_prefix_path.ps1'
[0.254s] INFO:colcon.colcon_core.shell:Creating environment descriptor '/home/arvi/nav_ws/install/topic_relay/share/topic_relay/hook/ament_prefix_path.dsv'
[0.254s] INFO:colcon.colcon_core.shell:Creating environment hook '/home/arvi/nav_ws/install/topic_relay/share/topic_relay/hook/ament_prefix_path.sh'
[0.254s] INFO:colcon.colcon_core.shell:Skip shell extension 'powershell' for command environment: Not usable outside of PowerShell
[0.254s] DEBUG:colcon.colcon_core.shell:Skip shell extension 'dsv' for command environment
[0.260s] DEBUG:colcon.colcon_core.event_handler.log_command:Invoking command in '/home/arvi/nav_ws/build/bot': CMAKE_PREFIX_PATH=${CMAKE_PREFIX_PATH}:/home/arvi/nav_ws/install/relay:/home/arvi/nav_ws/install/topic_relay:/home/arvi/nav_ws/src/install/topic_relay:/home/arvi/nav_ws/src/install/teleop_twist_stamped:/home/arvi/nav_ws/src/install/robot_description:/home/arvi/nav_ws/src/install/joint_states_merger:/home/arvi/nav_ws/src/install/image_flip_node:/home/arvi/nav_ws/install/teleop_twist_stamped:/home/arvi/nav_ws/install/robot_description:/home/arvi/nav_ws/install/joint_states_merger:/home/arvi/nav_ws/install/image_flip_node:/opt/ros/humble /usr/bin/cmake --build /home/arvi/nav_ws/build/bot -- -j16 -l16
[0.402s] INFO:colcon.colcon_core.task.python.build:Building Python package in '/home/arvi/nav_ws/src/image_flip_node'
[0.402s] INFO:colcon.colcon_core.shell:Skip shell extension 'powershell' for command environment: Not usable outside of PowerShell
[0.402s] DEBUG:colcon.colcon_core.shell:Skip shell extension 'dsv' for command environment
[0.537s] INFO:colcon.colcon_core.task.python.build:Building Python package in '/home/arvi/nav_ws/src/joint_states_merger'
[0.537s] INFO:colcon.colcon_core.shell:Skip shell extension 'powershell' for command environment: Not usable outside of PowerShell
[0.537s] DEBUG:colcon.colcon_core.shell:Skip shell extension 'dsv' for command environment
[0.677s] INFO:colcon.colcon_core.task.python.build:Building Python package in '/home/arvi/nav_ws/src/robot_description'
[0.677s] INFO:colcon.colcon_core.shell:Skip shell extension 'powershell' for command environment: Not usable outside of PowerShell
[0.677s] DEBUG:colcon.colcon_core.shell:Skip shell extension 'dsv' for command environment
[0.812s] INFO:colcon.colcon_core.task.python.build:Building Python package in '/home/arvi/nav_ws/src/teleop_twist_stamped'
[0.813s] INFO:colcon.colcon_core.shell:Skip shell extension 'powershell' for command environment: Not usable outside of PowerShell
[0.813s] DEBUG:colcon.colcon_core.shell:Skip shell extension 'dsv' for command environment
[0.949s] INFO:colcon.colcon_core.task.python.build:Building Python package in '/home/arvi/nav_ws/src/topic_relay'
[0.949s] INFO:colcon.colcon_core.shell:Skip shell extension 'powershell' for command environment: Not usable outside of PowerShell
[0.949s] DEBUG:colcon.colcon_core.shell:Skip shell extension 'dsv' for command environment
[0.954s] DEBUG:colcon.colcon_core.event_handler.log_command:Invoked command in '/home/arvi/nav_ws/build/bot' returned '0': CMAKE_PREFIX_PATH=${CMAKE_PREFIX_PATH}:/home/arvi/nav_ws/install/relay:/home/arvi/nav_ws/install/topic_relay:/home/arvi/nav_ws/src/install/topic_relay:/home/arvi/nav_ws/src/install/teleop_twist_stamped:/home/arvi/nav_ws/src/install/robot_description:/home/arvi/nav_ws/src/install/joint_states_merger:/home/arvi/nav_ws/src/install/image_flip_node:/home/arvi/nav_ws/install/teleop_twist_stamped:/home/arvi/nav_ws/install/robot_description:/home/arvi/nav_ws/install/joint_states_merger:/home/arvi/nav_ws/install/image_flip_node:/opt/ros/humble /usr/bin/cmake --build /home/arvi/nav_ws/build/bot -- -j16 -l16
[0.963s] DEBUG:colcon.colcon_core.event_handler.log_command:Invoking command in '/home/arvi/nav_ws/build/bot': CMAKE_PREFIX_PATH=${CMAKE_PREFIX_PATH}:/home/arvi/nav_ws/install/relay:/home/arvi/nav_ws/install/topic_relay:/home/arvi/nav_ws/src/install/topic_relay:/home/arvi/nav_ws/src/install/teleop_twist_stamped:/home/arvi/nav_ws/src/install/robot_description:/home/arvi/nav_ws/src/install/joint_states_merger:/home/arvi/nav_ws/src/install/image_flip_node:/home/arvi/nav_ws/install/teleop_twist_stamped:/home/arvi/nav_ws/install/robot_description:/home/arvi/nav_ws/install/joint_states_merger:/home/arvi/nav_ws/install/image_flip_node:/opt/ros/humble /usr/bin/cmake --install /home/arvi/nav_ws/build/bot
[0.974s] Level 1:colcon.colcon_core.environment:create_environment_scripts_only(bot)
[0.974s] DEBUG:colcon.colcon_core.event_handler.log_command:Invoked command in '/home/arvi/nav_ws/build/bot' returned '0': CMAKE_PREFIX_PATH=${CMAKE_PREFIX_PATH}:/home/arvi/nav_ws/install/relay:/home/arvi/nav_ws/install/topic_relay:/home/arvi/nav_ws/src/install/topic_relay:/home/arvi/nav_ws/src/install/teleop_twist_stamped:/home/arvi/nav_ws/src/install/robot_description:/home/arvi/nav_ws/src/install/joint_states_merger:/home/arvi/nav_ws/src/install/image_flip_node:/home/arvi/nav_ws/install/teleop_twist_stamped:/home/arvi/nav_ws/install/robot_description:/home/arvi/nav_ws/install/joint_states_merger:/home/arvi/nav_ws/install/image_flip_node:/opt/ros/humble /usr/bin/cmake --install /home/arvi/nav_ws/build/bot
[0.976s] Level 1:colcon.colcon_core.environment:checking '/home/arvi/nav_ws/install/bot' for CMake module files
[0.977s] Level 1:colcon.colcon_core.environment:checking '/home/arvi/nav_ws/install/bot' for CMake config files
[0.978s] Level 1:colcon.colcon_core.shell:create_environment_hook('bot', 'cmake_prefix_path')
[0.978s] INFO:colcon.colcon_core.shell:Creating environment hook '/home/arvi/nav_ws/install/bot/share/bot/hook/cmake_prefix_path.ps1'
[0.978s] INFO:colcon.colcon_core.shell:Creating environment descriptor '/home/arvi/nav_ws/install/bot/share/bot/hook/cmake_prefix_path.dsv'
[0.979s] INFO:colcon.colcon_core.shell:Creating environment hook '/home/arvi/nav_ws/install/bot/share/bot/hook/cmake_prefix_path.sh'
[0.980s] Level 1:colcon.colcon_core.environment:checking '/home/arvi/nav_ws/install/bot/lib'
[0.980s] Level 1:colcon.colcon_core.environment:checking '/home/arvi/nav_ws/install/bot/bin'
[0.980s] Level 1:colcon.colcon_core.environment:checking '/home/arvi/nav_ws/install/bot/lib/pkgconfig/bot.pc'
[0.980s] Level 1:colcon.colcon_core.environment:checking '/home/arvi/nav_ws/install/bot/lib/python3.10/site-packages'
[0.980s] Level 1:colcon.colcon_core.environment:checking '/home/arvi/nav_ws/install/bot/bin'
[0.981s] INFO:colcon.colcon_core.shell:Creating package script '/home/arvi/nav_ws/install/bot/share/bot/package.ps1'
[0.982s] INFO:colcon.colcon_core.shell:Creating package descriptor '/home/arvi/nav_ws/install/bot/share/bot/package.dsv'
[0.982s] INFO:colcon.colcon_core.shell:Creating package script '/home/arvi/nav_ws/install/bot/share/bot/package.sh'
[0.983s] INFO:colcon.colcon_core.shell:Creating package script '/home/arvi/nav_ws/install/bot/share/bot/package.bash'
[0.984s] INFO:colcon.colcon_core.shell:Creating package script '/home/arvi/nav_ws/install/bot/share/bot/package.zsh'
[0.985s] Level 1:colcon.colcon_core.environment:create_file_with_runtime_dependencies(/home/arvi/nav_ws/install/bot/share/colcon-core/packages/bot)
[0.985s] Level 1:colcon.colcon_core.environment:create_environment_scripts_only(bot)
[0.986s] Level 1:colcon.colcon_core.environment:checking '/home/arvi/nav_ws/install/bot' for CMake module files
[0.986s] Level 1:colcon.colcon_core.environment:checking '/home/arvi/nav_ws/install/bot' for CMake config files
[0.987s] Level 1:colcon.colcon_core.shell:create_environment_hook('bot', 'cmake_prefix_path')
[0.987s] INFO:colcon.colcon_core.shell:Creating environment hook '/home/arvi/nav_ws/install/bot/share/bot/hook/cmake_prefix_path.ps1'
[0.988s] INFO:colcon.colcon_core.shell:Creating environment descriptor '/home/arvi/nav_ws/install/bot/share/bot/hook/cmake_prefix_path.dsv'
[0.988s] INFO:colcon.colcon_core.shell:Creating environment hook '/home/arvi/nav_ws/install/bot/share/bot/hook/cmake_prefix_path.sh'
[0.989s] Level 1:colcon.colcon_core.environment:checking '/home/arvi/nav_ws/install/bot/lib'
[0.989s] Level 1:colcon.colcon_core.environment:checking '/home/arvi/nav_ws/install/bot/bin'
[0.989s] Level 1:colcon.colcon_core.environment:checking '/home/arvi/nav_ws/install/bot/lib/pkgconfig/bot.pc'
[0.989s] Level 1:colcon.colcon_core.environment:checking '/home/arvi/nav_ws/install/bot/lib/python3.10/site-packages'
[0.989s] Level 1:colcon.colcon_core.environment:checking '/home/arvi/nav_ws/install/bot/bin'
[0.990s] INFO:colcon.colcon_core.shell:Creating package script '/home/arvi/nav_ws/install/bot/share/bot/package.ps1'
[0.990s] INFO:colcon.colcon_core.shell:Creating package descriptor '/home/arvi/nav_ws/install/bot/share/bot/package.dsv'
[0.991s] INFO:colcon.colcon_core.shell:Creating package script '/home/arvi/nav_ws/install/bot/share/bot/package.sh'
[0.992s] INFO:colcon.colcon_core.shell:Creating package script '/home/arvi/nav_ws/install/bot/share/bot/package.bash'
[0.992s] INFO:colcon.colcon_core.shell:Creating package script '/home/arvi/nav_ws/install/bot/share/bot/package.zsh'
[0.993s] Level 1:colcon.colcon_core.environment:create_file_with_runtime_dependencies(/home/arvi/nav_ws/install/bot/share/colcon-core/packages/bot)
[1.224s] DEBUG:colcon.colcon_core.event_handler.log_command:Invoking command in '/home/arvi/nav_ws/src/image_flip_node': PYTHONPATH=/home/arvi/nav_ws/build/image_flip_node/prefix_override:/usr/lib/python3/dist-packages/colcon_core/task/python/colcon_distutils_commands:/home/arvi/nav_ws/install/image_flip_node/lib/python3.10/site-packages:${PYTHONPATH} /usr/bin/python3 -W ignore:setup.py install is deprecated -W ignore:easy_install command is deprecated setup.py egg_info --egg-base ../../build/image_flip_node build --build-base /home/arvi/nav_ws/build/image_flip_node/build install --record /home/arvi/nav_ws/build/image_flip_node/install.log --single-version-externally-managed install_data
[1.241s] DEBUG:colcon.colcon_core.event_handler.log_command:Invoking command in '/home/arvi/nav_ws/src/robot_description': PYTHONPATH=/home/arvi/nav_ws/build/robot_description/prefix_override:/usr/lib/python3/dist-packages/colcon_core/task/python/colcon_distutils_commands:/home/arvi/nav_ws/install/robot_description/lib/python3.10/site-packages:${PYTHONPATH} /usr/bin/python3 -W ignore:setup.py install is deprecated -W ignore:easy_install command is deprecated setup.py egg_info --egg-base ../../build/robot_description build --build-base /home/arvi/nav_ws/build/robot_description/build install --record /home/arvi/nav_ws/build/robot_description/install.log --install-scripts $base/lib/robot_description --single-version-externally-managed install_data
[1.247s] DEBUG:colcon.colcon_core.event_handler.log_command:Invoking command in '/home/arvi/nav_ws/src/topic_relay': PYTHONPATH=/home/arvi/nav_ws/build/topic_relay/prefix_override:/usr/lib/python3/dist-packages/colcon_core/task/python/colcon_distutils_commands:/home/arvi/nav_ws/install/topic_relay/lib/python3.10/site-packages:${PYTHONPATH} /usr/bin/python3 -W ignore:setup.py install is deprecated -W ignore:easy_install command is deprecated setup.py egg_info --egg-base ../../build/topic_relay build --build-base /home/arvi/nav_ws/build/topic_relay/build install --record /home/arvi/nav_ws/build/topic_relay/install.log --single-version-externally-managed install_data
[1.294s] DEBUG:colcon.colcon_core.event_handler.log_command:Invoking command in '/home/arvi/nav_ws/src/teleop_twist_stamped': PYTHONPATH=/home/arvi/nav_ws/build/teleop_twist_stamped/prefix_override:/usr/lib/python3/dist-packages/colcon_core/task/python/colcon_distutils_commands:/home/arvi/nav_ws/install/teleop_twist_stamped/lib/python3.10/site-packages:${PYTHONPATH} /usr/bin/python3 -W ignore:setup.py install is deprecated -W ignore:easy_install command is deprecated setup.py egg_info --egg-base ../../build/teleop_twist_stamped build --build-base /home/arvi/nav_ws/build/teleop_twist_stamped/build install --record /home/arvi/nav_ws/build/teleop_twist_stamped/install.log --single-version-externally-managed install_data
[1.317s] DEBUG:colcon.colcon_core.event_handler.log_command:Invoking command in '/home/arvi/nav_ws/src/joint_states_merger': PYTHONPATH=/home/arvi/nav_ws/build/joint_states_merger/prefix_override:/usr/lib/python3/dist-packages/colcon_core/task/python/colcon_distutils_commands:/home/arvi/nav_ws/install/joint_states_merger/lib/python3.10/site-packages:${PYTHONPATH} /usr/bin/python3 -W ignore:setup.py install is deprecated -W ignore:easy_install command is deprecated setup.py egg_info --egg-base ../../build/joint_states_merger build --build-base /home/arvi/nav_ws/build/joint_states_merger/build install --record /home/arvi/nav_ws/build/joint_states_merger/install.log --single-version-externally-managed install_data
[1.465s] Level 1:colcon.colcon_core.environment:checking '/home/arvi/nav_ws/install/image_flip_node' for CMake module files
[1.466s] DEBUG:colcon.colcon_core.event_handler.log_command:Invoked command in '/home/arvi/nav_ws/src/image_flip_node' returned '0': PYTHONPATH=/home/arvi/nav_ws/build/image_flip_node/prefix_override:/usr/lib/python3/dist-packages/colcon_core/task/python/colcon_distutils_commands:/home/arvi/nav_ws/install/image_flip_node/lib/python3.10/site-packages:${PYTHONPATH} /usr/bin/python3 -W ignore:setup.py install is deprecated -W ignore:easy_install command is deprecated setup.py egg_info --egg-base ../../build/image_flip_node build --build-base /home/arvi/nav_ws/build/image_flip_node/build install --record /home/arvi/nav_ws/build/image_flip_node/install.log --single-version-externally-managed install_data
[1.466s] Level 1:colcon.colcon_core.environment:checking '/home/arvi/nav_ws/install/image_flip_node' for CMake config files
[1.467s] Level 1:colcon.colcon_core.environment:checking '/home/arvi/nav_ws/install/image_flip_node/lib'
[1.467s] Level 1:colcon.colcon_core.environment:checking '/home/arvi/nav_ws/install/image_flip_node/bin'
[1.467s] Level 1:colcon.colcon_core.environment:checking '/home/arvi/nav_ws/install/image_flip_node/lib/pkgconfig/image_flip_node.pc'
[1.467s] Level 1:colcon.colcon_core.environment:checking '/home/arvi/nav_ws/install/image_flip_node/lib/python3.10/site-packages'
[1.467s] Level 1:colcon.colcon_core.shell:create_environment_hook('image_flip_node', 'pythonpath')
[1.467s] INFO:colcon.colcon_core.shell:Creating environment hook '/home/arvi/nav_ws/install/image_flip_node/share/image_flip_node/hook/pythonpath.ps1'
[1.468s] INFO:colcon.colcon_core.shell:Creating environment descriptor '/home/arvi/nav_ws/install/image_flip_node/share/image_flip_node/hook/pythonpath.dsv'
[1.468s] INFO:colcon.colcon_core.shell:Creating environment hook '/home/arvi/nav_ws/install/image_flip_node/share/image_flip_node/hook/pythonpath.sh'
[1.468s] Level 1:colcon.colcon_core.environment:checking '/home/arvi/nav_ws/install/image_flip_node/bin'
[1.468s] Level 1:colcon.colcon_core.environment:create_environment_scripts_only(image_flip_node)
[1.469s] INFO:colcon.colcon_core.shell:Creating package script '/home/arvi/nav_ws/install/image_flip_node/share/image_flip_node/package.ps1'
[1.469s] INFO:colcon.colcon_core.shell:Creating package descriptor '/home/arvi/nav_ws/install/image_flip_node/share/image_flip_node/package.dsv'
[1.469s] INFO:colcon.colcon_core.shell:Creating package script '/home/arvi/nav_ws/install/image_flip_node/share/image_flip_node/package.sh'
[1.470s] INFO:colcon.colcon_core.shell:Creating package script '/home/arvi/nav_ws/install/image_flip_node/share/image_flip_node/package.bash'
[1.470s] INFO:colcon.colcon_core.shell:Creating package script '/home/arvi/nav_ws/install/image_flip_node/share/image_flip_node/package.zsh'
[1.470s] Level 1:colcon.colcon_core.environment:create_file_with_runtime_dependencies(/home/arvi/nav_ws/install/image_flip_node/share/colcon-core/packages/image_flip_node)
[1.474s] Level 1:colcon.colcon_core.environment:checking '/home/arvi/nav_ws/install/robot_description' for CMake module files
[1.474s] DEBUG:colcon.colcon_core.event_handler.log_command:Invoked command in '/home/arvi/nav_ws/src/robot_description' returned '0': PYTHONPATH=/home/arvi/nav_ws/build/robot_description/prefix_override:/usr/lib/python3/dist-packages/colcon_core/task/python/colcon_distutils_commands:/home/arvi/nav_ws/install/robot_description/lib/python3.10/site-packages:${PYTHONPATH} /usr/bin/python3 -W ignore:setup.py install is deprecated -W ignore:easy_install command is deprecated setup.py egg_info --egg-base ../../build/robot_description build --build-base /home/arvi/nav_ws/build/robot_description/build install --record /home/arvi/nav_ws/build/robot_description/install.log --install-scripts $base/lib/robot_description --single-version-externally-managed install_data
[1.474s] Level 1:colcon.colcon_core.environment:checking '/home/arvi/nav_ws/install/robot_description' for CMake config files
[1.475s] Level 1:colcon.colcon_core.environment:checking '/home/arvi/nav_ws/install/robot_description/lib'
[1.475s] Level 1:colcon.colcon_core.environment:checking '/home/arvi/nav_ws/install/robot_description/bin'
[1.475s] Level 1:colcon.colcon_core.environment:checking '/home/arvi/nav_ws/install/robot_description/lib/pkgconfig/robot_description.pc'
[1.475s] Level 1:colcon.colcon_core.environment:checking '/home/arvi/nav_ws/install/robot_description/lib/python3.10/site-packages'
[1.475s] Level 1:colcon.colcon_core.shell:create_environment_hook('robot_description', 'pythonpath')
[1.475s] INFO:colcon.colcon_core.shell:Creating environment hook '/home/arvi/nav_ws/install/robot_description/share/robot_description/hook/pythonpath.ps1'
[1.476s] INFO:colcon.colcon_core.shell:Creating environment descriptor '/home/arvi/nav_ws/install/robot_description/share/robot_description/hook/pythonpath.dsv'
[1.476s] INFO:colcon.colcon_core.shell:Creating environment hook '/home/arvi/nav_ws/install/robot_description/share/robot_description/hook/pythonpath.sh'
[1.476s] Level 1:colcon.colcon_core.environment:checking '/home/arvi/nav_ws/install/robot_description/bin'
[1.477s] Level 1:colcon.colcon_core.environment:create_environment_scripts_only(robot_description)
[1.477s] INFO:colcon.colcon_core.shell:Creating package script '/home/arvi/nav_ws/install/robot_description/share/robot_description/package.ps1'
[1.477s] INFO:colcon.colcon_core.shell:Creating package descriptor '/home/arvi/nav_ws/install/robot_description/share/robot_description/package.dsv'
[1.478s] INFO:colcon.colcon_core.shell:Creating package script '/home/arvi/nav_ws/install/robot_description/share/robot_description/package.sh'
[1.478s] INFO:colcon.colcon_core.shell:Creating package script '/home/arvi/nav_ws/install/robot_description/share/robot_description/package.bash'
[1.478s] INFO:colcon.colcon_core.shell:Creating package script '/home/arvi/nav_ws/install/robot_description/share/robot_description/package.zsh'
[1.478s] Level 1:colcon.colcon_core.environment:create_file_with_runtime_dependencies(/home/arvi/nav_ws/install/robot_description/share/colcon-core/packages/robot_description)
[1.529s] Level 1:colcon.colcon_core.environment:checking '/home/arvi/nav_ws/install/teleop_twist_stamped' for CMake module files
[1.530s] DEBUG:colcon.colcon_core.event_handler.log_command:Invoked command in '/home/arvi/nav_ws/src/teleop_twist_stamped' returned '0': PYTHONPATH=/home/arvi/nav_ws/build/teleop_twist_stamped/prefix_override:/usr/lib/python3/dist-packages/colcon_core/task/python/colcon_distutils_commands:/home/arvi/nav_ws/install/teleop_twist_stamped/lib/python3.10/site-packages:${PYTHONPATH} /usr/bin/python3 -W ignore:setup.py install is deprecated -W ignore:easy_install command is deprecated setup.py egg_info --egg-base ../../build/teleop_twist_stamped build --build-base /home/arvi/nav_ws/build/teleop_twist_stamped/build install --record /home/arvi/nav_ws/build/teleop_twist_stamped/install.log --single-version-externally-managed install_data
[1.530s] Level 1:colcon.colcon_core.environment:checking '/home/arvi/nav_ws/install/teleop_twist_stamped' for CMake config files
[1.531s] Level 1:colcon.colcon_core.environment:checking '/home/arvi/nav_ws/install/teleop_twist_stamped/lib'
[1.531s] Level 1:colcon.colcon_core.environment:checking '/home/arvi/nav_ws/install/teleop_twist_stamped/bin'
[1.531s] Level 1:colcon.colcon_core.environment:checking '/home/arvi/nav_ws/install/teleop_twist_stamped/lib/pkgconfig/teleop_twist_stamped.pc'
[1.531s] Level 1:colcon.colcon_core.environment:checking '/home/arvi/nav_ws/install/teleop_twist_stamped/lib/python3.10/site-packages'
[1.531s] Level 1:colcon.colcon_core.shell:create_environment_hook('teleop_twist_stamped', 'pythonpath')
[1.532s] INFO:colcon.colcon_core.shell:Creating environment hook '/home/arvi/nav_ws/install/teleop_twist_stamped/share/teleop_twist_stamped/hook/pythonpath.ps1'
[1.533s] INFO:colcon.colcon_core.shell:Creating environment descriptor '/home/arvi/nav_ws/install/teleop_twist_stamped/share/teleop_twist_stamped/hook/pythonpath.dsv'
[1.534s] INFO:colcon.colcon_core.shell:Creating environment hook '/home/arvi/nav_ws/install/teleop_twist_stamped/share/teleop_twist_stamped/hook/pythonpath.sh'
[1.534s] Level 1:colcon.colcon_core.environment:checking '/home/arvi/nav_ws/install/teleop_twist_stamped/bin'
[1.535s] Level 1:colcon.colcon_core.environment:create_environment_scripts_only(teleop_twist_stamped)
[1.535s] INFO:colcon.colcon_core.shell:Creating package script '/home/arvi/nav_ws/install/teleop_twist_stamped/share/teleop_twist_stamped/package.ps1'
[1.536s] INFO:colcon.colcon_core.shell:Creating package descriptor '/home/arvi/nav_ws/install/teleop_twist_stamped/share/teleop_twist_stamped/package.dsv'
[1.537s] INFO:colcon.colcon_core.shell:Creating package script '/home/arvi/nav_ws/install/teleop_twist_stamped/share/teleop_twist_stamped/package.sh'
[1.538s] INFO:colcon.colcon_core.shell:Creating package script '/home/arvi/nav_ws/install/teleop_twist_stamped/share/teleop_twist_stamped/package.bash'
[1.538s] INFO:colcon.colcon_core.shell:Creating package script '/home/arvi/nav_ws/install/teleop_twist_stamped/share/teleop_twist_stamped/package.zsh'
[1.539s] Level 1:colcon.colcon_core.environment:create_file_with_runtime_dependencies(/home/arvi/nav_ws/install/teleop_twist_stamped/share/colcon-core/packages/teleop_twist_stamped)
[1.555s] Level 1:colcon.colcon_core.environment:checking '/home/arvi/nav_ws/install/joint_states_merger' for CMake module files
[1.555s] DEBUG:colcon.colcon_core.event_handler.log_command:Invoked command in '/home/arvi/nav_ws/src/joint_states_merger' returned '0': PYTHONPATH=/home/arvi/nav_ws/build/joint_states_merger/prefix_override:/usr/lib/python3/dist-packages/colcon_core/task/python/colcon_distutils_commands:/home/arvi/nav_ws/install/joint_states_merger/lib/python3.10/site-packages:${PYTHONPATH} /usr/bin/python3 -W ignore:setup.py install is deprecated -W ignore:easy_install command is deprecated setup.py egg_info --egg-base ../../build/joint_states_merger build --build-base /home/arvi/nav_ws/build/joint_states_merger/build install --record /home/arvi/nav_ws/build/joint_states_merger/install.log --single-version-externally-managed install_data
[1.556s] Level 1:colcon.colcon_core.environment:checking '/home/arvi/nav_ws/install/joint_states_merger' for CMake config files
[1.557s] Level 1:colcon.colcon_core.environment:checking '/home/arvi/nav_ws/install/joint_states_merger/lib'
[1.557s] Level 1:colcon.colcon_core.environment:checking '/home/arvi/nav_ws/install/joint_states_merger/bin'
[1.557s] Level 1:colcon.colcon_core.environment:checking '/home/arvi/nav_ws/install/joint_states_merger/lib/pkgconfig/joint_states_merger.pc'
[1.557s] Level 1:colcon.colcon_core.environment:checking '/home/arvi/nav_ws/install/joint_states_merger/lib/python3.10/site-packages'
[1.557s] Level 1:colcon.colcon_core.shell:create_environment_hook('joint_states_merger', 'pythonpath')
[1.557s] INFO:colcon.colcon_core.shell:Creating environment hook '/home/arvi/nav_ws/install/joint_states_merger/share/joint_states_merger/hook/pythonpath.ps1'
[1.558s] INFO:colcon.colcon_core.shell:Creating environment descriptor '/home/arvi/nav_ws/install/joint_states_merger/share/joint_states_merger/hook/pythonpath.dsv'
[1.558s] INFO:colcon.colcon_core.shell:Creating environment hook '/home/arvi/nav_ws/install/joint_states_merger/share/joint_states_merger/hook/pythonpath.sh'
[1.559s] Level 1:colcon.colcon_core.environment:checking '/home/arvi/nav_ws/install/joint_states_merger/bin'
[1.559s] Level 1:colcon.colcon_core.environment:create_environment_scripts_only(joint_states_merger)
[1.560s] INFO:colcon.colcon_core.shell:Creating package script '/home/arvi/nav_ws/install/joint_states_merger/share/joint_states_merger/package.ps1'
[1.560s] INFO:colcon.colcon_core.shell:Creating package descriptor '/home/arvi/nav_ws/install/joint_states_merger/share/joint_states_merger/package.dsv'
[1.561s] INFO:colcon.colcon_core.shell:Creating package script '/home/arvi/nav_ws/install/joint_states_merger/share/joint_states_merger/package.sh'
[1.561s] INFO:colcon.colcon_core.shell:Creating package script '/home/arvi/nav_ws/install/joint_states_merger/share/joint_states_merger/package.bash'
[1.562s] INFO:colcon.colcon_core.shell:Creating package script '/home/arvi/nav_ws/install/joint_states_merger/share/joint_states_merger/package.zsh'
[1.562s] Level 1:colcon.colcon_core.environment:create_file_with_runtime_dependencies(/home/arvi/nav_ws/install/joint_states_merger/share/colcon-core/packages/joint_states_merger)
[1.573s] Level 1:colcon.colcon_core.environment:checking '/home/arvi/nav_ws/install/topic_relay' for CMake module files
[1.574s] DEBUG:colcon.colcon_core.event_handler.log_command:Invoked command in '/home/arvi/nav_ws/src/topic_relay' returned '0': PYTHONPATH=/home/arvi/nav_ws/build/topic_relay/prefix_override:/usr/lib/python3/dist-packages/colcon_core/task/python/colcon_distutils_commands:/home/arvi/nav_ws/install/topic_relay/lib/python3.10/site-packages:${PYTHONPATH} /usr/bin/python3 -W ignore:setup.py install is deprecated -W ignore:easy_install command is deprecated setup.py egg_info --egg-base ../../build/topic_relay build --build-base /home/arvi/nav_ws/build/topic_relay/build install --record /home/arvi/nav_ws/build/topic_relay/install.log --single-version-externally-managed install_data
[1.574s] Level 1:colcon.colcon_core.environment:checking '/home/arvi/nav_ws/install/topic_relay' for CMake config files
[1.574s] Level 1:colcon.colcon_core.environment:checking '/home/arvi/nav_ws/install/topic_relay/lib'
[1.574s] Level 1:colcon.colcon_core.environment:checking '/home/arvi/nav_ws/install/topic_relay/bin'
[1.574s] Level 1:colcon.colcon_core.environment:checking '/home/arvi/nav_ws/install/topic_relay/lib/pkgconfig/topic_relay.pc'
[1.574s] Level 1:colcon.colcon_core.environment:checking '/home/arvi/nav_ws/install/topic_relay/lib/python3.10/site-packages'
[1.574s] Level 1:colcon.colcon_core.shell:create_environment_hook('topic_relay', 'pythonpath')
[1.575s] INFO:colcon.colcon_core.shell:Creating environment hook '/home/arvi/nav_ws/install/topic_relay/share/topic_relay/hook/pythonpath.ps1'
[1.575s] INFO:colcon.colcon_core.shell:Creating environment descriptor '/home/arvi/nav_ws/install/topic_relay/share/topic_relay/hook/pythonpath.dsv'
[1.575s] INFO:colcon.colcon_core.shell:Creating environment hook '/home/arvi/nav_ws/install/topic_relay/share/topic_relay/hook/pythonpath.sh'
[1.575s] Level 1:colcon.colcon_core.environment:checking '/home/arvi/nav_ws/install/topic_relay/bin'
[1.575s] Level 1:colcon.colcon_core.environment:create_environment_scripts_only(topic_relay)
[1.576s] INFO:colcon.colcon_core.shell:Creating package script '/home/arvi/nav_ws/install/topic_relay/share/topic_relay/package.ps1'
[1.576s] INFO:colcon.colcon_core.shell:Creating package descriptor '/home/arvi/nav_ws/install/topic_relay/share/topic_relay/package.dsv'
[1.576s] INFO:colcon.colcon_core.shell:Creating package script '/home/arvi/nav_ws/install/topic_relay/share/topic_relay/package.sh'
[1.576s] INFO:colcon.colcon_core.shell:Creating package script '/home/arvi/nav_ws/install/topic_relay/share/topic_relay/package.bash'
[1.577s] INFO:colcon.colcon_core.shell:Creating package script '/home/arvi/nav_ws/install/topic_relay/share/topic_relay/package.zsh'
[1.577s] Level 1:colcon.colcon_core.environment:create_file_with_runtime_dependencies(/home/arvi/nav_ws/install/topic_relay/share/colcon-core/packages/topic_relay)
[1.577s] DEBUG:colcon.colcon_parallel_executor.executor.parallel:closing loop
[1.577s] DEBUG:colcon.colcon_parallel_executor.executor.parallel:loop closed
[1.577s] DEBUG:colcon.colcon_parallel_executor.executor.parallel:run_until_complete finished with '0'
[1.577s] DEBUG:colcon.colcon_core.event_reactor:joining thread
[1.581s] INFO:colcon.colcon_core.plugin_system:Skipping extension 'colcon_notification.desktop_notification.terminal_notifier': Not used on non-Darwin systems
[1.581s] INFO:colcon.colcon_core.plugin_system:Skipping extension 'colcon_notification.desktop_notification.win32': Not used on non-Windows systems
[1.581s] INFO:colcon.colcon_notification.desktop_notification:Sending desktop notification using 'notify2'
[1.593s] DEBUG:colcon.colcon_core.event_reactor:joined thread
[1.593s] INFO:colcon.colcon_core.shell:Creating prefix script '/home/arvi/nav_ws/install/local_setup.ps1'
[1.594s] INFO:colcon.colcon_core.shell:Creating prefix util module '/home/arvi/nav_ws/install/_local_setup_util_ps1.py'
[1.594s] INFO:colcon.colcon_core.shell:Creating prefix chain script '/home/arvi/nav_ws/install/setup.ps1'
[1.595s] INFO:colcon.colcon_core.shell:Creating prefix script '/home/arvi/nav_ws/install/local_setup.sh'
[1.595s] INFO:colcon.colcon_core.shell:Creating prefix util module '/home/arvi/nav_ws/install/_local_setup_util_sh.py'
[1.595s] INFO:colcon.colcon_core.shell:Creating prefix chain script '/home/arvi/nav_ws/install/setup.sh'
[1.596s] INFO:colcon.colcon_core.shell:Creating prefix script '/home/arvi/nav_ws/install/local_setup.bash'
[1.596s] INFO:colcon.colcon_core.shell:Creating prefix chain script '/home/arvi/nav_ws/install/setup.bash'
[1.597s] INFO:colcon.colcon_core.shell:Creating prefix script '/home/arvi/nav_ws/install/local_setup.zsh'
[1.597s] INFO:colcon.colcon_core.shell:Creating prefix chain script '/home/arvi/nav_ws/install/setup.zsh'
