[0.561s] Invoking command in '/home/arvi/bot_ws/src/teleop_twist_stamped': PYTHONPATH=/home/arvi/bot_ws/build/teleop_twist_stamped/prefix_override:/usr/lib/python3/dist-packages/colcon_core/task/python/colcon_distutils_commands:/home/arvi/bot_ws/install/teleop_twist_stamped/lib/python3.10/site-packages:${PYTHONPATH} /usr/bin/python3 -W ignore:setup.py install is deprecated -W ignore:easy_install command is deprecated setup.py egg_info --egg-base ../../build/teleop_twist_stamped build --build-base /home/arvi/bot_ws/build/teleop_twist_stamped/build install --record /home/arvi/bot_ws/build/teleop_twist_stamped/install.log --single-version-externally-managed install_data
[0.746s] running egg_info
[0.746s] creating ../../build/teleop_twist_stamped/teleop_twist_stamped.egg-info
[0.746s] writing ../../build/teleop_twist_stamped/teleop_twist_stamped.egg-info/PKG-INFO
[0.746s] writing dependency_links to ../../build/teleop_twist_stamped/teleop_twist_stamped.egg-info/dependency_links.txt
[0.747s] writing entry points to ../../build/teleop_twist_stamped/teleop_twist_stamped.egg-info/entry_points.txt
[0.747s] writing requirements to ../../build/teleop_twist_stamped/teleop_twist_stamped.egg-info/requires.txt
[0.747s] writing top-level names to ../../build/teleop_twist_stamped/teleop_twist_stamped.egg-info/top_level.txt
[0.747s] writing manifest file '../../build/teleop_twist_stamped/teleop_twist_stamped.egg-info/SOURCES.txt'
[0.748s] reading manifest file '../../build/teleop_twist_stamped/teleop_twist_stamped.egg-info/SOURCES.txt'
[0.748s] writing manifest file '../../build/teleop_twist_stamped/teleop_twist_stamped.egg-info/SOURCES.txt'
[0.748s] running build
[0.748s] running build_py
[0.749s] creating /home/arvi/bot_ws/build/teleop_twist_stamped/build
[0.749s] creating /home/arvi/bot_ws/build/teleop_twist_stamped/build/lib
[0.749s] creating /home/arvi/bot_ws/build/teleop_twist_stamped/build/lib/teleop_twist_stamped
[0.749s] copying teleop_twist_stamped/__init__.py -> /home/arvi/bot_ws/build/teleop_twist_stamped/build/lib/teleop_twist_stamped
[0.749s] copying teleop_twist_stamped/teleop_twist_stamped_keyboard.py -> /home/arvi/bot_ws/build/teleop_twist_stamped/build/lib/teleop_twist_stamped
[0.749s] running install
[0.749s] running install_lib
[0.750s] creating /home/arvi/bot_ws/install/teleop_twist_stamped/lib/python3.10/site-packages/teleop_twist_stamped
[0.750s] copying /home/arvi/bot_ws/build/teleop_twist_stamped/build/lib/teleop_twist_stamped/__init__.py -> /home/arvi/bot_ws/install/teleop_twist_stamped/lib/python3.10/site-packages/teleop_twist_stamped
[0.750s] copying /home/arvi/bot_ws/build/teleop_twist_stamped/build/lib/teleop_twist_stamped/teleop_twist_stamped_keyboard.py -> /home/arvi/bot_ws/install/teleop_twist_stamped/lib/python3.10/site-packages/teleop_twist_stamped
[0.750s] byte-compiling /home/arvi/bot_ws/install/teleop_twist_stamped/lib/python3.10/site-packages/teleop_twist_stamped/__init__.py to __init__.cpython-310.pyc
[0.750s] byte-compiling /home/arvi/bot_ws/install/teleop_twist_stamped/lib/python3.10/site-packages/teleop_twist_stamped/teleop_twist_stamped_keyboard.py to teleop_twist_stamped_keyboard.cpython-310.pyc
[0.751s] running install_data
[0.751s] creating /home/arvi/bot_ws/install/teleop_twist_stamped/share/ament_index
[0.751s] creating /home/arvi/bot_ws/install/teleop_twist_stamped/share/ament_index/resource_index
[0.751s] creating /home/arvi/bot_ws/install/teleop_twist_stamped/share/ament_index/resource_index/packages
[0.751s] copying resource/teleop_twist_stamped -> /home/arvi/bot_ws/install/teleop_twist_stamped/share/ament_index/resource_index/packages
[0.751s] copying package.xml -> /home/arvi/bot_ws/install/teleop_twist_stamped/share/teleop_twist_stamped
[0.752s] running install_egg_info
[0.753s] Copying ../../build/teleop_twist_stamped/teleop_twist_stamped.egg-info to /home/arvi/bot_ws/install/teleop_twist_stamped/lib/python3.10/site-packages/teleop_twist_stamped-0.0.0-py3.10.egg-info
[0.753s] running install_scripts
[0.769s] Installing teleop_twist_stamped_keyboard script to /home/arvi/bot_ws/install/teleop_twist_stamped/lib/teleop_twist_stamped
[0.769s] writing list of installed files to '/home/arvi/bot_ws/build/teleop_twist_stamped/install.log'
[0.787s] Invoked command in '/home/arvi/bot_ws/src/teleop_twist_stamped' returned '0': PYTHONPATH=/home/arvi/bot_ws/build/teleop_twist_stamped/prefix_override:/usr/lib/python3/dist-packages/colcon_core/task/python/colcon_distutils_commands:/home/arvi/bot_ws/install/teleop_twist_stamped/lib/python3.10/site-packages:${PYTHONPATH} /usr/bin/python3 -W ignore:setup.py install is deprecated -W ignore:easy_install command is deprecated setup.py egg_info --egg-base ../../build/teleop_twist_stamped build --build-base /home/arvi/bot_ws/build/teleop_twist_stamped/build install --record /home/arvi/bot_ws/build/teleop_twist_stamped/install.log --single-version-externally-managed install_data
