[0.837s] Invoking command in '/home/arvi/bot_ws/src/teleop_twist_stamped': PYTHONPATH=/home/arvi/bot_ws/build/teleop_twist_stamped/prefix_override:/usr/lib/python3/dist-packages/colcon_core/task/python/colcon_distutils_commands:/home/arvi/bot_ws/install/teleop_twist_stamped/lib/python3.10/site-packages:${PYTHONPATH} /usr/bin/python3 -W ignore:setup.py install is deprecated -W ignore:easy_install command is deprecated setup.py egg_info --egg-base ../../build/teleop_twist_stamped build --build-base /home/arvi/bot_ws/build/teleop_twist_stamped/build install --record /home/arvi/bot_ws/build/teleop_twist_stamped/install.log --single-version-externally-managed install_data
[1.022s] running egg_info
[1.022s] writing ../../build/teleop_twist_stamped/teleop_twist_stamped.egg-info/PKG-INFO
[1.023s] writing dependency_links to ../../build/teleop_twist_stamped/teleop_twist_stamped.egg-info/dependency_links.txt
[1.023s] writing entry points to ../../build/teleop_twist_stamped/teleop_twist_stamped.egg-info/entry_points.txt
[1.023s] writing requirements to ../../build/teleop_twist_stamped/teleop_twist_stamped.egg-info/requires.txt
[1.023s] writing top-level names to ../../build/teleop_twist_stamped/teleop_twist_stamped.egg-info/top_level.txt
[1.024s] reading manifest file '../../build/teleop_twist_stamped/teleop_twist_stamped.egg-info/SOURCES.txt'
[1.025s] writing manifest file '../../build/teleop_twist_stamped/teleop_twist_stamped.egg-info/SOURCES.txt'
[1.025s] running build
[1.026s] running build_py
[1.026s] running install
[1.026s] running install_lib
[1.026s] running install_data
[1.026s] running install_egg_info
[1.028s] removing '/home/arvi/bot_ws/install/teleop_twist_stamped/lib/python3.10/site-packages/teleop_twist_stamped-0.0.0-py3.10.egg-info' (and everything under it)
[1.028s] Copying ../../build/teleop_twist_stamped/teleop_twist_stamped.egg-info to /home/arvi/bot_ws/install/teleop_twist_stamped/lib/python3.10/site-packages/teleop_twist_stamped-0.0.0-py3.10.egg-info
[1.029s] running install_scripts
[1.047s] Installing teleop_twist_stamped_keyboard script to /home/arvi/bot_ws/install/teleop_twist_stamped/lib/teleop_twist_stamped
[1.047s] writing list of installed files to '/home/arvi/bot_ws/build/teleop_twist_stamped/install.log'
[1.070s] Invoked command in '/home/arvi/bot_ws/src/teleop_twist_stamped' returned '0': PYTHONPATH=/home/arvi/bot_ws/build/teleop_twist_stamped/prefix_override:/usr/lib/python3/dist-packages/colcon_core/task/python/colcon_distutils_commands:/home/arvi/bot_ws/install/teleop_twist_stamped/lib/python3.10/site-packages:${PYTHONPATH} /usr/bin/python3 -W ignore:setup.py install is deprecated -W ignore:easy_install command is deprecated setup.py egg_info --egg-base ../../build/teleop_twist_stamped build --build-base /home/arvi/bot_ws/build/teleop_twist_stamped/build install --record /home/arvi/bot_ws/build/teleop_twist_stamped/install.log --single-version-externally-managed install_data
