[0.011s] Invoking command in '/home/arvi/bot_ws/build/bot': /usr/bin/cmake --build /home/arvi/bot_ws/build/bot -- -j16 -l16
[0.177s] [ 14%] Built target example_position
[0.177s] [ 28%] Built target example_velocity
[0.177s] [ 42%] Built target example_effort
[0.177s] [ 57%] Built target example_tricycle_drive
[0.178s] [ 71%] Built target example_position_pid
[0.178s] [ 85%] Built target example_diff_drive
[0.178s] [100%] Built target example_gripper
[0.319s] Invoked command in '/home/arvi/bot_ws/build/bot' returned '0': /usr/bin/cmake --build /home/arvi/bot_ws/build/bot -- -j16 -l16
[0.327s] Invoking command in '/home/arvi/bot_ws/build/bot': /usr/bin/cmake --install /home/arvi/bot_ws/build/bot
[0.335s] -- Install configuration: ""
[0.335s] -- Up-to-date: /home/arvi/bot_ws/install/bot/share/bot//launch
[0.336s] -- Up-to-date: /home/arvi/bot_ws/install/bot/share/bot//launch/diff_drive.launch.py
[0.336s] -- Up-to-date: /home/arvi/bot_ws/install/bot/share/bot//launch/camera.launch.py
[0.336s] -- Up-to-date: /home/arvi/bot_ws/install/bot/share/bot//config
[0.336s] -- Up-to-date: /home/arvi/bot_ws/install/bot/share/bot//config/diff_drive_controller.yaml
[0.336s] -- Up-to-date: /home/arvi/bot_ws/install/bot/share/bot//urdf
[0.336s] -- Up-to-date: /home/arvi/bot_ws/install/bot/share/bot//urdf/robot.urdf
[0.336s] -- Up-to-date: /home/arvi/bot_ws/install/bot/share/bot//urdf/robot.gazebo
[0.336s] -- Up-to-date: /home/arvi/bot_ws/install/bot/share/bot//urdf/materials.xacro
[0.336s] -- Up-to-date: /home/arvi/bot_ws/install/bot/share/bot//urdf/depth_camera.xacro
[0.336s] -- Up-to-date: /home/arvi/bot_ws/install/bot/share/bot//urdf/robot.trans
[0.336s] -- Up-to-date: /home/arvi/bot_ws/install/bot/share/bot//urdf/robot.xacro
[0.336s] -- Up-to-date: /home/arvi/bot_ws/install/bot/share/bot//worlds
[0.336s] -- Up-to-date: /home/arvi/bot_ws/install/bot/share/bot//worlds/obstacles.world
[0.336s] -- Up-to-date: /home/arvi/bot_ws/install/bot/share/bot//worlds/empty.world
[0.337s] -- Up-to-date: /home/arvi/bot_ws/install/bot/lib/bot/example_position
[0.337s] -- Up-to-date: /home/arvi/bot_ws/install/bot/lib/bot/example_position_pid
[0.337s] -- Up-to-date: /home/arvi/bot_ws/install/bot/lib/bot/example_velocity
[0.337s] -- Up-to-date: /home/arvi/bot_ws/install/bot/lib/bot/example_effort
[0.337s] -- Up-to-date: /home/arvi/bot_ws/install/bot/lib/bot/example_diff_drive
[0.337s] -- Up-to-date: /home/arvi/bot_ws/install/bot/lib/bot/example_tricycle_drive
[0.337s] -- Up-to-date: /home/arvi/bot_ws/install/bot/lib/bot/example_gripper
[0.338s] -- Up-to-date: /home/arvi/bot_ws/install/bot/share/ament_index/resource_index/package_run_dependencies/bot
[0.338s] -- Up-to-date: /home/arvi/bot_ws/install/bot/share/ament_index/resource_index/parent_prefix_path/bot
[0.338s] -- Up-to-date: /home/arvi/bot_ws/install/bot/share/bot/environment/ament_prefix_path.sh
[0.338s] -- Up-to-date: /home/arvi/bot_ws/install/bot/share/bot/environment/ament_prefix_path.dsv
[0.338s] -- Up-to-date: /home/arvi/bot_ws/install/bot/share/bot/environment/path.sh
[0.338s] -- Up-to-date: /home/arvi/bot_ws/install/bot/share/bot/environment/path.dsv
[0.338s] -- Up-to-date: /home/arvi/bot_ws/install/bot/share/bot/local_setup.bash
[0.338s] -- Up-to-date: /home/arvi/bot_ws/install/bot/share/bot/local_setup.sh
[0.338s] -- Up-to-date: /home/arvi/bot_ws/install/bot/share/bot/local_setup.zsh
[0.339s] -- Up-to-date: /home/arvi/bot_ws/install/bot/share/bot/local_setup.dsv
[0.339s] -- Installing: /home/arvi/bot_ws/install/bot/share/bot/package.dsv
[0.339s] -- Up-to-date: /home/arvi/bot_ws/install/bot/share/ament_index/resource_index/packages/bot
[0.339s] -- Up-to-date: /home/arvi/bot_ws/install/bot/share/bot/cmake/botConfig.cmake
[0.339s] -- Up-to-date: /home/arvi/bot_ws/install/bot/share/bot/cmake/botConfig-version.cmake
[0.339s] -- Up-to-date: /home/arvi/bot_ws/install/bot/share/bot/package.xml
[0.341s] Invoked command in '/home/arvi/bot_ws/build/bot' returned '0': /usr/bin/cmake --install /home/arvi/bot_ws/build/bot
