[0.520s] DEBUG:colcon:Command line arguments: ['/usr/bin/colcon', 'build']
[0.520s] DEBUG:colcon:Parsed command line arguments: Namespace(log_base=None, log_level=None, verb_name='build', build_base='build', install_base='install', merge_install=False, symlink_install=False, test_result_base=None, continue_on_error=False, executor='parallel', parallel_workers=16, event_handlers=None, ignore_user_meta=False, metas=['./colcon.meta'], base_paths=['.'], packages_ignore=None, packages_ignore_regex=None, paths=None, packages_up_to=None, packages_up_to_regex=None, packages_above=None, packages_above_and_dependencies=None, packages_above_depth=None, packages_select_by_dep=None, packages_skip_by_dep=None, packages_skip_up_to=None, packages_select_build_failed=False, packages_skip_build_finished=False, packages_select_test_failures=False, packages_skip_test_passed=False, packages_select=None, packages_skip=None, packages_select_regex=None, packages_skip_regex=None, packages_start=None, packages_end=None, allow_overriding=[], cmake_args=None, cmake_target=None, cmake_target_skip_unavailable=False, cmake_clean_cache=False, cmake_clean_first=False, cmake_force_configure=False, ament_cmake_args=None, catkin_cmake_args=None, catkin_skip_building_tests=False, verb_parser=<colcon_defaults.argument_parser.defaults.DefaultArgumentsDecorator object at 0x7b48cfb63970>, verb_extension=<colcon_core.verb.build.BuildVerb object at 0x7b48cfb63430>, main=<bound method BuildVerb.main of <colcon_core.verb.build.BuildVerb object at 0x7b48cfb63430>>)
[0.989s] Level 1:colcon.colcon_core.package_discovery:discover_packages(colcon_meta) check parameters
[0.989s] Level 1:colcon.colcon_core.package_discovery:discover_packages(recursive) check parameters
[0.989s] Level 1:colcon.colcon_core.package_discovery:discover_packages(ignore) check parameters
[0.989s] Level 1:colcon.colcon_core.package_discovery:discover_packages(path) check parameters
[0.989s] Level 1:colcon.colcon_core.package_discovery:discover_packages(colcon_meta) discover
[0.989s] Level 1:colcon.colcon_core.package_discovery:discover_packages(recursive) discover
[0.989s] INFO:colcon.colcon_core.package_discovery:Crawling recursively for packages in '/home/arvi/bot_ws'
[0.990s] Level 1:colcon.colcon_core.package_identification:_identify(.) by extensions ['ignore', 'ignore_ament_install']
[0.990s] Level 1:colcon.colcon_core.package_identification:_identify(.) by extension 'ignore'
[0.990s] Level 1:colcon.colcon_core.package_identification:_identify(.) by extension 'ignore_ament_install'
[0.990s] Level 1:colcon.colcon_core.package_identification:_identify(.) by extensions ['colcon_pkg']
[0.990s] Level 1:colcon.colcon_core.package_identification:_identify(.) by extension 'colcon_pkg'
[0.990s] Level 1:colcon.colcon_core.package_identification:_identify(.) by extensions ['colcon_meta']
[0.990s] Level 1:colcon.colcon_core.package_identification:_identify(.) by extension 'colcon_meta'
[0.990s] Level 1:colcon.colcon_core.package_identification:_identify(.) by extensions ['ros']
[0.990s] Level 1:colcon.colcon_core.package_identification:_identify(.) by extension 'ros'
[1.037s] Level 1:colcon.colcon_core.package_identification:_identify(.) by extensions ['cmake', 'python']
[1.038s] Level 1:colcon.colcon_core.package_identification:_identify(.) by extension 'cmake'
[1.038s] Level 1:colcon.colcon_core.package_identification:_identify(.) by extension 'python'
[1.038s] Level 1:colcon.colcon_core.package_identification:_identify(.) by extensions ['python_setup_py']
[1.038s] Level 1:colcon.colcon_core.package_identification:_identify(.) by extension 'python_setup_py'
[1.038s] Level 1:colcon.colcon_core.package_identification:_identify(build) by extensions ['ignore', 'ignore_ament_install']
[1.038s] Level 1:colcon.colcon_core.package_identification:_identify(build) by extension 'ignore'
[1.038s] Level 1:colcon.colcon_core.package_identification:_identify(build) ignored
[1.039s] Level 1:colcon.colcon_core.package_identification:_identify(install) by extensions ['ignore', 'ignore_ament_install']
[1.039s] Level 1:colcon.colcon_core.package_identification:_identify(install) by extension 'ignore'
[1.039s] Level 1:colcon.colcon_core.package_identification:_identify(install) ignored
[1.039s] Level 1:colcon.colcon_core.package_identification:_identify(log) by extensions ['ignore', 'ignore_ament_install']
[1.039s] Level 1:colcon.colcon_core.package_identification:_identify(log) by extension 'ignore'
[1.039s] Level 1:colcon.colcon_core.package_identification:_identify(log) ignored
[1.039s] Level 1:colcon.colcon_core.package_identification:_identify(src) by extensions ['ignore', 'ignore_ament_install']
[1.040s] Level 1:colcon.colcon_core.package_identification:_identify(src) by extension 'ignore'
[1.040s] Level 1:colcon.colcon_core.package_identification:_identify(src) by extension 'ignore_ament_install'
[1.040s] Level 1:colcon.colcon_core.package_identification:_identify(src) by extensions ['colcon_pkg']
[1.040s] Level 1:colcon.colcon_core.package_identification:_identify(src) by extension 'colcon_pkg'
[1.040s] Level 1:colcon.colcon_core.package_identification:_identify(src) by extensions ['colcon_meta']
[1.040s] Level 1:colcon.colcon_core.package_identification:_identify(src) by extension 'colcon_meta'
[1.040s] Level 1:colcon.colcon_core.package_identification:_identify(src) by extensions ['ros']
[1.040s] Level 1:colcon.colcon_core.package_identification:_identify(src) by extension 'ros'
[1.040s] Level 1:colcon.colcon_core.package_identification:_identify(src) by extensions ['cmake', 'python']
[1.040s] Level 1:colcon.colcon_core.package_identification:_identify(src) by extension 'cmake'
[1.041s] Level 1:colcon.colcon_core.package_identification:_identify(src) by extension 'python'
[1.041s] Level 1:colcon.colcon_core.package_identification:_identify(src) by extensions ['python_setup_py']
[1.041s] Level 1:colcon.colcon_core.package_identification:_identify(src) by extension 'python_setup_py'
[1.041s] Level 1:colcon.colcon_core.package_identification:_identify(src/bot) by extensions ['ignore', 'ignore_ament_install']
[1.041s] Level 1:colcon.colcon_core.package_identification:_identify(src/bot) by extension 'ignore'
[1.041s] Level 1:colcon.colcon_core.package_identification:_identify(src/bot) by extension 'ignore_ament_install'
[1.041s] Level 1:colcon.colcon_core.package_identification:_identify(src/bot) by extensions ['colcon_pkg']
[1.041s] Level 1:colcon.colcon_core.package_identification:_identify(src/bot) by extension 'colcon_pkg'
[1.041s] Level 1:colcon.colcon_core.package_identification:_identify(src/bot) by extensions ['colcon_meta']
[1.041s] Level 1:colcon.colcon_core.package_identification:_identify(src/bot) by extension 'colcon_meta'
[1.041s] Level 1:colcon.colcon_core.package_identification:_identify(src/bot) by extensions ['ros']
[1.042s] Level 1:colcon.colcon_core.package_identification:_identify(src/bot) by extension 'ros'
[1.049s] DEBUG:colcon.colcon_core.package_identification:Package 'src/bot' with type 'ros.ament_cmake' and name 'bot'
[1.050s] Level 1:colcon.colcon_core.package_identification:_identify(src/joint_states_merger) by extensions ['ignore', 'ignore_ament_install']
[1.050s] Level 1:colcon.colcon_core.package_identification:_identify(src/joint_states_merger) by extension 'ignore'
[1.050s] Level 1:colcon.colcon_core.package_identification:_identify(src/joint_states_merger) by extension 'ignore_ament_install'
[1.050s] Level 1:colcon.colcon_core.package_identification:_identify(src/joint_states_merger) by extensions ['colcon_pkg']
[1.050s] Level 1:colcon.colcon_core.package_identification:_identify(src/joint_states_merger) by extension 'colcon_pkg'
[1.050s] Level 1:colcon.colcon_core.package_identification:_identify(src/joint_states_merger) by extensions ['colcon_meta']
[1.050s] Level 1:colcon.colcon_core.package_identification:_identify(src/joint_states_merger) by extension 'colcon_meta'
[1.050s] Level 1:colcon.colcon_core.package_identification:_identify(src/joint_states_merger) by extensions ['ros']
[1.050s] Level 1:colcon.colcon_core.package_identification:_identify(src/joint_states_merger) by extension 'ros'
[1.052s] DEBUG:colcon.colcon_core.package_identification:Package 'src/joint_states_merger' with type 'ros.ament_python' and name 'joint_states_merger'
[1.052s] Level 1:colcon.colcon_core.package_identification:_identify(src/robot_description) by extensions ['ignore', 'ignore_ament_install']
[1.052s] Level 1:colcon.colcon_core.package_identification:_identify(src/robot_description) by extension 'ignore'
[1.053s] Level 1:colcon.colcon_core.package_identification:_identify(src/robot_description) by extension 'ignore_ament_install'
[1.053s] Level 1:colcon.colcon_core.package_identification:_identify(src/robot_description) by extensions ['colcon_pkg']
[1.053s] Level 1:colcon.colcon_core.package_identification:_identify(src/robot_description) by extension 'colcon_pkg'
[1.053s] Level 1:colcon.colcon_core.package_identification:_identify(src/robot_description) by extensions ['colcon_meta']
[1.053s] Level 1:colcon.colcon_core.package_identification:_identify(src/robot_description) by extension 'colcon_meta'
[1.053s] Level 1:colcon.colcon_core.package_identification:_identify(src/robot_description) by extensions ['ros']
[1.053s] Level 1:colcon.colcon_core.package_identification:_identify(src/robot_description) by extension 'ros'
[1.055s] DEBUG:colcon.colcon_core.package_identification:Package 'src/robot_description' with type 'ros.ament_python' and name 'robot_description'
[1.055s] Level 1:colcon.colcon_core.package_identification:_identify(src/teleop_twist_stamped) by extensions ['ignore', 'ignore_ament_install']
[1.056s] Level 1:colcon.colcon_core.package_identification:_identify(src/teleop_twist_stamped) by extension 'ignore'
[1.056s] Level 1:colcon.colcon_core.package_identification:_identify(src/teleop_twist_stamped) by extension 'ignore_ament_install'
[1.056s] Level 1:colcon.colcon_core.package_identification:_identify(src/teleop_twist_stamped) by extensions ['colcon_pkg']
[1.056s] Level 1:colcon.colcon_core.package_identification:_identify(src/teleop_twist_stamped) by extension 'colcon_pkg'
[1.056s] Level 1:colcon.colcon_core.package_identification:_identify(src/teleop_twist_stamped) by extensions ['colcon_meta']
[1.056s] Level 1:colcon.colcon_core.package_identification:_identify(src/teleop_twist_stamped) by extension 'colcon_meta'
[1.056s] Level 1:colcon.colcon_core.package_identification:_identify(src/teleop_twist_stamped) by extensions ['ros']
[1.056s] Level 1:colcon.colcon_core.package_identification:_identify(src/teleop_twist_stamped) by extension 'ros'
[1.057s] DEBUG:colcon.colcon_core.package_identification:Package 'src/teleop_twist_stamped' with type 'ros.ament_python' and name 'teleop_twist_stamped'
[1.058s] Level 1:colcon.colcon_core.package_discovery:discover_packages(recursive) using defaults
[1.058s] Level 1:colcon.colcon_core.package_discovery:discover_packages(ignore) discover
[1.058s] Level 1:colcon.colcon_core.package_discovery:discover_packages(ignore) using defaults
[1.058s] Level 1:colcon.colcon_core.package_discovery:discover_packages(path) discover
[1.058s] Level 1:colcon.colcon_core.package_discovery:discover_packages(path) using defaults
[1.115s] Level 1:colcon.colcon_core.package_discovery:discover_packages(prefix_path) check parameters
[1.115s] Level 1:colcon.colcon_core.package_discovery:discover_packages(prefix_path) discover
[1.125s] DEBUG:colcon.colcon_installed_package_information.package_discovery:Found 333 installed packages in /opt/ros/humble
[1.130s] Level 1:colcon.colcon_core.package_discovery:discover_packages(prefix_path) using defaults
[1.292s] Level 5:colcon.colcon_core.verb:set package 'bot' build argument 'cmake_args' from command line to 'None'
[1.292s] Level 5:colcon.colcon_core.verb:set package 'bot' build argument 'cmake_target' from command line to 'None'
[1.292s] Level 5:colcon.colcon_core.verb:set package 'bot' build argument 'cmake_target_skip_unavailable' from command line to 'False'
[1.292s] Level 5:colcon.colcon_core.verb:set package 'bot' build argument 'cmake_clean_cache' from command line to 'False'
[1.292s] Level 5:colcon.colcon_core.verb:set package 'bot' build argument 'cmake_clean_first' from command line to 'False'
[1.292s] Level 5:colcon.colcon_core.verb:set package 'bot' build argument 'cmake_force_configure' from command line to 'False'
[1.292s] Level 5:colcon.colcon_core.verb:set package 'bot' build argument 'ament_cmake_args' from command line to 'None'
[1.292s] Level 5:colcon.colcon_core.verb:set package 'bot' build argument 'catkin_cmake_args' from command line to 'None'
[1.292s] Level 5:colcon.colcon_core.verb:set package 'bot' build argument 'catkin_skip_building_tests' from command line to 'False'
[1.292s] DEBUG:colcon.colcon_core.verb:Building package 'bot' with the following arguments: {'ament_cmake_args': None, 'build_base': '/home/arvi/bot_ws/build/bot', 'catkin_cmake_args': None, 'catkin_skip_building_tests': False, 'cmake_args': None, 'cmake_clean_cache': False, 'cmake_clean_first': False, 'cmake_force_configure': False, 'cmake_target': None, 'cmake_target_skip_unavailable': False, 'install_base': '/home/arvi/bot_ws/install/bot', 'merge_install': False, 'path': '/home/arvi/bot_ws/src/bot', 'symlink_install': False, 'test_result_base': None}
[1.293s] Level 5:colcon.colcon_core.verb:set package 'joint_states_merger' build argument 'cmake_args' from command line to 'None'
[1.293s] Level 5:colcon.colcon_core.verb:set package 'joint_states_merger' build argument 'cmake_target' from command line to 'None'
[1.293s] Level 5:colcon.colcon_core.verb:set package 'joint_states_merger' build argument 'cmake_target_skip_unavailable' from command line to 'False'
[1.293s] Level 5:colcon.colcon_core.verb:set package 'joint_states_merger' build argument 'cmake_clean_cache' from command line to 'False'
[1.293s] Level 5:colcon.colcon_core.verb:set package 'joint_states_merger' build argument 'cmake_clean_first' from command line to 'False'
[1.293s] Level 5:colcon.colcon_core.verb:set package 'joint_states_merger' build argument 'cmake_force_configure' from command line to 'False'
[1.294s] Level 5:colcon.colcon_core.verb:set package 'joint_states_merger' build argument 'ament_cmake_args' from command line to 'None'
[1.294s] Level 5:colcon.colcon_core.verb:set package 'joint_states_merger' build argument 'catkin_cmake_args' from command line to 'None'
[1.294s] Level 5:colcon.colcon_core.verb:set package 'joint_states_merger' build argument 'catkin_skip_building_tests' from command line to 'False'
[1.294s] DEBUG:colcon.colcon_core.verb:Building package 'joint_states_merger' with the following arguments: {'ament_cmake_args': None, 'build_base': '/home/arvi/bot_ws/build/joint_states_merger', 'catkin_cmake_args': None, 'catkin_skip_building_tests': False, 'cmake_args': None, 'cmake_clean_cache': False, 'cmake_clean_first': False, 'cmake_force_configure': False, 'cmake_target': None, 'cmake_target_skip_unavailable': False, 'install_base': '/home/arvi/bot_ws/install/joint_states_merger', 'merge_install': False, 'path': '/home/arvi/bot_ws/src/joint_states_merger', 'symlink_install': False, 'test_result_base': None}
[1.294s] Level 5:colcon.colcon_core.verb:set package 'robot_description' build argument 'cmake_args' from command line to 'None'
[1.294s] Level 5:colcon.colcon_core.verb:set package 'robot_description' build argument 'cmake_target' from command line to 'None'
[1.294s] Level 5:colcon.colcon_core.verb:set package 'robot_description' build argument 'cmake_target_skip_unavailable' from command line to 'False'
[1.294s] Level 5:colcon.colcon_core.verb:set package 'robot_description' build argument 'cmake_clean_cache' from command line to 'False'
[1.295s] Level 5:colcon.colcon_core.verb:set package 'robot_description' build argument 'cmake_clean_first' from command line to 'False'
[1.295s] Level 5:colcon.colcon_core.verb:set package 'robot_description' build argument 'cmake_force_configure' from command line to 'False'
[1.295s] Level 5:colcon.colcon_core.verb:set package 'robot_description' build argument 'ament_cmake_args' from command line to 'None'
[1.295s] Level 5:colcon.colcon_core.verb:set package 'robot_description' build argument 'catkin_cmake_args' from command line to 'None'
[1.295s] Level 5:colcon.colcon_core.verb:set package 'robot_description' build argument 'catkin_skip_building_tests' from command line to 'False'
[1.295s] DEBUG:colcon.colcon_core.verb:Building package 'robot_description' with the following arguments: {'ament_cmake_args': None, 'build_base': '/home/arvi/bot_ws/build/robot_description', 'catkin_cmake_args': None, 'catkin_skip_building_tests': False, 'cmake_args': None, 'cmake_clean_cache': False, 'cmake_clean_first': False, 'cmake_force_configure': False, 'cmake_target': None, 'cmake_target_skip_unavailable': False, 'install_base': '/home/arvi/bot_ws/install/robot_description', 'merge_install': False, 'path': '/home/arvi/bot_ws/src/robot_description', 'symlink_install': False, 'test_result_base': None}
[1.295s] Level 5:colcon.colcon_core.verb:set package 'teleop_twist_stamped' build argument 'cmake_args' from command line to 'None'
[1.295s] Level 5:colcon.colcon_core.verb:set package 'teleop_twist_stamped' build argument 'cmake_target' from command line to 'None'
[1.296s] Level 5:colcon.colcon_core.verb:set package 'teleop_twist_stamped' build argument 'cmake_target_skip_unavailable' from command line to 'False'
[1.296s] Level 5:colcon.colcon_core.verb:set package 'teleop_twist_stamped' build argument 'cmake_clean_cache' from command line to 'False'
[1.296s] Level 5:colcon.colcon_core.verb:set package 'teleop_twist_stamped' build argument 'cmake_clean_first' from command line to 'False'
[1.296s] Level 5:colcon.colcon_core.verb:set package 'teleop_twist_stamped' build argument 'cmake_force_configure' from command line to 'False'
[1.296s] Level 5:colcon.colcon_core.verb:set package 'teleop_twist_stamped' build argument 'ament_cmake_args' from command line to 'None'
[1.296s] Level 5:colcon.colcon_core.verb:set package 'teleop_twist_stamped' build argument 'catkin_cmake_args' from command line to 'None'
[1.296s] Level 5:colcon.colcon_core.verb:set package 'teleop_twist_stamped' build argument 'catkin_skip_building_tests' from command line to 'False'
[1.296s] DEBUG:colcon.colcon_core.verb:Building package 'teleop_twist_stamped' with the following arguments: {'ament_cmake_args': None, 'build_base': '/home/arvi/bot_ws/build/teleop_twist_stamped', 'catkin_cmake_args': None, 'catkin_skip_building_tests': False, 'cmake_args': None, 'cmake_clean_cache': False, 'cmake_clean_first': False, 'cmake_force_configure': False, 'cmake_target': None, 'cmake_target_skip_unavailable': False, 'install_base': '/home/arvi/bot_ws/install/teleop_twist_stamped', 'merge_install': False, 'path': '/home/arvi/bot_ws/src/teleop_twist_stamped', 'symlink_install': False, 'test_result_base': None}
[1.296s] INFO:colcon.colcon_core.executor:Executing jobs using 'parallel' executor
[1.298s] DEBUG:colcon.colcon_parallel_executor.executor.parallel:run_until_complete
[1.299s] INFO:colcon.colcon_ros.task.ament_cmake.build:Building ROS package in '/home/arvi/bot_ws/src/bot' with build type 'ament_cmake'
[1.299s] INFO:colcon.colcon_cmake.task.cmake.build:Building CMake package in '/home/arvi/bot_ws/src/bot'
[1.307s] INFO:colcon.colcon_core.plugin_system:Skipping extension 'colcon_core.shell.bat': Not used on non-Windows systems
[1.308s] INFO:colcon.colcon_core.shell:Skip shell extension 'powershell' for command environment: Not usable outside of PowerShell
[1.308s] DEBUG:colcon.colcon_core.shell:Skip shell extension 'dsv' for command environment
[1.314s] INFO:colcon.colcon_ros.task.ament_python.build:Building ROS package in '/home/arvi/bot_ws/src/joint_states_merger' with build type 'ament_python'
[1.315s] Level 1:colcon.colcon_core.shell:create_environment_hook('joint_states_merger', 'ament_prefix_path')
[1.315s] INFO:colcon.colcon_core.shell:Creating environment hook '/home/arvi/bot_ws/install/joint_states_merger/share/joint_states_merger/hook/ament_prefix_path.ps1'
[1.317s] INFO:colcon.colcon_core.shell:Creating environment descriptor '/home/arvi/bot_ws/install/joint_states_merger/share/joint_states_merger/hook/ament_prefix_path.dsv'
[1.319s] INFO:colcon.colcon_core.shell:Creating environment hook '/home/arvi/bot_ws/install/joint_states_merger/share/joint_states_merger/hook/ament_prefix_path.sh'
[1.321s] INFO:colcon.colcon_core.shell:Skip shell extension 'powershell' for command environment: Not usable outside of PowerShell
[1.321s] DEBUG:colcon.colcon_core.shell:Skip shell extension 'dsv' for command environment
[1.326s] INFO:colcon.colcon_ros.task.ament_python.build:Building ROS package in '/home/arvi/bot_ws/src/robot_description' with build type 'ament_python'
[1.327s] Level 1:colcon.colcon_core.shell:create_environment_hook('robot_description', 'ament_prefix_path')
[1.328s] INFO:colcon.colcon_core.shell:Creating environment hook '/home/arvi/bot_ws/install/robot_description/share/robot_description/hook/ament_prefix_path.ps1'
[1.329s] INFO:colcon.colcon_core.shell:Creating environment descriptor '/home/arvi/bot_ws/install/robot_description/share/robot_description/hook/ament_prefix_path.dsv'
[1.330s] INFO:colcon.colcon_core.shell:Creating environment hook '/home/arvi/bot_ws/install/robot_description/share/robot_description/hook/ament_prefix_path.sh'
[1.331s] INFO:colcon.colcon_core.shell:Skip shell extension 'powershell' for command environment: Not usable outside of PowerShell
[1.331s] DEBUG:colcon.colcon_core.shell:Skip shell extension 'dsv' for command environment
[1.338s] INFO:colcon.colcon_ros.task.ament_python.build:Building ROS package in '/home/arvi/bot_ws/src/teleop_twist_stamped' with build type 'ament_python'
[1.339s] Level 1:colcon.colcon_core.shell:create_environment_hook('teleop_twist_stamped', 'ament_prefix_path')
[1.339s] INFO:colcon.colcon_core.shell:Creating environment hook '/home/arvi/bot_ws/install/teleop_twist_stamped/share/teleop_twist_stamped/hook/ament_prefix_path.ps1'
[1.341s] INFO:colcon.colcon_core.shell:Creating environment descriptor '/home/arvi/bot_ws/install/teleop_twist_stamped/share/teleop_twist_stamped/hook/ament_prefix_path.dsv'
[1.342s] INFO:colcon.colcon_core.shell:Creating environment hook '/home/arvi/bot_ws/install/teleop_twist_stamped/share/teleop_twist_stamped/hook/ament_prefix_path.sh'
[1.343s] INFO:colcon.colcon_core.shell:Skip shell extension 'powershell' for command environment: Not usable outside of PowerShell
[1.343s] DEBUG:colcon.colcon_core.shell:Skip shell extension 'dsv' for command environment
[1.361s] DEBUG:colcon.colcon_core.event_handler.log_command:Invoking command in '/home/arvi/bot_ws/build/bot': CMAKE_PREFIX_PATH=/opt/ros/humble /usr/bin/cmake --build /home/arvi/bot_ws/build/bot -- -j16 -l16
[1.959s] INFO:colcon.colcon_core.task.python.build:Building Python package in '/home/arvi/bot_ws/src/joint_states_merger'
[1.960s] INFO:colcon.colcon_core.shell:Skip shell extension 'powershell' for command environment: Not usable outside of PowerShell
[1.960s] DEBUG:colcon.colcon_core.shell:Skip shell extension 'dsv' for command environment
[2.535s] INFO:colcon.colcon_core.task.python.build:Building Python package in '/home/arvi/bot_ws/src/robot_description'
[2.537s] INFO:colcon.colcon_core.shell:Skip shell extension 'powershell' for command environment: Not usable outside of PowerShell
[2.537s] DEBUG:colcon.colcon_core.shell:Skip shell extension 'dsv' for command environment
[2.558s] DEBUG:colcon.colcon_core.event_handler.log_command:Invoked command in '/home/arvi/bot_ws/build/bot' returned '0': CMAKE_PREFIX_PATH=/opt/ros/humble /usr/bin/cmake --build /home/arvi/bot_ws/build/bot -- -j16 -l16
[2.585s] DEBUG:colcon.colcon_core.event_handler.log_command:Invoking command in '/home/arvi/bot_ws/build/bot': CMAKE_PREFIX_PATH=/opt/ros/humble /usr/bin/cmake --install /home/arvi/bot_ws/build/bot
[3.249s] INFO:colcon.colcon_core.task.python.build:Building Python package in '/home/arvi/bot_ws/src/teleop_twist_stamped'
[3.250s] INFO:colcon.colcon_core.shell:Skip shell extension 'powershell' for command environment: Not usable outside of PowerShell
[3.250s] DEBUG:colcon.colcon_core.shell:Skip shell extension 'dsv' for command environment
[3.288s] Level 1:colcon.colcon_core.environment:create_environment_scripts_only(bot)
[3.291s] DEBUG:colcon.colcon_core.event_handler.log_command:Invoked command in '/home/arvi/bot_ws/build/bot' returned '0': CMAKE_PREFIX_PATH=/opt/ros/humble /usr/bin/cmake --install /home/arvi/bot_ws/build/bot
[3.306s] Level 1:colcon.colcon_core.environment:checking '/home/arvi/bot_ws/install/bot' for CMake module files
[3.309s] Level 1:colcon.colcon_core.environment:checking '/home/arvi/bot_ws/install/bot' for CMake config files
[3.310s] Level 1:colcon.colcon_core.shell:create_environment_hook('bot', 'cmake_prefix_path')
[3.312s] INFO:colcon.colcon_core.shell:Creating environment hook '/home/arvi/bot_ws/install/bot/share/bot/hook/cmake_prefix_path.ps1'
[3.314s] INFO:colcon.colcon_core.shell:Creating environment descriptor '/home/arvi/bot_ws/install/bot/share/bot/hook/cmake_prefix_path.dsv'
[3.316s] INFO:colcon.colcon_core.shell:Creating environment hook '/home/arvi/bot_ws/install/bot/share/bot/hook/cmake_prefix_path.sh'
[3.318s] Level 1:colcon.colcon_core.environment:checking '/home/arvi/bot_ws/install/bot/lib'
[3.319s] Level 1:colcon.colcon_core.environment:checking '/home/arvi/bot_ws/install/bot/bin'
[3.319s] Level 1:colcon.colcon_core.environment:checking '/home/arvi/bot_ws/install/bot/lib/pkgconfig/bot.pc'
[3.320s] Level 1:colcon.colcon_core.environment:checking '/home/arvi/bot_ws/install/bot/lib/python3.10/site-packages'
[3.320s] Level 1:colcon.colcon_core.environment:checking '/home/arvi/bot_ws/install/bot/bin'
[3.321s] INFO:colcon.colcon_core.shell:Creating package script '/home/arvi/bot_ws/install/bot/share/bot/package.ps1'
[3.324s] INFO:colcon.colcon_core.shell:Creating package descriptor '/home/arvi/bot_ws/install/bot/share/bot/package.dsv'
[3.328s] INFO:colcon.colcon_core.shell:Creating package script '/home/arvi/bot_ws/install/bot/share/bot/package.sh'
[3.331s] INFO:colcon.colcon_core.shell:Creating package script '/home/arvi/bot_ws/install/bot/share/bot/package.bash'
[3.336s] INFO:colcon.colcon_core.shell:Creating package script '/home/arvi/bot_ws/install/bot/share/bot/package.zsh'
[3.340s] Level 1:colcon.colcon_core.environment:create_file_with_runtime_dependencies(/home/arvi/bot_ws/install/bot/share/colcon-core/packages/bot)
[3.343s] Level 1:colcon.colcon_core.environment:create_environment_scripts_only(bot)
[3.344s] Level 1:colcon.colcon_core.environment:checking '/home/arvi/bot_ws/install/bot' for CMake module files
[3.347s] Level 1:colcon.colcon_core.environment:checking '/home/arvi/bot_ws/install/bot' for CMake config files
[3.349s] Level 1:colcon.colcon_core.shell:create_environment_hook('bot', 'cmake_prefix_path')
[3.350s] INFO:colcon.colcon_core.shell:Creating environment hook '/home/arvi/bot_ws/install/bot/share/bot/hook/cmake_prefix_path.ps1'
[3.352s] INFO:colcon.colcon_core.shell:Creating environment descriptor '/home/arvi/bot_ws/install/bot/share/bot/hook/cmake_prefix_path.dsv'
[3.353s] INFO:colcon.colcon_core.shell:Creating environment hook '/home/arvi/bot_ws/install/bot/share/bot/hook/cmake_prefix_path.sh'
[3.355s] Level 1:colcon.colcon_core.environment:checking '/home/arvi/bot_ws/install/bot/lib'
[3.355s] Level 1:colcon.colcon_core.environment:checking '/home/arvi/bot_ws/install/bot/bin'
[3.356s] Level 1:colcon.colcon_core.environment:checking '/home/arvi/bot_ws/install/bot/lib/pkgconfig/bot.pc'
[3.356s] Level 1:colcon.colcon_core.environment:checking '/home/arvi/bot_ws/install/bot/lib/python3.10/site-packages'
[3.357s] Level 1:colcon.colcon_core.environment:checking '/home/arvi/bot_ws/install/bot/bin'
[3.358s] INFO:colcon.colcon_core.shell:Creating package script '/home/arvi/bot_ws/install/bot/share/bot/package.ps1'
[3.360s] INFO:colcon.colcon_core.shell:Creating package descriptor '/home/arvi/bot_ws/install/bot/share/bot/package.dsv'
[3.361s] INFO:colcon.colcon_core.shell:Creating package script '/home/arvi/bot_ws/install/bot/share/bot/package.sh'
[3.362s] INFO:colcon.colcon_core.shell:Creating package script '/home/arvi/bot_ws/install/bot/share/bot/package.bash'
[3.364s] INFO:colcon.colcon_core.shell:Creating package script '/home/arvi/bot_ws/install/bot/share/bot/package.zsh'
[3.365s] Level 1:colcon.colcon_core.environment:create_file_with_runtime_dependencies(/home/arvi/bot_ws/install/bot/share/colcon-core/packages/bot)
[5.261s] DEBUG:colcon.colcon_core.event_handler.log_command:Invoking command in '/home/arvi/bot_ws/src/teleop_twist_stamped': PYTHONPATH=/home/arvi/bot_ws/build/teleop_twist_stamped/prefix_override:/usr/lib/python3/dist-packages/colcon_core/task/python/colcon_distutils_commands:/home/arvi/bot_ws/install/teleop_twist_stamped/lib/python3.10/site-packages:${PYTHONPATH} /usr/bin/python3 -W ignore:setup.py install is deprecated -W ignore:easy_install command is deprecated setup.py egg_info --egg-base ../../build/teleop_twist_stamped build --build-base /home/arvi/bot_ws/build/teleop_twist_stamped/build install --record /home/arvi/bot_ws/build/teleop_twist_stamped/install.log --single-version-externally-managed install_data
[5.272s] DEBUG:colcon.colcon_core.event_handler.log_command:Invoking command in '/home/arvi/bot_ws/src/joint_states_merger': PYTHONPATH=/home/arvi/bot_ws/build/joint_states_merger/prefix_override:/usr/lib/python3/dist-packages/colcon_core/task/python/colcon_distutils_commands:/home/arvi/bot_ws/install/joint_states_merger/lib/python3.10/site-packages:${PYTHONPATH} /usr/bin/python3 -W ignore:setup.py install is deprecated -W ignore:easy_install command is deprecated setup.py egg_info --egg-base ../../build/joint_states_merger build --build-base /home/arvi/bot_ws/build/joint_states_merger/build install --record /home/arvi/bot_ws/build/joint_states_merger/install.log --single-version-externally-managed install_data
[5.290s] DEBUG:colcon.colcon_core.event_handler.log_command:Invoking command in '/home/arvi/bot_ws/src/robot_description': PYTHONPATH=/home/arvi/bot_ws/build/robot_description/prefix_override:/usr/lib/python3/dist-packages/colcon_core/task/python/colcon_distutils_commands:/home/arvi/bot_ws/install/robot_description/lib/python3.10/site-packages:${PYTHONPATH} /usr/bin/python3 -W ignore:setup.py install is deprecated -W ignore:easy_install command is deprecated setup.py egg_info --egg-base ../../build/robot_description build --build-base /home/arvi/bot_ws/build/robot_description/build install --record /home/arvi/bot_ws/build/robot_description/install.log --install-scripts $base/lib/robot_description --single-version-externally-managed install_data
[6.680s] Level 1:colcon.colcon_core.environment:checking '/home/arvi/bot_ws/install/joint_states_merger' for CMake module files
[6.683s] Level 1:colcon.colcon_core.environment:checking '/home/arvi/bot_ws/install/joint_states_merger' for CMake config files
[6.681s] DEBUG:colcon.colcon_core.event_handler.log_command:Invoked command in '/home/arvi/bot_ws/src/joint_states_merger' returned '0': PYTHONPATH=/home/arvi/bot_ws/build/joint_states_merger/prefix_override:/usr/lib/python3/dist-packages/colcon_core/task/python/colcon_distutils_commands:/home/arvi/bot_ws/install/joint_states_merger/lib/python3.10/site-packages:${PYTHONPATH} /usr/bin/python3 -W ignore:setup.py install is deprecated -W ignore:easy_install command is deprecated setup.py egg_info --egg-base ../../build/joint_states_merger build --build-base /home/arvi/bot_ws/build/joint_states_merger/build install --record /home/arvi/bot_ws/build/joint_states_merger/install.log --single-version-externally-managed install_data
[6.688s] Level 1:colcon.colcon_core.environment:checking '/home/arvi/bot_ws/install/joint_states_merger/lib'
[6.689s] Level 1:colcon.colcon_core.environment:checking '/home/arvi/bot_ws/install/joint_states_merger/bin'
[6.689s] Level 1:colcon.colcon_core.environment:checking '/home/arvi/bot_ws/install/joint_states_merger/lib/pkgconfig/joint_states_merger.pc'
[6.690s] Level 1:colcon.colcon_core.environment:checking '/home/arvi/bot_ws/install/joint_states_merger/lib/python3.10/site-packages'
[6.690s] Level 1:colcon.colcon_core.shell:create_environment_hook('joint_states_merger', 'pythonpath')
[6.691s] INFO:colcon.colcon_core.shell:Creating environment hook '/home/arvi/bot_ws/install/joint_states_merger/share/joint_states_merger/hook/pythonpath.ps1'
[6.695s] INFO:colcon.colcon_core.shell:Creating environment descriptor '/home/arvi/bot_ws/install/joint_states_merger/share/joint_states_merger/hook/pythonpath.dsv'
[6.698s] INFO:colcon.colcon_core.shell:Creating environment hook '/home/arvi/bot_ws/install/joint_states_merger/share/joint_states_merger/hook/pythonpath.sh'
[6.702s] Level 1:colcon.colcon_core.environment:checking '/home/arvi/bot_ws/install/joint_states_merger/bin'
[6.702s] Level 1:colcon.colcon_core.environment:create_environment_scripts_only(joint_states_merger)
[6.703s] INFO:colcon.colcon_core.shell:Creating package script '/home/arvi/bot_ws/install/joint_states_merger/share/joint_states_merger/package.ps1'
[6.707s] INFO:colcon.colcon_core.shell:Creating package descriptor '/home/arvi/bot_ws/install/joint_states_merger/share/joint_states_merger/package.dsv'
[6.709s] INFO:colcon.colcon_core.shell:Creating package script '/home/arvi/bot_ws/install/joint_states_merger/share/joint_states_merger/package.sh'
[6.712s] INFO:colcon.colcon_core.shell:Creating package script '/home/arvi/bot_ws/install/joint_states_merger/share/joint_states_merger/package.bash'
[6.716s] INFO:colcon.colcon_core.shell:Creating package script '/home/arvi/bot_ws/install/joint_states_merger/share/joint_states_merger/package.zsh'
[6.720s] Level 1:colcon.colcon_core.environment:create_file_with_runtime_dependencies(/home/arvi/bot_ws/install/joint_states_merger/share/colcon-core/packages/joint_states_merger)
[6.726s] Level 1:colcon.colcon_core.environment:checking '/home/arvi/bot_ws/install/robot_description' for CMake module files
[6.730s] Level 1:colcon.colcon_core.environment:checking '/home/arvi/bot_ws/install/robot_description' for CMake config files
[6.732s] Level 1:colcon.colcon_core.environment:checking '/home/arvi/bot_ws/install/robot_description/lib'
[6.733s] DEBUG:colcon.colcon_core.event_handler.log_command:Invoked command in '/home/arvi/bot_ws/src/robot_description' returned '0': PYTHONPATH=/home/arvi/bot_ws/build/robot_description/prefix_override:/usr/lib/python3/dist-packages/colcon_core/task/python/colcon_distutils_commands:/home/arvi/bot_ws/install/robot_description/lib/python3.10/site-packages:${PYTHONPATH} /usr/bin/python3 -W ignore:setup.py install is deprecated -W ignore:easy_install command is deprecated setup.py egg_info --egg-base ../../build/robot_description build --build-base /home/arvi/bot_ws/build/robot_description/build install --record /home/arvi/bot_ws/build/robot_description/install.log --install-scripts $base/lib/robot_description --single-version-externally-managed install_data
[6.734s] Level 1:colcon.colcon_core.environment:checking '/home/arvi/bot_ws/install/robot_description/bin'
[6.734s] Level 1:colcon.colcon_core.environment:checking '/home/arvi/bot_ws/install/robot_description/lib/pkgconfig/robot_description.pc'
[6.735s] Level 1:colcon.colcon_core.environment:checking '/home/arvi/bot_ws/install/robot_description/lib/python3.10/site-packages'
[6.736s] Level 1:colcon.colcon_core.shell:create_environment_hook('robot_description', 'pythonpath')
[6.737s] INFO:colcon.colcon_core.shell:Creating environment hook '/home/arvi/bot_ws/install/robot_description/share/robot_description/hook/pythonpath.ps1'
[6.740s] INFO:colcon.colcon_core.shell:Creating environment descriptor '/home/arvi/bot_ws/install/robot_description/share/robot_description/hook/pythonpath.dsv'
[6.743s] INFO:colcon.colcon_core.shell:Creating environment hook '/home/arvi/bot_ws/install/robot_description/share/robot_description/hook/pythonpath.sh'
[6.745s] Level 1:colcon.colcon_core.environment:checking '/home/arvi/bot_ws/install/robot_description/bin'
[6.746s] Level 1:colcon.colcon_core.environment:create_environment_scripts_only(robot_description)
[6.748s] INFO:colcon.colcon_core.shell:Creating package script '/home/arvi/bot_ws/install/robot_description/share/robot_description/package.ps1'
[6.752s] INFO:colcon.colcon_core.shell:Creating package descriptor '/home/arvi/bot_ws/install/robot_description/share/robot_description/package.dsv'
[6.755s] INFO:colcon.colcon_core.shell:Creating package script '/home/arvi/bot_ws/install/robot_description/share/robot_description/package.sh'
[6.758s] INFO:colcon.colcon_core.shell:Creating package script '/home/arvi/bot_ws/install/robot_description/share/robot_description/package.bash'
[6.759s] INFO:colcon.colcon_core.shell:Creating package script '/home/arvi/bot_ws/install/robot_description/share/robot_description/package.zsh'
[6.762s] Level 1:colcon.colcon_core.environment:create_file_with_runtime_dependencies(/home/arvi/bot_ws/install/robot_description/share/colcon-core/packages/robot_description)
[6.927s] Level 1:colcon.colcon_core.environment:checking '/home/arvi/bot_ws/install/teleop_twist_stamped' for CMake module files
[6.931s] DEBUG:colcon.colcon_core.event_handler.log_command:Invoked command in '/home/arvi/bot_ws/src/teleop_twist_stamped' returned '0': PYTHONPATH=/home/arvi/bot_ws/build/teleop_twist_stamped/prefix_override:/usr/lib/python3/dist-packages/colcon_core/task/python/colcon_distutils_commands:/home/arvi/bot_ws/install/teleop_twist_stamped/lib/python3.10/site-packages:${PYTHONPATH} /usr/bin/python3 -W ignore:setup.py install is deprecated -W ignore:easy_install command is deprecated setup.py egg_info --egg-base ../../build/teleop_twist_stamped build --build-base /home/arvi/bot_ws/build/teleop_twist_stamped/build install --record /home/arvi/bot_ws/build/teleop_twist_stamped/install.log --single-version-externally-managed install_data
[6.932s] Level 1:colcon.colcon_core.environment:checking '/home/arvi/bot_ws/install/teleop_twist_stamped' for CMake config files
[6.934s] Level 1:colcon.colcon_core.environment:checking '/home/arvi/bot_ws/install/teleop_twist_stamped/lib'
[6.935s] Level 1:colcon.colcon_core.environment:checking '/home/arvi/bot_ws/install/teleop_twist_stamped/bin'
[6.936s] Level 1:colcon.colcon_core.environment:checking '/home/arvi/bot_ws/install/teleop_twist_stamped/lib/pkgconfig/teleop_twist_stamped.pc'
[6.937s] Level 1:colcon.colcon_core.environment:checking '/home/arvi/bot_ws/install/teleop_twist_stamped/lib/python3.10/site-packages'
[6.937s] Level 1:colcon.colcon_core.shell:create_environment_hook('teleop_twist_stamped', 'pythonpath')
[6.938s] INFO:colcon.colcon_core.shell:Creating environment hook '/home/arvi/bot_ws/install/teleop_twist_stamped/share/teleop_twist_stamped/hook/pythonpath.ps1'
[6.940s] INFO:colcon.colcon_core.shell:Creating environment descriptor '/home/arvi/bot_ws/install/teleop_twist_stamped/share/teleop_twist_stamped/hook/pythonpath.dsv'
[6.941s] INFO:colcon.colcon_core.shell:Creating environment hook '/home/arvi/bot_ws/install/teleop_twist_stamped/share/teleop_twist_stamped/hook/pythonpath.sh'
[6.943s] Level 1:colcon.colcon_core.environment:checking '/home/arvi/bot_ws/install/teleop_twist_stamped/bin'
[6.944s] Level 1:colcon.colcon_core.environment:create_environment_scripts_only(teleop_twist_stamped)
[6.945s] INFO:colcon.colcon_core.shell:Creating package script '/home/arvi/bot_ws/install/teleop_twist_stamped/share/teleop_twist_stamped/package.ps1'
[6.946s] INFO:colcon.colcon_core.shell:Creating package descriptor '/home/arvi/bot_ws/install/teleop_twist_stamped/share/teleop_twist_stamped/package.dsv'
[6.948s] INFO:colcon.colcon_core.shell:Creating package script '/home/arvi/bot_ws/install/teleop_twist_stamped/share/teleop_twist_stamped/package.sh'
[6.949s] INFO:colcon.colcon_core.shell:Creating package script '/home/arvi/bot_ws/install/teleop_twist_stamped/share/teleop_twist_stamped/package.bash'
[6.950s] INFO:colcon.colcon_core.shell:Creating package script '/home/arvi/bot_ws/install/teleop_twist_stamped/share/teleop_twist_stamped/package.zsh'
[6.951s] Level 1:colcon.colcon_core.environment:create_file_with_runtime_dependencies(/home/arvi/bot_ws/install/teleop_twist_stamped/share/colcon-core/packages/teleop_twist_stamped)
[6.951s] DEBUG:colcon.colcon_parallel_executor.executor.parallel:closing loop
[6.952s] DEBUG:colcon.colcon_parallel_executor.executor.parallel:loop closed
[6.952s] DEBUG:colcon.colcon_parallel_executor.executor.parallel:run_until_complete finished with '0'
[6.952s] DEBUG:colcon.colcon_core.event_reactor:joining thread
[6.991s] INFO:colcon.colcon_core.plugin_system:Skipping extension 'colcon_notification.desktop_notification.terminal_notifier': Not used on non-Darwin systems
[6.991s] INFO:colcon.colcon_core.plugin_system:Skipping extension 'colcon_notification.desktop_notification.win32': Not used on non-Windows systems
[6.992s] INFO:colcon.colcon_notification.desktop_notification:Sending desktop notification using 'notify2'
[7.045s] DEBUG:colcon.colcon_core.event_reactor:joined thread
[7.046s] INFO:colcon.colcon_core.shell:Creating prefix script '/home/arvi/bot_ws/install/local_setup.ps1'
[7.051s] INFO:colcon.colcon_core.shell:Creating prefix util module '/home/arvi/bot_ws/install/_local_setup_util_ps1.py'
[7.057s] INFO:colcon.colcon_core.shell:Creating prefix chain script '/home/arvi/bot_ws/install/setup.ps1'
[7.061s] INFO:colcon.colcon_core.shell:Creating prefix script '/home/arvi/bot_ws/install/local_setup.sh'
[7.065s] INFO:colcon.colcon_core.shell:Creating prefix util module '/home/arvi/bot_ws/install/_local_setup_util_sh.py'
[7.068s] INFO:colcon.colcon_core.shell:Creating prefix chain script '/home/arvi/bot_ws/install/setup.sh'
[7.072s] INFO:colcon.colcon_core.shell:Creating prefix script '/home/arvi/bot_ws/install/local_setup.bash'
[7.075s] INFO:colcon.colcon_core.shell:Creating prefix chain script '/home/arvi/bot_ws/install/setup.bash'
[7.079s] INFO:colcon.colcon_core.shell:Creating prefix script '/home/arvi/bot_ws/install/local_setup.zsh'
[7.082s] INFO:colcon.colcon_core.shell:Creating prefix chain script '/home/arvi/bot_ws/install/setup.zsh'
