[0.066s] DEBUG:colcon:Command line arguments: ['/usr/bin/colcon', 'build']
[0.066s] DEBUG:colcon:Parsed command line arguments: Namespace(log_base=None, log_level=None, verb_name='build', build_base='build', install_base='install', merge_install=False, symlink_install=False, test_result_base=None, continue_on_error=False, executor='parallel', parallel_workers=16, event_handlers=None, ignore_user_meta=False, metas=['./colcon.meta'], base_paths=['.'], packages_ignore=None, packages_ignore_regex=None, paths=None, packages_up_to=None, packages_up_to_regex=None, packages_above=None, packages_above_and_dependencies=None, packages_above_depth=None, packages_select_by_dep=None, packages_skip_by_dep=None, packages_skip_up_to=None, packages_select_build_failed=False, packages_skip_build_finished=False, packages_select_test_failures=False, packages_skip_test_passed=False, packages_select=None, packages_skip=None, packages_select_regex=None, packages_skip_regex=None, packages_start=None, packages_end=None, allow_overriding=[], cmake_args=None, cmake_target=None, cmake_target_skip_unavailable=False, cmake_clean_cache=False, cmake_clean_first=False, cmake_force_configure=False, ament_cmake_args=None, catkin_cmake_args=None, catkin_skip_building_tests=False, verb_parser=<colcon_defaults.argument_parser.defaults.DefaultArgumentsDecorator object at 0x702a4e09c0a0>, verb_extension=<colcon_core.verb.build.BuildVerb object at 0x702a4e06bb20>, main=<bound method BuildVerb.main of <colcon_core.verb.build.BuildVerb object at 0x702a4e06bb20>>)
[0.158s] Level 1:colcon.colcon_core.package_discovery:discover_packages(colcon_meta) check parameters
[0.158s] Level 1:colcon.colcon_core.package_discovery:discover_packages(recursive) check parameters
[0.158s] Level 1:colcon.colcon_core.package_discovery:discover_packages(ignore) check parameters
[0.158s] Level 1:colcon.colcon_core.package_discovery:discover_packages(path) check parameters
[0.158s] Level 1:colcon.colcon_core.package_discovery:discover_packages(colcon_meta) discover
[0.158s] Level 1:colcon.colcon_core.package_discovery:discover_packages(recursive) discover
[0.158s] INFO:colcon.colcon_core.package_discovery:Crawling recursively for packages in '/home/arvi/bot_ws'
[0.158s] Level 1:colcon.colcon_core.package_identification:_identify(.) by extensions ['ignore', 'ignore_ament_install']
[0.158s] Level 1:colcon.colcon_core.package_identification:_identify(.) by extension 'ignore'
[0.158s] Level 1:colcon.colcon_core.package_identification:_identify(.) by extension 'ignore_ament_install'
[0.159s] Level 1:colcon.colcon_core.package_identification:_identify(.) by extensions ['colcon_pkg']
[0.159s] Level 1:colcon.colcon_core.package_identification:_identify(.) by extension 'colcon_pkg'
[0.159s] Level 1:colcon.colcon_core.package_identification:_identify(.) by extensions ['colcon_meta']
[0.159s] Level 1:colcon.colcon_core.package_identification:_identify(.) by extension 'colcon_meta'
[0.159s] Level 1:colcon.colcon_core.package_identification:_identify(.) by extensions ['ros']
[0.159s] Level 1:colcon.colcon_core.package_identification:_identify(.) by extension 'ros'
[0.170s] Level 1:colcon.colcon_core.package_identification:_identify(.) by extensions ['cmake', 'python']
[0.170s] Level 1:colcon.colcon_core.package_identification:_identify(.) by extension 'cmake'
[0.170s] Level 1:colcon.colcon_core.package_identification:_identify(.) by extension 'python'
[0.170s] Level 1:colcon.colcon_core.package_identification:_identify(.) by extensions ['python_setup_py']
[0.170s] Level 1:colcon.colcon_core.package_identification:_identify(.) by extension 'python_setup_py'
[0.170s] Level 1:colcon.colcon_core.package_identification:_identify(build) by extensions ['ignore', 'ignore_ament_install']
[0.171s] Level 1:colcon.colcon_core.package_identification:_identify(build) by extension 'ignore'
[0.171s] Level 1:colcon.colcon_core.package_identification:_identify(build) ignored
[0.171s] Level 1:colcon.colcon_core.package_identification:_identify(install) by extensions ['ignore', 'ignore_ament_install']
[0.171s] Level 1:colcon.colcon_core.package_identification:_identify(install) by extension 'ignore'
[0.171s] Level 1:colcon.colcon_core.package_identification:_identify(install) ignored
[0.171s] Level 1:colcon.colcon_core.package_identification:_identify(log) by extensions ['ignore', 'ignore_ament_install']
[0.171s] Level 1:colcon.colcon_core.package_identification:_identify(log) by extension 'ignore'
[0.171s] Level 1:colcon.colcon_core.package_identification:_identify(log) ignored
[0.171s] Level 1:colcon.colcon_core.package_identification:_identify(src) by extensions ['ignore', 'ignore_ament_install']
[0.171s] Level 1:colcon.colcon_core.package_identification:_identify(src) by extension 'ignore'
[0.171s] Level 1:colcon.colcon_core.package_identification:_identify(src) by extension 'ignore_ament_install'
[0.171s] Level 1:colcon.colcon_core.package_identification:_identify(src) by extensions ['colcon_pkg']
[0.171s] Level 1:colcon.colcon_core.package_identification:_identify(src) by extension 'colcon_pkg'
[0.171s] Level 1:colcon.colcon_core.package_identification:_identify(src) by extensions ['colcon_meta']
[0.171s] Level 1:colcon.colcon_core.package_identification:_identify(src) by extension 'colcon_meta'
[0.171s] Level 1:colcon.colcon_core.package_identification:_identify(src) by extensions ['ros']
[0.171s] Level 1:colcon.colcon_core.package_identification:_identify(src) by extension 'ros'
[0.171s] Level 1:colcon.colcon_core.package_identification:_identify(src) by extensions ['cmake', 'python']
[0.171s] Level 1:colcon.colcon_core.package_identification:_identify(src) by extension 'cmake'
[0.171s] Level 1:colcon.colcon_core.package_identification:_identify(src) by extension 'python'
[0.171s] Level 1:colcon.colcon_core.package_identification:_identify(src) by extensions ['python_setup_py']
[0.171s] Level 1:colcon.colcon_core.package_identification:_identify(src) by extension 'python_setup_py'
[0.171s] Level 1:colcon.colcon_core.package_identification:_identify(src/bot) by extensions ['ignore', 'ignore_ament_install']
[0.171s] Level 1:colcon.colcon_core.package_identification:_identify(src/bot) by extension 'ignore'
[0.171s] Level 1:colcon.colcon_core.package_identification:_identify(src/bot) by extension 'ignore_ament_install'
[0.171s] Level 1:colcon.colcon_core.package_identification:_identify(src/bot) by extensions ['colcon_pkg']
[0.171s] Level 1:colcon.colcon_core.package_identification:_identify(src/bot) by extension 'colcon_pkg'
[0.171s] Level 1:colcon.colcon_core.package_identification:_identify(src/bot) by extensions ['colcon_meta']
[0.171s] Level 1:colcon.colcon_core.package_identification:_identify(src/bot) by extension 'colcon_meta'
[0.171s] Level 1:colcon.colcon_core.package_identification:_identify(src/bot) by extensions ['ros']
[0.171s] Level 1:colcon.colcon_core.package_identification:_identify(src/bot) by extension 'ros'
[0.173s] DEBUG:colcon.colcon_core.package_identification:Package 'src/bot' with type 'ros.ament_cmake' and name 'bot'
[0.173s] Level 1:colcon.colcon_core.package_identification:_identify(src/robot_description) by extensions ['ignore', 'ignore_ament_install']
[0.173s] Level 1:colcon.colcon_core.package_identification:_identify(src/robot_description) by extension 'ignore'
[0.173s] Level 1:colcon.colcon_core.package_identification:_identify(src/robot_description) by extension 'ignore_ament_install'
[0.173s] Level 1:colcon.colcon_core.package_identification:_identify(src/robot_description) by extensions ['colcon_pkg']
[0.173s] Level 1:colcon.colcon_core.package_identification:_identify(src/robot_description) by extension 'colcon_pkg'
[0.173s] Level 1:colcon.colcon_core.package_identification:_identify(src/robot_description) by extensions ['colcon_meta']
[0.173s] Level 1:colcon.colcon_core.package_identification:_identify(src/robot_description) by extension 'colcon_meta'
[0.173s] Level 1:colcon.colcon_core.package_identification:_identify(src/robot_description) by extensions ['ros']
[0.173s] Level 1:colcon.colcon_core.package_identification:_identify(src/robot_description) by extension 'ros'
[0.174s] DEBUG:colcon.colcon_core.package_identification:Package 'src/robot_description' with type 'ros.ament_python' and name 'robot_description'
[0.174s] Level 1:colcon.colcon_core.package_identification:_identify(src/teleop_twist_stamped) by extensions ['ignore', 'ignore_ament_install']
[0.174s] Level 1:colcon.colcon_core.package_identification:_identify(src/teleop_twist_stamped) by extension 'ignore'
[0.174s] Level 1:colcon.colcon_core.package_identification:_identify(src/teleop_twist_stamped) by extension 'ignore_ament_install'
[0.174s] Level 1:colcon.colcon_core.package_identification:_identify(src/teleop_twist_stamped) by extensions ['colcon_pkg']
[0.174s] Level 1:colcon.colcon_core.package_identification:_identify(src/teleop_twist_stamped) by extension 'colcon_pkg'
[0.174s] Level 1:colcon.colcon_core.package_identification:_identify(src/teleop_twist_stamped) by extensions ['colcon_meta']
[0.174s] Level 1:colcon.colcon_core.package_identification:_identify(src/teleop_twist_stamped) by extension 'colcon_meta'
[0.174s] Level 1:colcon.colcon_core.package_identification:_identify(src/teleop_twist_stamped) by extensions ['ros']
[0.174s] Level 1:colcon.colcon_core.package_identification:_identify(src/teleop_twist_stamped) by extension 'ros'
[0.174s] DEBUG:colcon.colcon_core.package_identification:Package 'src/teleop_twist_stamped' with type 'ros.ament_python' and name 'teleop_twist_stamped'
[0.174s] Level 1:colcon.colcon_core.package_discovery:discover_packages(recursive) using defaults
[0.175s] Level 1:colcon.colcon_core.package_discovery:discover_packages(ignore) discover
[0.175s] Level 1:colcon.colcon_core.package_discovery:discover_packages(ignore) using defaults
[0.175s] Level 1:colcon.colcon_core.package_discovery:discover_packages(path) discover
[0.175s] Level 1:colcon.colcon_core.package_discovery:discover_packages(path) using defaults
[0.189s] Level 1:colcon.colcon_core.package_discovery:discover_packages(prefix_path) check parameters
[0.189s] Level 1:colcon.colcon_core.package_discovery:discover_packages(prefix_path) discover
[0.189s] WARNING:colcon.colcon_ros.prefix_path.ament:The path '/home/arvi/bot_ws/install/gazebo_ros2_control_demos' in the environment variable AMENT_PREFIX_PATH doesn't exist
[0.189s] WARNING:colcon.colcon_ros.prefix_path.ament:The path '/home/arvi/bot_ws/install/gazebo_ros2_control' in the environment variable AMENT_PREFIX_PATH doesn't exist
[0.189s] WARNING:colcon.colcon_ros.prefix_path.ament:The path '/home/arvi/bot_ws/install/teleop_twist_stamped' in the environment variable AMENT_PREFIX_PATH doesn't exist
[0.189s] WARNING:colcon.colcon_ros.prefix_path.ament:The path '/home/arvi/bot_ws/install/robot_description' in the environment variable AMENT_PREFIX_PATH doesn't exist
[0.189s] WARNING:colcon.colcon_ros.prefix_path.ament:The path '/home/arvi/bot_ws/install/bot' in the environment variable AMENT_PREFIX_PATH doesn't exist
[0.189s] WARNING:colcon.colcon_ros.prefix_path.catkin:The path '/home/arvi/bot_ws/install/gazebo_ros2_control_demos' in the environment variable CMAKE_PREFIX_PATH doesn't exist
[0.189s] WARNING:colcon.colcon_ros.prefix_path.catkin:The path '/home/arvi/bot_ws/install/gazebo_ros2_control' in the environment variable CMAKE_PREFIX_PATH doesn't exist
[0.189s] WARNING:colcon.colcon_ros.prefix_path.catkin:The path '/home/arvi/bot_ws/install/bot' in the environment variable CMAKE_PREFIX_PATH doesn't exist
[0.190s] DEBUG:colcon.colcon_installed_package_information.package_discovery:Found 0 installed packages in /home/arvi/bot_ws/install
[0.191s] DEBUG:colcon.colcon_installed_package_information.package_discovery:Found 331 installed packages in /opt/ros/humble
[0.192s] Level 1:colcon.colcon_core.package_discovery:discover_packages(prefix_path) using defaults
[0.214s] Level 5:colcon.colcon_core.verb:set package 'bot' build argument 'cmake_args' from command line to 'None'
[0.214s] Level 5:colcon.colcon_core.verb:set package 'bot' build argument 'cmake_target' from command line to 'None'
[0.214s] Level 5:colcon.colcon_core.verb:set package 'bot' build argument 'cmake_target_skip_unavailable' from command line to 'False'
[0.214s] Level 5:colcon.colcon_core.verb:set package 'bot' build argument 'cmake_clean_cache' from command line to 'False'
[0.214s] Level 5:colcon.colcon_core.verb:set package 'bot' build argument 'cmake_clean_first' from command line to 'False'
[0.214s] Level 5:colcon.colcon_core.verb:set package 'bot' build argument 'cmake_force_configure' from command line to 'False'
[0.214s] Level 5:colcon.colcon_core.verb:set package 'bot' build argument 'ament_cmake_args' from command line to 'None'
[0.214s] Level 5:colcon.colcon_core.verb:set package 'bot' build argument 'catkin_cmake_args' from command line to 'None'
[0.214s] Level 5:colcon.colcon_core.verb:set package 'bot' build argument 'catkin_skip_building_tests' from command line to 'False'
[0.214s] DEBUG:colcon.colcon_core.verb:Building package 'bot' with the following arguments: {'ament_cmake_args': None, 'build_base': '/home/arvi/bot_ws/build/bot', 'catkin_cmake_args': None, 'catkin_skip_building_tests': False, 'cmake_args': None, 'cmake_clean_cache': False, 'cmake_clean_first': False, 'cmake_force_configure': False, 'cmake_target': None, 'cmake_target_skip_unavailable': False, 'install_base': '/home/arvi/bot_ws/install/bot', 'merge_install': False, 'path': '/home/arvi/bot_ws/src/bot', 'symlink_install': False, 'test_result_base': None}
[0.214s] Level 5:colcon.colcon_core.verb:set package 'robot_description' build argument 'cmake_args' from command line to 'None'
[0.214s] Level 5:colcon.colcon_core.verb:set package 'robot_description' build argument 'cmake_target' from command line to 'None'
[0.214s] Level 5:colcon.colcon_core.verb:set package 'robot_description' build argument 'cmake_target_skip_unavailable' from command line to 'False'
[0.214s] Level 5:colcon.colcon_core.verb:set package 'robot_description' build argument 'cmake_clean_cache' from command line to 'False'
[0.214s] Level 5:colcon.colcon_core.verb:set package 'robot_description' build argument 'cmake_clean_first' from command line to 'False'
[0.214s] Level 5:colcon.colcon_core.verb:set package 'robot_description' build argument 'cmake_force_configure' from command line to 'False'
[0.215s] Level 5:colcon.colcon_core.verb:set package 'robot_description' build argument 'ament_cmake_args' from command line to 'None'
[0.215s] Level 5:colcon.colcon_core.verb:set package 'robot_description' build argument 'catkin_cmake_args' from command line to 'None'
[0.215s] Level 5:colcon.colcon_core.verb:set package 'robot_description' build argument 'catkin_skip_building_tests' from command line to 'False'
[0.215s] DEBUG:colcon.colcon_core.verb:Building package 'robot_description' with the following arguments: {'ament_cmake_args': None, 'build_base': '/home/arvi/bot_ws/build/robot_description', 'catkin_cmake_args': None, 'catkin_skip_building_tests': False, 'cmake_args': None, 'cmake_clean_cache': False, 'cmake_clean_first': False, 'cmake_force_configure': False, 'cmake_target': None, 'cmake_target_skip_unavailable': False, 'install_base': '/home/arvi/bot_ws/install/robot_description', 'merge_install': False, 'path': '/home/arvi/bot_ws/src/robot_description', 'symlink_install': False, 'test_result_base': None}
[0.215s] Level 5:colcon.colcon_core.verb:set package 'teleop_twist_stamped' build argument 'cmake_args' from command line to 'None'
[0.215s] Level 5:colcon.colcon_core.verb:set package 'teleop_twist_stamped' build argument 'cmake_target' from command line to 'None'
[0.215s] Level 5:colcon.colcon_core.verb:set package 'teleop_twist_stamped' build argument 'cmake_target_skip_unavailable' from command line to 'False'
[0.215s] Level 5:colcon.colcon_core.verb:set package 'teleop_twist_stamped' build argument 'cmake_clean_cache' from command line to 'False'
[0.215s] Level 5:colcon.colcon_core.verb:set package 'teleop_twist_stamped' build argument 'cmake_clean_first' from command line to 'False'
[0.215s] Level 5:colcon.colcon_core.verb:set package 'teleop_twist_stamped' build argument 'cmake_force_configure' from command line to 'False'
[0.215s] Level 5:colcon.colcon_core.verb:set package 'teleop_twist_stamped' build argument 'ament_cmake_args' from command line to 'None'
[0.215s] Level 5:colcon.colcon_core.verb:set package 'teleop_twist_stamped' build argument 'catkin_cmake_args' from command line to 'None'
[0.215s] Level 5:colcon.colcon_core.verb:set package 'teleop_twist_stamped' build argument 'catkin_skip_building_tests' from command line to 'False'
[0.215s] DEBUG:colcon.colcon_core.verb:Building package 'teleop_twist_stamped' with the following arguments: {'ament_cmake_args': None, 'build_base': '/home/arvi/bot_ws/build/teleop_twist_stamped', 'catkin_cmake_args': None, 'catkin_skip_building_tests': False, 'cmake_args': None, 'cmake_clean_cache': False, 'cmake_clean_first': False, 'cmake_force_configure': False, 'cmake_target': None, 'cmake_target_skip_unavailable': False, 'install_base': '/home/arvi/bot_ws/install/teleop_twist_stamped', 'merge_install': False, 'path': '/home/arvi/bot_ws/src/teleop_twist_stamped', 'symlink_install': False, 'test_result_base': None}
[0.215s] INFO:colcon.colcon_core.executor:Executing jobs using 'parallel' executor
[0.216s] DEBUG:colcon.colcon_parallel_executor.executor.parallel:run_until_complete
[0.216s] INFO:colcon.colcon_ros.task.ament_cmake.build:Building ROS package in '/home/arvi/bot_ws/src/bot' with build type 'ament_cmake'
[0.216s] INFO:colcon.colcon_cmake.task.cmake.build:Building CMake package in '/home/arvi/bot_ws/src/bot'
[0.217s] INFO:colcon.colcon_core.plugin_system:Skipping extension 'colcon_core.shell.bat': Not used on non-Windows systems
[0.217s] INFO:colcon.colcon_core.shell:Skip shell extension 'powershell' for command environment: Not usable outside of PowerShell
[0.217s] DEBUG:colcon.colcon_core.shell:Skip shell extension 'dsv' for command environment
[0.220s] INFO:colcon.colcon_ros.task.ament_python.build:Building ROS package in '/home/arvi/bot_ws/src/robot_description' with build type 'ament_python'
[0.220s] Level 1:colcon.colcon_core.shell:create_environment_hook('robot_description', 'ament_prefix_path')
[0.220s] INFO:colcon.colcon_core.shell:Creating environment hook '/home/arvi/bot_ws/install/robot_description/share/robot_description/hook/ament_prefix_path.ps1'
[0.221s] INFO:colcon.colcon_core.shell:Creating environment descriptor '/home/arvi/bot_ws/install/robot_description/share/robot_description/hook/ament_prefix_path.dsv'
[0.221s] INFO:colcon.colcon_core.shell:Creating environment hook '/home/arvi/bot_ws/install/robot_description/share/robot_description/hook/ament_prefix_path.sh'
[0.221s] INFO:colcon.colcon_core.shell:Skip shell extension 'powershell' for command environment: Not usable outside of PowerShell
[0.221s] DEBUG:colcon.colcon_core.shell:Skip shell extension 'dsv' for command environment
[0.223s] INFO:colcon.colcon_ros.task.ament_python.build:Building ROS package in '/home/arvi/bot_ws/src/teleop_twist_stamped' with build type 'ament_python'
[0.223s] Level 1:colcon.colcon_core.shell:create_environment_hook('teleop_twist_stamped', 'ament_prefix_path')
[0.223s] INFO:colcon.colcon_core.shell:Creating environment hook '/home/arvi/bot_ws/install/teleop_twist_stamped/share/teleop_twist_stamped/hook/ament_prefix_path.ps1'
[0.223s] INFO:colcon.colcon_core.shell:Creating environment descriptor '/home/arvi/bot_ws/install/teleop_twist_stamped/share/teleop_twist_stamped/hook/ament_prefix_path.dsv'
[0.224s] INFO:colcon.colcon_core.shell:Creating environment hook '/home/arvi/bot_ws/install/teleop_twist_stamped/share/teleop_twist_stamped/hook/ament_prefix_path.sh'
[0.224s] INFO:colcon.colcon_core.shell:Skip shell extension 'powershell' for command environment: Not usable outside of PowerShell
[0.224s] DEBUG:colcon.colcon_core.shell:Skip shell extension 'dsv' for command environment
[0.228s] DEBUG:colcon.colcon_core.event_handler.log_command:Invoking command in '/home/arvi/bot_ws/build/bot': CMAKE_PREFIX_PATH=${CMAKE_PREFIX_PATH}:/home/arvi/bot_ws/install/teleop_twist_stamped:/home/arvi/bot_ws/install/robot_description:/opt/ros/humble /usr/bin/cmake /home/arvi/bot_ws/src/bot -DCMAKE_INSTALL_PREFIX=/home/arvi/bot_ws/install/bot
[0.381s] INFO:colcon.colcon_core.task.python.build:Building Python package in '/home/arvi/bot_ws/src/robot_description'
[0.382s] INFO:colcon.colcon_core.shell:Skip shell extension 'powershell' for command environment: Not usable outside of PowerShell
[0.382s] DEBUG:colcon.colcon_core.shell:Skip shell extension 'dsv' for command environment
[0.531s] INFO:colcon.colcon_core.task.python.build:Building Python package in '/home/arvi/bot_ws/src/teleop_twist_stamped'
[0.531s] INFO:colcon.colcon_core.shell:Skip shell extension 'powershell' for command environment: Not usable outside of PowerShell
[0.531s] DEBUG:colcon.colcon_core.shell:Skip shell extension 'dsv' for command environment
[0.785s] DEBUG:colcon.colcon_core.event_handler.log_command:Invoking command in '/home/arvi/bot_ws/src/teleop_twist_stamped': PYTHONPATH=/home/arvi/bot_ws/build/teleop_twist_stamped/prefix_override:/usr/lib/python3/dist-packages/colcon_core/task/python/colcon_distutils_commands:/home/arvi/bot_ws/install/teleop_twist_stamped/lib/python3.10/site-packages:${PYTHONPATH} /usr/bin/python3 -W ignore:setup.py install is deprecated -W ignore:easy_install command is deprecated setup.py egg_info --egg-base ../../build/teleop_twist_stamped build --build-base /home/arvi/bot_ws/build/teleop_twist_stamped/build install --record /home/arvi/bot_ws/build/teleop_twist_stamped/install.log --single-version-externally-managed install_data
[0.786s] DEBUG:colcon.colcon_core.event_handler.log_command:Invoking command in '/home/arvi/bot_ws/src/robot_description': PYTHONPATH=/home/arvi/bot_ws/build/robot_description/prefix_override:/usr/lib/python3/dist-packages/colcon_core/task/python/colcon_distutils_commands:/home/arvi/bot_ws/install/robot_description/lib/python3.10/site-packages:${PYTHONPATH} /usr/bin/python3 -W ignore:setup.py install is deprecated -W ignore:easy_install command is deprecated setup.py egg_info --egg-base ../../build/robot_description build --build-base /home/arvi/bot_ws/build/robot_description/build install --record /home/arvi/bot_ws/build/robot_description/install.log --install-scripts $base/lib/robot_description --single-version-externally-managed install_data
[0.996s] DEBUG:colcon.colcon_core.event_handler.log_command:Invoked command in '/home/arvi/bot_ws/src/robot_description' returned '0': PYTHONPATH=/home/arvi/bot_ws/build/robot_description/prefix_override:/usr/lib/python3/dist-packages/colcon_core/task/python/colcon_distutils_commands:/home/arvi/bot_ws/install/robot_description/lib/python3.10/site-packages:${PYTHONPATH} /usr/bin/python3 -W ignore:setup.py install is deprecated -W ignore:easy_install command is deprecated setup.py egg_info --egg-base ../../build/robot_description build --build-base /home/arvi/bot_ws/build/robot_description/build install --record /home/arvi/bot_ws/build/robot_description/install.log --install-scripts $base/lib/robot_description --single-version-externally-managed install_data
[0.999s] Level 1:colcon.colcon_core.environment:checking '/home/arvi/bot_ws/install/robot_description' for CMake module files
[0.999s] Level 1:colcon.colcon_core.environment:checking '/home/arvi/bot_ws/install/robot_description' for CMake config files
[1.000s] Level 1:colcon.colcon_core.environment:checking '/home/arvi/bot_ws/install/robot_description/lib'
[1.000s] Level 1:colcon.colcon_core.environment:checking '/home/arvi/bot_ws/install/robot_description/bin'
[1.000s] Level 1:colcon.colcon_core.environment:checking '/home/arvi/bot_ws/install/robot_description/lib/pkgconfig/robot_description.pc'
[1.000s] Level 1:colcon.colcon_core.environment:checking '/home/arvi/bot_ws/install/robot_description/lib/python3.10/site-packages'
[1.001s] Level 1:colcon.colcon_core.shell:create_environment_hook('robot_description', 'pythonpath')
[1.001s] INFO:colcon.colcon_core.shell:Creating environment hook '/home/arvi/bot_ws/install/robot_description/share/robot_description/hook/pythonpath.ps1'
[1.001s] INFO:colcon.colcon_core.shell:Creating environment descriptor '/home/arvi/bot_ws/install/robot_description/share/robot_description/hook/pythonpath.dsv'
[1.002s] INFO:colcon.colcon_core.shell:Creating environment hook '/home/arvi/bot_ws/install/robot_description/share/robot_description/hook/pythonpath.sh'
[1.002s] Level 1:colcon.colcon_core.environment:checking '/home/arvi/bot_ws/install/robot_description/bin'
[1.002s] Level 1:colcon.colcon_core.environment:create_environment_scripts_only(robot_description)
[1.002s] INFO:colcon.colcon_core.shell:Creating package script '/home/arvi/bot_ws/install/robot_description/share/robot_description/package.ps1'
[1.003s] INFO:colcon.colcon_core.shell:Creating package descriptor '/home/arvi/bot_ws/install/robot_description/share/robot_description/package.dsv'
[1.003s] INFO:colcon.colcon_core.shell:Creating package script '/home/arvi/bot_ws/install/robot_description/share/robot_description/package.sh'
[1.004s] INFO:colcon.colcon_core.shell:Creating package script '/home/arvi/bot_ws/install/robot_description/share/robot_description/package.bash'
[1.004s] INFO:colcon.colcon_core.shell:Creating package script '/home/arvi/bot_ws/install/robot_description/share/robot_description/package.zsh'
[1.004s] Level 1:colcon.colcon_core.environment:create_file_with_runtime_dependencies(/home/arvi/bot_ws/install/robot_description/share/colcon-core/packages/robot_description)
[1.010s] Level 1:colcon.colcon_core.environment:checking '/home/arvi/bot_ws/install/teleop_twist_stamped' for CMake module files
[1.010s] DEBUG:colcon.colcon_core.event_handler.log_command:Invoked command in '/home/arvi/bot_ws/src/teleop_twist_stamped' returned '0': PYTHONPATH=/home/arvi/bot_ws/build/teleop_twist_stamped/prefix_override:/usr/lib/python3/dist-packages/colcon_core/task/python/colcon_distutils_commands:/home/arvi/bot_ws/install/teleop_twist_stamped/lib/python3.10/site-packages:${PYTHONPATH} /usr/bin/python3 -W ignore:setup.py install is deprecated -W ignore:easy_install command is deprecated setup.py egg_info --egg-base ../../build/teleop_twist_stamped build --build-base /home/arvi/bot_ws/build/teleop_twist_stamped/build install --record /home/arvi/bot_ws/build/teleop_twist_stamped/install.log --single-version-externally-managed install_data
[1.010s] Level 1:colcon.colcon_core.environment:checking '/home/arvi/bot_ws/install/teleop_twist_stamped' for CMake config files
[1.011s] Level 1:colcon.colcon_core.environment:checking '/home/arvi/bot_ws/install/teleop_twist_stamped/lib'
[1.011s] Level 1:colcon.colcon_core.environment:checking '/home/arvi/bot_ws/install/teleop_twist_stamped/bin'
[1.011s] Level 1:colcon.colcon_core.environment:checking '/home/arvi/bot_ws/install/teleop_twist_stamped/lib/pkgconfig/teleop_twist_stamped.pc'
[1.011s] Level 1:colcon.colcon_core.environment:checking '/home/arvi/bot_ws/install/teleop_twist_stamped/lib/python3.10/site-packages'
[1.011s] Level 1:colcon.colcon_core.shell:create_environment_hook('teleop_twist_stamped', 'pythonpath')
[1.011s] INFO:colcon.colcon_core.shell:Creating environment hook '/home/arvi/bot_ws/install/teleop_twist_stamped/share/teleop_twist_stamped/hook/pythonpath.ps1'
[1.011s] INFO:colcon.colcon_core.shell:Creating environment descriptor '/home/arvi/bot_ws/install/teleop_twist_stamped/share/teleop_twist_stamped/hook/pythonpath.dsv'
[1.011s] INFO:colcon.colcon_core.shell:Creating environment hook '/home/arvi/bot_ws/install/teleop_twist_stamped/share/teleop_twist_stamped/hook/pythonpath.sh'
[1.012s] Level 1:colcon.colcon_core.environment:checking '/home/arvi/bot_ws/install/teleop_twist_stamped/bin'
[1.012s] Level 1:colcon.colcon_core.environment:create_environment_scripts_only(teleop_twist_stamped)
[1.012s] INFO:colcon.colcon_core.shell:Creating package script '/home/arvi/bot_ws/install/teleop_twist_stamped/share/teleop_twist_stamped/package.ps1'
[1.012s] INFO:colcon.colcon_core.shell:Creating package descriptor '/home/arvi/bot_ws/install/teleop_twist_stamped/share/teleop_twist_stamped/package.dsv'
[1.012s] INFO:colcon.colcon_core.shell:Creating package script '/home/arvi/bot_ws/install/teleop_twist_stamped/share/teleop_twist_stamped/package.sh'
[1.013s] INFO:colcon.colcon_core.shell:Creating package script '/home/arvi/bot_ws/install/teleop_twist_stamped/share/teleop_twist_stamped/package.bash'
[1.013s] INFO:colcon.colcon_core.shell:Creating package script '/home/arvi/bot_ws/install/teleop_twist_stamped/share/teleop_twist_stamped/package.zsh'
[1.013s] Level 1:colcon.colcon_core.environment:create_file_with_runtime_dependencies(/home/arvi/bot_ws/install/teleop_twist_stamped/share/colcon-core/packages/teleop_twist_stamped)
[1.210s] DEBUG:colcon.colcon_core.event_handler.log_command:Invoked command in '/home/arvi/bot_ws/build/bot' returned '0': CMAKE_PREFIX_PATH=${CMAKE_PREFIX_PATH}:/home/arvi/bot_ws/install/teleop_twist_stamped:/home/arvi/bot_ws/install/robot_description:/opt/ros/humble /usr/bin/cmake /home/arvi/bot_ws/src/bot -DCMAKE_INSTALL_PREFIX=/home/arvi/bot_ws/install/bot
[1.211s] DEBUG:colcon.colcon_core.event_handler.log_command:Invoking command in '/home/arvi/bot_ws/build/bot': CMAKE_PREFIX_PATH=${CMAKE_PREFIX_PATH}:/home/arvi/bot_ws/install/teleop_twist_stamped:/home/arvi/bot_ws/install/robot_description:/opt/ros/humble /usr/bin/cmake --build /home/arvi/bot_ws/build/bot -- -j16 -l16
[6.517s] DEBUG:colcon.colcon_core.event_handler.log_command:Invoked command in '/home/arvi/bot_ws/build/bot' returned '0': CMAKE_PREFIX_PATH=${CMAKE_PREFIX_PATH}:/home/arvi/bot_ws/install/teleop_twist_stamped:/home/arvi/bot_ws/install/robot_description:/opt/ros/humble /usr/bin/cmake --build /home/arvi/bot_ws/build/bot -- -j16 -l16
[6.526s] DEBUG:colcon.colcon_core.event_handler.log_command:Invoking command in '/home/arvi/bot_ws/build/bot': CMAKE_PREFIX_PATH=${CMAKE_PREFIX_PATH}:/home/arvi/bot_ws/install/teleop_twist_stamped:/home/arvi/bot_ws/install/robot_description:/opt/ros/humble /usr/bin/cmake --install /home/arvi/bot_ws/build/bot
[6.538s] Level 1:colcon.colcon_core.environment:create_environment_scripts_only(bot)
[6.538s] Level 1:colcon.colcon_core.environment:checking '/home/arvi/bot_ws/install/bot' for CMake module files
[6.539s] DEBUG:colcon.colcon_core.event_handler.log_command:Invoked command in '/home/arvi/bot_ws/build/bot' returned '0': CMAKE_PREFIX_PATH=${CMAKE_PREFIX_PATH}:/home/arvi/bot_ws/install/teleop_twist_stamped:/home/arvi/bot_ws/install/robot_description:/opt/ros/humble /usr/bin/cmake --install /home/arvi/bot_ws/build/bot
[6.539s] Level 1:colcon.colcon_core.environment:checking '/home/arvi/bot_ws/install/bot' for CMake config files
[6.540s] Level 1:colcon.colcon_core.shell:create_environment_hook('bot', 'cmake_prefix_path')
[6.540s] INFO:colcon.colcon_core.shell:Creating environment hook '/home/arvi/bot_ws/install/bot/share/bot/hook/cmake_prefix_path.ps1'
[6.541s] INFO:colcon.colcon_core.shell:Creating environment descriptor '/home/arvi/bot_ws/install/bot/share/bot/hook/cmake_prefix_path.dsv'
[6.542s] INFO:colcon.colcon_core.shell:Creating environment hook '/home/arvi/bot_ws/install/bot/share/bot/hook/cmake_prefix_path.sh'
[6.542s] Level 1:colcon.colcon_core.environment:checking '/home/arvi/bot_ws/install/bot/lib'
[6.542s] Level 1:colcon.colcon_core.environment:checking '/home/arvi/bot_ws/install/bot/bin'
[6.542s] Level 1:colcon.colcon_core.environment:checking '/home/arvi/bot_ws/install/bot/lib/pkgconfig/bot.pc'
[6.542s] Level 1:colcon.colcon_core.environment:checking '/home/arvi/bot_ws/install/bot/lib/python3.10/site-packages'
[6.542s] Level 1:colcon.colcon_core.environment:checking '/home/arvi/bot_ws/install/bot/bin'
[6.543s] INFO:colcon.colcon_core.shell:Creating package script '/home/arvi/bot_ws/install/bot/share/bot/package.ps1'
[6.543s] INFO:colcon.colcon_core.shell:Creating package descriptor '/home/arvi/bot_ws/install/bot/share/bot/package.dsv'
[6.543s] INFO:colcon.colcon_core.shell:Creating package script '/home/arvi/bot_ws/install/bot/share/bot/package.sh'
[6.544s] INFO:colcon.colcon_core.shell:Creating package script '/home/arvi/bot_ws/install/bot/share/bot/package.bash'
[6.544s] INFO:colcon.colcon_core.shell:Creating package script '/home/arvi/bot_ws/install/bot/share/bot/package.zsh'
[6.545s] Level 1:colcon.colcon_core.environment:create_file_with_runtime_dependencies(/home/arvi/bot_ws/install/bot/share/colcon-core/packages/bot)
[6.545s] Level 1:colcon.colcon_core.environment:create_environment_scripts_only(bot)
[6.545s] Level 1:colcon.colcon_core.environment:checking '/home/arvi/bot_ws/install/bot' for CMake module files
[6.545s] Level 1:colcon.colcon_core.environment:checking '/home/arvi/bot_ws/install/bot' for CMake config files
[6.546s] Level 1:colcon.colcon_core.shell:create_environment_hook('bot', 'cmake_prefix_path')
[6.546s] INFO:colcon.colcon_core.shell:Creating environment hook '/home/arvi/bot_ws/install/bot/share/bot/hook/cmake_prefix_path.ps1'
[6.546s] INFO:colcon.colcon_core.shell:Creating environment descriptor '/home/arvi/bot_ws/install/bot/share/bot/hook/cmake_prefix_path.dsv'
[6.546s] INFO:colcon.colcon_core.shell:Creating environment hook '/home/arvi/bot_ws/install/bot/share/bot/hook/cmake_prefix_path.sh'
[6.547s] Level 1:colcon.colcon_core.environment:checking '/home/arvi/bot_ws/install/bot/lib'
[6.547s] Level 1:colcon.colcon_core.environment:checking '/home/arvi/bot_ws/install/bot/bin'
[6.547s] Level 1:colcon.colcon_core.environment:checking '/home/arvi/bot_ws/install/bot/lib/pkgconfig/bot.pc'
[6.547s] Level 1:colcon.colcon_core.environment:checking '/home/arvi/bot_ws/install/bot/lib/python3.10/site-packages'
[6.547s] Level 1:colcon.colcon_core.environment:checking '/home/arvi/bot_ws/install/bot/bin'
[6.547s] INFO:colcon.colcon_core.shell:Creating package script '/home/arvi/bot_ws/install/bot/share/bot/package.ps1'
[6.547s] INFO:colcon.colcon_core.shell:Creating package descriptor '/home/arvi/bot_ws/install/bot/share/bot/package.dsv'
[6.548s] INFO:colcon.colcon_core.shell:Creating package script '/home/arvi/bot_ws/install/bot/share/bot/package.sh'
[6.548s] INFO:colcon.colcon_core.shell:Creating package script '/home/arvi/bot_ws/install/bot/share/bot/package.bash'
[6.548s] INFO:colcon.colcon_core.shell:Creating package script '/home/arvi/bot_ws/install/bot/share/bot/package.zsh'
[6.548s] Level 1:colcon.colcon_core.environment:create_file_with_runtime_dependencies(/home/arvi/bot_ws/install/bot/share/colcon-core/packages/bot)
[6.548s] DEBUG:colcon.colcon_parallel_executor.executor.parallel:closing loop
[6.549s] DEBUG:colcon.colcon_parallel_executor.executor.parallel:loop closed
[6.549s] DEBUG:colcon.colcon_parallel_executor.executor.parallel:run_until_complete finished with '0'
[6.549s] DEBUG:colcon.colcon_core.event_reactor:joining thread
[6.554s] INFO:colcon.colcon_core.plugin_system:Skipping extension 'colcon_notification.desktop_notification.terminal_notifier': Not used on non-Darwin systems
[6.554s] INFO:colcon.colcon_core.plugin_system:Skipping extension 'colcon_notification.desktop_notification.win32': Not used on non-Windows systems
[6.554s] INFO:colcon.colcon_notification.desktop_notification:Sending desktop notification using 'notify2'
[6.569s] DEBUG:colcon.colcon_core.event_reactor:joined thread
[6.570s] INFO:colcon.colcon_core.shell:Creating prefix script '/home/arvi/bot_ws/install/local_setup.ps1'
[6.571s] INFO:colcon.colcon_core.shell:Creating prefix util module '/home/arvi/bot_ws/install/_local_setup_util_ps1.py'
[6.572s] INFO:colcon.colcon_core.shell:Creating prefix chain script '/home/arvi/bot_ws/install/setup.ps1'
[6.575s] INFO:colcon.colcon_core.shell:Creating prefix script '/home/arvi/bot_ws/install/local_setup.sh'
[6.575s] INFO:colcon.colcon_core.shell:Creating prefix util module '/home/arvi/bot_ws/install/_local_setup_util_sh.py'
[6.576s] INFO:colcon.colcon_core.shell:Creating prefix chain script '/home/arvi/bot_ws/install/setup.sh'
[6.577s] INFO:colcon.colcon_core.shell:Creating prefix script '/home/arvi/bot_ws/install/local_setup.bash'
[6.577s] INFO:colcon.colcon_core.shell:Creating prefix chain script '/home/arvi/bot_ws/install/setup.bash'
[6.578s] INFO:colcon.colcon_core.shell:Creating prefix script '/home/arvi/bot_ws/install/local_setup.zsh'
[6.579s] INFO:colcon.colcon_core.shell:Creating prefix chain script '/home/arvi/bot_ws/install/setup.zsh'
