running egg_info
creating ../../build/image_flip_node/image_flip_node.egg-info
writing ../../build/image_flip_node/image_flip_node.egg-info/PKG-INFO
writing dependency_links to ../../build/image_flip_node/image_flip_node.egg-info/dependency_links.txt
writing entry points to ../../build/image_flip_node/image_flip_node.egg-info/entry_points.txt
writing requirements to ../../build/image_flip_node/image_flip_node.egg-info/requires.txt
writing top-level names to ../../build/image_flip_node/image_flip_node.egg-info/top_level.txt
writing manifest file '../../build/image_flip_node/image_flip_node.egg-info/SOURCES.txt'
reading manifest file '../../build/image_flip_node/image_flip_node.egg-info/SOURCES.txt'
writing manifest file '../../build/image_flip_node/image_flip_node.egg-info/SOURCES.txt'
running build
running build_py
creating /home/arvi/nav_ws/build/image_flip_node/build
creating /home/arvi/nav_ws/build/image_flip_node/build/lib
creating /home/arvi/nav_ws/build/image_flip_node/build/lib/image_flip_node
copying image_flip_node/__init__.py -> /home/arvi/nav_ws/build/image_flip_node/build/lib/image_flip_node
copying image_flip_node/image_flip_node.py -> /home/arvi/nav_ws/build/image_flip_node/build/lib/image_flip_node
running install
running install_lib
creating /home/arvi/nav_ws/install/image_flip_node/lib/python3.10/site-packages/image_flip_node
copying /home/arvi/nav_ws/build/image_flip_node/build/lib/image_flip_node/__init__.py -> /home/arvi/nav_ws/install/image_flip_node/lib/python3.10/site-packages/image_flip_node
copying /home/arvi/nav_ws/build/image_flip_node/build/lib/image_flip_node/image_flip_node.py -> /home/arvi/nav_ws/install/image_flip_node/lib/python3.10/site-packages/image_flip_node
byte-compiling /home/arvi/nav_ws/install/image_flip_node/lib/python3.10/site-packages/image_flip_node/__init__.py to __init__.cpython-310.pyc
byte-compiling /home/arvi/nav_ws/install/image_flip_node/lib/python3.10/site-packages/image_flip_node/image_flip_node.py to image_flip_node.cpython-310.pyc
running install_data
creating /home/arvi/nav_ws/install/image_flip_node/share/ament_index
creating /home/arvi/nav_ws/install/image_flip_node/share/ament_index/resource_index
creating /home/arvi/nav_ws/install/image_flip_node/share/ament_index/resource_index/packages
copying resource/image_flip_node -> /home/arvi/nav_ws/install/image_flip_node/share/ament_index/resource_index/packages
copying package.xml -> /home/arvi/nav_ws/install/image_flip_node/share/image_flip_node
running install_egg_info
Copying ../../build/image_flip_node/image_flip_node.egg-info to /home/arvi/nav_ws/install/image_flip_node/lib/python3.10/site-packages/image_flip_node-0.0.0-py3.10.egg-info
running install_scripts
Installing image_flip script to /home/arvi/nav_ws/install/image_flip_node/lib/image_flip_node
writing list of installed files to '/home/arvi/nav_ws/build/image_flip_node/install.log'
