[1.183s] Invoking command in '/home/arvi/nav_ws/src/image_flip_node': PYTHONPATH=/home/arvi/nav_ws/build/image_flip_node/prefix_override:/usr/lib/python3/dist-packages/colcon_core/task/python/colcon_distutils_commands:/home/arvi/nav_ws/install/image_flip_node/lib/python3.10/site-packages:${PYTHONPATH} /usr/bin/python3 -W ignore:setup.py install is deprecated -W ignore:easy_install command is deprecated setup.py egg_info --egg-base ../../build/image_flip_node build --build-base /home/arvi/nav_ws/build/image_flip_node/build install --record /home/arvi/nav_ws/build/image_flip_node/install.log --single-version-externally-managed install_data
[1.588s] running egg_info
[1.589s] creating ../../build/image_flip_node/image_flip_node.egg-info
[1.589s] writing ../../build/image_flip_node/image_flip_node.egg-info/PKG-INFO
[1.589s] writing dependency_links to ../../build/image_flip_node/image_flip_node.egg-info/dependency_links.txt
[1.590s] writing entry points to ../../build/image_flip_node/image_flip_node.egg-info/entry_points.txt
[1.590s] writing requirements to ../../build/image_flip_node/image_flip_node.egg-info/requires.txt
[1.590s] writing top-level names to ../../build/image_flip_node/image_flip_node.egg-info/top_level.txt
[1.590s] writing manifest file '../../build/image_flip_node/image_flip_node.egg-info/SOURCES.txt'
[1.591s] reading manifest file '../../build/image_flip_node/image_flip_node.egg-info/SOURCES.txt'
[1.592s] writing manifest file '../../build/image_flip_node/image_flip_node.egg-info/SOURCES.txt'
[1.593s] running build
[1.593s] running build_py
[1.593s] creating /home/arvi/nav_ws/build/image_flip_node/build
[1.593s] creating /home/arvi/nav_ws/build/image_flip_node/build/lib
[1.593s] creating /home/arvi/nav_ws/build/image_flip_node/build/lib/image_flip_node
[1.593s] copying image_flip_node/__init__.py -> /home/arvi/nav_ws/build/image_flip_node/build/lib/image_flip_node
[1.594s] copying image_flip_node/image_flip_node.py -> /home/arvi/nav_ws/build/image_flip_node/build/lib/image_flip_node
[1.594s] running install
[1.594s] running install_lib
[1.594s] creating /home/arvi/nav_ws/install/image_flip_node/lib/python3.10/site-packages/image_flip_node
[1.594s] copying /home/arvi/nav_ws/build/image_flip_node/build/lib/image_flip_node/__init__.py -> /home/arvi/nav_ws/install/image_flip_node/lib/python3.10/site-packages/image_flip_node
[1.595s] copying /home/arvi/nav_ws/build/image_flip_node/build/lib/image_flip_node/image_flip_node.py -> /home/arvi/nav_ws/install/image_flip_node/lib/python3.10/site-packages/image_flip_node
[1.595s] byte-compiling /home/arvi/nav_ws/install/image_flip_node/lib/python3.10/site-packages/image_flip_node/__init__.py to __init__.cpython-310.pyc
[1.595s] byte-compiling /home/arvi/nav_ws/install/image_flip_node/lib/python3.10/site-packages/image_flip_node/image_flip_node.py to image_flip_node.cpython-310.pyc
[1.596s] running install_data
[1.596s] creating /home/arvi/nav_ws/install/image_flip_node/share/ament_index
[1.596s] creating /home/arvi/nav_ws/install/image_flip_node/share/ament_index/resource_index
[1.596s] creating /home/arvi/nav_ws/install/image_flip_node/share/ament_index/resource_index/packages
[1.596s] copying resource/image_flip_node -> /home/arvi/nav_ws/install/image_flip_node/share/ament_index/resource_index/packages
[1.596s] copying package.xml -> /home/arvi/nav_ws/install/image_flip_node/share/image_flip_node
[1.597s] running install_egg_info
[1.599s] Copying ../../build/image_flip_node/image_flip_node.egg-info to /home/arvi/nav_ws/install/image_flip_node/lib/python3.10/site-packages/image_flip_node-0.0.0-py3.10.egg-info
[1.600s] running install_scripts
[1.622s] Installing image_flip script to /home/arvi/nav_ws/install/image_flip_node/lib/image_flip_node
[1.622s] writing list of installed files to '/home/arvi/nav_ws/build/image_flip_node/install.log'
[1.677s] Invoked command in '/home/arvi/nav_ws/src/image_flip_node' returned '0': PYTHONPATH=/home/arvi/nav_ws/build/image_flip_node/prefix_override:/usr/lib/python3/dist-packages/colcon_core/task/python/colcon_distutils_commands:/home/arvi/nav_ws/install/image_flip_node/lib/python3.10/site-packages:${PYTHONPATH} /usr/bin/python3 -W ignore:setup.py install is deprecated -W ignore:easy_install command is deprecated setup.py egg_info --egg-base ../../build/image_flip_node build --build-base /home/arvi/nav_ws/build/image_flip_node/build install --record /home/arvi/nav_ws/build/image_flip_node/install.log --single-version-externally-managed install_data
