[0.835s] Invoking command in '/home/arvi/bot_ws/src/joint_states_merger': PYTHONPATH=/home/arvi/bot_ws/build/joint_states_merger/prefix_override:/usr/lib/python3/dist-packages/colcon_core/task/python/colcon_distutils_commands:/home/arvi/bot_ws/install/joint_states_merger/lib/python3.10/site-packages:${PYTHONPATH} /usr/bin/python3 -W ignore:setup.py install is deprecated -W ignore:easy_install command is deprecated setup.py egg_info --egg-base ../../build/joint_states_merger build --build-base /home/arvi/bot_ws/build/joint_states_merger/build install --record /home/arvi/bot_ws/build/joint_states_merger/install.log --single-version-externally-managed install_data
[1.026s] running egg_info
[1.027s] writing ../../build/joint_states_merger/joint_states_merger.egg-info/PKG-INFO
[1.027s] writing dependency_links to ../../build/joint_states_merger/joint_states_merger.egg-info/dependency_links.txt
[1.027s] writing entry points to ../../build/joint_states_merger/joint_states_merger.egg-info/entry_points.txt
[1.027s] writing requirements to ../../build/joint_states_merger/joint_states_merger.egg-info/requires.txt
[1.027s] writing top-level names to ../../build/joint_states_merger/joint_states_merger.egg-info/top_level.txt
[1.029s] reading manifest file '../../build/joint_states_merger/joint_states_merger.egg-info/SOURCES.txt'
[1.029s] writing manifest file '../../build/joint_states_merger/joint_states_merger.egg-info/SOURCES.txt'
[1.029s] running build
[1.029s] running build_py
[1.029s] copying joint_states_merger/joint_states_merger.py -> /home/arvi/bot_ws/build/joint_states_merger/build/lib/joint_states_merger
[1.030s] running install
[1.030s] running install_lib
[1.030s] copying /home/arvi/bot_ws/build/joint_states_merger/build/lib/joint_states_merger/joint_states_merger.py -> /home/arvi/bot_ws/install/joint_states_merger/lib/python3.10/site-packages/joint_states_merger
[1.031s] byte-compiling /home/arvi/bot_ws/install/joint_states_merger/lib/python3.10/site-packages/joint_states_merger/joint_states_merger.py to joint_states_merger.cpython-310.pyc
[1.032s] running install_data
[1.032s] running install_egg_info
[1.033s] removing '/home/arvi/bot_ws/install/joint_states_merger/lib/python3.10/site-packages/joint_states_merger-0.0.0-py3.10.egg-info' (and everything under it)
[1.034s] Copying ../../build/joint_states_merger/joint_states_merger.egg-info to /home/arvi/bot_ws/install/joint_states_merger/lib/python3.10/site-packages/joint_states_merger-0.0.0-py3.10.egg-info
[1.034s] running install_scripts
[1.053s] Installing joint_states_merger script to /home/arvi/bot_ws/install/joint_states_merger/lib/joint_states_merger
[1.054s] writing list of installed files to '/home/arvi/bot_ws/build/joint_states_merger/install.log'
[1.076s] Invoked command in '/home/arvi/bot_ws/src/joint_states_merger' returned '0': PYTHONPATH=/home/arvi/bot_ws/build/joint_states_merger/prefix_override:/usr/lib/python3/dist-packages/colcon_core/task/python/colcon_distutils_commands:/home/arvi/bot_ws/install/joint_states_merger/lib/python3.10/site-packages:${PYTHONPATH} /usr/bin/python3 -W ignore:setup.py install is deprecated -W ignore:easy_install command is deprecated setup.py egg_info --egg-base ../../build/joint_states_merger build --build-base /home/arvi/bot_ws/build/joint_states_merger/build install --record /home/arvi/bot_ws/build/joint_states_merger/install.log --single-version-externally-managed install_data
