[2.249s] Invoking command in '/home/arvi/bot_ws/src/robot_description': PYTHONPATH=/home/arvi/bot_ws/build/robot_description/prefix_override:/usr/lib/python3/dist-packages/colcon_core/task/python/colcon_distutils_commands:/home/arvi/bot_ws/install/robot_description/lib/python3.10/site-packages:${PYTHONPATH} /usr/bin/python3 -W ignore:setup.py install is deprecated -W ignore:easy_install command is deprecated setup.py egg_info --egg-base ../../build/robot_description build --build-base /home/arvi/bot_ws/build/robot_description/build install --record /home/arvi/bot_ws/build/robot_description/install.log --install-scripts $base/lib/robot_description --single-version-externally-managed install_data
[2.699s] /usr/lib/python3/dist-packages/setuptools/dist.py:723: UserWarning: Usage of dash-separated 'script-dir' will not be supported in future versions. Please use the underscore name 'script_dir' instead
[2.699s]   warnings.warn(
[2.716s] running egg_info
[2.718s] writing ../../build/robot_description/robot_description.egg-info/PKG-INFO
[2.718s] writing dependency_links to ../../build/robot_description/robot_description.egg-info/dependency_links.txt
[2.719s] writing entry points to ../../build/robot_description/robot_description.egg-info/entry_points.txt
[2.719s] writing requirements to ../../build/robot_description/robot_description.egg-info/requires.txt
[2.719s] writing top-level names to ../../build/robot_description/robot_description.egg-info/top_level.txt
[2.723s] reading manifest file '../../build/robot_description/robot_description.egg-info/SOURCES.txt'
[2.726s] writing manifest file '../../build/robot_description/robot_description.egg-info/SOURCES.txt'
[2.726s] running build
[2.727s] running build_py
[2.727s] running install
[2.728s] running install_lib
[2.733s] running install_data
[2.735s] running install_egg_info
[2.741s] removing '/home/arvi/bot_ws/install/robot_description/lib/python3.10/site-packages/robot_description-0.0.0-py3.10.egg-info' (and everything under it)
[2.742s] Copying ../../build/robot_description/robot_description.egg-info to /home/arvi/bot_ws/install/robot_description/lib/python3.10/site-packages/robot_description-0.0.0-py3.10.egg-info
[2.745s] running install_scripts
[2.793s] writing list of installed files to '/home/arvi/bot_ws/build/robot_description/install.log'
[2.867s] Invoked command in '/home/arvi/bot_ws/src/robot_description' returned '0': PYTHONPATH=/home/arvi/bot_ws/build/robot_description/prefix_override:/usr/lib/python3/dist-packages/colcon_core/task/python/colcon_distutils_commands:/home/arvi/bot_ws/install/robot_description/lib/python3.10/site-packages:${PYTHONPATH} /usr/bin/python3 -W ignore:setup.py install is deprecated -W ignore:easy_install command is deprecated setup.py egg_info --egg-base ../../build/robot_description build --build-base /home/arvi/bot_ws/build/robot_description/build install --record /home/arvi/bot_ws/build/robot_description/install.log --install-scripts $base/lib/robot_description --single-version-externally-managed install_data
