[1.057s] Invoking command in '/home/arvi/nav_ws/src/topic_relay': PYTHONPATH=/home/arvi/nav_ws/build/topic_relay/prefix_override:/usr/lib/python3/dist-packages/colcon_core/task/python/colcon_distutils_commands:/home/arvi/nav_ws/install/topic_relay/lib/python3.10/site-packages:${PYTHONPATH} /usr/bin/python3 -W ignore:setup.py install is deprecated -W ignore:easy_install command is deprecated setup.py egg_info --egg-base ../../build/topic_relay build --build-base /home/arvi/nav_ws/build/topic_relay/build install --record /home/arvi/nav_ws/build/topic_relay/install.log --single-version-externally-managed install_data
[1.250s] running egg_info
[1.250s] creating ../../build/topic_relay/topic_relay.egg-info
[1.250s] writing ../../build/topic_relay/topic_relay.egg-info/PKG-INFO
[1.250s] writing dependency_links to ../../build/topic_relay/topic_relay.egg-info/dependency_links.txt
[1.251s] writing entry points to ../../build/topic_relay/topic_relay.egg-info/entry_points.txt
[1.251s] writing requirements to ../../build/topic_relay/topic_relay.egg-info/requires.txt
[1.251s] writing top-level names to ../../build/topic_relay/topic_relay.egg-info/top_level.txt
[1.251s] writing manifest file '../../build/topic_relay/topic_relay.egg-info/SOURCES.txt'
[1.252s] reading manifest file '../../build/topic_relay/topic_relay.egg-info/SOURCES.txt'
[1.253s] writing manifest file '../../build/topic_relay/topic_relay.egg-info/SOURCES.txt'
[1.253s] running build
[1.253s] running build_py
[1.254s] creating /home/arvi/nav_ws/build/topic_relay/build
[1.254s] creating /home/arvi/nav_ws/build/topic_relay/build/lib
[1.254s] creating /home/arvi/nav_ws/build/topic_relay/build/lib/topic_relay
[1.254s] copying topic_relay/__init__.py -> /home/arvi/nav_ws/build/topic_relay/build/lib/topic_relay
[1.254s] copying topic_relay/odom_relay_node.py -> /home/arvi/nav_ws/build/topic_relay/build/lib/topic_relay
[1.254s] running install
[1.255s] running install_lib
[1.257s] running install_data
[1.257s] running install_egg_info
[1.261s] removing '/home/arvi/nav_ws/install/topic_relay/lib/python3.10/site-packages/topic_relay-0.0.0-py3.10.egg-info' (and everything under it)
[1.261s] Copying ../../build/topic_relay/topic_relay.egg-info to /home/arvi/nav_ws/install/topic_relay/lib/python3.10/site-packages/topic_relay-0.0.0-py3.10.egg-info
[1.263s] running install_scripts
[1.284s] Installing odom_relay_node script to /home/arvi/nav_ws/install/topic_relay/lib/topic_relay
[1.284s] writing list of installed files to '/home/arvi/nav_ws/build/topic_relay/install.log'
[1.308s] Invoked command in '/home/arvi/nav_ws/src/topic_relay' returned '0': PYTHONPATH=/home/arvi/nav_ws/build/topic_relay/prefix_override:/usr/lib/python3/dist-packages/colcon_core/task/python/colcon_distutils_commands:/home/arvi/nav_ws/install/topic_relay/lib/python3.10/site-packages:${PYTHONPATH} /usr/bin/python3 -W ignore:setup.py install is deprecated -W ignore:easy_install command is deprecated setup.py egg_info --egg-base ../../build/topic_relay build --build-base /home/arvi/nav_ws/build/topic_relay/build install --record /home/arvi/nav_ws/build/topic_relay/install.log --single-version-externally-managed install_data
