[1.081s] Invoking command in '/home/arvi/nav_ws/src/image_flip_node': PYTHONPATH=/home/arvi/nav_ws/build/image_flip_node/prefix_override:/usr/lib/python3/dist-packages/colcon_core/task/python/colcon_distutils_commands:/home/arvi/nav_ws/install/image_flip_node/lib/python3.10/site-packages:${PYTHONPATH} /usr/bin/python3 -W ignore:setup.py install is deprecated -W ignore:easy_install command is deprecated setup.py egg_info --egg-base ../../build/image_flip_node build --build-base /home/arvi/nav_ws/build/image_flip_node/build install --record /home/arvi/nav_ws/build/image_flip_node/install.log --single-version-externally-managed install_data
[1.306s] running egg_info
[1.307s] writing ../../build/image_flip_node/image_flip_node.egg-info/PKG-INFO
[1.307s] writing dependency_links to ../../build/image_flip_node/image_flip_node.egg-info/dependency_links.txt
[1.307s] writing entry points to ../../build/image_flip_node/image_flip_node.egg-info/entry_points.txt
[1.307s] writing requirements to ../../build/image_flip_node/image_flip_node.egg-info/requires.txt
[1.308s] writing top-level names to ../../build/image_flip_node/image_flip_node.egg-info/top_level.txt
[1.309s] reading manifest file '../../build/image_flip_node/image_flip_node.egg-info/SOURCES.txt'
[1.310s] writing manifest file '../../build/image_flip_node/image_flip_node.egg-info/SOURCES.txt'
[1.310s] running build
[1.311s] running build_py
[1.311s] running install
[1.311s] running install_lib
[1.311s] running install_data
[1.312s] running install_egg_info
[1.314s] removing '/home/arvi/nav_ws/install/image_flip_node/lib/python3.10/site-packages/image_flip_node-0.0.0-py3.10.egg-info' (and everything under it)
[1.314s] Copying ../../build/image_flip_node/image_flip_node.egg-info to /home/arvi/nav_ws/install/image_flip_node/lib/python3.10/site-packages/image_flip_node-0.0.0-py3.10.egg-info
[1.315s] running install_scripts
[1.336s] Installing image_flip script to /home/arvi/nav_ws/install/image_flip_node/lib/image_flip_node
[1.336s] writing list of installed files to '/home/arvi/nav_ws/build/image_flip_node/install.log'
[1.368s] Invoked command in '/home/arvi/nav_ws/src/image_flip_node' returned '0': PYTHONPATH=/home/arvi/nav_ws/build/image_flip_node/prefix_override:/usr/lib/python3/dist-packages/colcon_core/task/python/colcon_distutils_commands:/home/arvi/nav_ws/install/image_flip_node/lib/python3.10/site-packages:${PYTHONPATH} /usr/bin/python3 -W ignore:setup.py install is deprecated -W ignore:easy_install command is deprecated setup.py egg_info --egg-base ../../build/image_flip_node build --build-base /home/arvi/nav_ws/build/image_flip_node/build install --record /home/arvi/nav_ws/build/image_flip_node/install.log --single-version-externally-managed install_data
