[1.057s] Invoking command in '/home/arvi/nav_ws/src/teleop_twist_stamped': PYTHONPATH=/home/arvi/nav_ws/build/teleop_twist_stamped/prefix_override:/usr/lib/python3/dist-packages/colcon_core/task/python/colcon_distutils_commands:/home/arvi/nav_ws/install/teleop_twist_stamped/lib/python3.10/site-packages:${PYTHONPATH} /usr/bin/python3 -W ignore:setup.py install is deprecated -W ignore:easy_install command is deprecated setup.py egg_info --egg-base ../../build/teleop_twist_stamped build --build-base /home/arvi/nav_ws/build/teleop_twist_stamped/build install --record /home/arvi/nav_ws/build/teleop_twist_stamped/install.log --single-version-externally-managed install_data
[1.415s] running egg_info
[1.416s] creating ../../build/teleop_twist_stamped/teleop_twist_stamped.egg-info
[1.416s] writing ../../build/teleop_twist_stamped/teleop_twist_stamped.egg-info/PKG-INFO
[1.417s] writing dependency_links to ../../build/teleop_twist_stamped/teleop_twist_stamped.egg-info/dependency_links.txt
[1.417s] writing entry points to ../../build/teleop_twist_stamped/teleop_twist_stamped.egg-info/entry_points.txt
[1.417s] writing requirements to ../../build/teleop_twist_stamped/teleop_twist_stamped.egg-info/requires.txt
[1.417s] writing top-level names to ../../build/teleop_twist_stamped/teleop_twist_stamped.egg-info/top_level.txt
[1.418s] writing manifest file '../../build/teleop_twist_stamped/teleop_twist_stamped.egg-info/SOURCES.txt'
[1.421s] reading manifest file '../../build/teleop_twist_stamped/teleop_twist_stamped.egg-info/SOURCES.txt'
[1.422s] writing manifest file '../../build/teleop_twist_stamped/teleop_twist_stamped.egg-info/SOURCES.txt'
[1.423s] running build
[1.423s] running build_py
[1.423s] creating /home/arvi/nav_ws/build/teleop_twist_stamped/build
[1.423s] creating /home/arvi/nav_ws/build/teleop_twist_stamped/build/lib
[1.423s] creating /home/arvi/nav_ws/build/teleop_twist_stamped/build/lib/teleop_twist_stamped
[1.423s] copying teleop_twist_stamped/__init__.py -> /home/arvi/nav_ws/build/teleop_twist_stamped/build/lib/teleop_twist_stamped
[1.423s] copying teleop_twist_stamped/teleop_twist_stamped_keyboard.py -> /home/arvi/nav_ws/build/teleop_twist_stamped/build/lib/teleop_twist_stamped
[1.424s] running install
[1.424s] running install_lib
[1.426s] creating /home/arvi/nav_ws/install/teleop_twist_stamped/lib/python3.10/site-packages/teleop_twist_stamped
[1.426s] copying /home/arvi/nav_ws/build/teleop_twist_stamped/build/lib/teleop_twist_stamped/__init__.py -> /home/arvi/nav_ws/install/teleop_twist_stamped/lib/python3.10/site-packages/teleop_twist_stamped
[1.426s] copying /home/arvi/nav_ws/build/teleop_twist_stamped/build/lib/teleop_twist_stamped/teleop_twist_stamped_keyboard.py -> /home/arvi/nav_ws/install/teleop_twist_stamped/lib/python3.10/site-packages/teleop_twist_stamped
[1.427s] byte-compiling /home/arvi/nav_ws/install/teleop_twist_stamped/lib/python3.10/site-packages/teleop_twist_stamped/__init__.py to __init__.cpython-310.pyc
[1.427s] byte-compiling /home/arvi/nav_ws/install/teleop_twist_stamped/lib/python3.10/site-packages/teleop_twist_stamped/teleop_twist_stamped_keyboard.py to teleop_twist_stamped_keyboard.cpython-310.pyc
[1.429s] running install_data
[1.430s] creating /home/arvi/nav_ws/install/teleop_twist_stamped/share/ament_index
[1.430s] creating /home/arvi/nav_ws/install/teleop_twist_stamped/share/ament_index/resource_index
[1.430s] creating /home/arvi/nav_ws/install/teleop_twist_stamped/share/ament_index/resource_index/packages
[1.430s] copying resource/teleop_twist_stamped -> /home/arvi/nav_ws/install/teleop_twist_stamped/share/ament_index/resource_index/packages
[1.430s] copying package.xml -> /home/arvi/nav_ws/install/teleop_twist_stamped/share/teleop_twist_stamped
[1.430s] running install_egg_info
[1.436s] Copying ../../build/teleop_twist_stamped/teleop_twist_stamped.egg-info to /home/arvi/nav_ws/install/teleop_twist_stamped/lib/python3.10/site-packages/teleop_twist_stamped-0.0.0-py3.10.egg-info
[1.437s] running install_scripts
[1.475s] Installing teleop_twist_stamped_keyboard script to /home/arvi/nav_ws/install/teleop_twist_stamped/lib/teleop_twist_stamped
[1.476s] writing list of installed files to '/home/arvi/nav_ws/build/teleop_twist_stamped/install.log'
[1.542s] Invoked command in '/home/arvi/nav_ws/src/teleop_twist_stamped' returned '0': PYTHONPATH=/home/arvi/nav_ws/build/teleop_twist_stamped/prefix_override:/usr/lib/python3/dist-packages/colcon_core/task/python/colcon_distutils_commands:/home/arvi/nav_ws/install/teleop_twist_stamped/lib/python3.10/site-packages:${PYTHONPATH} /usr/bin/python3 -W ignore:setup.py install is deprecated -W ignore:easy_install command is deprecated setup.py egg_info --egg-base ../../build/teleop_twist_stamped build --build-base /home/arvi/nav_ws/build/teleop_twist_stamped/build install --record /home/arvi/nav_ws/build/teleop_twist_stamped/install.log --single-version-externally-managed install_data
