[0.777s] Invoking command in '/home/arvi/bot_ws/src/joint_states_merger': PYTHONPATH=/home/arvi/bot_ws/build/joint_states_merger/prefix_override:/usr/lib/python3/dist-packages/colcon_core/task/python/colcon_distutils_commands:/home/arvi/bot_ws/install/joint_states_merger/lib/python3.10/site-packages:${PYTHONPATH} /usr/bin/python3 -W ignore:setup.py install is deprecated -W ignore:easy_install command is deprecated setup.py egg_info --egg-base ../../build/joint_states_merger build --build-base /home/arvi/bot_ws/build/joint_states_merger/build install --record /home/arvi/bot_ws/build/joint_states_merger/install.log --single-version-externally-managed install_data
[0.940s] running egg_info
[0.941s] writing ../../build/joint_states_merger/joint_states_merger.egg-info/PKG-INFO
[0.941s] writing dependency_links to ../../build/joint_states_merger/joint_states_merger.egg-info/dependency_links.txt
[0.941s] writing entry points to ../../build/joint_states_merger/joint_states_merger.egg-info/entry_points.txt
[0.941s] writing requirements to ../../build/joint_states_merger/joint_states_merger.egg-info/requires.txt
[0.942s] writing top-level names to ../../build/joint_states_merger/joint_states_merger.egg-info/top_level.txt
[0.943s] reading manifest file '../../build/joint_states_merger/joint_states_merger.egg-info/SOURCES.txt'
[0.944s] writing manifest file '../../build/joint_states_merger/joint_states_merger.egg-info/SOURCES.txt'
[0.944s] running build
[0.945s] running build_py
[0.945s] running install
[0.945s] running install_lib
[0.946s] running install_data
[0.946s] running install_egg_info
[0.948s] removing '/home/arvi/bot_ws/install/joint_states_merger/lib/python3.10/site-packages/joint_states_merger-0.0.0-py3.10.egg-info' (and everything under it)
[0.948s] Copying ../../build/joint_states_merger/joint_states_merger.egg-info to /home/arvi/bot_ws/install/joint_states_merger/lib/python3.10/site-packages/joint_states_merger-0.0.0-py3.10.egg-info
[0.948s] running install_scripts
[0.967s] Installing joint_states_merger script to /home/arvi/bot_ws/install/joint_states_merger/lib/joint_states_merger
[0.968s] writing list of installed files to '/home/arvi/bot_ws/build/joint_states_merger/install.log'
[0.997s] Invoked command in '/home/arvi/bot_ws/src/joint_states_merger' returned '0': PYTHONPATH=/home/arvi/bot_ws/build/joint_states_merger/prefix_override:/usr/lib/python3/dist-packages/colcon_core/task/python/colcon_distutils_commands:/home/arvi/bot_ws/install/joint_states_merger/lib/python3.10/site-packages:${PYTHONPATH} /usr/bin/python3 -W ignore:setup.py install is deprecated -W ignore:easy_install command is deprecated setup.py egg_info --egg-base ../../build/joint_states_merger build --build-base /home/arvi/bot_ws/build/joint_states_merger/build install --record /home/arvi/bot_ws/build/joint_states_merger/install.log --single-version-externally-managed install_data
