running egg_info
writing ../../build/joint_states_merger/joint_states_merger.egg-info/PKG-INFO
writing dependency_links to ../../build/joint_states_merger/joint_states_merger.egg-info/dependency_links.txt
writing entry points to ../../build/joint_states_merger/joint_states_merger.egg-info/entry_points.txt
writing requirements to ../../build/joint_states_merger/joint_states_merger.egg-info/requires.txt
writing top-level names to ../../build/joint_states_merger/joint_states_merger.egg-info/top_level.txt
reading manifest file '../../build/joint_states_merger/joint_states_merger.egg-info/SOURCES.txt'
writing manifest file '../../build/joint_states_merger/joint_states_merger.egg-info/SOURCES.txt'
running build
running build_py
copying joint_states_merger/joint_states_merger.py -> /home/arvi/bot_ws/build/joint_states_merger/build/lib/joint_states_merger
running install
running install_lib
copying /home/arvi/bot_ws/build/joint_states_merger/build/lib/joint_states_merger/joint_states_merger.py -> /home/arvi/bot_ws/install/joint_states_merger/lib/python3.10/site-packages/joint_states_merger
byte-compiling /home/arvi/bot_ws/install/joint_states_merger/lib/python3.10/site-packages/joint_states_merger/joint_states_merger.py to joint_states_merger.cpython-310.pyc
running install_data
copying package.xml -> /home/arvi/bot_ws/install/joint_states_merger/share/joint_states_merger
running install_egg_info
Copying ../../build/joint_states_merger/joint_states_merger.egg-info to /home/arvi/bot_ws/install/joint_states_merger/lib/python3.10/site-packages/joint_states_merger-0.0.0-py3.10.egg-info
running install_scripts
Installing joint_states_merger script to /home/arvi/bot_ws/install/joint_states_merger/lib/joint_states_merger
writing list of installed files to '/home/arvi/bot_ws/build/joint_states_merger/install.log'
