[1.258s] Invoking command in '/home/arvi/nav_ws/src/teleop_twist_stamped': PYTHONPATH=/home/arvi/nav_ws/build/teleop_twist_stamped/prefix_override:/usr/lib/python3/dist-packages/colcon_core/task/python/colcon_distutils_commands:/home/arvi/nav_ws/install/teleop_twist_stamped/lib/python3.10/site-packages:${PYTHONPATH} /usr/bin/python3 -W ignore:setup.py install is deprecated -W ignore:easy_install command is deprecated setup.py egg_info --egg-base ../../build/teleop_twist_stamped build --build-base /home/arvi/nav_ws/build/teleop_twist_stamped/build install --record /home/arvi/nav_ws/build/teleop_twist_stamped/install.log --single-version-externally-managed install_data
[1.473s] running egg_info
[1.473s] creating ../../build/teleop_twist_stamped/teleop_twist_stamped.egg-info
[1.473s] writing ../../build/teleop_twist_stamped/teleop_twist_stamped.egg-info/PKG-INFO
[1.473s] writing dependency_links to ../../build/teleop_twist_stamped/teleop_twist_stamped.egg-info/dependency_links.txt
[1.474s] writing entry points to ../../build/teleop_twist_stamped/teleop_twist_stamped.egg-info/entry_points.txt
[1.474s] writing requirements to ../../build/teleop_twist_stamped/teleop_twist_stamped.egg-info/requires.txt
[1.474s] writing top-level names to ../../build/teleop_twist_stamped/teleop_twist_stamped.egg-info/top_level.txt
[1.474s] writing manifest file '../../build/teleop_twist_stamped/teleop_twist_stamped.egg-info/SOURCES.txt'
[1.475s] reading manifest file '../../build/teleop_twist_stamped/teleop_twist_stamped.egg-info/SOURCES.txt'
[1.475s] writing manifest file '../../build/teleop_twist_stamped/teleop_twist_stamped.egg-info/SOURCES.txt'
[1.476s] running build
[1.476s] running build_py
[1.476s] creating /home/arvi/nav_ws/build/teleop_twist_stamped/build
[1.476s] creating /home/arvi/nav_ws/build/teleop_twist_stamped/build/lib
[1.476s] creating /home/arvi/nav_ws/build/teleop_twist_stamped/build/lib/teleop_twist_stamped
[1.476s] copying teleop_twist_stamped/__init__.py -> /home/arvi/nav_ws/build/teleop_twist_stamped/build/lib/teleop_twist_stamped
[1.476s] copying teleop_twist_stamped/teleop_twist_stamped_keyboard.py -> /home/arvi/nav_ws/build/teleop_twist_stamped/build/lib/teleop_twist_stamped
[1.476s] running install
[1.476s] running install_lib
[1.477s] creating /home/arvi/nav_ws/install/teleop_twist_stamped/lib/python3.10/site-packages/teleop_twist_stamped
[1.477s] copying /home/arvi/nav_ws/build/teleop_twist_stamped/build/lib/teleop_twist_stamped/__init__.py -> /home/arvi/nav_ws/install/teleop_twist_stamped/lib/python3.10/site-packages/teleop_twist_stamped
[1.477s] copying /home/arvi/nav_ws/build/teleop_twist_stamped/build/lib/teleop_twist_stamped/teleop_twist_stamped_keyboard.py -> /home/arvi/nav_ws/install/teleop_twist_stamped/lib/python3.10/site-packages/teleop_twist_stamped
[1.477s] byte-compiling /home/arvi/nav_ws/install/teleop_twist_stamped/lib/python3.10/site-packages/teleop_twist_stamped/__init__.py to __init__.cpython-310.pyc
[1.477s] byte-compiling /home/arvi/nav_ws/install/teleop_twist_stamped/lib/python3.10/site-packages/teleop_twist_stamped/teleop_twist_stamped_keyboard.py to teleop_twist_stamped_keyboard.cpython-310.pyc
[1.478s] running install_data
[1.478s] creating /home/arvi/nav_ws/install/teleop_twist_stamped/share/ament_index
[1.478s] creating /home/arvi/nav_ws/install/teleop_twist_stamped/share/ament_index/resource_index
[1.478s] creating /home/arvi/nav_ws/install/teleop_twist_stamped/share/ament_index/resource_index/packages
[1.479s] copying resource/teleop_twist_stamped -> /home/arvi/nav_ws/install/teleop_twist_stamped/share/ament_index/resource_index/packages
[1.479s] copying package.xml -> /home/arvi/nav_ws/install/teleop_twist_stamped/share/teleop_twist_stamped
[1.479s] running install_egg_info
[1.481s] Copying ../../build/teleop_twist_stamped/teleop_twist_stamped.egg-info to /home/arvi/nav_ws/install/teleop_twist_stamped/lib/python3.10/site-packages/teleop_twist_stamped-0.0.0-py3.10.egg-info
[1.481s] running install_scripts
[1.499s] Installing teleop_twist_stamped_keyboard script to /home/arvi/nav_ws/install/teleop_twist_stamped/lib/teleop_twist_stamped
[1.500s] writing list of installed files to '/home/arvi/nav_ws/build/teleop_twist_stamped/install.log'
[1.521s] Invoked command in '/home/arvi/nav_ws/src/teleop_twist_stamped' returned '0': PYTHONPATH=/home/arvi/nav_ws/build/teleop_twist_stamped/prefix_override:/usr/lib/python3/dist-packages/colcon_core/task/python/colcon_distutils_commands:/home/arvi/nav_ws/install/teleop_twist_stamped/lib/python3.10/site-packages:${PYTHONPATH} /usr/bin/python3 -W ignore:setup.py install is deprecated -W ignore:easy_install command is deprecated setup.py egg_info --egg-base ../../build/teleop_twist_stamped build --build-base /home/arvi/nav_ws/build/teleop_twist_stamped/build install --record /home/arvi/nav_ws/build/teleop_twist_stamped/install.log --single-version-externally-managed install_data
