[3.961s] Invoking command in '/home/arvi/bot_ws/src/robot_description': PYTHONPATH=/home/arvi/bot_ws/build/robot_description/prefix_override:/usr/lib/python3/dist-packages/colcon_core/task/python/colcon_distutils_commands:/home/arvi/bot_ws/install/robot_description/lib/python3.10/site-packages:${PYTHONPATH} /usr/bin/python3 -W ignore:setup.py install is deprecated -W ignore:easy_install command is deprecated setup.py egg_info --egg-base ../../build/robot_description build --build-base /home/arvi/bot_ws/build/robot_description/build install --record /home/arvi/bot_ws/build/robot_description/install.log --install-scripts $base/lib/robot_description --single-version-externally-managed install_data
[5.021s] /usr/lib/python3/dist-packages/setuptools/dist.py:723: UserWarning: Usage of dash-separated 'script-dir' will not be supported in future versions. Please use the underscore name 'script_dir' instead
[5.023s]   warnings.warn(
[5.065s] running egg_info
[5.071s] writing ../../build/robot_description/robot_description.egg-info/PKG-INFO
[5.071s] writing dependency_links to ../../build/robot_description/robot_description.egg-info/dependency_links.txt
[5.072s] writing entry points to ../../build/robot_description/robot_description.egg-info/entry_points.txt
[5.072s] writing requirements to ../../build/robot_description/robot_description.egg-info/requires.txt
[5.073s] writing top-level names to ../../build/robot_description/robot_description.egg-info/top_level.txt
[5.091s] reading manifest file '../../build/robot_description/robot_description.egg-info/SOURCES.txt'
[5.101s] writing manifest file '../../build/robot_description/robot_description.egg-info/SOURCES.txt'
[5.102s] running build
[5.102s] running build_py
[5.103s] running install
[5.103s] running install_lib
[5.113s] running install_data
[5.119s] running install_egg_info
[5.141s] removing '/home/arvi/bot_ws/install/robot_description/lib/python3.10/site-packages/robot_description-0.0.0-py3.10.egg-info' (and everything under it)
[5.142s] Copying ../../build/robot_description/robot_description.egg-info to /home/arvi/bot_ws/install/robot_description/lib/python3.10/site-packages/robot_description-0.0.0-py3.10.egg-info
[5.155s] running install_scripts
[5.270s] writing list of installed files to '/home/arvi/bot_ws/build/robot_description/install.log'
[5.402s] Invoked command in '/home/arvi/bot_ws/src/robot_description' returned '0': PYTHONPATH=/home/arvi/bot_ws/build/robot_description/prefix_override:/usr/lib/python3/dist-packages/colcon_core/task/python/colcon_distutils_commands:/home/arvi/bot_ws/install/robot_description/lib/python3.10/site-packages:${PYTHONPATH} /usr/bin/python3 -W ignore:setup.py install is deprecated -W ignore:easy_install command is deprecated setup.py egg_info --egg-base ../../build/robot_description build --build-base /home/arvi/bot_ws/build/robot_description/build install --record /home/arvi/bot_ws/build/robot_description/install.log --install-scripts $base/lib/robot_description --single-version-externally-managed install_data
