[0.868s] Invoking command in '/home/arvi/nav_ws/src/robot_description': PYTHONPATH=/home/arvi/nav_ws/build/robot_description/prefix_override:/usr/lib/python3/dist-packages/colcon_core/task/python/colcon_distutils_commands:/home/arvi/nav_ws/install/robot_description/lib/python3.10/site-packages:${PYTHONPATH} /usr/bin/python3 -W ignore:setup.py install is deprecated -W ignore:easy_install command is deprecated setup.py egg_info --egg-base ../../build/robot_description build --build-base /home/arvi/nav_ws/build/robot_description/build install --record /home/arvi/nav_ws/build/robot_description/install.log --install-scripts $base/lib/robot_description --single-version-externally-managed install_data
[1.042s] /usr/lib/python3/dist-packages/setuptools/dist.py:723: UserWarning: Usage of dash-separated 'script-dir' will not be supported in future versions. Please use the underscore name 'script_dir' instead
[1.042s]   warnings.warn(
[1.050s] running egg_info
[1.051s] creating ../../build/robot_description/robot_description.egg-info
[1.051s] writing ../../build/robot_description/robot_description.egg-info/PKG-INFO
[1.051s] writing dependency_links to ../../build/robot_description/robot_description.egg-info/dependency_links.txt
[1.051s] writing entry points to ../../build/robot_description/robot_description.egg-info/entry_points.txt
[1.051s] writing requirements to ../../build/robot_description/robot_description.egg-info/requires.txt
[1.051s] writing top-level names to ../../build/robot_description/robot_description.egg-info/top_level.txt
[1.051s] writing manifest file '../../build/robot_description/robot_description.egg-info/SOURCES.txt'
[1.052s] reading manifest file '../../build/robot_description/robot_description.egg-info/SOURCES.txt'
[1.053s] writing manifest file '../../build/robot_description/robot_description.egg-info/SOURCES.txt'
[1.053s] running build
[1.053s] running build_py
[1.053s] creating /home/arvi/nav_ws/build/robot_description/build
[1.054s] creating /home/arvi/nav_ws/build/robot_description/build/lib
[1.054s] creating /home/arvi/nav_ws/build/robot_description/build/lib/robot_description
[1.054s] copying robot_description/__init__.py -> /home/arvi/nav_ws/build/robot_description/build/lib/robot_description
[1.054s] running install
[1.054s] running install_lib
[1.055s] running install_data
[1.055s] running install_egg_info
[1.057s] removing '/home/arvi/nav_ws/install/robot_description/lib/python3.10/site-packages/robot_description-0.0.0-py3.10.egg-info' (and everything under it)
[1.057s] Copying ../../build/robot_description/robot_description.egg-info to /home/arvi/nav_ws/install/robot_description/lib/python3.10/site-packages/robot_description-0.0.0-py3.10.egg-info
[1.058s] running install_scripts
[1.077s] writing list of installed files to '/home/arvi/nav_ws/build/robot_description/install.log'
[1.101s] Invoked command in '/home/arvi/nav_ws/src/robot_description' returned '0': PYTHONPATH=/home/arvi/nav_ws/build/robot_description/prefix_override:/usr/lib/python3/dist-packages/colcon_core/task/python/colcon_distutils_commands:/home/arvi/nav_ws/install/robot_description/lib/python3.10/site-packages:${PYTHONPATH} /usr/bin/python3 -W ignore:setup.py install is deprecated -W ignore:easy_install command is deprecated setup.py egg_info --egg-base ../../build/robot_description build --build-base /home/arvi/nav_ws/build/robot_description/build install --record /home/arvi/nav_ws/build/robot_description/install.log --install-scripts $base/lib/robot_description --single-version-externally-managed install_data
